=================================================== 
[Wed 05/21/2025 11:00:43.94] Starting CaseStrainer 
=================================================== 
[Wed 05/21/2025 11:00:44.73] Starting CaseStrainer 
=================================================== 
[Wed 05/21/2025 11:28:20.41] Starting CaseStrainer 
=================================================== 
[Wed 05/21/2025 11:28:21.16] Starting CaseStrainer 
=================================================== 
[Wed 05/21/2025 11:30:23.44] Starting CaseStrainer 
=================================================== 
[Wed 05/21/2025 11:30:24.27] Starting CaseStrainer 
=================================================== 
[Wed 05/21/2025 11:41:08.97] Starting CaseStrainer 
=================================================== 
[Wed 05/21/2025 11:41:09.73] Starting CaseStrainer 
=================================================== 
[Wed 05/21/2025 11:49:17.63] Starting CaseStrainer 
=================================================== 
[Wed 05/21/2025 11:49:18.40] Starting CaseStrainer 
=================================================== 
[Wed 05/21/2025 11:55:26.86] Starting Commit/Push/Deploy 
=================================================== 
[Wed 05/21/2025 12:04:49.12] Starting Commit/Push/Deploy 
=================================================== 
[Wed 05/21/2025 13:18:09.55] Starting Commit/Push/Deploy 
=================================================== 
[Wed 05/21/2025 13:19:01.89] Starting CaseStrainer 
=================================================== 
[Wed 05/21/2025 13:19:02.67] Starting CaseStrainer 
=================================================== 
[Wed 05/21/2025 13:30:42.53] Starting CaseStrainer 
=================================================== 
[Wed 05/21/2025 13:30:43.35] Starting CaseStrainer 
=================================================== 
[Wed 05/21/2025 13:34:34.84] Starting Commit/Push/Deploy 
=================================================== 
[Wed 05/21/2025 13:41:56.91] Starting CaseStrainer 
=================================================== 
[Wed 05/21/2025 13:41:57.81] Starting CaseStrainer 
=================================================== 
[Wed 05/21/2025 13:59:03.49] Starting Commit/Push/Deploy 
=================================================== 
[Wed 05/21/2025 14:05:26.81] Starting CaseStrainer 
=================================================== 
[Wed 05/21/2025 14:05:27.58] Starting CaseStrainer 
=================================================== 
[Wed 05/21/2025 15:02:15.42] Starting CaseStrainer 
=================================================== 
[Wed 05/21/2025 15:02:16.21] Starting CaseStrainer 
=================================================== 
[Wed 05/21/2025 15:30:55.98] Starting CaseStrainer 
=================================================== 
[Wed 05/21/2025 15:30:56.80] Starting CaseStrainer 
=================================================== 
[Wed 05/21/2025 15:50:26.21] Starting CaseStrainer 
=================================================== 
[Wed 05/21/2025 15:50:27.00] Starting CaseStrainer 
=================================================== 
[Wed 05/21/2025 16:16:28.25] Starting CaseStrainer 
=================================================== 
[Wed 05/21/2025 16:16:29.02] Starting CaseStrainer 
=================================================== 
[Wed 05/21/2025 16:44:40.71] Starting CaseStrainer 
=================================================== 
[Wed 05/21/2025 16:44:41.55] Starting CaseStrainer 
=================================================== 
[Wed 05/21/2025 16:56:13.69] Starting CaseStrainer 
=================================================== 
[Wed 05/21/2025 16:56:14.46] Starting CaseStrainer 
=================================================== 
[Wed 05/21/2025 17:04:53.88] Starting CaseStrainer 
=================================================== 
[Wed 05/21/2025 17:04:54.64] Starting CaseStrainer 
=================================================== 
[Wed 05/21/2025 17:32:37.65] Starting CaseStrainer 
=================================================== 
[Wed 05/21/2025 17:32:38.42] Starting CaseStrainer 
=================================================== 
[Wed 05/21/2025 17:50:48.89] Starting CaseStrainer 
=================================================== 
[Wed 05/21/2025 17:50:49.68] Starting CaseStrainer 
=================================================== 
[Wed 05/21/2025 18:21:19.50] Starting Commit/Push/Deploy 
=================================================== 
[Wed 05/21/2025 18:31:32.26] Starting CaseStrainer 
=================================================== 
[Wed 05/21/2025 18:31:32.87] Starting CaseStrainer 
=================================================== 
[Thu 05/22/2025  9:13:10.63] Starting CaseStrainer 
=================================================== 
[Thu 05/22/2025  9:13:11.39] Starting CaseStrainer 
=================================================== 
[Thu 05/22/2025  9:27:16.36] Starting CaseStrainer 
=================================================== 
[Thu 05/22/2025  9:27:17.13] Starting CaseStrainer 
=================================================== 
[Thu 05/22/2025  9:41:02.06] Starting CaseStrainer 
=================================================== 
[Thu 05/22/2025  9:41:02.83] Starting CaseStrainer 
=================================================== 
[Thu 05/22/2025  9:56:20.23] Starting CaseStrainer 
=================================================== 
[Thu 05/22/2025  9:56:20.98] Starting CaseStrainer 
=================================================== 
[Thu 05/22/2025 10:42:22.74] Starting CaseStrainer 
=================================================== 
[Thu 05/22/2025 10:42:23.55] Starting CaseStrainer 
=================================================== 
[Thu 05/22/2025 11:08:23.77] Starting CaseStrainer 
=================================================== 
[Thu 05/22/2025 11:08:24.52] Starting CaseStrainer 
=================================================== 
[Thu 05/22/2025 11:30:28.61] Starting CaseStrainer 
=================================================== 
[Thu 05/22/2025 11:30:29.40] Starting CaseStrainer 
=================================================== 
[Thu 05/22/2025 11:33:44.43] Starting CaseStrainer 
=================================================== 
[Thu 05/22/2025 11:33:45.19] Starting CaseStrainer 
=================================================== 
[Thu 05/22/2025 12:10:35.51] Starting CaseStrainer 
=================================================== 
[Thu 05/22/2025 12:10:36.29] Starting CaseStrainer 
=================================================== 
[Thu 05/22/2025 12:22:19.33] Starting CaseStrainer 
=================================================== 
[Thu 05/22/2025 12:22:20.09] Starting CaseStrainer 
=================================================== 
[Thu 05/22/2025 12:25:59.63] Starting CaseStrainer 
=================================================== 
[Thu 05/22/2025 12:26:00.43] Starting CaseStrainer 
=================================================== 
[Thu 05/22/2025 12:43:35.59] Starting CaseStrainer 
=================================================== 
[Thu 05/22/2025 12:43:36.41] Starting CaseStrainer 
=================================================== 
[Thu 05/22/2025 12:55:18.48] Starting CaseStrainer 
=================================================== 
[Thu 05/22/2025 12:55:19.28] Starting CaseStrainer 
=================================================== 
[Thu 05/22/2025 13:12:01.93] Starting CaseStrainer 
=================================================== 
[Thu 05/22/2025 13:12:02.70] Starting CaseStrainer 
=================================================== 
[Thu 05/22/2025 13:23:41.51] Starting CaseStrainer 
=================================================== 
[Thu 05/22/2025 13:23:42.33] Starting CaseStrainer 
=================================================== 
[Thu 05/22/2025 13:31:57.84] Starting CaseStrainer 
=================================================== 
[Thu 05/22/2025 13:31:58.64] Starting CaseStrainer 
=================================================== 
[Thu 05/22/2025 13:51:48.84] Starting CaseStrainer 
=================================================== 
[Thu 05/22/2025 13:51:49.62] Starting CaseStrainer 
=================================================== 
[Thu 05/22/2025 13:58:55.80] Starting CaseStrainer 
=================================================== 
[Thu 05/22/2025 13:58:56.61] Starting CaseStrainer 
=================================================== 
[Thu 05/22/2025 14:14:35.86] Starting Commit/Push/Deploy 
=================================================== 
[Thu 05/22/2025 14:19:11.65] Starting CaseStrainer 
=================================================== 
[Thu 05/22/2025 14:19:12.50] Starting CaseStrainer 
=================================================== 
[Thu 05/22/2025 14:28:11.99] Starting CaseStrainer 
=================================================== 
[Thu 05/22/2025 14:28:12.78] Starting CaseStrainer 
=================================================== 
[Thu 05/22/2025 14:47:05.80] Starting CaseStrainer 
=================================================== 
[Thu 05/22/2025 14:47:06.66] Starting CaseStrainer 
=================================================== 
[Thu 05/22/2025 15:01:08.73] Starting CaseStrainer 
=================================================== 
[Thu 05/22/2025 15:01:09.49] Starting CaseStrainer 
=================================================== 
[Thu 05/22/2025 15:16:41.00] Starting CaseStrainer 
=================================================== 
[Thu 05/22/2025 15:16:41.81] Starting CaseStrainer 
=================================================== 
[Thu 05/22/2025 15:21:52.50] Starting CaseStrainer 
=================================================== 
[Thu 05/22/2025 15:21:53.32] Starting CaseStrainer 
=================================================== 
[Thu 05/22/2025 15:28:58.92] Starting CaseStrainer 
=================================================== 
[Thu 05/22/2025 15:28:59.66] Starting CaseStrainer 
=================================================== 
[Thu 05/22/2025 15:37:06.17] Starting CaseStrainer 
=================================================== 
[Thu 05/22/2025 15:37:06.94] Starting CaseStrainer 
=================================================== 
[Thu 05/22/2025 15:44:17.87] Starting CaseStrainer 
=================================================== 
[Thu 05/22/2025 15:44:18.71] Starting CaseStrainer 
=================================================== 
[Thu 05/22/2025 15:49:25.04] Starting CaseStrainer 
=================================================== 
[Thu 05/22/2025 15:49:25.79] Starting CaseStrainer 
=================================================== 
[Thu 05/22/2025 15:55:22.95] Starting CaseStrainer 
=================================================== 
[Thu 05/22/2025 15:55:23.74] Starting CaseStrainer 
=================================================== 
[Thu 05/22/2025 16:07:22.45] Starting CaseStrainer 
=================================================== 
[Thu 05/22/2025 16:07:23.22] Starting CaseStrainer 
=================================================== 
[Thu 05/22/2025 16:12:05.49] Starting Commit/Push/Deploy 
=================================================== 
[Thu 05/22/2025 16:16:36.92] Starting Commit/Push/Deploy 
[ERROR] Pre-commit checks failed. Please fix the issues above before committing. 
=================================================== 
[Thu 05/22/2025 16:19:07.59] Starting Commit/Push/Deploy 
[ERROR] Pre-commit checks failed. Please fix the issues above before committing. 
=================================================== 
[Thu 05/22/2025 16:39:30.29] Starting Commit/Push/Deploy 
[ERROR] Pre-commit checks failed. Please fix the issues above before committing. 
=================================================== 
[Thu 05/22/2025 17:00:42.40] Starting Commit/Push/Deploy 
[ERROR] Pre-commit checks failed. Please fix the issues above before committing. 
=================================================== 
[Thu 05/22/2025 17:14:07.50] Starting Commit/Push/Deploy 
