2025-09-16 14:43:28,688 - __main__ - INFO - ================================================================================
2025-09-16 14:43:28,689 - __main__ - INFO - CaseStrainer Task Polling Test
2025-09-16 14:43:28,689 - __main__ - INFO - ================================================================================
2025-09-16 14:43:28,689 - __main__ - INFO - Option 1: Submit new URL and poll for results
2025-09-16 14:43:28,690 - __main__ - INFO - Submitting URL for analysis: https://www.courts.wa.gov/opinions/pdf/1033940.pdf
2025-09-16 14:43:30,108 - __main__ - INFO - Got task ID: c0e1da86-bfe1-4e67-8f67-6b9caafe4ecb
2025-09-16 14:43:30,109 - __main__ - INFO - Starting to poll for results...
2025-09-16 14:43:30,110 - __main__ - INFO - Polling attempt 1/60 for task c0e1da86-bfe1-4e67-8f67-6b9caafe4ecb
2025-09-16 14:43:30,239 - __main__ - INFO - Waiting 5 seconds before next attempt...
2025-09-16 14:43:35,241 - __main__ - INFO - Polling attempt 2/60 for task c0e1da86-bfe1-4e67-8f67-6b9caafe4ecb
2025-09-16 14:43:35,371 - __main__ - INFO - Waiting 5 seconds before next attempt...
2025-09-16 14:43:40,373 - __main__ - INFO - Polling attempt 3/60 for task c0e1da86-bfe1-4e67-8f67-6b9caafe4ecb
2025-09-16 14:43:40,470 - __main__ - INFO - Waiting 5 seconds before next attempt...
2025-09-16 14:43:45,472 - __main__ - INFO - Polling attempt 4/60 for task c0e1da86-bfe1-4e67-8f67-6b9caafe4ecb
2025-09-16 14:43:45,582 - __main__ - INFO - Waiting 5 seconds before next attempt...
2025-09-16 14:43:50,583 - __main__ - INFO - Polling attempt 5/60 for task c0e1da86-bfe1-4e67-8f67-6b9caafe4ecb
2025-09-16 14:43:50,703 - __main__ - INFO - Waiting 5 seconds before next attempt...
2025-09-16 14:43:55,705 - __main__ - INFO - Polling attempt 6/60 for task c0e1da86-bfe1-4e67-8f67-6b9caafe4ecb
2025-09-16 14:43:55,820 - __main__ - INFO - Waiting 5 seconds before next attempt...
2025-09-16 14:44:00,822 - __main__ - INFO - Polling attempt 7/60 for task c0e1da86-bfe1-4e67-8f67-6b9caafe4ecb
2025-09-16 14:44:00,946 - __main__ - INFO - Waiting 5 seconds before next attempt...
2025-09-16 14:44:05,947 - __main__ - INFO - Polling attempt 8/60 for task c0e1da86-bfe1-4e67-8f67-6b9caafe4ecb
2025-09-16 14:44:06,061 - __main__ - INFO - Waiting 5 seconds before next attempt...
2025-09-16 14:44:11,062 - __main__ - INFO - Polling attempt 9/60 for task c0e1da86-bfe1-4e67-8f67-6b9caafe4ecb
2025-09-16 14:44:11,179 - __main__ - INFO - Waiting 5 seconds before next attempt...
2025-09-16 14:44:16,180 - __main__ - INFO - Polling attempt 10/60 for task c0e1da86-bfe1-4e67-8f67-6b9caafe4ecb
2025-09-16 14:44:16,299 - __main__ - INFO - Waiting 5 seconds before next attempt...
2025-09-16 14:44:21,301 - __main__ - INFO - Polling attempt 11/60 for task c0e1da86-bfe1-4e67-8f67-6b9caafe4ecb
2025-09-16 14:44:21,420 - __main__ - INFO - Waiting 5 seconds before next attempt...
2025-09-16 14:44:26,421 - __main__ - INFO - Polling attempt 12/60 for task c0e1da86-bfe1-4e67-8f67-6b9caafe4ecb
2025-09-16 14:44:26,544 - __main__ - INFO - Waiting 5 seconds before next attempt...
2025-09-16 14:44:31,545 - __main__ - INFO - Polling attempt 13/60 for task c0e1da86-bfe1-4e67-8f67-6b9caafe4ecb
2025-09-16 14:44:31,675 - __main__ - INFO - Waiting 5 seconds before next attempt...
2025-09-16 14:44:36,677 - __main__ - INFO - Polling attempt 14/60 for task c0e1da86-bfe1-4e67-8f67-6b9caafe4ecb
2025-09-16 14:44:36,800 - __main__ - INFO - Waiting 5 seconds before next attempt...
2025-09-16 14:44:41,801 - __main__ - INFO - Polling attempt 15/60 for task c0e1da86-bfe1-4e67-8f67-6b9caafe4ecb
2025-09-16 14:44:41,912 - __main__ - INFO - Waiting 5 seconds before next attempt...
2025-09-16 14:44:46,914 - __main__ - INFO - Polling attempt 16/60 for task c0e1da86-bfe1-4e67-8f67-6b9caafe4ecb
2025-09-16 14:44:47,025 - __main__ - INFO - Waiting 5 seconds before next attempt...
2025-09-16 14:44:52,026 - __main__ - INFO - Polling attempt 17/60 for task c0e1da86-bfe1-4e67-8f67-6b9caafe4ecb
2025-09-16 14:44:52,140 - __main__ - INFO - Waiting 5 seconds before next attempt...
2025-09-16 14:44:57,142 - __main__ - INFO - Polling attempt 18/60 for task c0e1da86-bfe1-4e67-8f67-6b9caafe4ecb
2025-09-16 14:44:57,271 - __main__ - INFO - Waiting 5 seconds before next attempt...
2025-09-16 14:45:02,273 - __main__ - INFO - Polling attempt 19/60 for task c0e1da86-bfe1-4e67-8f67-6b9caafe4ecb
2025-09-16 14:45:02,372 - __main__ - INFO - Waiting 5 seconds before next attempt...
2025-09-16 14:45:07,373 - __main__ - INFO - Polling attempt 20/60 for task c0e1da86-bfe1-4e67-8f67-6b9caafe4ecb
2025-09-16 14:45:07,474 - __main__ - INFO - Waiting 5 seconds before next attempt...
2025-09-16 14:45:12,476 - __main__ - INFO - Polling attempt 21/60 for task c0e1da86-bfe1-4e67-8f67-6b9caafe4ecb
2025-09-16 14:45:12,591 - __main__ - INFO - Waiting 5 seconds before next attempt...
2025-09-16 14:45:17,593 - __main__ - INFO - Polling attempt 22/60 for task c0e1da86-bfe1-4e67-8f67-6b9caafe4ecb
2025-09-16 14:45:17,707 - __main__ - INFO - Waiting 5 seconds before next attempt...
2025-09-16 14:45:22,708 - __main__ - INFO - Polling attempt 23/60 for task c0e1da86-bfe1-4e67-8f67-6b9caafe4ecb
2025-09-16 14:45:22,830 - __main__ - INFO - Waiting 5 seconds before next attempt...
2025-09-16 14:45:27,832 - __main__ - INFO - Polling attempt 24/60 for task c0e1da86-bfe1-4e67-8f67-6b9caafe4ecb
2025-09-16 14:45:27,970 - __main__ - INFO - Waiting 5 seconds before next attempt...
2025-09-16 14:45:32,972 - __main__ - INFO - Polling attempt 25/60 for task c0e1da86-bfe1-4e67-8f67-6b9caafe4ecb
2025-09-16 14:45:33,092 - __main__ - INFO - Waiting 5 seconds before next attempt...
2025-09-16 14:45:38,094 - __main__ - INFO - Polling attempt 26/60 for task c0e1da86-bfe1-4e67-8f67-6b9caafe4ecb
2025-09-16 14:45:38,206 - __main__ - INFO - Waiting 5 seconds before next attempt...
2025-09-16 14:45:43,208 - __main__ - INFO - Polling attempt 27/60 for task c0e1da86-bfe1-4e67-8f67-6b9caafe4ecb
2025-09-16 14:45:43,339 - __main__ - INFO - Waiting 5 seconds before next attempt...
2025-09-16 14:45:48,340 - __main__ - INFO - Polling attempt 28/60 for task c0e1da86-bfe1-4e67-8f67-6b9caafe4ecb
2025-09-16 14:45:48,483 - __main__ - INFO - Waiting 5 seconds before next attempt...
2025-09-16 14:45:53,487 - __main__ - INFO - Polling attempt 29/60 for task c0e1da86-bfe1-4e67-8f67-6b9caafe4ecb
2025-09-16 14:45:53,608 - __main__ - INFO - Waiting 5 seconds before next attempt...
2025-09-16 14:45:58,609 - __main__ - INFO - Polling attempt 30/60 for task c0e1da86-bfe1-4e67-8f67-6b9caafe4ecb
2025-09-16 14:45:58,714 - __main__ - INFO - Waiting 5 seconds before next attempt...
2025-09-16 14:46:03,716 - __main__ - INFO - Polling attempt 31/60 for task c0e1da86-bfe1-4e67-8f67-6b9caafe4ecb
2025-09-16 14:46:03,813 - __main__ - INFO - Waiting 5 seconds before next attempt...
2025-09-16 14:46:08,814 - __main__ - INFO - Polling attempt 32/60 for task c0e1da86-bfe1-4e67-8f67-6b9caafe4ecb
2025-09-16 14:46:08,923 - __main__ - INFO - Waiting 5 seconds before next attempt...
2025-09-16 14:46:13,925 - __main__ - INFO - Polling attempt 33/60 for task c0e1da86-bfe1-4e67-8f67-6b9caafe4ecb
2025-09-16 14:46:14,062 - __main__ - INFO - Waiting 5 seconds before next attempt...
2025-09-16 14:46:19,064 - __main__ - INFO - Polling attempt 34/60 for task c0e1da86-bfe1-4e67-8f67-6b9caafe4ecb
2025-09-16 14:46:19,164 - __main__ - INFO - Waiting 5 seconds before next attempt...
2025-09-16 14:46:24,165 - __main__ - INFO - Polling attempt 35/60 for task c0e1da86-bfe1-4e67-8f67-6b9caafe4ecb
2025-09-16 14:46:24,282 - __main__ - INFO - Waiting 5 seconds before next attempt...
2025-09-16 14:46:29,283 - __main__ - INFO - Polling attempt 36/60 for task c0e1da86-bfe1-4e67-8f67-6b9caafe4ecb
2025-09-16 14:46:29,406 - __main__ - INFO - Waiting 5 seconds before next attempt...
2025-09-16 14:46:34,407 - __main__ - INFO - Polling attempt 37/60 for task c0e1da86-bfe1-4e67-8f67-6b9caafe4ecb
2025-09-16 14:46:34,509 - __main__ - INFO - Waiting 5 seconds before next attempt...
2025-09-16 14:46:39,510 - __main__ - INFO - Polling attempt 38/60 for task c0e1da86-bfe1-4e67-8f67-6b9caafe4ecb
2025-09-16 14:46:39,615 - __main__ - INFO - Waiting 5 seconds before next attempt...
2025-09-16 14:46:44,616 - __main__ - INFO - Polling attempt 39/60 for task c0e1da86-bfe1-4e67-8f67-6b9caafe4ecb
2025-09-16 14:46:44,745 - __main__ - INFO - Waiting 5 seconds before next attempt...
2025-09-16 14:46:49,746 - __main__ - INFO - Polling attempt 40/60 for task c0e1da86-bfe1-4e67-8f67-6b9caafe4ecb
2025-09-16 14:46:49,888 - __main__ - INFO - Waiting 5 seconds before next attempt...
2025-09-16 14:46:54,890 - __main__ - INFO - Polling attempt 41/60 for task c0e1da86-bfe1-4e67-8f67-6b9caafe4ecb
2025-09-16 14:46:55,009 - __main__ - INFO - Waiting 5 seconds before next attempt...
2025-09-16 14:47:00,010 - __main__ - INFO - Polling attempt 42/60 for task c0e1da86-bfe1-4e67-8f67-6b9caafe4ecb
2025-09-16 14:47:00,140 - __main__ - INFO - Waiting 5 seconds before next attempt...
2025-09-16 14:47:05,141 - __main__ - INFO - Polling attempt 43/60 for task c0e1da86-bfe1-4e67-8f67-6b9caafe4ecb
2025-09-16 14:47:05,241 - __main__ - INFO - Waiting 5 seconds before next attempt...
2025-09-16 14:47:10,243 - __main__ - INFO - Polling attempt 44/60 for task c0e1da86-bfe1-4e67-8f67-6b9caafe4ecb
2025-09-16 14:47:10,376 - __main__ - INFO - Waiting 5 seconds before next attempt...
2025-09-16 14:47:15,377 - __main__ - INFO - Polling attempt 45/60 for task c0e1da86-bfe1-4e67-8f67-6b9caafe4ecb
2025-09-16 14:47:15,510 - __main__ - INFO - Waiting 5 seconds before next attempt...
2025-09-16 14:47:20,512 - __main__ - INFO - Polling attempt 46/60 for task c0e1da86-bfe1-4e67-8f67-6b9caafe4ecb
2025-09-16 14:47:20,631 - __main__ - INFO - Waiting 5 seconds before next attempt...
2025-09-16 14:47:25,633 - __main__ - INFO - Polling attempt 47/60 for task c0e1da86-bfe1-4e67-8f67-6b9caafe4ecb
2025-09-16 14:47:25,740 - __main__ - INFO - Waiting 5 seconds before next attempt...
2025-09-16 14:47:30,741 - __main__ - INFO - Polling attempt 48/60 for task c0e1da86-bfe1-4e67-8f67-6b9caafe4ecb
2025-09-16 14:47:30,875 - __main__ - INFO - Waiting 5 seconds before next attempt...
2025-09-16 14:47:35,876 - __main__ - INFO - Polling attempt 49/60 for task c0e1da86-bfe1-4e67-8f67-6b9caafe4ecb
2025-09-16 14:47:35,990 - __main__ - INFO - Waiting 5 seconds before next attempt...
2025-09-16 14:47:40,992 - __main__ - INFO - Polling attempt 50/60 for task c0e1da86-bfe1-4e67-8f67-6b9caafe4ecb
2025-09-16 14:47:41,141 - __main__ - INFO - Waiting 5 seconds before next attempt...
2025-09-16 14:47:46,143 - __main__ - INFO - Polling attempt 51/60 for task c0e1da86-bfe1-4e67-8f67-6b9caafe4ecb
2025-09-16 14:47:46,278 - __main__ - INFO - Waiting 5 seconds before next attempt...
2025-09-16 14:47:51,280 - __main__ - INFO - Polling attempt 52/60 for task c0e1da86-bfe1-4e67-8f67-6b9caafe4ecb
2025-09-16 14:47:51,405 - __main__ - INFO - Waiting 5 seconds before next attempt...
2025-09-16 14:47:56,407 - __main__ - INFO - Polling attempt 53/60 for task c0e1da86-bfe1-4e67-8f67-6b9caafe4ecb
2025-09-16 14:47:56,519 - __main__ - INFO - Waiting 5 seconds before next attempt...
2025-09-16 14:48:01,520 - __main__ - INFO - Polling attempt 54/60 for task c0e1da86-bfe1-4e67-8f67-6b9caafe4ecb
2025-09-16 14:48:01,657 - __main__ - INFO - Waiting 5 seconds before next attempt...
2025-09-16 14:48:06,658 - __main__ - INFO - Polling attempt 55/60 for task c0e1da86-bfe1-4e67-8f67-6b9caafe4ecb
2025-09-16 14:48:06,807 - __main__ - INFO - Waiting 5 seconds before next attempt...
2025-09-16 14:48:11,808 - __main__ - INFO - Polling attempt 56/60 for task c0e1da86-bfe1-4e67-8f67-6b9caafe4ecb
2025-09-16 14:48:12,013 - __main__ - INFO - Waiting 5 seconds before next attempt...
2025-09-16 14:48:17,014 - __main__ - INFO - Polling attempt 57/60 for task c0e1da86-bfe1-4e67-8f67-6b9caafe4ecb
2025-09-16 14:48:17,133 - __main__ - INFO - Waiting 5 seconds before next attempt...
2025-09-16 14:48:22,135 - __main__ - INFO - Polling attempt 58/60 for task c0e1da86-bfe1-4e67-8f67-6b9caafe4ecb
2025-09-16 14:48:22,256 - __main__ - INFO - Waiting 5 seconds before next attempt...
2025-09-16 14:48:27,257 - __main__ - INFO - Polling attempt 59/60 for task c0e1da86-bfe1-4e67-8f67-6b9caafe4ecb
2025-09-16 14:48:27,379 - __main__ - INFO - Waiting 5 seconds before next attempt...
2025-09-16 14:48:32,381 - __main__ - INFO - Polling attempt 60/60 for task c0e1da86-bfe1-4e67-8f67-6b9caafe4ecb
2025-09-16 14:48:32,514 - __main__ - ERROR - Max polling attempts (60) reached without completion
2025-09-16 14:48:32,515 - __main__ - WARNING - Failed to get final results
2025-09-16 14:48:32,515 - __main__ - INFO - 
Option 2: Poll existing task ID
2025-09-16 14:48:32,516 - __main__ - INFO - Polling existing task: 97209d87-e479-4d3f-9544-440adc1dd443
2025-09-16 14:48:32,517 - __main__ - INFO - Polling attempt 1/10 for task 97209d87-e479-4d3f-9544-440adc1dd443
2025-09-16 14:48:32,632 - __main__ - INFO - Waiting 5 seconds before next attempt...
2025-09-16 14:48:37,634 - __main__ - INFO - Polling attempt 2/10 for task 97209d87-e479-4d3f-9544-440adc1dd443
2025-09-16 14:48:37,751 - __main__ - INFO - Waiting 5 seconds before next attempt...
2025-09-16 14:48:42,753 - __main__ - INFO - Polling attempt 3/10 for task 97209d87-e479-4d3f-9544-440adc1dd443
2025-09-16 14:48:42,868 - __main__ - INFO - Waiting 5 seconds before next attempt...
2025-09-16 14:48:47,869 - __main__ - INFO - Polling attempt 4/10 for task 97209d87-e479-4d3f-9544-440adc1dd443
2025-09-16 14:48:47,991 - __main__ - INFO - Waiting 5 seconds before next attempt...
2025-09-16 14:48:52,992 - __main__ - INFO - Polling attempt 5/10 for task 97209d87-e479-4d3f-9544-440adc1dd443
2025-09-16 14:48:53,109 - __main__ - INFO - Waiting 5 seconds before next attempt...
2025-09-16 14:48:58,110 - __main__ - INFO - Polling attempt 6/10 for task 97209d87-e479-4d3f-9544-440adc1dd443
2025-09-16 14:48:58,226 - __main__ - INFO - Waiting 5 seconds before next attempt...
2025-09-16 14:49:03,227 - __main__ - INFO - Polling attempt 7/10 for task 97209d87-e479-4d3f-9544-440adc1dd443
2025-09-16 14:49:03,360 - __main__ - INFO - Waiting 5 seconds before next attempt...
2025-09-16 14:49:08,361 - __main__ - INFO - Polling attempt 8/10 for task 97209d87-e479-4d3f-9544-440adc1dd443
2025-09-16 14:49:08,489 - __main__ - INFO - Waiting 5 seconds before next attempt...
2025-09-16 14:49:13,490 - __main__ - INFO - Polling attempt 9/10 for task 97209d87-e479-4d3f-9544-440adc1dd443
2025-09-16 14:49:13,588 - __main__ - INFO - Waiting 5 seconds before next attempt...
2025-09-16 14:49:18,589 - __main__ - INFO - Polling attempt 10/10 for task 97209d87-e479-4d3f-9544-440adc1dd443
2025-09-16 14:49:18,712 - __main__ - ERROR - Max polling attempts (10) reached without completion
2025-09-16 14:49:18,713 - __main__ - INFO - ================================================================================
2025-09-16 14:49:18,714 - __main__ - INFO - Polling test completed
