2025-05-13 17:10:28,419 - __main__ - INFO - Using DispatcherMiddleware from werkzeug.middleware.dispatcher
2025-05-13 17:10:28,945 - enhanced_validator_production - INFO - Loaded CourtListener API key from config.json
2025-05-13 17:10:29,489 - enhanced_validator_production - INFO - Eyecite library and AhocorasickTokenizer loaded successfully for citation extraction
2025-05-13 17:10:29,495 - __main__ - INFO - Creating Flask application...
2025-05-13 17:10:29,498 - src.app_final_vue - INFO - Loaded CourtListener API key from config.json: ...
2025-05-13 17:10:29,562 - src.app_final_vue - INFO - Eyecite library and AhocorasickTokenizer loaded successfully for citation extraction
2025-05-13 17:10:29,571 - src.app_final_vue - INFO - Citation API registered with prefix /api
2025-05-13 17:10:29,588 - enhanced_validator_production - INFO - Enhanced Validator blueprint registered with the Flask app
2025-05-13 17:10:29,589 - src.app_final_vue - INFO - Enhanced Validator blueprint registered with the application
2025-05-13 17:10:29,630 - __main__ - INFO - Flask application created successfully
2025-05-13 17:10:29,635 - __main__ - INFO - ==================================================
2025-05-13 17:10:29,635 - __main__ - INFO - Starting CaseStrainer in production mode
2025-05-13 17:10:29,636 - __main__ - INFO - Server: HAUMEA (128.208.154.3)
2025-05-13 17:10:29,636 - __main__ - INFO - Host: 0.0.0.0
2025-05-13 17:10:29,637 - __main__ - INFO - Port: 5000
2025-05-13 17:10:29,637 - __main__ - INFO - Threads: 10
2025-05-13 17:10:29,637 - __main__ - INFO - Environment: production
2025-05-13 17:10:29,638 - __main__ - INFO - URL Prefix: /casestrainer
2025-05-13 17:10:29,638 - __main__ - INFO - ==================================================
2025-05-13 17:10:29,638 - __main__ - INFO - Applying URL prefix middleware: /casestrainer
2025-05-13 17:10:29,641 - __main__ - INFO - Dispatcher middleware created successfully
2025-05-13 17:10:29,641 - __main__ - INFO - Starting Waitress server with DispatcherMiddleware on http://0.0.0.0:5000/casestrainer
2025-05-13 17:10:29,646 - waitress - INFO - Serving on http://0.0.0.0:5000
