2025-05-13 17:20:18,058 - __main__ - INFO - Using DispatcherMiddleware from werkzeug.middleware.dispatcher
2025-05-13 17:20:18,487 - enhanced_validator_production - INFO - Loaded CourtListener API key from config.json
2025-05-13 17:20:18,973 - enhanced_validator_production - INFO - Eyecite library and AhocorasickTokenizer loaded successfully for citation extraction
2025-05-13 17:20:18,979 - __main__ - INFO - Creating Flask application...
2025-05-13 17:20:18,982 - src.app_final_vue - INFO - Loaded CourtListener API key from config.json: ...
2025-05-13 17:20:19,045 - src.app_final_vue - INFO - Eyecite library and AhocorasickTokenizer loaded successfully for citation extraction
2025-05-13 17:20:19,053 - src.app_final_vue - INFO - Citation API registered with prefix /api
2025-05-13 17:20:19,070 - enhanced_validator_production - INFO - Enhanced Validator blueprint registered with the Flask app
2025-05-13 17:20:19,071 - src.app_final_vue - INFO - Enhanced Validator blueprint registered with the application
2025-05-13 17:20:19,110 - __main__ - INFO - Flask application created successfully
2025-05-13 17:20:19,115 - __main__ - INFO - ==================================================
2025-05-13 17:20:19,115 - __main__ - INFO - Starting CaseStrainer in production mode
2025-05-13 17:20:19,116 - __main__ - INFO - Server: HAUMEA (128.208.154.3)
2025-05-13 17:20:19,116 - __main__ - INFO - Host: 0.0.0.0
2025-05-13 17:20:19,116 - __main__ - INFO - Port: 5000
2025-05-13 17:20:19,117 - __main__ - INFO - Threads: 10
2025-05-13 17:20:19,117 - __main__ - INFO - Environment: production
2025-05-13 17:20:19,117 - __main__ - INFO - URL Prefix: /casestrainer
2025-05-13 17:20:19,118 - __main__ - INFO - ==================================================
2025-05-13 17:20:19,118 - __main__ - INFO - Applying URL prefix middleware: /casestrainer
2025-05-13 17:20:19,120 - __main__ - INFO - Dispatcher middleware created successfully
2025-05-13 17:20:19,121 - __main__ - INFO - Starting Waitress server with DispatcherMiddleware on http://0.0.0.0:5000/casestrainer
2025-05-13 17:20:19,125 - waitress - INFO - Serving on http://0.0.0.0:5000
