2025-05-13 16:56:58,909 - __main__ - INFO - Using DispatcherMiddleware from werkzeug.middleware.dispatcher
2025-05-13 16:56:59,406 - enhanced_validator_production - INFO - Loaded CourtListener API key from config.json
2025-05-13 16:56:59,906 - enhanced_validator_production - INFO - Eyecite library and AhocorasickTokenizer loaded successfully for citation extraction
2025-05-13 16:56:59,917 - __main__ - INFO - ==================================================
2025-05-13 16:56:59,917 - __main__ - INFO - Starting CaseStrainer in production mode
2025-05-13 16:56:59,918 - __main__ - INFO - Server: HAUMEA (128.208.154.3)
2025-05-13 16:56:59,919 - __main__ - INFO - Host: 0.0.0.0
2025-05-13 16:56:59,919 - __main__ - INFO - Port: 5000
2025-05-13 16:56:59,920 - __main__ - INFO - Threads: 10
2025-05-13 16:56:59,920 - __main__ - INFO - URL Prefix: /casestrainer
2025-05-13 16:56:59,920 - __main__ - INFO - Environment: production
2025-05-13 16:56:59,921 - __main__ - INFO - ==================================================
2025-05-13 16:56:59,921 - __main__ - INFO - Creating Flask application...
2025-05-13 16:56:59,924 - src.app_final_vue - INFO - Loaded CourtListener API key from config.json: ...
2025-05-13 16:56:59,986 - src.app_final_vue - INFO - Eyecite library and AhocorasickTokenizer loaded successfully for citation extraction
2025-05-13 16:56:59,995 - src.app_final_vue - INFO - Citation API registered with prefix /api
2025-05-13 16:57:00,015 - enhanced_validator_production - INFO - Enhanced Validator blueprint registered with the Flask app
2025-05-13 16:57:00,017 - src.app_final_vue - INFO - Enhanced Validator blueprint registered with the application
2025-05-13 16:57:00,064 - __main__ - INFO - Setting APPLICATION_ROOT to /casestrainer
2025-05-13 16:57:00,064 - __main__ - INFO - Flask application created successfully
2025-05-13 16:57:00,065 - __main__ - INFO - Creating DispatcherMiddleware with prefix: /casestrainer
2025-05-13 16:57:00,065 - __main__ - INFO - Starting Waitress server on 0.0.0.0:5000
2025-05-13 16:57:00,071 - waitress - INFO - Serving on http://0.0.0.0:5000
