2025-05-13 17:12:18,612 - __main__ - INFO - Using DispatcherMiddleware from werkzeug.middleware.dispatcher
2025-05-13 17:12:19,042 - enhanced_validator_production - INFO - Loaded CourtListener API key from config.json
2025-05-13 17:12:19,525 - enhanced_validator_production - INFO - Eyecite library and AhocorasickTokenizer loaded successfully for citation extraction
2025-05-13 17:12:19,532 - __main__ - INFO - Creating Flask application...
2025-05-13 17:12:19,536 - src.app_final_vue - INFO - Loaded CourtListener API key from config.json: ...
2025-05-13 17:12:19,597 - src.app_final_vue - INFO - Eyecite library and AhocorasickTokenizer loaded successfully for citation extraction
2025-05-13 17:12:19,606 - src.app_final_vue - INFO - Citation API registered with prefix /api
2025-05-13 17:12:19,624 - enhanced_validator_production - INFO - Enhanced Validator blueprint registered with the Flask app
2025-05-13 17:12:19,625 - src.app_final_vue - INFO - Enhanced Validator blueprint registered with the application
2025-05-13 17:12:19,668 - __main__ - INFO - Flask application created successfully
2025-05-13 17:12:19,672 - __main__ - INFO - ==================================================
2025-05-13 17:12:19,673 - __main__ - INFO - Starting CaseStrainer in production mode
2025-05-13 17:12:19,673 - __main__ - INFO - Server: HAUMEA (128.208.154.3)
2025-05-13 17:12:19,674 - __main__ - INFO - Host: 0.0.0.0
2025-05-13 17:12:19,674 - __main__ - INFO - Port: 5000
2025-05-13 17:12:19,674 - __main__ - INFO - Threads: 10
2025-05-13 17:12:19,675 - __main__ - INFO - Environment: production
2025-05-13 17:12:19,675 - __main__ - INFO - URL Prefix: /casestrainer
2025-05-13 17:12:19,675 - __main__ - INFO - ==================================================
2025-05-13 17:12:19,676 - __main__ - INFO - Applying URL prefix middleware: /casestrainer
2025-05-13 17:12:19,676 - __main__ - INFO - Dispatcher middleware created successfully
2025-05-13 17:12:19,677 - __main__ - INFO - Starting Waitress server with DispatcherMiddleware on http://0.0.0.0:5000/casestrainer
2025-05-13 17:12:19,681 - waitress - INFO - Serving on http://0.0.0.0:5000
