2025-05-15 13:49:41,140 - __main__ - INFO - Using DispatcherMiddleware from werkzeug.middleware.dispatcher
2025-05-15 13:49:42,145 - enhanced_validator_production - WARNING - striprtf not installed. RTF file processing will not be available.
2025-05-15 13:49:42,147 - enhanced_validator_production - INFO - Loaded CourtListener API key from config.json
2025-05-15 13:49:42,661 - enhanced_validator_production - INFO - Eyecite library and AhocorasickTokenizer loaded successfully for citation extraction
2025-05-15 13:49:42,664 - src.app_final_vue - INFO - Loaded CourtListener API key from config.json: 443a8...
2025-05-15 13:49:42,669 - src.app_final_vue - INFO - CORS configured with specific origins for security
2025-05-15 13:49:42,670 - src.app_final_vue - INFO - No SECRET_KEY found in config.json
2025-05-15 13:49:42,670 - src.app_final_vue - WARNING - Generated random SECRET_KEY - this will change on restart!
2025-05-15 13:49:42,715 - src.app_final_vue - INFO - Flask-Session initialized with secure settings
2025-05-15 13:49:42,715 - src.app_final_vue - INFO - Using APPLICATION_ROOT: /casestrainer
2025-05-15 13:49:42,716 - src.app_final_vue - INFO - ProxyFix middleware configured for Nginx proxy
2025-05-15 13:49:42,783 - src.app_final_vue - INFO - Eyecite library and AhocorasickTokenizer loaded successfully for citation extraction
2025-05-15 13:49:42,805 - enhanced_validator_production - INFO - Enhanced Validator blueprint registered with the Flask app
2025-05-15 13:49:42,830 - __main__ - INFO - Creating Flask application...
2025-05-15 13:49:42,832 - src.app_final_vue - INFO - CORS configured with specific origins for security
2025-05-15 13:49:42,832 - src.app_final_vue - INFO - No SECRET_KEY found in config.json
2025-05-15 13:49:42,833 - src.app_final_vue - WARNING - Generated random SECRET_KEY - this will change on restart!
2025-05-15 13:49:42,841 - src.app_final_vue - INFO - Flask-Session initialized with secure settings
2025-05-15 13:49:42,842 - src.app_final_vue - INFO - Using APPLICATION_ROOT: /casestrainer
2025-05-15 13:49:42,842 - src.app_final_vue - INFO - ProxyFix middleware configured for Nginx proxy
2025-05-15 13:49:42,904 - src.app_final_vue - INFO - Eyecite library and AhocorasickTokenizer loaded successfully for citation extraction
2025-05-15 13:49:42,930 - enhanced_validator_production - INFO - Enhanced Validator blueprint registered with the Flask app
2025-05-15 13:49:42,953 - __main__ - INFO - Flask application created successfully
2025-05-15 13:49:42,958 - __main__ - INFO - ==================================================
2025-05-15 13:49:42,958 - __main__ - INFO - Starting CaseStrainer in production mode
2025-05-15 13:49:42,958 - __main__ - INFO - Server: HAUMEA (128.208.154.3)
2025-05-15 13:49:42,959 - __main__ - INFO - Host: 0.0.0.0
2025-05-15 13:49:42,959 - __main__ - INFO - Port: 5000
2025-05-15 13:49:42,959 - __main__ - INFO - Threads: 10
2025-05-15 13:49:42,960 - __main__ - INFO - Environment: production
2025-05-15 13:49:42,960 - __main__ - INFO - URL Prefix: /casestrainer
2025-05-15 13:49:42,960 - __main__ - INFO - ==================================================
2025-05-15 13:49:42,963 - __main__ - INFO - Dispatcher middleware created successfully
2025-05-15 13:49:42,963 - __main__ - INFO - Starting Waitress server with DispatcherMiddleware on http://0.0.0.0:5000/casestrainer
2025-05-15 13:49:42,969 - waitress - INFO - Serving on http://0.0.0.0:5000
2025-05-15 13:51:04,791 - src.app_final_vue - INFO - Created new session for user: 36523053-8c14-46e5-98e4-3ad1d75ac63a
