2025-06-10 17:29:17,119 - src.app_final_vue - INFO - Starting application creation
2025-06-10 17:29:17,124 - src.app_final_vue - INFO - Registered API blueprint
2025-06-10 17:29:17,125 - src.app_final_vue - INFO - Application initialized in development mode
2025-06-10 17:29:17,125 - src.app_final_vue - INFO - Configuring CORS with origins: ['http://localhost:5173', 'http://127.0.0.1:5173', 'https://wolf.law.uw.edu']
2025-06-10 17:29:17,130 - src.app_final_vue - INFO - Application initialization completed successfully
2025-06-10 17:29:17,131 - src.app_final_vue - INFO - Starting application creation
2025-06-10 17:29:17,135 - src.app_final_vue - INFO - Registered API blueprint
2025-06-10 17:29:17,136 - src.app_final_vue - INFO - Application initialized in development mode
2025-06-10 17:29:17,136 - src.app_final_vue - INFO - Configuring CORS with origins: ['http://localhost:5173', 'http://127.0.0.1:5173', 'https://wolf.law.uw.edu']
2025-06-10 17:29:17,141 - src.app_final_vue - INFO - Application initialization completed successfully
2025-06-10 17:35:57,293 - src.app_final_vue - ERROR - Error in analyze_document: expected str, bytes or os.PathLike object, not FileStorage
Traceback (most recent call last):
  File "C:\Users\jafrank\OneDrive - UW\Documents\GitHub\CaseStrainer\src\vue_api_endpoints.py", line 552, in analyze_document_endpoint
    text = extract_text_from_file(file)
  File "C:\Users\jafrank\OneDrive - UW\Documents\GitHub\CaseStrainer\src\file_utils.py", line 162, in extract_text_from_file
    file_ext = os.path.splitext(file_path)[1].lower()
               ~~~~~~~~~~~~~~~~^^^^^^^^^^^
  File "<frozen ntpath>", line 244, in splitext
TypeError: expected str, bytes or os.PathLike object, not FileStorage
2025-06-10 17:38:16,122 - src.app_final_vue - ERROR - Error serving path api/enhanced-validator: 404 Not Found: The requested URL was not found on the server. If you entered the URL manually please check your spelling and try again.
2025-06-10 17:38:52,725 - src.app_final_vue - ERROR - Error serving path api/enhanced-validator: 404 Not Found: The requested URL was not found on the server. If you entered the URL manually please check your spelling and try again.
2025-06-10 17:38:55,691 - src.app_final_vue - ERROR - Error serving path api/: 404 Not Found: The requested URL was not found on the server. If you entered the URL manually please check your spelling and try again.
2025-06-10 17:39:45,523 - src.app_final_vue - ERROR - Error serving path api/enhanced-validator: 404 Not Found: The requested URL was not found on the server. If you entered the URL manually please check your spelling and try again.
2025-06-10 17:41:16,528 - src.app_final_vue - ERROR - Error serving path api/enhanced-validator: 404 Not Found: The requested URL was not found on the server. If you entered the URL manually please check your spelling and try again.
