2025-06-10 19:48:13,864 - src.app_final_vue - INFO - Starting application creation
2025-06-10 19:48:13,870 - src.app_final_vue - INFO - Registered API blueprint
2025-06-10 19:48:13,870 - src.app_final_vue - INFO - Application initialized in development mode
2025-06-10 19:48:13,870 - src.app_final_vue - INFO - Configuring CORS with origins: ['http://localhost:5173', 'http://127.0.0.1:5173', 'https://wolf.law.uw.edu']
2025-06-10 19:48:13,876 - src.app_final_vue - INFO - Application initialization completed successfully
2025-06-10 19:48:13,876 - src.app_final_vue - INFO - Starting application creation
2025-06-10 19:48:13,881 - src.app_final_vue - INFO - Registered API blueprint
2025-06-10 19:48:13,881 - src.app_final_vue - INFO - Application initialized in development mode
2025-06-10 19:48:13,881 - src.app_final_vue - INFO - Configuring CORS with origins: ['http://localhost:5173', 'http://127.0.0.1:5173', 'https://wolf.law.uw.edu']
2025-06-10 19:48:13,886 - src.app_final_vue - INFO - Application initialization completed successfully
2025-06-10 19:52:46,411 - src.app_final_vue - INFO - Endpoint /analyze-document accessed
2025-06-10 19:52:46,412 - src.app_final_vue - INFO - [ANALYZE_DOCUMENT] Received request to /analyze-document
2025-06-10 19:52:46,412 - src.app_final_vue - INFO - [ANALYZE_DOCUMENT] Request method: POST
2025-06-10 19:52:46,412 - src.app_final_vue - INFO - [ANALYZE_DOCUMENT] Content-Type: multipart/form-data; boundary=----WebKitFormBoundaryIxw0k6oWYSbALzwH
2025-06-10 19:52:46,412 - src.app_final_vue - INFO - [ANALYZE_DOCUMENT] Headers: {'Host': 'localhost:5000', 'Connection': 'close', 'Content-Length': '213713', 'Sec-Ch-Ua-Platform': '"Windows"', 'User-Agent': 'Mozilla/5.0 (Windows NT 10.0; Win64; x64) AppleWebKit/537.36 (KHTML, like Gecko) Chrome/137.0.0.0 Safari/537.36 Edg/137.0.0.0', 'Accept': 'application/json', 'Sec-Ch-Ua': '"Microsoft Edge";v="137", "Chromium";v="137", "Not/A)Brand";v="24"', 'Content-Type': 'multipart/form-data; boundary=----WebKitFormBoundaryIxw0k6oWYSbALzwH', 'X-Api-Key': '443a87912e4f444fb818fca454364d71e4aa9f91', 'Sec-Ch-Ua-Mobile': '?0', 'Origin': 'http://localhost:5173', 'Sec-Fetch-Site': 'same-origin', 'Sec-Fetch-Mode': 'cors', 'Sec-Fetch-Dest': 'empty', 'Referer': 'http://localhost:5173/casestrainer/enhanced-validator?tab=document', 'Accept-Encoding': 'gzip, deflate, br, zstd', 'Accept-Language': 'en-US,en;q=0.9'}
2025-06-10 19:52:46,413 - src.app_final_vue - INFO - [ANALYZE_DOCUMENT] Full URL: http://localhost:5000/casestrainer/api/analyze-document
2025-06-10 19:52:46,413 - src.app_final_vue - INFO - [ANALYZE_DOCUMENT] Path: /casestrainer/api/analyze-document
2025-06-10 19:52:46,416 - src.app_final_vue - INFO - [ANALYZE_DOCUMENT] Form data: {'citation': 'document_analysis', 'extract_citations': 'true', 'validate_citations': 'true', 'options': '{"is_binary":true,"file_type":"application/pdf","file_ext":"pdf","filename":"gov.uscourts.wyd.64014.141.0_1.pdf"}'}
2025-06-10 19:52:46,416 - src.app_final_vue - INFO - [ANALYZE_DOCUMENT] Files: ['file']
2025-06-10 19:52:46,416 - src.app_final_vue - INFO - [ANALYZE_DOCUMENT] File info - filename: gov.uscourts.wyd.64014.141.0_1.pdf, content_type: application/pdf
2025-06-10 19:52:46,416 - src.app_final_vue - INFO - [ANALYZE_DOCUMENT] Parsed form data
2025-06-10 19:52:47,487 - src.app_final_vue - INFO - [ANALYZE_DOCUMENT] Successfully extracted text from file
2025-06-10 19:52:47,488 - src.app_final_vue - INFO - [ANALYZE_DOCUMENT] Document analysis request: {
  "has_file": true,
  "filename": "gov.uscourts.wyd.64014.141.0_1.pdf",
  "file_size": 212964,
  "has_text": true,
  "text_length": 547092,
  "options": {
    "convert_pdf_to_md": true,
    "is_binary": true,
    "file_type": "application/pdf",
    "file_ext": "pdf"
  }
}
2025-06-10 19:52:48,678 - src.app_final_vue - INFO - [ANALYZE_DOCUMENT] Successfully imported enhanced_analyze function
2025-06-10 19:53:54,398 - src.app_final_vue - INFO - [ANALYZE_DOCUMENT] Successfully processed document analysis
