2025-06-10 21:56:14,445 - src.app_final_vue - INFO - Starting application creation
2025-06-10 21:56:14,450 - src.app_final_vue - INFO - Registered API blueprint
2025-06-10 21:56:14,450 - src.app_final_vue - INFO - Application initialized in development mode
2025-06-10 21:56:14,450 - src.app_final_vue - INFO - Configuring CORS with origins: ['http://localhost:5173', 'http://127.0.0.1:5173', 'https://wolf.law.uw.edu']
2025-06-10 21:56:14,456 - src.app_final_vue - INFO - Application initialization completed successfully
2025-06-10 21:56:14,456 - src.app_final_vue - INFO - Starting application creation
2025-06-10 21:56:14,461 - src.app_final_vue - INFO - Registered API blueprint
2025-06-10 21:56:14,461 - src.app_final_vue - INFO - Application initialized in development mode
2025-06-10 21:56:14,461 - src.app_final_vue - INFO - Configuring CORS with origins: ['http://localhost:5173', 'http://127.0.0.1:5173', 'https://wolf.law.uw.edu']
2025-06-10 21:56:14,467 - src.app_final_vue - INFO - Application initialization completed successfully
2025-06-10 21:57:03,638 - src.app_final_vue - INFO - === New Request ===
2025-06-10 21:57:03,638 - src.app_final_vue - INFO - Method: POST
2025-06-10 21:57:03,638 - src.app_final_vue - INFO - Path: /casestrainer/api/verify-citation
2025-06-10 21:57:03,638 - src.app_final_vue - INFO - Headers: {'Host': 'localhost:5000', 'Connection': 'close', 'Content-Length': '28', 'Sec-Ch-Ua-Platform': '"Windows"', 'User-Agent': 'Mozilla/5.0 (Windows NT 10.0; Win64; x64) AppleWebKit/537.36 (KHTML, like Gecko) Chrome/137.0.0.0 Safari/537.36 Edg/137.0.0.0', 'Accept': 'application/json', 'Sec-Ch-Ua': '"Microsoft Edge";v="137", "Chromium";v="137", "Not/A)Brand";v="24"', 'Content-Type': 'application/json', 'X-Api-Key': '443a87912e4f444fb818fca454364d71e4aa9f91', 'Sec-Ch-Ua-Mobile': '?0', 'Origin': 'http://localhost:5173', 'Sec-Fetch-Site': 'same-origin', 'Sec-Fetch-Mode': 'cors', 'Sec-Fetch-Dest': 'empty', 'Referer': 'http://localhost:5173/casestrainer/enhanced-validator?citation=534+F.3d+1290&tab=single', 'Accept-Encoding': 'gzip, deflate, br, zstd', 'Accept-Language': 'en-US,en;q=0.9'}
2025-06-10 21:57:03,638 - src.app_final_vue - INFO - Content-Type: application/json
2025-06-10 21:57:03,638 - src.app_final_vue - INFO - Mimetype: application/json
2025-06-10 21:57:03,639 - src.app_final_vue - INFO - Raw data: b'{"citation":"534 F.3d 1290"}'
2025-06-10 21:57:03,639 - src.app_final_vue - INFO - Request args: ImmutableMultiDict([])
2025-06-10 21:57:03,640 - src.app_final_vue - INFO - Request form: ImmutableMultiDict([])
2025-06-10 21:57:03,640 - src.app_final_vue - INFO - Request JSON: {'citation': '534 F.3d 1290'}
2025-06-10 21:57:03,640 - src.app_final_vue - INFO - Processing JSON request
2025-06-10 21:57:03,640 - src.app_final_vue - INFO - Successfully parsed JSON data: {'citation': '534 F.3d 1290'}
2025-06-10 21:57:03,640 - src.app_final_vue - INFO - Extracted citation: 534 F.3d 1290, case_name: 
2025-06-10 21:57:03,641 - src.app_final_vue - INFO - Final parsed data: {'citation': '534 F.3d 1290'}
2025-06-10 21:57:03,641 - src.app_final_vue - INFO - [verify_citation] Validating citation: 534 F.3d 1290
2025-06-10 21:57:03,641 - src.app_final_vue - INFO - [verify_citation] Starting validation for citation: 534 F.3d 1290
2025-06-10 21:57:03,641 - src.app_final_vue - INFO - [verify_citation] Calling enhanced_validate_citation with citation: 534 F.3d 1290
2025-06-10 21:57:03,641 - src.app_final_vue - DEBUG - [enhanced_validate_citation] Received data: {'citation': '534 F.3d 1290'}
2025-06-10 21:57:03,641 - src.app_final_vue - INFO - [enhanced_validate_citation] Validating citation: 534 F.3d 1290
2025-06-10 21:57:04,153 - src.app_final_vue - INFO - [enhanced_validate_citation] Falling back to basic verification
2025-06-10 21:57:04,449 - src.app_final_vue - INFO - [verify_citation] enhanced_validate_citation returned: <class 'dict'>
2025-06-10 21:58:04,691 - src.app_final_vue - INFO - === New Request ===
2025-06-10 21:58:04,691 - src.app_final_vue - INFO - Method: POST
2025-06-10 21:58:04,691 - src.app_final_vue - INFO - Path: /casestrainer/api/verify-citation
2025-06-10 21:58:04,691 - src.app_final_vue - INFO - Headers: {'Host': 'localhost:5000', 'Connection': 'close', 'Content-Length': '28', 'Sec-Ch-Ua-Platform': '"Windows"', 'User-Agent': 'Mozilla/5.0 (Windows NT 10.0; Win64; x64) AppleWebKit/537.36 (KHTML, like Gecko) Chrome/137.0.0.0 Safari/537.36 Edg/137.0.0.0', 'Accept': 'application/json', 'Sec-Ch-Ua': '"Microsoft Edge";v="137", "Chromium";v="137", "Not/A)Brand";v="24"', 'Content-Type': 'application/json', 'X-Api-Key': '443a87912e4f444fb818fca454364d71e4aa9f91', 'Sec-Ch-Ua-Mobile': '?0', 'Origin': 'http://localhost:5173', 'Sec-Fetch-Site': 'same-origin', 'Sec-Fetch-Mode': 'cors', 'Sec-Fetch-Dest': 'empty', 'Referer': 'http://localhost:5173/casestrainer/enhanced-validator?citation=534+F.3d+1290&tab=single', 'Accept-Encoding': 'gzip, deflate, br, zstd', 'Accept-Language': 'en-US,en;q=0.9'}
2025-06-10 21:58:04,691 - src.app_final_vue - INFO - Content-Type: application/json
2025-06-10 21:58:04,691 - src.app_final_vue - INFO - Mimetype: application/json
2025-06-10 21:58:04,691 - src.app_final_vue - INFO - Raw data: b'{"citation":"534 F.3d 1290"}'
2025-06-10 21:58:04,691 - src.app_final_vue - INFO - Request args: ImmutableMultiDict([])
2025-06-10 21:58:04,692 - src.app_final_vue - INFO - Request form: ImmutableMultiDict([])
2025-06-10 21:58:04,692 - src.app_final_vue - INFO - Request JSON: {'citation': '534 F.3d 1290'}
2025-06-10 21:58:04,692 - src.app_final_vue - INFO - Processing JSON request
2025-06-10 21:58:04,692 - src.app_final_vue - INFO - Successfully parsed JSON data: {'citation': '534 F.3d 1290'}
2025-06-10 21:58:04,692 - src.app_final_vue - INFO - Extracted citation: 534 F.3d 1290, case_name: 
2025-06-10 21:58:04,692 - src.app_final_vue - INFO - Final parsed data: {'citation': '534 F.3d 1290'}
2025-06-10 21:58:04,692 - src.app_final_vue - INFO - [verify_citation] Validating citation: 534 F.3d 1290
2025-06-10 21:58:04,692 - src.app_final_vue - INFO - [verify_citation] Starting validation for citation: 534 F.3d 1290
2025-06-10 21:58:04,692 - src.app_final_vue - INFO - [verify_citation] Calling enhanced_validate_citation with citation: 534 F.3d 1290
2025-06-10 21:58:04,692 - src.app_final_vue - DEBUG - [enhanced_validate_citation] Received data: {'citation': '534 F.3d 1290'}
2025-06-10 21:58:04,692 - src.app_final_vue - INFO - [enhanced_validate_citation] Validating citation: 534 F.3d 1290
2025-06-10 21:58:04,692 - src.app_final_vue - INFO - [enhanced_validate_citation] Falling back to basic verification
2025-06-10 21:58:04,968 - src.app_final_vue - INFO - [verify_citation] enhanced_validate_citation returned: <class 'dict'>
