2025-05-13 17:27:28,427 - __main__ - INFO - Using DispatcherMiddleware from werkzeug.middleware.dispatcher
2025-05-13 17:27:28,922 - enhanced_validator_production - INFO - Loaded CourtListener API key from config.json
2025-05-13 17:27:29,471 - enhanced_validator_production - INFO - Eyecite library and AhocorasickTokenizer loaded successfully for citation extraction
2025-05-13 17:27:29,479 - __main__ - INFO - Creating Flask application...
2025-05-13 17:27:29,483 - src.app_final_vue - INFO - Loaded CourtListener API key from config.json: 443a8...
2025-05-13 17:27:29,547 - src.app_final_vue - INFO - Eyecite library and AhocorasickTokenizer loaded successfully for citation extraction
2025-05-13 17:27:29,558 - src.app_final_vue - INFO - Citation API registered with prefix /api
2025-05-13 17:27:29,582 - enhanced_validator_production - INFO - Enhanced Validator blueprint registered with the Flask app
2025-05-13 17:27:29,582 - src.app_final_vue - INFO - Enhanced Validator blueprint registered with the application
2025-05-13 17:27:29,623 - __main__ - INFO - Flask application created successfully
2025-05-13 17:27:29,628 - __main__ - INFO - ==================================================
2025-05-13 17:27:29,628 - __main__ - INFO - Starting CaseStrainer in production mode
2025-05-13 17:27:29,628 - __main__ - INFO - Server: HAUMEA (128.208.154.3)
2025-05-13 17:27:29,629 - __main__ - INFO - Host: 0.0.0.0
2025-05-13 17:27:29,629 - __main__ - INFO - Port: 5000
2025-05-13 17:27:29,629 - __main__ - INFO - Threads: 10
2025-05-13 17:27:29,630 - __main__ - INFO - Environment: production
2025-05-13 17:27:29,630 - __main__ - INFO - URL Prefix: /casestrainer
2025-05-13 17:27:29,631 - __main__ - INFO - ==================================================
2025-05-13 17:27:29,633 - __main__ - INFO - Dispatcher middleware created successfully
2025-05-13 17:27:29,634 - __main__ - INFO - Starting Waitress server with DispatcherMiddleware on http://0.0.0.0:5000/casestrainer
2025-05-13 17:27:29,639 - waitress - INFO - Serving on http://0.0.0.0:5000
