2025-05-13 18:35:54,170 - __main__ - INFO - Using DispatcherMiddleware from werkzeug.middleware.dispatcher
2025-05-13 18:35:54,641 - enhanced_validator_production - INFO - Loaded CourtListener API key from config.json
2025-05-13 18:35:55,131 - enhanced_validator_production - INFO - Eyecite library and AhocorasickTokenizer loaded successfully for citation extraction
2025-05-13 18:35:55,137 - __main__ - INFO - Creating Flask application...
2025-05-13 18:35:55,140 - src.app_final_vue - INFO - Loaded CourtListener API key from config.json: 443a8...
2025-05-13 18:35:55,204 - src.app_final_vue - INFO - Eyecite library and AhocorasickTokenizer loaded successfully for citation extraction
2025-05-13 18:35:55,212 - src.app_final_vue - INFO - Citation API registered with prefix /api
2025-05-13 18:35:55,229 - enhanced_validator_production - INFO - Enhanced Validator blueprint registered with the Flask app
2025-05-13 18:35:55,229 - src.app_final_vue - INFO - Enhanced Validator blueprint registered with the application
2025-05-13 18:35:55,271 - __main__ - INFO - Flask application created successfully
2025-05-13 18:35:55,276 - __main__ - INFO - ==================================================
2025-05-13 18:35:55,276 - __main__ - INFO - Starting CaseStrainer in production mode
2025-05-13 18:35:55,277 - __main__ - INFO - Server: HAUMEA (128.208.154.3)
2025-05-13 18:35:55,277 - __main__ - INFO - Host: 0.0.0.0
2025-05-13 18:35:55,277 - __main__ - INFO - Port: 5001
2025-05-13 18:35:55,278 - __main__ - INFO - Threads: 10
2025-05-13 18:35:55,278 - __main__ - INFO - Environment: production
2025-05-13 18:35:55,278 - __main__ - INFO - URL Prefix: /casestrainer
2025-05-13 18:35:55,279 - __main__ - INFO - ==================================================
2025-05-13 18:35:55,281 - __main__ - INFO - Dispatcher middleware created successfully
2025-05-13 18:35:55,281 - __main__ - INFO - Starting Waitress server with DispatcherMiddleware on http://0.0.0.0:5001/casestrainer
2025-05-13 18:35:55,286 - waitress - INFO - Serving on http://0.0.0.0:5001
