Loaded CourtListener API key from config.json
Eyecite not installed: No module named 'eyecite'. Using regex patterns for citation extraction.
Loaded CourtListener API key from config.json
Eyecite not installed: No module named 'regex'. Using regex patterns for citation extraction.
Enhanced Validator blueprint registered with the Flask app
Loaded CourtListener API key from config.json
Eyecite library and AhocorasickTokenizer loaded successfully for citation extraction
2025-05-23 20:06:39,041 | INFO | __main__ | CORS configured with specific origins for security
2025-05-23 20:06:39,042 | INFO | __main__ | No SECRET_KEY found in config.json
2025-05-23 20:06:39,044 | WARNING | __main__ | Generated random SECRET_KEY - this will change on restart!
2025-05-23 20:06:39,081 | INFO | __main__ | Flask-Session initialized with secure settings
2025-05-23 20:06:39,081 | INFO | __main__ | Using APPLICATION_ROOT: /casestrainer
2025-05-23 20:06:39,082 | INFO | __main__ | ProxyFix middleware configured for Nginx proxy
2025-05-23 20:06:39,144 | INFO | __main__ | Eyecite library and AhocorasickTokenizer loaded successfully for citation extraction
Enhanced Validator blueprint registered with the Flask app
2025-05-23 20:06:39,168 | INFO | enhanced_validator_production | Enhanced Validator blueprint registered with the Flask app
2025-05-23 20:06:41,232 | INFO | __main__ | Starting CaseStrainer with Vue.js frontend
2025-05-23 20:06:41,232 | INFO | __main__ | Host: 0.0.0.0, Port: 5000, Environment: production
2025-05-23 20:06:41,234 | INFO | __main__ | Using Waitress: True
2025-05-23 20:06:41,235 | INFO | __main__ | External access URL: https://wolf.law.uw.edu/casestrainer/
2025-05-23 20:06:41,235 | INFO | __main__ | Local access URL: http://127.0.0.1:5000/
2025-05-23 20:06:41,258 | INFO | __main__ | Starting with Waitress WSGI server (production mode)
Loaded CourtListener API key from config.json
Eyecite not installed: No module named 'regex'. Using regex patterns for citation extraction.
Enhanced Validator blueprint registered with the Flask app
Loaded CourtListener API key from config.json
Eyecite library and AhocorasickTokenizer loaded successfully for citation extraction
2025-05-23 20:07:48,866 | INFO | __main__ | CORS configured with specific origins for security
2025-05-23 20:07:48,867 | INFO | __main__ | No SECRET_KEY found in config.json
2025-05-23 20:07:48,868 | WARNING | __main__ | Generated random SECRET_KEY - this will change on restart!
2025-05-23 20:07:48,917 | INFO | __main__ | Flask-Session initialized with secure settings
2025-05-23 20:07:48,918 | INFO | __main__ | Using APPLICATION_ROOT: /casestrainer
2025-05-23 20:07:48,918 | INFO | __main__ | ProxyFix middleware configured for Nginx proxy
2025-05-23 20:07:48,987 | INFO | __main__ | Eyecite library and AhocorasickTokenizer loaded successfully for citation extraction
Enhanced Validator blueprint registered with the Flask app
2025-05-23 20:07:49,013 | INFO | enhanced_validator_production | Enhanced Validator blueprint registered with the Flask app
2025-05-23 20:07:51,049 | INFO | __main__ | Starting CaseStrainer with Vue.js frontend
2025-05-23 20:07:51,049 | INFO | __main__ | Host: 0.0.0.0, Port: 5000, Environment: production
2025-05-23 20:07:51,049 | INFO | __main__ | Using Waitress: True
2025-05-23 20:07:51,050 | INFO | __main__ | External access URL: https://wolf.law.uw.edu/casestrainer/
2025-05-23 20:07:51,050 | INFO | __main__ | Local access URL: http://127.0.0.1:5000/
2025-05-23 20:07:51,074 | INFO | __main__ | Starting with Waitress WSGI server (production mode)
2025-05-23 20:07:51,081 | INFO | waitress | Serving on http://0.0.0.0:5000
Loaded CourtListener API key from config.json
Eyecite not installed: No module named 'regex'. Using regex patterns for citation extraction.
Enhanced Validator blueprint registered with the Flask app
Loaded CourtListener API key from config.json
Eyecite library and AhocorasickTokenizer loaded successfully for citation extraction
2025-05-23 20:10:56,705 | INFO | __main__ | CORS configured with specific origins for security
2025-05-23 20:10:56,705 | INFO | __main__ | No SECRET_KEY found in config.json
2025-05-23 20:10:56,706 | WARNING | __main__ | Generated random SECRET_KEY - this will change on restart!
2025-05-23 20:10:56,741 | INFO | __main__ | Flask-Session initialized with secure settings
2025-05-23 20:10:56,742 | INFO | __main__ | Using APPLICATION_ROOT: /casestrainer
2025-05-23 20:10:56,742 | INFO | __main__ | ProxyFix middleware configured for Nginx proxy
2025-05-23 20:10:56,802 | INFO | __main__ | Eyecite library and AhocorasickTokenizer loaded successfully for citation extraction
Enhanced Validator blueprint registered with the Flask app
2025-05-23 20:10:56,827 | INFO | enhanced_validator_production | Enhanced Validator blueprint registered with the Flask app
2025-05-23 20:10:58,891 | INFO | __main__ | Starting CaseStrainer with Vue.js frontend
2025-05-23 20:10:58,891 | INFO | __main__ | Host: 0.0.0.0, Port: 5000, Environment: production
2025-05-23 20:10:58,893 | INFO | __main__ | Using Waitress: True
2025-05-23 20:10:58,894 | INFO | __main__ | External access URL: https://wolf.law.uw.edu/casestrainer/
2025-05-23 20:10:58,894 | INFO | __main__ | Local access URL: http://127.0.0.1:5000/
2025-05-23 20:10:58,919 | INFO | __main__ | Starting with Waitress WSGI server (production mode)
Loaded CourtListener API key from config.json
Eyecite library and AhocorasickTokenizer loaded successfully for citation extraction
2025-05-23 20:11:23,773 | INFO | __main__ | CORS configured with specific origins for security
2025-05-23 20:11:23,774 | INFO | __main__ | No SECRET_KEY found in config.json
2025-05-23 20:11:23,774 | WARNING | __main__ | Generated random SECRET_KEY - this will change on restart!
2025-05-23 20:11:23,815 | INFO | __main__ | Flask-Session initialized with secure settings
2025-05-23 20:11:23,815 | INFO | __main__ | Using APPLICATION_ROOT: /casestrainer
2025-05-23 20:11:23,815 | INFO | __main__ | ProxyFix middleware configured for Nginx proxy
2025-05-23 20:11:23,878 | INFO | __main__ | Eyecite library and AhocorasickTokenizer loaded successfully for citation extraction
Enhanced Validator blueprint registered with the Flask app
2025-05-23 20:11:23,904 | INFO | enhanced_validator_production | Enhanced Validator blueprint registered with the Flask app
2025-05-23 20:11:25,951 | INFO | __main__ | Starting CaseStrainer with Vue.js frontend
2025-05-23 20:11:25,951 | INFO | __main__ | Host: 0.0.0.0, Port: 5000, Environment: production
2025-05-23 20:11:25,951 | INFO | __main__ | Using Waitress: True
2025-05-23 20:11:25,952 | INFO | __main__ | External access URL: https://wolf.law.uw.edu/casestrainer/
2025-05-23 20:11:25,952 | INFO | __main__ | Local access URL: http://127.0.0.1:5000/
2025-05-23 20:11:25,984 | INFO | __main__ | Starting with Waitress WSGI server (production mode)
2025-05-23 20:11:25,991 | INFO | waitress | Serving on http://0.0.0.0:5000
2025-05-23 20:11:44,858 | INFO | enhanced_verifier | Verifying citation: 534 F.3d 1290
2025-05-23 20:11:44,892 | ERROR | citation_classifier | No citations found in the database
2025-05-23 20:11:44,892 | ERROR | citation_classifier | No training data available
2025-05-23 20:11:44,893 | ERROR | citation_classifier | Model not trained. Call train() first.
2025-05-23 20:13:41,861 | INFO | vue_api | [ANALYZE:78113eac] 1. Starting request
2025-05-23 20:13:41,861 | INFO | vue_api | [ANALYZE:78113eac] Headers: {'Host': 'localhost:5000', 'Connection': 'keep-alive', 'Content-Length': '213177', 'Sec-Ch-Ua-Platform': '"Windows"', 'User-Agent': 'Mozilla/5.0 (Windows NT 10.0; Win64; x64) AppleWebKit/537.36 (KHTML, like Gecko) Chrome/136.0.0.0 Safari/537.36 Edg/136.0.0.0', 'Accept': 'application/json, text/plain, */*', 'Sec-Ch-Ua': '"Chromium";v="136", "Microsoft Edge";v="136", "Not.A/Brand";v="99"', 'Content-Type': 'multipart/form-data; boundary=----WebKitFormBoundaryskXJii1Bt83lHvI9', 'Sec-Ch-Ua-Mobile': '?0', 'Origin': 'http://localhost:5000', 'Sec-Fetch-Site': 'same-origin', 'Sec-Fetch-Mode': 'cors', 'Sec-Fetch-Dest': 'empty', 'Referer': 'http://localhost:5000/casestrainer/enhanced-validator', 'Accept-Encoding': 'gzip, deflate, br, zstd', 'Accept-Language': 'en-US,en;q=0.9', 'Cookie': 'session=e68fa1d9-e2ae-42f1-b759-ea17f300b5a3.zyZ3v2CX4y3VUF9Xmz9nBrEZ-g4; session=eca0e757-dbc2-4c4a-817f-8c8a1ce6b602.u5M8LHCxO1lKaIKr30xCOPUK8yg'}
2025-05-23 20:13:41,862 | INFO | vue_api | [ANALYZE:78113eac] Content-Type: multipart/form-data; boundary=----WebKitFormBoundaryskXJii1Bt83lHvI9
2025-05-23 20:13:41,865 | INFO | vue_api | [ANALYZE:78113eac] Request data: {'file': '<FileStorage: gov.uscourts.wyd.64014.141.0_1.pdf (application/pdf)>'}
2025-05-23 20:13:41,865 | INFO | vue_api | [ANALYZE:78113eac] Text length: N/A
2025-05-23 20:13:41,866 | INFO | vue_api | [ANALYZE:78113eac] Processing file upload
2025-05-23 20:13:41,867 | INFO | vue_api | [ANALYZE:78113eac] File saved to C:\Users\jafrank\OneDrive - UW\Documents\GitHub\CaseStrainer\src\uploads\gov.uscourts.wyd.64014.141.0_1.pdf
2025-05-23 20:13:41,868 | INFO | file_utils | Extracting text from file: C:\Users\jafrank\OneDrive - UW\Documents\GitHub\CaseStrainer\src\uploads\gov.uscourts.wyd.64014.141.0_1.pdf
2025-05-23 20:13:42,428 | INFO | vue_api | [ANALYZE:78113eac] Extracted 17112 characters from file
Analyzing text for legal citations
2025-05-23 20:13:42,429 | INFO | enhanced_validator_production | Analyzing text for legal citations
[DEFENSIVE LOG] Received input of type: <class 'str'>, value: 'PLAINTIFFS ’ MOTION S IN LIMINE Plaintiffs, STEPHANIE WADSWORTH and MATTHEW WADSWORTH, by and through their undersigned counsel, hereby move this Honorable Court for an Order in limine to exclude the following from evidence and from any statement or argument during the trial . These Motions are made pursuant to the Federal Rules of Evidence, specifically Rules 401, 402, and 403, as well as the local rules of this Court and the Amended Scheduling Order (Doc. 78 ). Taly Goody, Esq. Wyoming Bar No
2025-05-23 20:13:42,429 | INFO | enhanced_validator_production | [DEFENSIVE LOG] Received input of type: <class 'str'>, value: 'PLAINTIFFS ’ MOTION S IN LIMINE Plaintiffs, STEPHANIE WADSWORTH and MATTHEW WADSWORTH, by and through their undersigned counsel, hereby move this Honorable Court for an Order in limine to exclude the following from evidence and from any statement or argument during the trial . These Motions are made pursuant to the Federal Rules of Evidence, specifically Rules 401, 402, and 403, as well as the local rules of this Court and the Amended Scheduling Order (Doc. 78 ). Taly Goody, Esq. Wyoming Bar No
[EXTRACT] Using default blacklist patterns (after 0.00s)
2025-05-23 20:13:42,430 | INFO | enhanced_validator_production | [EXTRACT] Using default blacklist patterns (after 0.00s)
[EXTRACT] Detected markdown formatting, preprocessing text (after 0.00s)
2025-05-23 20:13:42,431 | INFO | enhanced_validator_production | [EXTRACT] Detected markdown formatting, preprocessing text (after 0.00s)
[EXTRACT] Finished preprocessing markdown (after 0.02s)
2025-05-23 20:13:42,447 | INFO | enhanced_validator_production | [EXTRACT] Finished preprocessing markdown (after 0.02s)
[EXTRACT] Starting citation extraction with eyecite (after 0.02s)
2025-05-23 20:13:42,448 | INFO | enhanced_validator_production | [EXTRACT] Starting citation extraction with eyecite (after 0.02s)
[EXTRACT] eyecite found 11 potential citations (after 0.75s)
2025-05-23 20:13:43,179 | INFO | enhanced_validator_production | [EXTRACT] eyecite found 11 potential citations (after 0.75s)
[EXTRACT] Processed 11/11 citations (after 0.75s)
2025-05-23 20:13:43,183 | INFO | enhanced_validator_production | [EXTRACT] Processed 11/11 citations (after 0.75s)
[EXTRACT] Extracted 9 unique citations using eyecite (after 0.75s)
2025-05-23 20:13:43,183 | INFO | enhanced_validator_production | [EXTRACT] Extracted 9 unique citations using eyecite (after 0.75s)
[EXTRACT] Extraction complete. Found 9 unique citations (after 0.75s)
2025-05-23 20:13:43,183 | INFO | enhanced_validator_production | [EXTRACT] Extraction complete. Found 9 unique citations (after 0.75s)
Error validating citation Wyoming v. U.S.Department of Energy, 2006 WL 3801910: module 'signal' has no attribute 'SIGALRM'
2025-05-23 20:13:43,186 | ERROR | enhanced_validator_production | Error validating citation Wyoming v. U.S.Department of Energy, 2006 WL 3801910: module 'signal' has no attribute 'SIGALRM'
Error validating citation Holland v. Keller, 2018 WL 2446162: module 'signal' has no attribute 'SIGALRM'
2025-05-23 20:13:43,186 | ERROR | enhanced_validator_production | Error validating citation Holland v. Keller, 2018 WL 2446162: module 'signal' has no attribute 'SIGALRM'
Error validating citation United States v. Hargrove, 2019 WL 2516279: module 'signal' has no attribute 'SIGALRM'
2025-05-23 20:13:43,187 | ERROR | enhanced_validator_production | Error validating citation United States v. Hargrove, 2019 WL 2516279: module 'signal' has no attribute 'SIGALRM'
Error validating citation Meyer v. City of Cheyenne, 2017 WL 3461055: module 'signal' has no attribute 'SIGALRM'
2025-05-23 20:13:43,187 | ERROR | enhanced_validator_production | Error validating citation Meyer v. City of Cheyenne, 2017 WL 3461055: module 'signal' has no attribute 'SIGALRM'
Error validating citation U.S.. v. Caraway, 534 F. 1290: module 'signal' has no attribute 'SIGALRM'
2025-05-23 20:13:43,188 | ERROR | enhanced_validator_production | Error validating citation U.S.. v. Caraway, 534 F. 1290: module 'signal' has no attribute 'SIGALRM'
Error validating citation Benson v. State of Wyoming, 2010 WL 4683851: module 'signal' has no attribute 'SIGALRM'
2025-05-23 20:13:43,188 | ERROR | enhanced_validator_production | Error validating citation Benson v. State of Wyoming, 2010 WL 4683851: module 'signal' has no attribute 'SIGALRM'
Error validating citation Smith v. United States, 2011 WL 2160468: module 'signal' has no attribute 'SIGALRM'
2025-05-23 20:13:43,189 | ERROR | enhanced_validator_production | Error validating citation Smith v. United States, 2011 WL 2160468: module 'signal' has no attribute 'SIGALRM'
Error validating citation Woods v. BNSF Railway Co ., 2016 WL 165971: module 'signal' has no attribute 'SIGALRM'
2025-05-23 20:13:43,189 | ERROR | enhanced_validator_production | Error validating citation Woods v. BNSF Railway Co ., 2016 WL 165971: module 'signal' has no attribute 'SIGALRM'
Error validating citation Fitzgerald v. City of New York, 2018 WL 3037217: module 'signal' has no attribute 'SIGALRM'
2025-05-23 20:13:43,189 | ERROR | enhanced_validator_production | Error validating citation Fitzgerald v. City of New York, 2018 WL 3037217: module 'signal' has no attribute 'SIGALRM'
Analysis complete: found 9 citations
2025-05-23 20:13:43,190 | INFO | enhanced_validator_production | Analysis complete: found 9 citations
2025-05-23 20:13:43,190 | INFO | vue_api | [ANALYZE:78113eac] Found 9 citations, 9 landmark cases, and 9 validation results in analysis
2025-05-23 20:13:43,191 | INFO | vue_api | [ANALYZE:78113eac] Analysis complete. Found 9 citations in 1329.91ms
2025-05-23 20:13:43,191 | INFO | vue_api | [ANALYZE:78113eac] Removed temporary file: C:\Users\jafrank\OneDrive - UW\Documents\GitHub\CaseStrainer\src\uploads\gov.uscourts.wyd.64014.141.0_1.pdf
2025-05-23 20:15:04,792 | INFO | vue_api | [ANALYZE:77cacea0] 1. Starting request
2025-05-23 20:15:04,793 | INFO | vue_api | [ANALYZE:77cacea0] Headers: {'Host': 'localhost:5000', 'Connection': 'keep-alive', 'Content-Length': '1544', 'Sec-Ch-Ua-Platform': '"Windows"', 'User-Agent': 'Mozilla/5.0 (Windows NT 10.0; Win64; x64) AppleWebKit/537.36 (KHTML, like Gecko) Chrome/136.0.0.0 Safari/537.36 Edg/136.0.0.0', 'Accept': 'application/json, text/plain, */*', 'Sec-Ch-Ua': '"Chromium";v="136", "Microsoft Edge";v="136", "Not.A/Brand";v="99"', 'Content-Type': 'application/json', 'Sec-Ch-Ua-Mobile': '?0', 'Origin': 'http://localhost:5000', 'Sec-Fetch-Site': 'same-origin', 'Sec-Fetch-Mode': 'cors', 'Sec-Fetch-Dest': 'empty', 'Referer': 'http://localhost:5000/casestrainer/enhanced-validator', 'Accept-Encoding': 'gzip, deflate, br, zstd', 'Accept-Language': 'en-US,en;q=0.9', 'Cookie': 'session=e68fa1d9-e2ae-42f1-b759-ea17f300b5a3.zyZ3v2CX4y3VUF9Xmz9nBrEZ-g4; session=eca0e757-dbc2-4c4a-817f-8c8a1ce6b602.u5M8LHCxO1lKaIKr30xCOPUK8yg'}
2025-05-23 20:15:04,794 | INFO | vue_api | [ANALYZE:77cacea0] Content-Type: application/json
2025-05-23 20:15:04,794 | INFO | vue_api | [ANALYZE:77cacea0] Request data: {}
2025-05-23 20:15:04,794 | INFO | vue_api | [ANALYZE:77cacea0] Text length: 1531
2025-05-23 20:15:04,795 | INFO | vue_api | [ANALYZE:77cacea0] Processing text input
2025-05-23 20:15:04,795 | INFO | vue_api | [ANALYZE:77cacea0] Analyzing text of length: 1531
Analyzing text for legal citations
2025-05-23 20:15:04,795 | INFO | enhanced_validator_production | Analyzing text for legal citations
[DEFENSIVE LOG] Received input of type: <class 'str'>, value: " see United States v. Bao, 189 F.3d 860, 866 (9th Cir.1999), but under the law of this circuit, a written statement offered for impeachment cannot itself be introduced as evidence if the witness admits making that statement, see United States v. Soundingsides, 820 F.2d 1232 (10th Cir.1987). Also, counsel may use a prior statement to refresh the recollection of a witness who cannot remember a past event, see 4 Jack B. Weinstein & Margaret A. Berger, Weinstein's Federal Evidence, § 612.03 (2d ed.
2025-05-23 20:15:04,795 | INFO | enhanced_validator_production | [DEFENSIVE LOG] Received input of type: <class 'str'>, value: " see United States v. Bao, 189 F.3d 860, 866 (9th Cir.1999), but under the law of this circuit, a written statement offered for impeachment cannot itself be introduced as evidence if the witness admits making that statement, see United States v. Soundingsides, 820 F.2d 1232 (10th Cir.1987). Also, counsel may use a prior statement to refresh the recollection of a witness who cannot remember a past event, see 4 Jack B. Weinstein & Margaret A. Berger, Weinstein's Federal Evidence, § 612.03 (2d ed.
[EXTRACT] Using default blacklist patterns (after 0.00s)
2025-05-23 20:15:04,796 | INFO | enhanced_validator_production | [EXTRACT] Using default blacklist patterns (after 0.00s)
[EXTRACT] Detected markdown formatting, preprocessing text (after 0.00s)
2025-05-23 20:15:04,797 | INFO | enhanced_validator_production | [EXTRACT] Detected markdown formatting, preprocessing text (after 0.00s)
[EXTRACT] Finished preprocessing markdown (after 0.00s)
2025-05-23 20:15:04,800 | INFO | enhanced_validator_production | [EXTRACT] Finished preprocessing markdown (after 0.00s)
[EXTRACT] Starting citation extraction with eyecite (after 0.00s)
2025-05-23 20:15:04,800 | INFO | enhanced_validator_production | [EXTRACT] Starting citation extraction with eyecite (after 0.00s)
[EXTRACT] eyecite found 5 potential citations (after 0.09s)
2025-05-23 20:15:04,889 | INFO | enhanced_validator_production | [EXTRACT] eyecite found 5 potential citations (after 0.09s)
[EXTRACT] Processed 5/5 citations (after 0.09s)
2025-05-23 20:15:04,890 | INFO | enhanced_validator_production | [EXTRACT] Processed 5/5 citations (after 0.09s)
[EXTRACT] Extracted 5 unique citations using eyecite (after 0.09s)
2025-05-23 20:15:04,891 | INFO | enhanced_validator_production | [EXTRACT] Extracted 5 unique citations using eyecite (after 0.09s)
[EXTRACT] Extraction complete. Found 5 unique citations (after 0.10s)
2025-05-23 20:15:04,891 | INFO | enhanced_validator_production | [EXTRACT] Extraction complete. Found 5 unique citations (after 0.10s)
Error validating citation United States v. Bao, 189 F.3d 860: module 'signal' has no attribute 'SIGALRM'
2025-05-23 20:15:04,894 | ERROR | enhanced_validator_production | Error validating citation United States v. Bao, 189 F.3d 860: module 'signal' has no attribute 'SIGALRM'
Error validating citation United States v. Soundingsides, 820 F.2d 1232: module 'signal' has no attribute 'SIGALRM'
2025-05-23 20:15:04,894 | ERROR | enhanced_validator_production | Error validating citation United States v. Soundingsides, 820 F.2d 1232: module 'signal' has no attribute 'SIGALRM'
Error validating citation §: module 'signal' has no attribute 'SIGALRM'
2025-05-23 20:15:04,895 | ERROR | enhanced_validator_production | Error validating citation §: module 'signal' has no attribute 'SIGALRM'
Error validating citation Loan Ass' v. U.S.. Fid. & Guar. Co., 454 F.2d 328: module 'signal' has no attribute 'SIGALRM'
2025-05-23 20:15:04,895 | ERROR | enhanced_validator_production | Error validating citation Loan Ass' v. U.S.. Fid. & Guar. Co., 454 F.2d 328: module 'signal' has no attribute 'SIGALRM'
Error validating citation United States v. Carter, 973 F.2d 1509: module 'signal' has no attribute 'SIGALRM'
2025-05-23 20:15:04,896 | ERROR | enhanced_validator_production | Error validating citation United States v. Carter, 973 F.2d 1509: module 'signal' has no attribute 'SIGALRM'
Analysis complete: found 5 citations
2025-05-23 20:15:04,896 | INFO | enhanced_validator_production | Analysis complete: found 5 citations
2025-05-23 20:15:04,896 | INFO | vue_api | [ANALYZE:77cacea0] Found 5 citations, 5 landmark cases, and 5 validation results in analysis
2025-05-23 20:15:04,897 | INFO | vue_api | [ANALYZE:77cacea0] Analysis complete. Found 5 citations in 104.69ms
2025-05-23 20:16:25,725 | INFO | vue_api | [ANALYZE:5ff51c97] 1. Starting request
2025-05-23 20:16:25,726 | INFO | vue_api | [ANALYZE:5ff51c97] Headers: {'Host': 'localhost:5000', 'Connection': 'keep-alive', 'Content-Length': '73', 'Sec-Ch-Ua-Platform': '"Windows"', 'User-Agent': 'Mozilla/5.0 (Windows NT 10.0; Win64; x64) AppleWebKit/537.36 (KHTML, like Gecko) Chrome/136.0.0.0 Safari/537.36 Edg/136.0.0.0', 'Accept': 'application/json, text/plain, */*', 'Sec-Ch-Ua': '"Chromium";v="136", "Microsoft Edge";v="136", "Not.A/Brand";v="99"', 'Content-Type': 'application/json', 'Sec-Ch-Ua-Mobile': '?0', 'Origin': 'http://localhost:5000', 'Sec-Fetch-Site': 'same-origin', 'Sec-Fetch-Mode': 'cors', 'Sec-Fetch-Dest': 'empty', 'Referer': 'http://localhost:5000/casestrainer/enhanced-validator', 'Accept-Encoding': 'gzip, deflate, br, zstd', 'Accept-Language': 'en-US,en;q=0.9', 'Cookie': 'session=e68fa1d9-e2ae-42f1-b759-ea17f300b5a3.zyZ3v2CX4y3VUF9Xmz9nBrEZ-g4; session=eca0e757-dbc2-4c4a-817f-8c8a1ce6b602.u5M8LHCxO1lKaIKr30xCOPUK8yg'}
2025-05-23 20:16:25,727 | INFO | vue_api | [ANALYZE:5ff51c97] Content-Type: application/json
2025-05-23 20:16:25,727 | INFO | vue_api | [ANALYZE:5ff51c97] Request data: {'url': 'https://www.courts.wa.gov/opinions/pdf/1033320.pdf', 'debug': True}
2025-05-23 20:16:25,728 | INFO | vue_api | [ANALYZE:5ff51c97] Text length: N/A
2025-05-23 20:16:25,728 | INFO | vue_api | [ANALYZE:5ff51c97] Processing URL: https://www.courts.wa.gov/opinions/pdf/1033320.pdf
2025-05-23 20:16:25,728 | INFO | vue_api | [ANALYZE:5ff51c97] Calling fetch_url_content
2025-05-23 20:16:25,729 | INFO | vue_api | [fetch_url_content] Fetching URL: https://www.courts.wa.gov/opinions/pdf/1033320.pdf
2025-05-23 20:16:25,874 | INFO | vue_api | [fetch_url_content] Response status code: 200
2025-05-23 20:16:25,875 | INFO | vue_api | [fetch_url_content] Content-Type: application/pdf
2025-05-23 20:16:25,875 | INFO | vue_api | [fetch_url_content] Detected PDF content. Saving to temp file and extracting citations.
2025-05-23 20:16:25,878 | INFO | citation_utils | [DEBUG] Starting extract_citations_from_file for: C:\Users\jafrank\AppData\Local\Temp\2\tmp65hj0jo0.pdf
2025-05-23 20:16:25,879 | INFO | citation_utils | [DEBUG] File details - Size: 558687 bytes, Extension: .pdf
2025-05-23 20:16:25,879 | INFO | citation_utils | Detected PDF file, using PyPDF2 for extraction
2025-05-23 20:16:25,911 | INFO | citation_utils | PDF has 22 pages
2025-05-23 20:16:25,911 | INFO | citation_utils | Extracting text from page 1/22
2025-05-23 20:16:26,068 | INFO | citation_utils | Page 1 extracted: 1150 characters
2025-05-23 20:16:26,070 | INFO | citation_utils | Extracting text from page 2/22
2025-05-23 20:16:26,090 | INFO | citation_utils | Page 2 extracted: 1808 characters
2025-05-23 20:16:26,090 | INFO | citation_utils | Extracting text from page 3/22
2025-05-23 20:16:26,110 | INFO | citation_utils | Page 3 extracted: 1904 characters
2025-05-23 20:16:26,110 | INFO | citation_utils | Extracting text from page 4/22
2025-05-23 20:16:26,132 | INFO | citation_utils | Page 4 extracted: 1670 characters
2025-05-23 20:16:26,134 | INFO | citation_utils | Extracting text from page 5/22
2025-05-23 20:16:26,150 | INFO | citation_utils | Page 5 extracted: 1597 characters
2025-05-23 20:16:26,151 | INFO | citation_utils | Extracting text from page 6/22
2025-05-23 20:16:26,170 | INFO | citation_utils | Page 6 extracted: 1842 characters
2025-05-23 20:16:26,171 | INFO | citation_utils | Extracting text from page 7/22
2025-05-23 20:16:26,188 | INFO | citation_utils | Page 7 extracted: 1804 characters
2025-05-23 20:16:26,188 | INFO | citation_utils | Extracting text from page 8/22
2025-05-23 20:16:26,223 | INFO | citation_utils | Page 8 extracted: 2325 characters
2025-05-23 20:16:26,223 | INFO | citation_utils | Extracting text from page 9/22
2025-05-23 20:16:26,241 | INFO | citation_utils | Page 9 extracted: 1639 characters
2025-05-23 20:16:26,242 | INFO | citation_utils | Extracting text from page 10/22
2025-05-23 20:16:26,262 | INFO | citation_utils | Page 10 extracted: 1768 characters
2025-05-23 20:16:26,263 | INFO | citation_utils | Extracting text from page 11/22
2025-05-23 20:16:26,283 | INFO | citation_utils | Page 11 extracted: 1739 characters
2025-05-23 20:16:26,284 | INFO | citation_utils | Extracting text from page 12/22
2025-05-23 20:16:26,302 | INFO | citation_utils | Page 12 extracted: 1800 characters
2025-05-23 20:16:26,303 | INFO | citation_utils | Extracting text from page 13/22
2025-05-23 20:16:26,318 | INFO | citation_utils | Page 13 extracted: 1677 characters
2025-05-23 20:16:26,319 | INFO | citation_utils | Extracting text from page 14/22
2025-05-23 20:16:26,347 | INFO | citation_utils | Page 14 extracted: 2122 characters
2025-05-23 20:16:26,348 | INFO | citation_utils | Extracting text from page 15/22
2025-05-23 20:16:26,374 | INFO | citation_utils | Page 15 extracted: 1931 characters
2025-05-23 20:16:26,375 | INFO | citation_utils | Extracting text from page 16/22
2025-05-23 20:16:26,395 | INFO | citation_utils | Page 16 extracted: 1799 characters
2025-05-23 20:16:26,395 | INFO | citation_utils | Extracting text from page 17/22
2025-05-23 20:16:26,416 | INFO | citation_utils | Page 17 extracted: 1799 characters
2025-05-23 20:16:26,417 | INFO | citation_utils | Extracting text from page 18/22
2025-05-23 20:16:26,439 | INFO | citation_utils | Page 18 extracted: 1767 characters
2025-05-23 20:16:26,440 | INFO | citation_utils | Extracting text from page 19/22
2025-05-23 20:16:26,458 | INFO | citation_utils | Page 19 extracted: 1724 characters
2025-05-23 20:16:26,459 | INFO | citation_utils | Extracting text from page 20/22
2025-05-23 20:16:26,486 | INFO | citation_utils | Page 20 extracted: 1915 characters
2025-05-23 20:16:26,486 | INFO | citation_utils | Extracting text from page 21/22
2025-05-23 20:16:26,498 | INFO | citation_utils | Page 21 extracted: 933 characters
2025-05-23 20:16:26,499 | INFO | citation_utils | Extracting text from page 22/22
2025-05-23 20:16:26,512 | INFO | citation_utils | Page 22 extracted: 90 characters
2025-05-23 20:16:26,514 | INFO | citation_utils | File content extraction completed in 0.63 seconds
2025-05-23 20:16:26,514 | INFO | citation_utils | Extracted text sample (first 200 chars): IN THE SUPREME COURT OF TH
E STATE OF WASHINGTON 
RAJIV SANGHA,  )
 
) No. 103332 -0 
Respondent,  ) 
) 
v. ) En Banc  
) 
JEREMY KEEN, RACHEAL LOMAS, and  ) Filed 
ALL OTHER OCCUPANT(S),   ) 
) 
Appe...
2025-05-23 20:16:26,515 | INFO | citation_utils | Calling extract_citations_from_text with the extracted content
2025-05-23 20:16:26,516 | INFO | citation_utils | [DEBUG] Starting extract_citations_from_text with text of length 36803
2025-05-23 20:16:26,516 | INFO | citation_utils | [DEBUG] Text sample: IN THE SUPREME COURT OF TH
E STATE OF WASHINGTON 
RAJIV SANGHA,  )
 
) No. 103332 -0 
Respondent,  ) 
) 
v. ) En Banc  
) 
JEREMY KEEN, RACHEAL LOMAS, and  ) Filed 
ALL OTHER OCCUPANT(S),   ) 
) 
Appellants.  ) 
) 
MADSEN, J.—At issue in this case is whether RCW 59.18.365 permits a default 
judgment...
2025-05-23 20:16:26,517 | INFO | citation_utils | Successfully imported eyecite libraries
2025-05-23 20:16:26,518 | INFO | citation_utils | Attempting to initialize AhocorasickTokenizer
2025-05-23 20:16:26,581 | INFO | citation_utils | AhocorasickTokenizer initialized in 0.06 seconds
2025-05-23 20:16:26,582 | INFO | citation_utils | Starting citation extraction with eyecite
2025-05-23 20:16:26,582 | INFO | citation_utils | Using AhocorasickTokenizer for extraction
2025-05-23 20:16:26,941 | INFO | citation_utils | Citation extraction completed in 0.36 seconds
2025-05-23 20:16:26,942 | INFO | citation_utils | Found 83 citations in the text
2025-05-23 20:16:26,942 | INFO | citation_utils | Processing citation objects to extract metadata
2025-05-23 20:16:26,942 | INFO | citation_utils | Processing citation 1/83: 187 Wn.2d 308
2025-05-23 20:16:26,943 | INFO | citation_utils | No case name found in metadata
2025-05-23 20:16:26,943 | INFO | citation_utils | Citation metadata - Reporter: None, Volume: None, Page: None, Year: 2016, Court: None
2025-05-23 20:16:26,943 | INFO | citation_utils | Extracted context of length 213 for citation
2025-05-23 20:16:26,945 | INFO | citation_utils | Added new citation: |||187 Wn.2d 308
2025-05-23 20:16:26,945 | INFO | citation_utils | Processing citation 2/83: 386 P.3d 711
2025-05-23 20:16:26,946 | INFO | citation_utils | No case name found in metadata
2025-05-23 20:16:26,946 | INFO | citation_utils | Citation metadata - Reporter: None, Volume: None, Page: None, Year: 2016, Court: None
2025-05-23 20:16:26,946 | INFO | citation_utils | Extracted context of length 212 for citation
2025-05-23 20:16:26,947 | INFO | citation_utils | Added new citation: |||386 P.3d 711
2025-05-23 20:16:26,947 | INFO | citation_utils | Processing citation 3/83: 14 P.3d 133
2025-05-23 20:16:26,947 | INFO | citation_utils | No case name found in metadata
2025-05-23 20:16:26,948 | INFO | citation_utils | Citation metadata - Reporter: None, Volume: None, Page: None, Year: 2000, Court: None
2025-05-23 20:16:26,948 | INFO | citation_utils | Extracted context of length 211 for citation
2025-05-23 20:16:26,948 | INFO | citation_utils | Added new citation: |||14 P.3d 133
2025-05-23 20:16:26,949 | INFO | citation_utils | Processing citation 4/83: 159 Wn.2d 767
2025-05-23 20:16:26,949 | INFO | citation_utils | No case name found in metadata
2025-05-23 20:16:26,949 | INFO | citation_utils | Citation metadata - Reporter: None, Volume: None, Page: None, Year: None, Court: None
2025-05-23 20:16:26,950 | INFO | citation_utils | Extracted context of length 213 for citation
2025-05-23 20:16:26,950 | INFO | citation_utils | Added new citation: |||159 Wn.2d 767
2025-05-23 20:16:26,950 | INFO | citation_utils | Processing citation 5/83: 154 P.3d 189
2025-05-23 20:16:26,951 | INFO | citation_utils | No case name found in metadata
2025-05-23 20:16:26,951 | INFO | citation_utils | Citation metadata - Reporter: None, Volume: None, Page: None, Year: None, Court: None
2025-05-23 20:16:26,951 | INFO | citation_utils | Extracted context of length 212 for citation
2025-05-23 20:16:26,952 | INFO | citation_utils | Added new citation: |||154 P.3d 189
2025-05-23 20:16:26,952 | INFO | citation_utils | Processing citation 6/83: 145 P.3d 1185
2025-05-23 20:16:26,952 | INFO | citation_utils | No case name found in metadata
2025-05-23 20:16:26,952 | INFO | citation_utils | Citation metadata - Reporter: None, Volume: None, Page: None, Year: 2006, Court: None
2025-05-23 20:16:26,953 | INFO | citation_utils | Extracted context of length 213 for citation
2025-05-23 20:16:26,953 | INFO | citation_utils | Added new citation: |||145 P.3d 1185
2025-05-23 20:16:26,953 | INFO | citation_utils | Processing citation 7/83: 173 Wn.2d 353
2025-05-23 20:16:26,954 | INFO | citation_utils | No case name found in metadata
2025-05-23 20:16:26,954 | INFO | citation_utils | Citation metadata - Reporter: None, Volume: None, Page: None, Year: 2011, Court: None
2025-05-23 20:16:26,954 | INFO | citation_utils | Extracted context of length 213 for citation
2025-05-23 20:16:26,955 | INFO | citation_utils | Added new citation: |||173 Wn.2d 353
2025-05-23 20:16:26,955 | INFO | citation_utils | Processing citation 8/83: 268 P.3d 215
2025-05-23 20:16:26,955 | INFO | citation_utils | No case name found in metadata
2025-05-23 20:16:26,956 | INFO | citation_utils | Citation metadata - Reporter: None, Volume: None, Page: None, Year: 2011, Court: None
2025-05-23 20:16:26,956 | INFO | citation_utils | Extracted context of length 212 for citation
2025-05-23 20:16:26,956 | INFO | citation_utils | Added new citation: |||268 P.3d 215
2025-05-23 20:16:26,957 | INFO | citation_utils | Processing citation 9/83: Id.
2025-05-23 20:16:26,957 | INFO | citation_utils | No case name found in metadata
2025-05-23 20:16:26,957 | INFO | citation_utils | Citation metadata - Reporter: None, Volume: None, Page: None, Year: None, Court: None
2025-05-23 20:16:26,958 | INFO | citation_utils | Extracted context of length 203 for citation
2025-05-23 20:16:26,959 | INFO | citation_utils | Added new citation: |||Id.
2025-05-23 20:16:26,959 | INFO | citation_utils | Processing citation 10/83: 146 Wn.2d 1
2025-05-23 20:16:26,960 | INFO | citation_utils | No case name found in metadata
2025-05-23 20:16:26,960 | INFO | citation_utils | Citation metadata - Reporter: None, Volume: None, Page: None, Year: 2002, Court: None
2025-05-23 20:16:26,960 | INFO | citation_utils | Extracted context of length 211 for citation
2025-05-23 20:16:26,961 | INFO | citation_utils | Added new citation: |||146 Wn.2d 1
2025-05-23 20:16:26,961 | INFO | citation_utils | Processing citation 11/83: 43 P.3d 4
2025-05-23 20:16:26,961 | INFO | citation_utils | No case name found in metadata
2025-05-23 20:16:26,961 | INFO | citation_utils | Citation metadata - Reporter: None, Volume: None, Page: None, Year: 2002, Court: None
2025-05-23 20:16:26,962 | INFO | citation_utils | Extracted context of length 209 for citation
2025-05-23 20:16:26,962 | INFO | citation_utils | Added new citation: |||43 P.3d 4
2025-05-23 20:16:26,963 | INFO | citation_utils | Processing citation 12/83: Id.
2025-05-23 20:16:26,963 | INFO | citation_utils | No case name found in metadata
2025-05-23 20:16:26,963 | INFO | citation_utils | Citation metadata - Reporter: None, Volume: None, Page: None, Year: None, Court: None
2025-05-23 20:16:26,963 | INFO | citation_utils | Extracted context of length 203 for citation
2025-05-23 20:16:26,964 | INFO | citation_utils | Added context to existing citation: |||Id.
2025-05-23 20:16:26,964 | INFO | citation_utils | Processing citation 13/83: 126 Wn. App. 382
2025-05-23 20:16:26,964 | INFO | citation_utils | No case name found in metadata
2025-05-23 20:16:26,965 | INFO | citation_utils | Citation metadata - Reporter: None, Volume: None, Page: None, Year: None, Court: None
2025-05-23 20:16:26,965 | INFO | citation_utils | Extracted context of length 216 for citation
2025-05-23 20:16:26,965 | INFO | citation_utils | Added new citation: |||126 Wn. App. 382
2025-05-23 20:16:26,965 | INFO | citation_utils | Processing citation 14/83: 109 P.3d 422
2025-05-23 20:16:26,966 | INFO | citation_utils | No case name found in metadata
2025-05-23 20:16:26,966 | INFO | citation_utils | Citation metadata - Reporter: None, Volume: None, Page: None, Year: None, Court: None
2025-05-23 20:16:26,966 | INFO | citation_utils | Extracted context of length 212 for citation
2025-05-23 20:16:26,967 | INFO | citation_utils | Added new citation: |||109 P.3d 422
2025-05-23 20:16:26,967 | INFO | citation_utils | Processing citation 15/83: 114 Wn.2d 558
2025-05-23 20:16:26,967 | INFO | citation_utils | No case name found in metadata
2025-05-23 20:16:26,968 | INFO | citation_utils | Citation metadata - Reporter: None, Volume: None, Page: None, Year: None, Court: None
2025-05-23 20:16:26,968 | INFO | citation_utils | Extracted context of length 213 for citation
2025-05-23 20:16:26,968 | INFO | citation_utils | Added new citation: |||114 Wn.2d 558
2025-05-23 20:16:26,969 | INFO | citation_utils | Processing citation 16/83: 162 Wn.2d 365
2025-05-23 20:16:26,969 | INFO | citation_utils | No case name found in metadata
2025-05-23 20:16:26,969 | INFO | citation_utils | Citation metadata - Reporter: None, Volume: None, Page: None, Year: 2007, Court: None
2025-05-23 20:16:26,969 | INFO | citation_utils | Extracted context of length 213 for citation
2025-05-23 20:16:26,970 | INFO | citation_utils | Added new citation: |||162 Wn.2d 365
2025-05-23 20:16:26,970 | INFO | citation_utils | Processing citation 17/83: 173 P.3d 228
2025-05-23 20:16:26,970 | INFO | citation_utils | No case name found in metadata
2025-05-23 20:16:26,971 | INFO | citation_utils | Citation metadata - Reporter: None, Volume: None, Page: None, Year: 2007, Court: None
2025-05-23 20:16:26,971 | INFO | citation_utils | Extracted context of length 212 for citation
2025-05-23 20:16:26,972 | INFO | citation_utils | Added new citation: |||173 P.3d 228
2025-05-23 20:16:26,972 | INFO | citation_utils | Processing citation 18/83: §
2025-05-23 20:16:26,972 | INFO | citation_utils | No case name found in metadata
2025-05-23 20:16:26,973 | INFO | citation_utils | Citation metadata - Reporter: None, Volume: None, Page: None, Year: None, Court: None
2025-05-23 20:16:26,973 | INFO | citation_utils | Extracted context of length 201 for citation
2025-05-23 20:16:26,973 | INFO | citation_utils | Added new citation: |||§
2025-05-23 20:16:26,974 | INFO | citation_utils | Processing citation 19/83: Id.
2025-05-23 20:16:26,974 | INFO | citation_utils | No case name found in metadata
2025-05-23 20:16:26,974 | INFO | citation_utils | Citation metadata - Reporter: None, Volume: None, Page: None, Year: None, Court: None
2025-05-23 20:16:26,975 | INFO | citation_utils | Extracted context of length 203 for citation
2025-05-23 20:16:26,975 | INFO | citation_utils | Added context to existing citation: |||Id.
2025-05-23 20:16:26,975 | INFO | citation_utils | Processing citation 20/83: §
2025-05-23 20:16:26,976 | INFO | citation_utils | No case name found in metadata
2025-05-23 20:16:26,976 | INFO | citation_utils | Citation metadata - Reporter: None, Volume: None, Page: None, Year: None, Court: None
2025-05-23 20:16:26,976 | INFO | citation_utils | Extracted context of length 201 for citation
2025-05-23 20:16:26,977 | INFO | citation_utils | Added context to existing citation: |||§
2025-05-23 20:16:26,977 | INFO | citation_utils | Processing citation 21/83: 193 Wn.2d 143
2025-05-23 20:16:26,977 | INFO | citation_utils | No case name found in metadata
2025-05-23 20:16:26,977 | INFO | citation_utils | Citation metadata - Reporter: None, Volume: None, Page: None, Year: None, Court: None
2025-05-23 20:16:26,978 | INFO | citation_utils | Extracted context of length 213 for citation
2025-05-23 20:16:26,978 | INFO | citation_utils | Added new citation: |||193 Wn.2d 143
2025-05-23 20:16:26,978 | INFO | citation_utils | Processing citation 22/83: 193 Wn.2d at 157
2025-05-23 20:16:26,979 | INFO | citation_utils | No case name found in metadata
2025-05-23 20:16:26,979 | INFO | citation_utils | Citation metadata - Reporter: None, Volume: None, Page: None, Year: None, Court: None
2025-05-23 20:16:26,979 | INFO | citation_utils | Extracted context of length 216 for citation
2025-05-23 20:16:26,980 | INFO | citation_utils | Added new citation: |||193 Wn.2d at 157
2025-05-23 20:16:26,980 | INFO | citation_utils | Processing citation 23/83: 98 Wn. App. 780
2025-05-23 20:16:26,980 | INFO | citation_utils | No case name found in metadata
2025-05-23 20:16:26,981 | INFO | citation_utils | Citation metadata - Reporter: None, Volume: None, Page: None, Year: 2000, Court: None
2025-05-23 20:16:26,981 | INFO | citation_utils | Extracted context of length 215 for citation
2025-05-23 20:16:26,981 | INFO | citation_utils | Added new citation: |||98 Wn. App. 780
2025-05-23 20:16:26,982 | INFO | citation_utils | Processing citation 24/83: 990 P.2d 986
2025-05-23 20:16:26,982 | INFO | citation_utils | No case name found in metadata
2025-05-23 20:16:26,982 | INFO | citation_utils | Citation metadata - Reporter: None, Volume: None, Page: None, Year: 2000, Court: None
2025-05-23 20:16:26,983 | INFO | citation_utils | Extracted context of length 212 for citation
2025-05-23 20:16:26,983 | INFO | citation_utils | Added new citation: |||990 P.2d 986
2025-05-23 20:16:26,983 | INFO | citation_utils | Processing citation 25/83: Id.
2025-05-23 20:16:26,984 | INFO | citation_utils | No case name found in metadata
2025-05-23 20:16:26,984 | INFO | citation_utils | Citation metadata - Reporter: None, Volume: None, Page: None, Year: None, Court: None
2025-05-23 20:16:26,984 | INFO | citation_utils | Extracted context of length 203 for citation
2025-05-23 20:16:26,985 | INFO | citation_utils | Added context to existing citation: |||Id.
2025-05-23 20:16:26,985 | INFO | citation_utils | Processing citation 26/83: §
2025-05-23 20:16:26,985 | INFO | citation_utils | No case name found in metadata
2025-05-23 20:16:26,985 | INFO | citation_utils | Citation metadata - Reporter: None, Volume: None, Page: None, Year: None, Court: None
2025-05-23 20:16:26,986 | INFO | citation_utils | Extracted context of length 201 for citation
2025-05-23 20:16:26,986 | INFO | citation_utils | Added context to existing citation: |||§
2025-05-23 20:16:26,986 | INFO | citation_utils | Processing citation 27/83: id.
2025-05-23 20:16:26,987 | INFO | citation_utils | No case name found in metadata
2025-05-23 20:16:26,987 | INFO | citation_utils | Citation metadata - Reporter: None, Volume: None, Page: None, Year: None, Court: None
2025-05-23 20:16:26,988 | INFO | citation_utils | Extracted context of length 203 for citation
2025-05-23 20:16:26,988 | INFO | citation_utils | Added new citation: |||id.
2025-05-23 20:16:26,988 | INFO | citation_utils | Processing citation 28/83: §
2025-05-23 20:16:26,989 | INFO | citation_utils | No case name found in metadata
2025-05-23 20:16:26,989 | INFO | citation_utils | Citation metadata - Reporter: None, Volume: None, Page: None, Year: None, Court: None
2025-05-23 20:16:26,990 | INFO | citation_utils | Extracted context of length 201 for citation
2025-05-23 20:16:26,991 | INFO | citation_utils | Added context to existing citation: |||§
2025-05-23 20:16:26,991 | INFO | citation_utils | Processing citation 29/83: Id.
2025-05-23 20:16:26,992 | INFO | citation_utils | No case name found in metadata
2025-05-23 20:16:26,992 | INFO | citation_utils | Citation metadata - Reporter: None, Volume: None, Page: None, Year: None, Court: None
2025-05-23 20:16:26,992 | INFO | citation_utils | Extracted context of length 203 for citation
2025-05-23 20:16:26,993 | INFO | citation_utils | Added context to existing citation: |||Id.
2025-05-23 20:16:26,993 | INFO | citation_utils | Processing citation 30/83: Id.
2025-05-23 20:16:26,994 | INFO | citation_utils | No case name found in metadata
2025-05-23 20:16:26,994 | INFO | citation_utils | Citation metadata - Reporter: None, Volume: None, Page: None, Year: None, Court: None
2025-05-23 20:16:26,995 | INFO | citation_utils | Extracted context of length 203 for citation
2025-05-23 20:16:26,996 | INFO | citation_utils | Added context to existing citation: |||Id.
2025-05-23 20:16:26,996 | INFO | citation_utils | Processing citation 31/83: Id.
2025-05-23 20:16:26,996 | INFO | citation_utils | No case name found in metadata
2025-05-23 20:16:26,997 | INFO | citation_utils | Citation metadata - Reporter: None, Volume: None, Page: None, Year: None, Court: None
2025-05-23 20:16:26,997 | INFO | citation_utils | Extracted context of length 203 for citation
2025-05-23 20:16:26,998 | INFO | citation_utils | Added context to existing citation: |||Id.
2025-05-23 20:16:26,998 | INFO | citation_utils | Processing citation 32/83: Id.
2025-05-23 20:16:26,998 | INFO | citation_utils | No case name found in metadata
2025-05-23 20:16:26,999 | INFO | citation_utils | Citation metadata - Reporter: None, Volume: None, Page: None, Year: None, Court: None
2025-05-23 20:16:26,999 | INFO | citation_utils | Extracted context of length 203 for citation
2025-05-23 20:16:26,999 | INFO | citation_utils | Added context to existing citation: |||Id.
2025-05-23 20:16:27,000 | INFO | citation_utils | Processing citation 33/83: §
2025-05-23 20:16:27,000 | INFO | citation_utils | No case name found in metadata
2025-05-23 20:16:27,001 | INFO | citation_utils | Citation metadata - Reporter: None, Volume: None, Page: None, Year: None, Court: None
2025-05-23 20:16:27,001 | INFO | citation_utils | Extracted context of length 201 for citation
2025-05-23 20:16:27,001 | INFO | citation_utils | Added context to existing citation: |||§
2025-05-23 20:16:27,002 | INFO | citation_utils | Processing citation 34/83: Id.
2025-05-23 20:16:27,002 | INFO | citation_utils | No case name found in metadata
2025-05-23 20:16:27,002 | INFO | citation_utils | Citation metadata - Reporter: None, Volume: None, Page: None, Year: None, Court: None
2025-05-23 20:16:27,003 | INFO | citation_utils | Extracted context of length 203 for citation
2025-05-23 20:16:27,004 | INFO | citation_utils | Added context to existing citation: |||Id.
2025-05-23 20:16:27,004 | INFO | citation_utils | Processing citation 35/83: Id.
2025-05-23 20:16:27,005 | INFO | citation_utils | No case name found in metadata
2025-05-23 20:16:27,005 | INFO | citation_utils | Citation metadata - Reporter: None, Volume: None, Page: None, Year: None, Court: None
2025-05-23 20:16:27,006 | INFO | citation_utils | Extracted context of length 203 for citation
2025-05-23 20:16:27,006 | INFO | citation_utils | Added context to existing citation: |||Id.
2025-05-23 20:16:27,007 | INFO | citation_utils | Processing citation 36/83: Id.
2025-05-23 20:16:27,007 | INFO | citation_utils | No case name found in metadata
2025-05-23 20:16:27,007 | INFO | citation_utils | Citation metadata - Reporter: None, Volume: None, Page: None, Year: None, Court: None
2025-05-23 20:16:27,008 | INFO | citation_utils | Extracted context of length 203 for citation
2025-05-23 20:16:27,008 | INFO | citation_utils | Added context to existing citation: |||Id.
2025-05-23 20:16:27,008 | INFO | citation_utils | Processing citation 37/83: Id.
2025-05-23 20:16:27,009 | INFO | citation_utils | No case name found in metadata
2025-05-23 20:16:27,009 | INFO | citation_utils | Citation metadata - Reporter: None, Volume: None, Page: None, Year: None, Court: None
2025-05-23 20:16:27,009 | INFO | citation_utils | Extracted context of length 203 for citation
2025-05-23 20:16:27,010 | INFO | citation_utils | Added context to existing citation: |||Id.
2025-05-23 20:16:27,011 | INFO | citation_utils | Processing citation 38/83: Id.
2025-05-23 20:16:27,011 | INFO | citation_utils | No case name found in metadata
2025-05-23 20:16:27,012 | INFO | citation_utils | Citation metadata - Reporter: None, Volume: None, Page: None, Year: None, Court: None
2025-05-23 20:16:27,012 | INFO | citation_utils | Extracted context of length 203 for citation
2025-05-23 20:16:27,012 | INFO | citation_utils | Added context to existing citation: |||Id.
2025-05-23 20:16:27,013 | INFO | citation_utils | Processing citation 39/83: Id.
2025-05-23 20:16:27,013 | INFO | citation_utils | No case name found in metadata
2025-05-23 20:16:27,013 | INFO | citation_utils | Citation metadata - Reporter: None, Volume: None, Page: None, Year: None, Court: None
2025-05-23 20:16:27,014 | INFO | citation_utils | Extracted context of length 203 for citation
2025-05-23 20:16:27,014 | INFO | citation_utils | Added context to existing citation: |||Id.
2025-05-23 20:16:27,014 | INFO | citation_utils | Processing citation 40/83: Id.
2025-05-23 20:16:27,015 | INFO | citation_utils | No case name found in metadata
2025-05-23 20:16:27,015 | INFO | citation_utils | Citation metadata - Reporter: None, Volume: None, Page: None, Year: None, Court: None
2025-05-23 20:16:27,016 | INFO | citation_utils | Extracted context of length 203 for citation
2025-05-23 20:16:27,016 | INFO | citation_utils | Added context to existing citation: |||Id.
2025-05-23 20:16:27,017 | INFO | citation_utils | Processing citation 41/83: Id.
2025-05-23 20:16:27,017 | INFO | citation_utils | No case name found in metadata
2025-05-23 20:16:27,018 | INFO | citation_utils | Citation metadata - Reporter: None, Volume: None, Page: None, Year: None, Court: None
2025-05-23 20:16:27,019 | INFO | citation_utils | Extracted context of length 203 for citation
2025-05-23 20:16:27,019 | INFO | citation_utils | Added context to existing citation: |||Id.
2025-05-23 20:16:27,019 | INFO | citation_utils | Processing citation 42/83: Id.
2025-05-23 20:16:27,020 | INFO | citation_utils | No case name found in metadata
2025-05-23 20:16:27,020 | INFO | citation_utils | Citation metadata - Reporter: None, Volume: None, Page: None, Year: None, Court: None
2025-05-23 20:16:27,020 | INFO | citation_utils | Extracted context of length 203 for citation
2025-05-23 20:16:27,021 | INFO | citation_utils | Added context to existing citation: |||Id.
2025-05-23 20:16:27,021 | INFO | citation_utils | Processing citation 43/83: Id.
2025-05-23 20:16:27,021 | INFO | citation_utils | No case name found in metadata
2025-05-23 20:16:27,022 | INFO | citation_utils | Citation metadata - Reporter: None, Volume: None, Page: None, Year: None, Court: None
2025-05-23 20:16:27,022 | INFO | citation_utils | Extracted context of length 203 for citation
2025-05-23 20:16:27,022 | INFO | citation_utils | Added context to existing citation: |||Id.
2025-05-23 20:16:27,023 | INFO | citation_utils | Processing citation 44/83: Id.
2025-05-23 20:16:27,023 | INFO | citation_utils | No case name found in metadata
2025-05-23 20:16:27,023 | INFO | citation_utils | Citation metadata - Reporter: None, Volume: None, Page: None, Year: None, Court: None
2025-05-23 20:16:27,024 | INFO | citation_utils | Extracted context of length 203 for citation
2025-05-23 20:16:27,024 | INFO | citation_utils | Added context to existing citation: |||Id.
2025-05-23 20:16:27,024 | INFO | citation_utils | Processing citation 45/83: Id.
2025-05-23 20:16:27,025 | INFO | citation_utils | No case name found in metadata
2025-05-23 20:16:27,025 | INFO | citation_utils | Citation metadata - Reporter: None, Volume: None, Page: None, Year: None, Court: None
2025-05-23 20:16:27,025 | INFO | citation_utils | Extracted context of length 203 for citation
2025-05-23 20:16:27,025 | INFO | citation_utils | Added context to existing citation: |||Id.
2025-05-23 20:16:27,026 | INFO | citation_utils | Processing citation 46/83: §§
2025-05-23 20:16:27,026 | INFO | citation_utils | No case name found in metadata
2025-05-23 20:16:27,027 | INFO | citation_utils | Citation metadata - Reporter: None, Volume: None, Page: None, Year: None, Court: None
2025-05-23 20:16:27,028 | INFO | citation_utils | Extracted context of length 202 for citation
2025-05-23 20:16:27,029 | INFO | citation_utils | Added new citation: |||§§
2025-05-23 20:16:27,029 | INFO | citation_utils | Processing citation 47/83: Id.
2025-05-23 20:16:27,029 | INFO | citation_utils | No case name found in metadata
2025-05-23 20:16:27,030 | INFO | citation_utils | Citation metadata - Reporter: None, Volume: None, Page: None, Year: None, Court: None
2025-05-23 20:16:27,030 | INFO | citation_utils | Extracted context of length 203 for citation
2025-05-23 20:16:27,031 | INFO | citation_utils | Added context to existing citation: |||Id.
2025-05-23 20:16:27,032 | INFO | citation_utils | Processing citation 48/83: §
2025-05-23 20:16:27,033 | INFO | citation_utils | No case name found in metadata
2025-05-23 20:16:27,033 | INFO | citation_utils | Citation metadata - Reporter: None, Volume: None, Page: None, Year: None, Court: None
2025-05-23 20:16:27,033 | INFO | citation_utils | Extracted context of length 201 for citation
2025-05-23 20:16:27,034 | INFO | citation_utils | Added context to existing citation: |||§
2025-05-23 20:16:27,035 | INFO | citation_utils | Processing citation 49/83: Id.
2025-05-23 20:16:27,035 | INFO | citation_utils | No case name found in metadata
2025-05-23 20:16:27,036 | INFO | citation_utils | Citation metadata - Reporter: None, Volume: None, Page: None, Year: None, Court: None
2025-05-23 20:16:27,037 | INFO | citation_utils | Extracted context of length 203 for citation
2025-05-23 20:16:27,039 | INFO | citation_utils | Added context to existing citation: |||Id.
2025-05-23 20:16:27,039 | INFO | citation_utils | Processing citation 50/83: Id.
2025-05-23 20:16:27,043 | INFO | citation_utils | No case name found in metadata
2025-05-23 20:16:27,044 | INFO | citation_utils | Citation metadata - Reporter: None, Volume: None, Page: None, Year: None, Court: None
2025-05-23 20:16:27,044 | INFO | citation_utils | Extracted context of length 203 for citation
2025-05-23 20:16:27,045 | INFO | citation_utils | Added context to existing citation: |||Id.
2025-05-23 20:16:27,045 | INFO | citation_utils | Processing citation 51/83: §
2025-05-23 20:16:27,047 | INFO | citation_utils | No case name found in metadata
2025-05-23 20:16:27,047 | INFO | citation_utils | Citation metadata - Reporter: None, Volume: None, Page: None, Year: None, Court: None
2025-05-23 20:16:27,047 | INFO | citation_utils | Extracted context of length 201 for citation
2025-05-23 20:16:27,048 | INFO | citation_utils | Added context to existing citation: |||§
2025-05-23 20:16:27,048 | INFO | citation_utils | Processing citation 52/83: Id.
2025-05-23 20:16:27,049 | INFO | citation_utils | No case name found in metadata
2025-05-23 20:16:27,049 | INFO | citation_utils | Citation metadata - Reporter: None, Volume: None, Page: None, Year: None, Court: None
2025-05-23 20:16:27,050 | INFO | citation_utils | Extracted context of length 203 for citation
2025-05-23 20:16:27,050 | INFO | citation_utils | Added context to existing citation: |||Id.
2025-05-23 20:16:27,050 | INFO | citation_utils | Processing citation 53/83: §
2025-05-23 20:16:27,051 | INFO | citation_utils | No case name found in metadata
2025-05-23 20:16:27,051 | INFO | citation_utils | Citation metadata - Reporter: None, Volume: None, Page: None, Year: None, Court: None
2025-05-23 20:16:27,051 | INFO | citation_utils | Extracted context of length 201 for citation
2025-05-23 20:16:27,051 | INFO | citation_utils | Added context to existing citation: |||§
2025-05-23 20:16:27,052 | INFO | citation_utils | Processing citation 54/83: 193 Wn.2d at 157
2025-05-23 20:16:27,052 | INFO | citation_utils | No case name found in metadata
2025-05-23 20:16:27,052 | INFO | citation_utils | Citation metadata - Reporter: None, Volume: None, Page: None, Year: None, Court: None
2025-05-23 20:16:27,053 | INFO | citation_utils | Extracted context of length 216 for citation
2025-05-23 20:16:27,053 | INFO | citation_utils | Added context to existing citation: |||193 Wn.2d at 157
2025-05-23 20:16:27,053 | INFO | citation_utils | Processing citation 55/83: 162 Wn.2d at 374
2025-05-23 20:16:27,054 | INFO | citation_utils | No case name found in metadata
2025-05-23 20:16:27,054 | INFO | citation_utils | Citation metadata - Reporter: None, Volume: None, Page: None, Year: None, Court: None
2025-05-23 20:16:27,054 | INFO | citation_utils | Extracted context of length 216 for citation
2025-05-23 20:16:27,054 | INFO | citation_utils | Added new citation: |||162 Wn.2d at 374
2025-05-23 20:16:27,055 | INFO | citation_utils | Processing citation 56/83: 193 Wn.2d at 157
2025-05-23 20:16:27,055 | INFO | citation_utils | No case name found in metadata
2025-05-23 20:16:27,055 | INFO | citation_utils | Citation metadata - Reporter: None, Volume: None, Page: None, Year: None, Court: None
2025-05-23 20:16:27,056 | INFO | citation_utils | Extracted context of length 216 for citation
2025-05-23 20:16:27,056 | INFO | citation_utils | Added context to existing citation: |||193 Wn.2d at 157
2025-05-23 20:16:27,056 | INFO | citation_utils | Processing citation 57/83: §
2025-05-23 20:16:27,056 | INFO | citation_utils | No case name found in metadata
2025-05-23 20:16:27,057 | INFO | citation_utils | Citation metadata - Reporter: None, Volume: None, Page: None, Year: None, Court: None
2025-05-23 20:16:27,057 | INFO | citation_utils | Extracted context of length 201 for citation
2025-05-23 20:16:27,057 | INFO | citation_utils | Added context to existing citation: |||§
2025-05-23 20:16:27,058 | INFO | citation_utils | Processing citation 58/83: 169 Wn.2d 81
2025-05-23 20:16:27,058 | INFO | citation_utils | No case name found in metadata
2025-05-23 20:16:27,058 | INFO | citation_utils | Citation metadata - Reporter: None, Volume: None, Page: None, Year: 2010, Court: None
2025-05-23 20:16:27,058 | INFO | citation_utils | Extracted context of length 212 for citation
2025-05-23 20:16:27,059 | INFO | citation_utils | Added new citation: |||169 Wn.2d 81
2025-05-23 20:16:27,059 | INFO | citation_utils | Processing citation 59/83: 233 P.3d 853
2025-05-23 20:16:27,059 | INFO | citation_utils | No case name found in metadata
2025-05-23 20:16:27,060 | INFO | citation_utils | Citation metadata - Reporter: None, Volume: None, Page: None, Year: 2010, Court: None
2025-05-23 20:16:27,060 | INFO | citation_utils | Extracted context of length 212 for citation
2025-05-23 20:16:27,060 | INFO | citation_utils | Added new citation: |||233 P.3d 853
2025-05-23 20:16:27,060 | INFO | citation_utils | Processing citation 60/83: 123 Wn.2d 621
2025-05-23 20:16:27,061 | INFO | citation_utils | No case name found in metadata
2025-05-23 20:16:27,061 | INFO | citation_utils | Citation metadata - Reporter: None, Volume: None, Page: None, Year: None, Court: None
2025-05-23 20:16:27,061 | INFO | citation_utils | Extracted context of length 213 for citation
2025-05-23 20:16:27,062 | INFO | citation_utils | Added new citation: |||123 Wn.2d 621
2025-05-23 20:16:27,062 | INFO | citation_utils | Processing citation 61/83: 114 Wn.2d at 563
2025-05-23 20:16:27,062 | INFO | citation_utils | No case name found in metadata
2025-05-23 20:16:27,063 | INFO | citation_utils | Citation metadata - Reporter: None, Volume: None, Page: None, Year: None, Court: None
2025-05-23 20:16:27,063 | INFO | citation_utils | Extracted context of length 216 for citation
2025-05-23 20:16:27,063 | INFO | citation_utils | Added new citation: |||114 Wn.2d at 563
2025-05-23 20:16:27,064 | INFO | citation_utils | Processing citation 62/83: 162 Wn.2d at 374
2025-05-23 20:16:27,064 | INFO | citation_utils | No case name found in metadata
2025-05-23 20:16:27,064 | INFO | citation_utils | Citation metadata - Reporter: None, Volume: None, Page: None, Year: None, Court: None
2025-05-23 20:16:27,065 | INFO | citation_utils | Extracted context of length 216 for citation
2025-05-23 20:16:27,065 | INFO | citation_utils | Added context to existing citation: |||162 Wn.2d at 374
2025-05-23 20:16:27,065 | INFO | citation_utils | Processing citation 63/83: 178 Wn. App. 811
2025-05-23 20:16:27,066 | INFO | citation_utils | No case name found in metadata
2025-05-23 20:16:27,066 | INFO | citation_utils | Citation metadata - Reporter: None, Volume: None, Page: None, Year: 2014, Court: None
2025-05-23 20:16:27,066 | INFO | citation_utils | Extracted context of length 216 for citation
2025-05-23 20:16:27,067 | INFO | citation_utils | Added new citation: |||178 Wn. App. 811
2025-05-23 20:16:27,067 | INFO | citation_utils | Processing citation 64/83: 319 P.3d 61
2025-05-23 20:16:27,067 | INFO | citation_utils | No case name found in metadata
2025-05-23 20:16:27,067 | INFO | citation_utils | Citation metadata - Reporter: None, Volume: None, Page: None, Year: 2014, Court: None
2025-05-23 20:16:27,068 | INFO | citation_utils | Extracted context of length 211 for citation
2025-05-23 20:16:27,068 | INFO | citation_utils | Added new citation: |||319 P.3d 61
2025-05-23 20:16:27,068 | INFO | citation_utils | Processing citation 65/83: supra,
2025-05-23 20:16:27,069 | INFO | citation_utils | No case name found in metadata
2025-05-23 20:16:27,069 | INFO | citation_utils | Citation metadata - Reporter: None, Volume: None, Page: None, Year: None, Court: None
2025-05-23 20:16:27,069 | INFO | citation_utils | Extracted context of length 206 for citation
2025-05-23 20:16:27,070 | INFO | citation_utils | Added new citation: |||supra,
2025-05-23 20:16:27,070 | INFO | citation_utils | Processing citation 66/83: 544 P.3d 591
2025-05-23 20:16:27,071 | INFO | citation_utils | No case name found in metadata
2025-05-23 20:16:27,071 | INFO | citation_utils | Citation metadata - Reporter: None, Volume: None, Page: None, Year: 2024, Court: None
2025-05-23 20:16:27,071 | INFO | citation_utils | Extracted context of length 212 for citation
2025-05-23 20:16:27,071 | INFO | citation_utils | Added new citation: |||544 P.3d 591
2025-05-23 20:16:27,072 | INFO | citation_utils | Processing citation 67/83: 116 Wn. App. 924
2025-05-23 20:16:27,072 | INFO | citation_utils | No case name found in metadata
2025-05-23 20:16:27,072 | INFO | citation_utils | Citation metadata - Reporter: None, Volume: None, Page: None, Year: None, Court: None
2025-05-23 20:16:27,073 | INFO | citation_utils | Extracted context of length 216 for citation
2025-05-23 20:16:27,073 | INFO | citation_utils | Added new citation: |||116 Wn. App. 924
2025-05-23 20:16:27,073 | INFO | citation_utils | Processing citation 68/83: 116 Wash. 424
2025-05-23 20:16:27,074 | INFO | citation_utils | No case name found in metadata
2025-05-23 20:16:27,074 | INFO | citation_utils | Citation metadata - Reporter: None, Volume: None, Page: None, Year: 1921, Court: None
2025-05-23 20:16:27,074 | INFO | citation_utils | Extracted context of length 213 for citation
2025-05-23 20:16:27,075 | INFO | citation_utils | Added new citation: |||116 Wash. 424
2025-05-23 20:16:27,075 | INFO | citation_utils | Processing citation 69/83: 199 P. 734
2025-05-23 20:16:27,075 | INFO | citation_utils | No case name found in metadata
2025-05-23 20:16:27,075 | INFO | citation_utils | Citation metadata - Reporter: None, Volume: None, Page: None, Year: 1921, Court: None
2025-05-23 20:16:27,076 | INFO | citation_utils | Extracted context of length 210 for citation
2025-05-23 20:16:27,076 | INFO | citation_utils | Added new citation: |||199 P. 734
2025-05-23 20:16:27,076 | INFO | citation_utils | Processing citation 70/83: §
2025-05-23 20:16:27,077 | INFO | citation_utils | No case name found in metadata
2025-05-23 20:16:27,077 | INFO | citation_utils | Citation metadata - Reporter: None, Volume: None, Page: None, Year: None, Court: None
2025-05-23 20:16:27,077 | INFO | citation_utils | Extracted context of length 201 for citation
2025-05-23 20:16:27,077 | INFO | citation_utils | Added context to existing citation: |||§
2025-05-23 20:16:27,078 | INFO | citation_utils | Processing citation 71/83: 27 Wn. App. 449
2025-05-23 20:16:27,078 | INFO | citation_utils | No case name found in metadata
2025-05-23 20:16:27,078 | INFO | citation_utils | Citation metadata - Reporter: None, Volume: None, Page: None, Year: 1980, Court: None
2025-05-23 20:16:27,079 | INFO | citation_utils | Extracted context of length 215 for citation
2025-05-23 20:16:27,079 | INFO | citation_utils | Added new citation: |||27 Wn. App. 449
2025-05-23 20:16:27,079 | INFO | citation_utils | Processing citation 72/83: 618 P.2d 533
2025-05-23 20:16:27,079 | INFO | citation_utils | No case name found in metadata
2025-05-23 20:16:27,080 | INFO | citation_utils | Citation metadata - Reporter: None, Volume: None, Page: None, Year: 1980, Court: None
2025-05-23 20:16:27,080 | INFO | citation_utils | Extracted context of length 212 for citation
2025-05-23 20:16:27,080 | INFO | citation_utils | Added new citation: |||618 P.2d 533
2025-05-23 20:16:27,080 | INFO | citation_utils | Processing citation 73/83: 46 P.3d 832
2025-05-23 20:16:27,081 | INFO | citation_utils | No case name found in metadata
2025-05-23 20:16:27,081 | INFO | citation_utils | Citation metadata - Reporter: None, Volume: None, Page: None, Year: 2002, Court: None
2025-05-23 20:16:27,081 | INFO | citation_utils | Extracted context of length 211 for citation
2025-05-23 20:16:27,082 | INFO | citation_utils | Added new citation: |||46 P.3d 832
2025-05-23 20:16:27,082 | INFO | citation_utils | Processing citation 74/83: 27 Wn. App. at 451
2025-05-23 20:16:27,082 | INFO | citation_utils | No case name found in metadata
2025-05-23 20:16:27,083 | INFO | citation_utils | Citation metadata - Reporter: None, Volume: None, Page: None, Year: None, Court: None
2025-05-23 20:16:27,083 | INFO | citation_utils | Extracted context of length 218 for citation
2025-05-23 20:16:27,083 | INFO | citation_utils | Added new citation: |||27 Wn. App. at 451
2025-05-23 20:16:27,083 | INFO | citation_utils | Processing citation 75/83: id.
2025-05-23 20:16:27,084 | INFO | citation_utils | No case name found in metadata
2025-05-23 20:16:27,084 | INFO | citation_utils | Citation metadata - Reporter: None, Volume: None, Page: None, Year: None, Court: None
2025-05-23 20:16:27,084 | INFO | citation_utils | Extracted context of length 203 for citation
2025-05-23 20:16:27,085 | INFO | citation_utils | Added context to existing citation: |||id.
2025-05-23 20:16:27,085 | INFO | citation_utils | Processing citation 76/83: id.
2025-05-23 20:16:27,085 | INFO | citation_utils | No case name found in metadata
2025-05-23 20:16:27,085 | INFO | citation_utils | Citation metadata - Reporter: None, Volume: None, Page: None, Year: None, Court: None
2025-05-23 20:16:27,086 | INFO | citation_utils | Extracted context of length 203 for citation
2025-05-23 20:16:27,086 | INFO | citation_utils | Added context to existing citation: |||id.
2025-05-23 20:16:27,086 | INFO | citation_utils | Processing citation 77/83: 104 Wn.2d 142
2025-05-23 20:16:27,087 | INFO | citation_utils | No case name found in metadata
2025-05-23 20:16:27,087 | INFO | citation_utils | Citation metadata - Reporter: None, Volume: None, Page: None, Year: 1985, Court: None
2025-05-23 20:16:27,087 | INFO | citation_utils | Extracted context of length 213 for citation
2025-05-23 20:16:27,088 | INFO | citation_utils | Added new citation: |||104 Wn.2d 142
2025-05-23 20:16:27,088 | INFO | citation_utils | Processing citation 78/83: 702 P.2d 1179
2025-05-23 20:16:27,088 | INFO | citation_utils | No case name found in metadata
2025-05-23 20:16:27,088 | INFO | citation_utils | Citation metadata - Reporter: None, Volume: None, Page: None, Year: 1985, Court: None
2025-05-23 20:16:27,089 | INFO | citation_utils | Extracted context of length 213 for citation
2025-05-23 20:16:27,089 | INFO | citation_utils | Added new citation: |||702 P.2d 1179
2025-05-23 20:16:27,089 | INFO | citation_utils | Processing citation 79/83: 462 P.3d 869
2025-05-23 20:16:27,090 | INFO | citation_utils | No case name found in metadata
2025-05-23 20:16:27,090 | INFO | citation_utils | Citation metadata - Reporter: None, Volume: None, Page: None, Year: None, Court: None
2025-05-23 20:16:27,090 | INFO | citation_utils | Extracted context of length 212 for citation
2025-05-23 20:16:27,090 | INFO | citation_utils | Added new citation: |||462 P.3d 869
2025-05-23 20:16:27,092 | INFO | citation_utils | Processing citation 80/83: 2 Wn. App. 497
2025-05-23 20:16:27,092 | INFO | citation_utils | No case name found in metadata
2025-05-23 20:16:27,092 | INFO | citation_utils | Citation metadata - Reporter: None, Volume: None, Page: None, Year: None, Court: None
2025-05-23 20:16:27,093 | INFO | citation_utils | Extracted context of length 214 for citation
2025-05-23 20:16:27,093 | INFO | citation_utils | Added new citation: |||2 Wn. App. 497
2025-05-23 20:16:27,093 | INFO | citation_utils | Processing citation 81/83: 761 P.2d 77
2025-05-23 20:16:27,094 | INFO | citation_utils | No case name found in metadata
2025-05-23 20:16:27,094 | INFO | citation_utils | Citation metadata - Reporter: None, Volume: None, Page: None, Year: None, Court: None
2025-05-23 20:16:27,094 | INFO | citation_utils | Extracted context of length 211 for citation
2025-05-23 20:16:27,095 | INFO | citation_utils | Added new citation: |||761 P.2d 77
2025-05-23 20:16:27,095 | INFO | citation_utils | Processing citation 82/83: 131 Wn. App. 822
2025-05-23 20:16:27,095 | INFO | citation_utils | No case name found in metadata
2025-05-23 20:16:27,096 | INFO | citation_utils | Citation metadata - Reporter: None, Volume: None, Page: None, Year: 2006, Court: None
2025-05-23 20:16:27,096 | INFO | citation_utils | Extracted context of length 216 for citation
2025-05-23 20:16:27,096 | INFO | citation_utils | Added new citation: |||131 Wn. App. 822
2025-05-23 20:16:27,097 | INFO | citation_utils | Processing citation 83/83: 129 P.3d 824
2025-05-23 20:16:27,097 | INFO | citation_utils | No case name found in metadata
2025-05-23 20:16:27,097 | INFO | citation_utils | Citation metadata - Reporter: None, Volume: None, Page: None, Year: 2006, Court: None
2025-05-23 20:16:27,098 | INFO | citation_utils | Extracted context of length 212 for citation
2025-05-23 20:16:27,098 | INFO | citation_utils | Added new citation: |||129 P.3d 824
2025-05-23 20:16:27,098 | INFO | citation_utils | After deduplication, 46 unique citations remain
2025-05-23 20:16:27,099 | INFO | citation_utils | Metadata extraction completed in 0.16 seconds
2025-05-23 20:16:27,101 | INFO | citation_utils | Total citation extraction process completed in 0.58 seconds
2025-05-23 20:16:27,102 | INFO | citation_utils | Returning 46 citation dictionaries
2025-05-23 20:16:27,106 | INFO | vue_api | [fetch_url_content] extract_citations_from_file returned 46 citations.
2025-05-23 20:16:27,108 | INFO | vue_api | [ANALYZE:5ff51c97] fetch_url_content returned: <class 'dict'>
2025-05-23 20:16:27,108 | INFO | vue_api | [ANALYZE:5ff51c97] Fetched 595 characters from URL
2025-05-23 20:16:27,109 | INFO | vue_api | [ANALYZE:5ff51c97] Calling analyze_text
Analyzing text for legal citations
2025-05-23 20:16:27,109 | INFO | enhanced_validator_production | Analyzing text for legal citations
[DEFENSIVE LOG] Received input of type: <class 'str'>, value: '187 Wn.2d 308 386 P.3d 711 14 P.3d 133 159 Wn.2d 767 154 P.3d 189 145 P.3d 1185 173 Wn.2d 353 268 P.3d 215 Id. 146 Wn.2d 1 43 P.3d 4 126 Wn. App. 382 109 P.3d 422 114 Wn.2d 558 162 Wn.2d 365 173 P.3d 228 § 193 Wn.2d 143 193 Wn.2d at 157 98 Wn. App. 780 990 P.2d 986 id. §§ 162 Wn.2d at 374 169 Wn.2d 81 233 P.3d 853 123 Wn.2d 621 114 Wn.2d at 563 178 Wn. App. 811 319 P.3d 61 supra, 544 P.3d 591 116 Wn. App. 924 116 Wash. 424 199 P. 734 27 Wn. App. 449 618 P.2d 533 46 P.3d 832 27 Wn. App. at 451 1
2025-05-23 20:16:27,110 | INFO | enhanced_validator_production | [DEFENSIVE LOG] Received input of type: <class 'str'>, value: '187 Wn.2d 308 386 P.3d 711 14 P.3d 133 159 Wn.2d 767 154 P.3d 189 145 P.3d 1185 173 Wn.2d 353 268 P.3d 215 Id. 146 Wn.2d 1 43 P.3d 4 126 Wn. App. 382 109 P.3d 422 114 Wn.2d 558 162 Wn.2d 365 173 P.3d 228 § 193 Wn.2d 143 193 Wn.2d at 157 98 Wn. App. 780 990 P.2d 986 id. §§ 162 Wn.2d at 374 169 Wn.2d 81 233 P.3d 853 123 Wn.2d 621 114 Wn.2d at 563 178 Wn. App. 811 319 P.3d 61 supra, 544 P.3d 591 116 Wn. App. 924 116 Wash. 424 199 P. 734 27 Wn. App. 449 618 P.2d 533 46 P.3d 832 27 Wn. App. at 451 1
[EXTRACT] Using default blacklist patterns (after 0.00s)
2025-05-23 20:16:27,111 | INFO | enhanced_validator_production | [EXTRACT] Using default blacklist patterns (after 0.00s)
[EXTRACT] Starting citation extraction with eyecite (after 0.00s)
2025-05-23 20:16:27,111 | INFO | enhanced_validator_production | [EXTRACT] Starting citation extraction with eyecite (after 0.00s)
[EXTRACT] eyecite found 43 potential citations (after 0.10s)
2025-05-23 20:16:27,211 | INFO | enhanced_validator_production | [EXTRACT] eyecite found 43 potential citations (after 0.10s)
[EXTRACT] Processed 43/43 citations (after 0.10s)
2025-05-23 20:16:27,215 | INFO | enhanced_validator_production | [EXTRACT] Processed 43/43 citations (after 0.10s)
[EXTRACT] Extracted 40 unique citations using eyecite (after 0.10s)
2025-05-23 20:16:27,215 | INFO | enhanced_validator_production | [EXTRACT] Extracted 40 unique citations using eyecite (after 0.10s)
[EXTRACT] Extraction complete. Found 40 unique citations (after 0.10s)
2025-05-23 20:16:27,215 | INFO | enhanced_validator_production | [EXTRACT] Extraction complete. Found 40 unique citations (after 0.10s)
Error validating citation 187 Wn.2d 308: module 'signal' has no attribute 'SIGALRM'
2025-05-23 20:16:27,218 | ERROR | enhanced_validator_production | Error validating citation 187 Wn.2d 308: module 'signal' has no attribute 'SIGALRM'
Error validating citation 386 P.3d 711: module 'signal' has no attribute 'SIGALRM'
2025-05-23 20:16:27,219 | ERROR | enhanced_validator_production | Error validating citation 386 P.3d 711: module 'signal' has no attribute 'SIGALRM'
Error validating citation 159 Wn.2d 767: module 'signal' has no attribute 'SIGALRM'
2025-05-23 20:16:27,219 | ERROR | enhanced_validator_production | Error validating citation 159 Wn.2d 767: module 'signal' has no attribute 'SIGALRM'
Error validating citation 154 P.3d 189: module 'signal' has no attribute 'SIGALRM'
2025-05-23 20:16:27,220 | ERROR | enhanced_validator_production | Error validating citation 154 P.3d 189: module 'signal' has no attribute 'SIGALRM'
Error validating citation 173 Wn.2d 353: module 'signal' has no attribute 'SIGALRM'
2025-05-23 20:16:27,220 | ERROR | enhanced_validator_production | Error validating citation 173 Wn.2d 353: module 'signal' has no attribute 'SIGALRM'
Error validating citation 268 P.3d 215: module 'signal' has no attribute 'SIGALRM'
2025-05-23 20:16:27,220 | ERROR | enhanced_validator_production | Error validating citation 268 P.3d 215: module 'signal' has no attribute 'SIGALRM'
Error validating citation 146 Wn.2d 1: module 'signal' has no attribute 'SIGALRM'
2025-05-23 20:16:27,221 | ERROR | enhanced_validator_production | Error validating citation 146 Wn.2d 1: module 'signal' has no attribute 'SIGALRM'
Error validating citation 43 P.3d 4: module 'signal' has no attribute 'SIGALRM'
2025-05-23 20:16:27,221 | ERROR | enhanced_validator_production | Error validating citation 43 P.3d 4: module 'signal' has no attribute 'SIGALRM'
Error validating citation 126 Wn. App. 382: module 'signal' has no attribute 'SIGALRM'
2025-05-23 20:16:27,222 | ERROR | enhanced_validator_production | Error validating citation 126 Wn. App. 382: module 'signal' has no attribute 'SIGALRM'
Error validating citation 109 P.3d 422: module 'signal' has no attribute 'SIGALRM'
2025-05-23 20:16:27,222 | ERROR | enhanced_validator_production | Error validating citation 109 P.3d 422: module 'signal' has no attribute 'SIGALRM'
Error validating citation 114 Wn.2d 558: module 'signal' has no attribute 'SIGALRM'
2025-05-23 20:16:27,222 | ERROR | enhanced_validator_production | Error validating citation 114 Wn.2d 558: module 'signal' has no attribute 'SIGALRM'
Error validating citation 173 P.3d 228: module 'signal' has no attribute 'SIGALRM'
2025-05-23 20:16:27,223 | ERROR | enhanced_validator_production | Error validating citation 173 P.3d 228: module 'signal' has no attribute 'SIGALRM'
Error validating citation §: module 'signal' has no attribute 'SIGALRM'
2025-05-23 20:16:27,223 | ERROR | enhanced_validator_production | Error validating citation §: module 'signal' has no attribute 'SIGALRM'
Error validating citation 193 Wn.2d 143: module 'signal' has no attribute 'SIGALRM'
2025-05-23 20:16:27,223 | ERROR | enhanced_validator_production | Error validating citation 193 Wn.2d 143: module 'signal' has no attribute 'SIGALRM'
Error validating citation 193 Wn.2d at 157: module 'signal' has no attribute 'SIGALRM'
2025-05-23 20:16:27,224 | ERROR | enhanced_validator_production | Error validating citation 193 Wn.2d at 157: module 'signal' has no attribute 'SIGALRM'
Error validating citation 98 Wn. App. 780: module 'signal' has no attribute 'SIGALRM'
2025-05-23 20:16:27,224 | ERROR | enhanced_validator_production | Error validating citation 98 Wn. App. 780: module 'signal' has no attribute 'SIGALRM'
Error validating citation 990 P.2d 986: module 'signal' has no attribute 'SIGALRM'
2025-05-23 20:16:27,225 | ERROR | enhanced_validator_production | Error validating citation 990 P.2d 986: module 'signal' has no attribute 'SIGALRM'
Error validating citation §§: module 'signal' has no attribute 'SIGALRM'
2025-05-23 20:16:27,225 | ERROR | enhanced_validator_production | Error validating citation §§: module 'signal' has no attribute 'SIGALRM'
Error validating citation 162 Wn.2d at 374: module 'signal' has no attribute 'SIGALRM'
2025-05-23 20:16:27,226 | ERROR | enhanced_validator_production | Error validating citation 162 Wn.2d at 374: module 'signal' has no attribute 'SIGALRM'
Error validating citation 169 Wn.2d 81: module 'signal' has no attribute 'SIGALRM'
2025-05-23 20:16:27,226 | ERROR | enhanced_validator_production | Error validating citation 169 Wn.2d 81: module 'signal' has no attribute 'SIGALRM'
Error validating citation 233 P.3d 853: module 'signal' has no attribute 'SIGALRM'
2025-05-23 20:16:27,226 | ERROR | enhanced_validator_production | Error validating citation 233 P.3d 853: module 'signal' has no attribute 'SIGALRM'
Error validating citation 123 Wn.2d 621: module 'signal' has no attribute 'SIGALRM'
2025-05-23 20:16:27,227 | ERROR | enhanced_validator_production | Error validating citation 123 Wn.2d 621: module 'signal' has no attribute 'SIGALRM'
Error validating citation 114 Wn.2d at 563: module 'signal' has no attribute 'SIGALRM'
2025-05-23 20:16:27,227 | ERROR | enhanced_validator_production | Error validating citation 114 Wn.2d at 563: module 'signal' has no attribute 'SIGALRM'
Error validating citation 178 Wn. App. 811: module 'signal' has no attribute 'SIGALRM'
2025-05-23 20:16:27,228 | ERROR | enhanced_validator_production | Error validating citation 178 Wn. App. 811: module 'signal' has no attribute 'SIGALRM'
Error validating citation 319 P.3d 61: module 'signal' has no attribute 'SIGALRM'
2025-05-23 20:16:27,228 | ERROR | enhanced_validator_production | Error validating citation 319 P.3d 61: module 'signal' has no attribute 'SIGALRM'
Error validating citation 544 P.3d 591: module 'signal' has no attribute 'SIGALRM'
2025-05-23 20:16:27,228 | ERROR | enhanced_validator_production | Error validating citation 544 P.3d 591: module 'signal' has no attribute 'SIGALRM'
Error validating citation 116 Wn. App. 924: module 'signal' has no attribute 'SIGALRM'
2025-05-23 20:16:27,228 | ERROR | enhanced_validator_production | Error validating citation 116 Wn. App. 924: module 'signal' has no attribute 'SIGALRM'
Error validating citation 116 Wash. 424: module 'signal' has no attribute 'SIGALRM'
2025-05-23 20:16:27,229 | ERROR | enhanced_validator_production | Error validating citation 116 Wash. 424: module 'signal' has no attribute 'SIGALRM'
Error validating citation 199 P. 734: module 'signal' has no attribute 'SIGALRM'
2025-05-23 20:16:27,229 | ERROR | enhanced_validator_production | Error validating citation 199 P. 734: module 'signal' has no attribute 'SIGALRM'
Error validating citation 27 Wn. App. 449: module 'signal' has no attribute 'SIGALRM'
2025-05-23 20:16:27,229 | ERROR | enhanced_validator_production | Error validating citation 27 Wn. App. 449: module 'signal' has no attribute 'SIGALRM'
Error validating citation 618 P.2d 533: module 'signal' has no attribute 'SIGALRM'
2025-05-23 20:16:27,230 | ERROR | enhanced_validator_production | Error validating citation 618 P.2d 533: module 'signal' has no attribute 'SIGALRM'
Error validating citation 46 P.3d 832: module 'signal' has no attribute 'SIGALRM'
2025-05-23 20:16:27,230 | ERROR | enhanced_validator_production | Error validating citation 46 P.3d 832: module 'signal' has no attribute 'SIGALRM'
Error validating citation 27 Wn. App. at 451: module 'signal' has no attribute 'SIGALRM'
2025-05-23 20:16:27,231 | ERROR | enhanced_validator_production | Error validating citation 27 Wn. App. at 451: module 'signal' has no attribute 'SIGALRM'
Error validating citation 104 Wn.2d 142: module 'signal' has no attribute 'SIGALRM'
2025-05-23 20:16:27,231 | ERROR | enhanced_validator_production | Error validating citation 104 Wn.2d 142: module 'signal' has no attribute 'SIGALRM'
Error validating citation 702 P.2d 1179: module 'signal' has no attribute 'SIGALRM'
2025-05-23 20:16:27,231 | ERROR | enhanced_validator_production | Error validating citation 702 P.2d 1179: module 'signal' has no attribute 'SIGALRM'
Error validating citation 462 P.3d 869: module 'signal' has no attribute 'SIGALRM'
2025-05-23 20:16:27,232 | ERROR | enhanced_validator_production | Error validating citation 462 P.3d 869: module 'signal' has no attribute 'SIGALRM'
Error validating citation 2 Wn. App. 497: module 'signal' has no attribute 'SIGALRM'
2025-05-23 20:16:27,232 | ERROR | enhanced_validator_production | Error validating citation 2 Wn. App. 497: module 'signal' has no attribute 'SIGALRM'
Error validating citation 761 P.2d 77: module 'signal' has no attribute 'SIGALRM'
2025-05-23 20:16:27,232 | ERROR | enhanced_validator_production | Error validating citation 761 P.2d 77: module 'signal' has no attribute 'SIGALRM'
Error validating citation 131 Wn. App. 822: module 'signal' has no attribute 'SIGALRM'
2025-05-23 20:16:27,233 | ERROR | enhanced_validator_production | Error validating citation 131 Wn. App. 822: module 'signal' has no attribute 'SIGALRM'
Error validating citation 129 P.3d 824: module 'signal' has no attribute 'SIGALRM'
2025-05-23 20:16:27,233 | ERROR | enhanced_validator_production | Error validating citation 129 P.3d 824: module 'signal' has no attribute 'SIGALRM'
Analysis complete: found 40 citations
2025-05-23 20:16:27,233 | INFO | enhanced_validator_production | Analysis complete: found 40 citations
2025-05-23 20:16:27,234 | INFO | vue_api | [ANALYZE:5ff51c97] analyze_text completed
2025-05-23 20:16:27,234 | INFO | vue_api | [ANALYZE:5ff51c97] Found 40 citations, 40 landmark cases, and 40 validation results in analysis
2025-05-23 20:16:27,234 | INFO | vue_api | [ANALYZE:5ff51c97] Analysis complete. Found 40 citations in 1508.90ms
