2025-05-13 19:06:52,011 - __main__ - INFO - Using DispatcherMiddleware from werkzeug.middleware.dispatcher
2025-05-13 19:06:53,042 - enhanced_validator_production - INFO - Loaded CourtListener API key from config.json
2025-05-13 19:06:54,252 - enhanced_validator_production - INFO - Eyecite library and AhocorasickTokenizer loaded successfully for citation extraction
2025-05-13 19:06:54,261 - __main__ - INFO - Creating Flask application...
2025-05-13 19:06:54,266 - src.app_final_vue - INFO - Loaded CourtListener API key from config.json: 443a8...
2025-05-13 19:06:54,335 - src.app_final_vue - INFO - Eyecite library and AhocorasickTokenizer loaded successfully for citation extraction
2025-05-13 19:06:54,344 - src.app_final_vue - INFO - Citation API registered with prefix /api
2025-05-13 19:06:54,373 - enhanced_validator_production - INFO - Enhanced Validator blueprint registered with the Flask app
2025-05-13 19:06:54,376 - src.app_final_vue - INFO - Enhanced Validator blueprint registered with the application
2025-05-13 19:06:54,426 - __main__ - INFO - Flask application created successfully
2025-05-13 19:06:54,431 - __main__ - INFO - ==================================================
2025-05-13 19:06:54,431 - __main__ - INFO - Starting CaseStrainer in production mode
2025-05-13 19:06:54,432 - __main__ - INFO - Server: HAUMEA (128.208.154.3)
2025-05-13 19:06:54,432 - __main__ - INFO - Host: 0.0.0.0
2025-05-13 19:06:54,433 - __main__ - INFO - Port: 5000
2025-05-13 19:06:54,433 - __main__ - INFO - Threads: 10
2025-05-13 19:06:54,433 - __main__ - INFO - Environment: production
2025-05-13 19:06:54,433 - __main__ - INFO - URL Prefix: /casestrainer
2025-05-13 19:06:54,434 - __main__ - INFO - ==================================================
2025-05-13 19:06:54,437 - __main__ - INFO - Dispatcher middleware created successfully
2025-05-13 19:06:54,437 - __main__ - INFO - Starting Waitress server with DispatcherMiddleware on http://0.0.0.0:5000/casestrainer
2025-05-13 19:06:54,443 - waitress - INFO - Serving on http://0.0.0.0:5000
