2025-05-13 21:27:54,214 - __main__ - INFO - Using DispatcherMiddleware from werkzeug.middleware.dispatcher
2025-05-13 21:27:54,844 - enhanced_validator_production - INFO - Loaded CourtListener API key from config.json
2025-05-13 21:27:55,482 - enhanced_validator_production - INFO - Eyecite library and AhocorasickTokenizer loaded successfully for citation extraction
2025-05-13 21:27:55,489 - __main__ - INFO - Creating Flask application...
2025-05-13 21:27:55,493 - src.app_final_vue - INFO - Loaded CourtListener API key from config.json: 443a8...
2025-05-13 21:27:55,493 - src.app_final_vue - INFO - Loaded SECRET_KEY from config.json: b7e2c...
2025-05-13 21:27:55,524 - src.app_final_vue - INFO - Flask-Session initialized with filesystem storage
2025-05-13 21:27:55,524 - src.app_final_vue - INFO - Using APPLICATION_ROOT: /casestrainer
2025-05-13 21:27:55,525 - src.app_final_vue - INFO - ProxyFix middleware configured
2025-05-13 21:27:55,590 - src.app_final_vue - INFO - Eyecite library and AhocorasickTokenizer loaded successfully for citation extraction
2025-05-13 21:27:55,598 - src.app_final_vue - INFO - Citation API registered with prefix /api
2025-05-13 21:27:55,616 - enhanced_validator_production - INFO - Enhanced Validator blueprint registered with the Flask app
2025-05-13 21:27:55,617 - src.app_final_vue - INFO - Enhanced Validator blueprint registered with the application
2025-05-13 21:27:55,655 - __main__ - INFO - Flask application created successfully
2025-05-13 21:27:55,661 - __main__ - INFO - ==================================================
2025-05-13 21:27:55,662 - __main__ - INFO - Starting CaseStrainer in production mode
2025-05-13 21:27:55,662 - __main__ - INFO - Server: HAUMEA (128.208.154.3)
2025-05-13 21:27:55,663 - __main__ - INFO - Host: 0.0.0.0
2025-05-13 21:27:55,663 - __main__ - INFO - Port: 5000
2025-05-13 21:27:55,664 - __main__ - INFO - Threads: 10
2025-05-13 21:27:55,664 - __main__ - INFO - Environment: production
2025-05-13 21:27:55,665 - __main__ - INFO - URL Prefix: /casestrainer
2025-05-13 21:27:55,665 - __main__ - INFO - ==================================================
2025-05-13 21:27:55,669 - __main__ - INFO - Dispatcher middleware created successfully
2025-05-13 21:27:55,669 - __main__ - INFO - Starting Waitress server with DispatcherMiddleware on http://0.0.0.0:5000/casestrainer
2025-05-13 21:27:55,676 - waitress - INFO - Serving on http://0.0.0.0:5000
