2025-06-10 17:52:58,779 - citation_verification - INFO - ===== CITATION VERIFICATION DETAILS =====
2025-06-10 17:52:58,781 - citation_verification - INFO - Citation: 2006 WL 3801910
2025-06-10 17:52:58,782 - citation_verification - INFO - Verification Result: {'citation': '2006 WL 3801910', 'found': False, 'source': 'citation_pattern', 'case_name': 'Westlaw Citation', 'url': None, 'details': {'year': '2006', 'wl_number': '3801910'}, 'explanation': 'Westlaw citations require subscription access and cannot be verified through public APIs. This citation was recognized by its format, but not confirmed in any public legal database.', 'is_westlaw': True, 'sources_checked': ['CourtListener Citation Lookup API', 'Pattern Recognition', 'Pattern Recognition'], 'extracted_case_name': 'ditionally, Wyoming case law reinforces these principles. In Wyoming v. U.S. Department of Energy'}
2025-06-10 17:52:58,785 - citation_verification - INFO - Found: False
2025-06-10 17:52:58,786 - citation_verification - INFO - Source: citation_pattern
2025-06-10 17:52:58,788 - citation_verification - INFO - Case Name: Westlaw Citation
2025-06-10 17:52:58,789 - citation_verification - INFO - Explanation: Westlaw citations require subscription access and cannot be verified through public APIs. This citation was recognized by its format, but not confirmed in any public legal database.
2025-06-10 17:52:58,790 - citation_verification - INFO - Citation Details:
2025-06-10 17:52:58,791 - citation_verification - INFO -   year: 2006
2025-06-10 17:52:58,793 - citation_verification - INFO -   wl_number: 3801910
2025-06-10 17:52:58,794 - citation_verification - INFO - =========================================
2025-06-10 17:53:28,842 - citation_verification - INFO - ===== CITATION VERIFICATION DETAILS =====
2025-06-10 17:53:28,843 - citation_verification - INFO - Citation: 2018 WL 2446162
2025-06-10 17:53:28,844 - citation_verification - INFO - Verification Result: {'citation': '2018 WL 2446162', 'found': False, 'source': 'citation_pattern', 'case_name': 'Westlaw Citation', 'url': None, 'details': {'year': '2018', 'wl_number': '2446162'}, 'explanation': 'Westlaw citations require subscription access and cannot be verified through public APIs. This citation was recognized by its format, but not confirmed in any public legal database.', 'is_westlaw': True, 'sources_checked': ['CourtListener Citation Lookup API', 'Pattern Recognition', 'Pattern Recognition'], 'extracted_case_name': 'emphasized the importance of preventing jury confusion and undue prejudice. In Holland v. Keller'}
2025-06-10 17:53:28,846 - citation_verification - INFO - Found: False
2025-06-10 17:53:28,847 - citation_verification - INFO - Source: citation_pattern
2025-06-10 17:53:28,848 - citation_verification - INFO - Case Name: Westlaw Citation
2025-06-10 17:53:28,849 - citation_verification - INFO - Explanation: Westlaw citations require subscription access and cannot be verified through public APIs. This citation was recognized by its format, but not confirmed in any public legal database.
2025-06-10 17:53:28,850 - citation_verification - INFO - Citation Details:
2025-06-10 17:53:28,852 - citation_verification - INFO -   year: 2018
2025-06-10 17:53:28,853 - citation_verification - INFO -   wl_number: 2446162
2025-06-10 17:53:28,854 - citation_verification - INFO - =========================================
2025-06-10 17:53:58,853 - citation_verification - INFO - ===== CITATION VERIFICATION DETAILS =====
2025-06-10 17:53:58,855 - citation_verification - INFO - Citation: 2019 WL 2516279
2025-06-10 17:53:58,856 - citation_verification - INFO - Verification Result: {'citation': '2019 WL 2516279', 'found': False, 'source': 'citation_pattern', 'case_name': 'Westlaw Citation', 'url': None, 'details': {'year': '2019', 'wl_number': '2516279'}, 'explanation': 'Westlaw citations require subscription access and cannot be verified through public APIs. This citation was recognized by its format, but not confirmed in any public legal database.', 'is_westlaw': True, 'sources_checked': ['CourtListener Citation Lookup API', 'Pattern Recognition', 'Pattern Recognition'], 'extracted_case_name': 'g the need to maintain a fair and impartial trial environment. Further, United States v. Hargrove'}
2025-06-10 17:53:58,859 - citation_verification - INFO - Found: False
2025-06-10 17:53:58,861 - citation_verification - INFO - Source: citation_pattern
2025-06-10 17:53:58,862 - citation_verification - INFO - Case Name: Westlaw Citation
2025-06-10 17:53:58,864 - citation_verification - INFO - Explanation: Westlaw citations require subscription access and cannot be verified through public APIs. This citation was recognized by its format, but not confirmed in any public legal database.
2025-06-10 17:53:58,865 - citation_verification - INFO - Citation Details:
2025-06-10 17:53:58,867 - citation_verification - INFO -   year: 2019
2025-06-10 17:53:58,868 - citation_verification - INFO -   wl_number: 2516279
2025-06-10 17:53:58,869 - citation_verification - INFO - =========================================
2025-06-10 17:54:28,880 - citation_verification - INFO - ===== CITATION VERIFICATION DETAILS =====
2025-06-10 17:54:28,881 - citation_verification - INFO - Citation: 2017 WL 3461055
2025-06-10 17:54:28,883 - citation_verification - INFO - Verification Result: {'citation': '2017 WL 3461055', 'found': False, 'source': 'citation_pattern', 'case_name': 'Westlaw Citation', 'url': None, 'details': {'year': '2017', 'wl_number': '3461055'}, 'explanation': 'Westlaw citations require subscription access and cannot be verified through public APIs. This citation was recognized by its format, but not confirmed in any public legal database.', 'is_westlaw': True, 'sources_checked': ['CourtListener Citation Lookup API', 'Pattern Recognition', 'Pattern Recognition'], 'extracted_case_name': 'ice should be excluded if it outweighs its probative value . Similarly, Meyer v. City of Cheyenne'}
2025-06-10 17:54:28,885 - citation_verification - INFO - Found: False
2025-06-10 17:54:28,886 - citation_verification - INFO - Source: citation_pattern
2025-06-10 17:54:28,887 - citation_verification - INFO - Case Name: Westlaw Citation
2025-06-10 17:54:28,889 - citation_verification - INFO - Explanation: Westlaw citations require subscription access and cannot be verified through public APIs. This citation was recognized by its format, but not confirmed in any public legal database.
2025-06-10 17:54:28,890 - citation_verification - INFO - Citation Details:
2025-06-10 17:54:28,892 - citation_verification - INFO -   year: 2017
2025-06-10 17:54:28,894 - citation_verification - INFO -   wl_number: 3461055
2025-06-10 17:54:28,896 - citation_verification - INFO - =========================================
