[2025-08-17 13:55:54] [INFO] CaseStrainer System Cleanup starting...
[2025-08-17 13:55:54] [INFO] DRY RUN MODE - No actual cleanup will be performed
[2025-08-17 13:55:54] [INFO] Performing system cleanup...
[2025-08-17 13:55:54] [INFO] Clearing stuck Redis jobs...
[2025-08-17 13:55:54] [INFO] [DRY RUN] Would clear stuck Redis jobs
[2025-08-17 13:55:54] [INFO] Clearing old temporary files...
[2025-08-17 13:55:54] [INFO] [DRY RUN] Would clear old temporary files
[2025-08-17 13:55:54] [INFO] Clearing old log files...
[2025-08-17 13:55:54] [INFO] [DRY RUN] Would clear old log files
[2025-08-17 13:55:54] [INFO] Clearing old upload files...
[2025-08-17 13:55:54] [INFO] [DRY RUN] Would clear old upload files
[2025-08-17 13:55:54] [INFO] Checking Redis memory usage...
[2025-08-17 13:55:54] [INFO] [DRY RUN] Would check Redis memory usage
[2025-08-17 13:55:54] [INFO] System cleanup completed successfully
[2025-08-17 13:55:54] [INFO] Cleanup completed successfully!
[2025-08-17 13:55:54] [DEBUG] Cleanup execution completed
[2025-08-17 13:55:58] [INFO] CaseStrainer System Cleanup starting...
[2025-08-17 13:55:58] [INFO] Performing system cleanup...
[2025-08-17 13:55:58] [INFO] Clearing stuck Redis jobs...
[2025-08-17 13:55:58] [ERROR] Cleanup failed: Warning: Using a password with '-a' or '-u' option on the command line interface may not be safe.
[2025-08-17 13:55:58] [ERROR] Cleanup failed
[2025-08-17 13:55:58] [DEBUG] Cleanup execution completed
[2025-08-17 13:56:19] [INFO] CaseStrainer System Cleanup starting...
[2025-08-17 13:56:19] [INFO] Performing system cleanup...
[2025-08-17 13:56:19] [INFO] Clearing stuck Redis jobs...
[2025-08-17 13:56:19] [ERROR] Cleanup failed: Warning: Using a password with '-a' or '-u' option on the command line interface may not be safe.
[2025-08-17 13:56:19] [ERROR] Cleanup failed
[2025-08-17 13:56:19] [DEBUG] Cleanup execution completed
[2025-08-17 14:05:47] [INFO] CaseStrainer System Cleanup starting...
[2025-08-17 14:05:47] [INFO] DRY RUN MODE - No actual cleanup will be performed
[2025-08-17 14:05:47] [INFO] Performing system cleanup...
[2025-08-17 14:05:47] [INFO] Clearing stuck Redis jobs...
[2025-08-17 14:05:47] [INFO] [DRY RUN] Would clear stuck Redis jobs
[2025-08-17 14:05:47] [INFO] Clearing old temporary files...
[2025-08-17 14:05:48] [INFO] [DRY RUN] Would clear old temporary files
[2025-08-17 14:05:48] [INFO] Clearing old log files...
[2025-08-17 14:05:48] [INFO] [DRY RUN] Would clear old log files
[2025-08-17 14:05:48] [INFO] Clearing old upload files...
[2025-08-17 14:05:48] [INFO] [DRY RUN] Would clear old upload files
[2025-08-17 14:05:48] [INFO] Checking Redis memory usage...
[2025-08-17 14:05:48] [INFO] [DRY RUN] Would check Redis memory usage
[2025-08-17 14:05:48] [INFO] System cleanup completed successfully
[2025-08-17 14:05:48] [INFO] Cleanup completed successfully!
[2025-08-17 14:05:48] [DEBUG] Cleanup execution completed
[2025-08-17 14:07:12] [INFO] CaseStrainer System Cleanup starting...
[2025-08-17 14:07:12] [INFO] Performing system cleanup...
[2025-08-17 14:07:12] [INFO] Clearing stuck Redis jobs...
[2025-08-17 14:07:13] [ERROR] Cleanup failed: Warning: Using a password with '-a' or '-u' option on the command line interface may not be safe.
[2025-08-17 14:07:13] [ERROR] Cleanup failed
[2025-08-17 14:07:13] [DEBUG] Cleanup execution completed
[2025-08-17 14:07:27] [INFO] CaseStrainer System Cleanup starting...
[2025-08-17 14:07:27] [INFO] Performing system cleanup...
[2025-08-17 14:07:27] [INFO] Clearing stuck Redis jobs...
[2025-08-17 14:07:28] [ERROR] Cleanup failed: Warning: Using a password with '-a' or '-u' option on the command line interface may not be safe.
[2025-08-17 14:07:28] [ERROR] Cleanup failed
[2025-08-17 14:07:28] [DEBUG] Cleanup execution completed
[2025-08-17 14:07:42] [INFO] CaseStrainer System Cleanup starting...
[2025-08-17 14:07:42] [INFO] Performing system cleanup...
[2025-08-17 14:07:42] [INFO] Clearing stuck Redis jobs...
[2025-08-17 14:07:42] [ERROR] Cleanup failed: Warning: Using a password with '-a' or '-u' option on the command line interface may not be safe.
[2025-08-17 14:07:42] [ERROR] Cleanup failed
[2025-08-17 14:07:42] [DEBUG] Cleanup execution completed
[2025-08-17 14:08:00] [INFO] CaseStrainer System Cleanup starting...
[2025-08-17 14:08:00] [INFO] Performing system cleanup...
[2025-08-17 14:08:00] [INFO] Clearing stuck Redis jobs...
[2025-08-17 14:08:00] [WARN] Redis cleanup encountered an issue, continuing with other cleanup: Warning: Using a password with '-a' or '-u' option on the command line interface may not be safe.
[2025-08-17 14:08:00] [INFO] Clearing unprocessed files older than 1 hour...
[2025-08-17 14:08:00] [ERROR] Cleanup failed: find: missing argument to `-exec'
[2025-08-17 14:08:00] [ERROR] Cleanup failed
[2025-08-17 14:08:00] [DEBUG] Cleanup execution completed
[2025-08-17 14:08:14] [INFO] CaseStrainer System Cleanup starting...
[2025-08-17 14:08:15] [INFO] Performing system cleanup...
[2025-08-17 14:08:15] [INFO] Clearing stuck Redis jobs...
[2025-08-17 14:08:15] [WARN] Redis cleanup encountered an issue, continuing with other cleanup: Warning: Using a password with '-a' or '-u' option on the command line interface may not be safe.
[2025-08-17 14:08:15] [INFO] Clearing unprocessed files older than 1 hour...
[2025-08-17 14:08:16] [INFO] Cleared unprocessed files older than 1 hour
[2025-08-17 14:08:16] [INFO] Clearing old temporary files...
[2025-08-17 14:08:16] [INFO] Cleared old temporary files
[2025-08-17 14:08:16] [INFO] Clearing old log files...
[2025-08-17 14:08:17] [INFO] Cleared old log files
[2025-08-17 14:08:17] [INFO] Clearing old upload files...
[2025-08-17 14:08:17] [INFO] Cleared old upload files
[2025-08-17 14:08:17] [INFO] Checking Redis memory usage...
[2025-08-17 14:08:17] [ERROR] Cleanup failed: Warning: Using a password with '-a' or '-u' option on the command line interface may not be safe.
[2025-08-17 14:08:17] [ERROR] Cleanup failed
[2025-08-17 14:08:17] [DEBUG] Cleanup execution completed
[2025-08-17 14:08:33] [INFO] CaseStrainer System Cleanup starting...
[2025-08-17 14:08:33] [INFO] Performing system cleanup...
[2025-08-17 14:08:33] [INFO] Clearing stuck Redis jobs...
[2025-08-17 14:08:34] [WARN] Redis cleanup encountered an issue, continuing with other cleanup: Warning: Using a password with '-a' or '-u' option on the command line interface may not be safe.
[2025-08-17 14:08:34] [INFO] Clearing unprocessed files older than 1 hour...
[2025-08-17 14:08:34] [INFO] Cleared unprocessed files older than 1 hour
[2025-08-17 14:08:34] [INFO] Clearing old temporary files...
[2025-08-17 14:08:34] [INFO] Cleared old temporary files
[2025-08-17 14:08:34] [INFO] Clearing old log files...
[2025-08-17 14:08:34] [INFO] Cleared old log files
[2025-08-17 14:08:34] [INFO] Clearing old upload files...
[2025-08-17 14:08:35] [INFO] Cleared old upload files
[2025-08-17 14:08:35] [INFO] Checking Redis memory usage...
[2025-08-17 14:08:35] [WARN] Redis memory check encountered an issue, continuing: Warning: Using a password with '-a' or '-u' option on the command line interface may not be safe.
[2025-08-17 14:08:35] [INFO] System cleanup completed successfully
[2025-08-17 14:08:35] [INFO] Cleanup completed successfully!
[2025-08-17 14:08:35] [DEBUG] Cleanup execution completed
[2025-08-17 15:59:37] [INFO] CaseStrainer System Cleanup starting...
[2025-08-17 15:59:37] [INFO] Performing system cleanup...
[2025-08-17 15:59:37] [INFO] Clearing stuck Redis jobs...
[2025-08-17 15:59:38] [WARN] Redis cleanup encountered an issue, continuing with other cleanup: Warning: Using a password with '-a' or '-u' option on the command line interface may not be safe.
[2025-08-17 15:59:38] [INFO] Clearing unprocessed files older than 1 hour...
[2025-08-17 15:59:38] [INFO] Cleared unprocessed files older than 1 hour
[2025-08-17 15:59:38] [INFO] Clearing old temporary files...
[2025-08-17 15:59:38] [INFO] Cleared old temporary files
[2025-08-17 15:59:38] [INFO] Clearing old log files...
[2025-08-17 15:59:38] [INFO] Cleared old log files
[2025-08-17 15:59:38] [INFO] Clearing old upload files...
[2025-08-17 15:59:39] [INFO] Cleared old upload files
[2025-08-17 15:59:39] [INFO] Checking Redis memory usage...
[2025-08-17 15:59:39] [WARN] Redis memory check encountered an issue, continuing: Warning: Using a password with '-a' or '-u' option on the command line interface may not be safe.
[2025-08-17 15:59:39] [INFO] System cleanup completed successfully
[2025-08-17 15:59:39] [INFO] Cleanup completed successfully!
[2025-08-17 15:59:39] [DEBUG] Cleanup execution completed
[2025-08-17 16:00:05] [INFO] CaseStrainer System Cleanup starting...
[2025-08-17 16:00:05] [INFO] Performing system cleanup...
[2025-08-17 16:00:05] [INFO] Clearing stuck Redis jobs...
[2025-08-17 16:00:05] [WARN] Redis cleanup encountered an issue, continuing with other cleanup: Warning: Using a password with '-a' or '-u' option on the command line interface may not be safe.
[2025-08-17 16:00:05] [INFO] Clearing unprocessed files older than 1 hour...
[2025-08-17 16:00:06] [INFO] Cleared unprocessed files older than 1 hour
[2025-08-17 16:00:06] [INFO] Clearing old temporary files...
[2025-08-17 16:00:06] [INFO] Cleared old temporary files
[2025-08-17 16:00:06] [INFO] Clearing old log files...
[2025-08-17 16:00:06] [INFO] Cleared old log files
[2025-08-17 16:00:06] [INFO] Clearing old upload files...
[2025-08-17 16:00:06] [INFO] Cleared old upload files
[2025-08-17 16:00:06] [INFO] Checking Redis memory usage...
[2025-08-17 16:00:07] [WARN] Redis memory check encountered an issue, continuing: Warning: Using a password with '-a' or '-u' option on the command line interface may not be safe.
[2025-08-17 16:00:07] [INFO] System cleanup completed successfully
[2025-08-17 16:00:07] [INFO] Cleanup completed successfully!
[2025-08-17 16:00:07] [DEBUG] Cleanup execution completed
[2025-08-17 16:00:38] [INFO] CaseStrainer System Cleanup starting...
[2025-08-17 16:00:38] [INFO] Performing system cleanup...
[2025-08-17 16:00:38] [INFO] Clearing stuck Redis jobs...
[2025-08-17 16:00:38] [WARN] Redis cleanup encountered an issue, continuing with other cleanup: Warning: Using a password with '-a' or '-u' option on the command line interface may not be safe.
[2025-08-17 16:00:38] [INFO] Clearing unprocessed files older than 1 hour...
[2025-08-17 16:00:38] [INFO] Cleared unprocessed files older than 1 hour
[2025-08-17 16:00:38] [INFO] Clearing old temporary files...
[2025-08-17 16:00:39] [INFO] Cleared old temporary files
[2025-08-17 16:00:39] [INFO] Clearing old log files...
[2025-08-17 16:00:39] [INFO] Cleared old log files
[2025-08-17 16:00:39] [INFO] Clearing old upload files...
[2025-08-17 16:00:39] [INFO] Cleared old upload files
[2025-08-17 16:00:39] [INFO] Checking Redis memory usage...
[2025-08-17 16:00:39] [WARN] Redis memory check encountered an issue, continuing: Warning: Using a password with '-a' or '-u' option on the command line interface may not be safe.
[2025-08-17 16:00:39] [INFO] System cleanup completed successfully
[2025-08-17 16:00:39] [INFO] Cleanup completed successfully!
[2025-08-17 16:00:39] [DEBUG] Cleanup execution completed
[2025-08-17 16:01:28] [INFO] CaseStrainer System Cleanup starting...
[2025-08-17 16:01:28] [INFO] Performing system cleanup...
[2025-08-17 16:01:28] [INFO] Clearing stuck Redis jobs...
[2025-08-17 16:01:28] [WARN] Redis cleanup encountered an issue, continuing with other cleanup: Warning: Using a password with '-a' or '-u' option on the command line interface may not be safe.
[2025-08-17 16:01:28] [INFO] Clearing unprocessed files older than 1 hour...
[2025-08-17 16:01:28] [INFO] Cleared unprocessed files older than 1 hour
[2025-08-17 16:01:28] [INFO] Clearing old temporary files...
[2025-08-17 16:01:29] [INFO] Cleared old temporary files
[2025-08-17 16:01:29] [INFO] Clearing old log files...
[2025-08-17 16:01:29] [INFO] Cleared old log files
[2025-08-17 16:01:29] [INFO] Clearing old upload files...
[2025-08-17 16:01:29] [INFO] Cleared old upload files
[2025-08-17 16:01:29] [INFO] Checking Redis memory usage...
[2025-08-17 16:01:29] [WARN] Redis memory check encountered an issue, continuing: Warning: Using a password with '-a' or '-u' option on the command line interface may not be safe.
[2025-08-17 16:01:29] [INFO] System cleanup completed successfully
[2025-08-17 16:01:29] [INFO] Cleanup completed successfully!
[2025-08-17 16:01:29] [DEBUG] Cleanup execution completed
[2025-08-17 16:02:04] [INFO] CaseStrainer System Cleanup starting...
[2025-08-17 16:02:04] [INFO] Performing system cleanup...
[2025-08-17 16:02:04] [INFO] Clearing stuck Redis jobs...
[2025-08-17 16:02:04] [DEBUG] Getting Redis job keys...
[2025-08-17 16:02:04] [ERROR] Cleanup failed: Warning: Using a password with '-a' or '-u' option on the command line interface may not be safe.
[2025-08-17 16:02:04] [ERROR] Cleanup failed
[2025-08-17 16:02:04] [DEBUG] Cleanup execution completed
[2025-08-17 16:02:21] [INFO] CaseStrainer System Cleanup starting...
[2025-08-17 16:02:21] [INFO] Performing system cleanup...
[2025-08-17 16:02:21] [INFO] Clearing stuck Redis jobs...
[2025-08-17 16:02:21] [DEBUG] Getting Redis job keys...
[2025-08-17 16:02:21] [DEBUG] Redis KEYS command exit code: 0
[2025-08-17 16:02:21] [DEBUG] Found 13 Redis jobs to check
[2025-08-17 16:02:21] [DEBUG] Checking job: rq:job:8d0247bd-76ef-4e9c-98ca-443188d76119
[2025-08-17 16:02:22] [DEBUG] Job rq:job:8d0247bd-76ef-4e9c-98ca-443188d76119 status: finished
[2025-08-17 16:02:22] [DEBUG] Checking job: rq:job:b262ee11-5bb4-45e0-8a51-81fdb560645e
[2025-08-17 16:02:22] [DEBUG] Job rq:job:b262ee11-5bb4-45e0-8a51-81fdb560645e status: failed
[2025-08-17 16:02:22] [DEBUG] Checking job: rq:job:210d57cf-a04a-45a9-b8e9-f624d7cabd0f
[2025-08-17 16:02:22] [DEBUG] Job rq:job:210d57cf-a04a-45a9-b8e9-f624d7cabd0f status: started
[2025-08-17 16:02:22] [DEBUG] Deleting stuck job: rq:job:210d57cf-a04a-45a9-b8e9-f624d7cabd0f
[2025-08-17 16:02:22] [DEBUG] Checking job: rq:job:ce3b3245-6a80-481b-bc33-7042e36b567b
[2025-08-17 16:02:23] [DEBUG] Job rq:job:ce3b3245-6a80-481b-bc33-7042e36b567b status: finished
[2025-08-17 16:02:23] [DEBUG] Checking job: rq:job:cdd049e5-6228-4d33-88b6-db0c9cccebf3
[2025-08-17 16:02:23] [DEBUG] Job rq:job:cdd049e5-6228-4d33-88b6-db0c9cccebf3 status: started
[2025-08-17 16:02:23] [DEBUG] Deleting stuck job: rq:job:cdd049e5-6228-4d33-88b6-db0c9cccebf3
[2025-08-17 16:02:23] [DEBUG] Checking job: rq:job:39556ce1-b2f2-40e0-82ce-c10a56126e42
[2025-08-17 16:02:23] [DEBUG] Job rq:job:39556ce1-b2f2-40e0-82ce-c10a56126e42 status: failed
[2025-08-17 16:02:23] [DEBUG] Checking job: rq:job:af59c68d-2f28-45f7-8fac-900c50062c0b
[2025-08-17 16:02:24] [DEBUG] Job rq:job:af59c68d-2f28-45f7-8fac-900c50062c0b status: failed
[2025-08-17 16:02:24] [DEBUG] Checking job: rq:job:bc768967-94ff-4d5d-bf56-10e8f65e2ab2
[2025-08-17 16:02:24] [DEBUG] Job rq:job:bc768967-94ff-4d5d-bf56-10e8f65e2ab2 status: failed
[2025-08-17 16:02:24] [DEBUG] Checking job: rq:job:446e6e15-71c9-48b9-a6db-584247ea9518
[2025-08-17 16:02:24] [DEBUG] Job rq:job:446e6e15-71c9-48b9-a6db-584247ea9518 status: finished
[2025-08-17 16:02:24] [DEBUG] Checking job: rq:job:7aa4880b-4523-44ad-826c-122ef38b7cb0
[2025-08-17 16:02:24] [DEBUG] Job rq:job:7aa4880b-4523-44ad-826c-122ef38b7cb0 status: failed
[2025-08-17 16:02:24] [DEBUG] Checking job: rq:job:b57aa963-88cf-4226-b50d-60c802f32df4
[2025-08-17 16:02:24] [DEBUG] Job rq:job:b57aa963-88cf-4226-b50d-60c802f32df4 status: failed
[2025-08-17 16:02:24] [DEBUG] Checking job: rq:job:dd423352-9ab0-47fa-add9-f51c65bd4646
[2025-08-17 16:02:25] [DEBUG] Job rq:job:dd423352-9ab0-47fa-add9-f51c65bd4646 status: finished
[2025-08-17 16:02:25] [DEBUG] Checking job: rq:job:2aa5d05a-b3ff-4a00-8337-dbca9f1430b8
[2025-08-17 16:02:25] [DEBUG] Job rq:job:2aa5d05a-b3ff-4a00-8337-dbca9f1430b8 status: finished
[2025-08-17 16:02:25] [INFO] Cleared 2 stuck Redis jobs
[2025-08-17 16:02:25] [INFO] Clearing unprocessed files older than 1 hour...
[2025-08-17 16:02:25] [INFO] Cleared unprocessed files older than 1 hour
[2025-08-17 16:02:25] [INFO] Clearing old temporary files...
[2025-08-17 16:02:25] [INFO] Cleared old temporary files
[2025-08-17 16:02:25] [INFO] Clearing old log files...
[2025-08-17 16:02:26] [INFO] Cleared old log files
[2025-08-17 16:02:26] [INFO] Clearing old upload files...
[2025-08-17 16:02:26] [INFO] Cleared old upload files
[2025-08-17 16:02:26] [INFO] Checking Redis memory usage...
[2025-08-17 16:02:26] [INFO] High Redis memory usage detected - clearing cache...
[2025-08-17 16:02:26] [INFO] Redis cache cleared
[2025-08-17 16:02:26] [INFO] System cleanup completed successfully
[2025-08-17 16:02:26] [INFO] Cleanup completed successfully!
[2025-08-17 16:02:26] [DEBUG] Cleanup execution completed
