[2025-07-22 18:21:20] [INFO] Script started with Mode: Menu, QuickStart: False, SkipVue: False, MenuOption: 0
[2025-07-22 18:21:22] [INFO] Start-DockerProduction called with ForceRebuild: True, NoValidation: False, QuickStart: False, SkipVueBuild: False
[2025-07-22 19:22:57] [INFO] Script started with Mode: Menu, QuickStart: False, SkipVue: False, MenuOption: 0
[2025-07-23 02:46:36] [INFO] Script started with Mode: Menu, QuickStart: False, SkipVue: False, MenuOption: 0
[2025-07-23 02:46:41] [INFO] Start-DockerProduction called with ForceRebuild: True, NoValidation: False, QuickStart: False, SkipVueBuild: False
[2025-07-23 03:07:05] [INFO] Script started with Mode: Menu, QuickStart: False, SkipVue: False, MenuOption: 0
[2025-07-23 03:07:06] [INFO] Start-DockerProduction called with ForceRebuild: True, NoValidation: False, QuickStart: False, SkipVueBuild: False
[2025-07-23 06:32:40] [INFO] Script started with Mode: Menu, QuickStart: False, SkipVue: False, MenuOption: 0
[2025-07-23 06:32:44] [INFO] Start-DockerProduction called with ForceRebuild: True, NoValidation: False, QuickStart: False, SkipVueBuild: False
[2025-07-23 06:48:02] [INFO] Script started with Mode: Menu, QuickStart: False, SkipVue: False, MenuOption: 0
[2025-07-23 06:48:04] [INFO] Start-DockerProduction called with ForceRebuild: False, NoValidation: False, QuickStart: False, SkipVueBuild: False
[2025-07-23 06:49:42] [INFO] Script started with Mode: Menu, QuickStart: False, SkipVue: False, MenuOption: 0
[2025-07-23 06:49:44] [INFO] Start-DockerProduction called with ForceRebuild: True, NoValidation: False, QuickStart: False, SkipVueBuild: False
[2025-07-23 07:06:14] [INFO] Script started with Mode: Menu, QuickStart: False, SkipVue: False, MenuOption: 0
[2025-07-23 07:06:16] [INFO] Start-DockerProduction called with ForceRebuild: False, NoValidation: False, QuickStart: False, SkipVueBuild: False
[2025-07-23 07:09:11] [INFO] Script started with Mode: Menu, QuickStart: False, SkipVue: False, MenuOption: 0
[2025-07-23 07:09:13] [INFO] Start-DockerProduction called with ForceRebuild: False, NoValidation: False, QuickStart: False, SkipVueBuild: False
[2025-07-23 07:12:42] [INFO] Script started with Mode: Menu, QuickStart: False, SkipVue: False, MenuOption: 0
[2025-07-23 07:12:44] [INFO] Start-DockerProduction called with ForceRebuild: False, NoValidation: False, QuickStart: False, SkipVueBuild: False
[2025-07-23 07:18:40] [INFO] Script started with Mode: Menu, QuickStart: False, SkipVue: False, MenuOption: 0
[2025-07-23 07:18:51] [INFO] Start-DockerProduction called with ForceRebuild: False, NoValidation: False, QuickStart: False, SkipVueBuild: False
[2025-07-23 07:21:12] [INFO] Script started with Mode: Menu, QuickStart: False, SkipVue: False, MenuOption: 0
[2025-07-23 07:21:13] [INFO] Start-DockerProduction called with ForceRebuild: True, NoValidation: False, QuickStart: False, SkipVueBuild: False
[2025-07-23 07:53:07] [INFO] Script started with Mode: Menu, QuickStart: False, SkipVue: False, MenuOption: 0
[2025-07-23 07:53:08] [INFO] Start-DockerProduction called with ForceRebuild: False, NoValidation: False, QuickStart: False, SkipVueBuild: False
[2025-07-23 08:03:08] [INFO] Script started with Mode: Menu, QuickStart: False, SkipVue: False, MenuOption: 0
[2025-07-23 08:03:35] [INFO] Start-DockerProduction called with ForceRebuild: False, NoValidation: False, QuickStart: False, SkipVueBuild: False
[2025-07-23 09:29:36] [INFO] Script started with Mode: Menu, QuickStart: False, SkipVue: False, MenuOption: 0
[2025-07-23 09:29:58] [INFO] Start-DockerProduction called with ForceRebuild: False, NoValidation: False, QuickStart: False, SkipVueBuild: False
[2025-07-23 09:30:31] [ERROR] Error in Start-DockerProduction - Exception: Failed to start Docker containers (exit code: 1) - StackTrace: at Start-DockerProduction, D:\dev\casestrainer\cslaunch.ps1: line 1376
at Show-Menu, D:\dev\casestrainer\cslaunch.ps1: line 1769
at <ScriptBlock>, D:\dev\casestrainer\cslaunch.ps1: line 2250
at <ScriptBlock>, <No file>: line 1
[2025-07-23 09:32:30] [INFO] Script started with Mode: Menu, QuickStart: False, SkipVue: False, MenuOption: 0
[2025-07-23 09:32:52] [INFO] Start-DockerProduction called with ForceRebuild: False, NoValidation: False, QuickStart: False, SkipVueBuild: False
[2025-07-23 09:56:52] [INFO] Script started with Mode: Menu, QuickStart: False, SkipVue: False, MenuOption: 0
[2025-07-23 09:57:17] [INFO] Start-DockerProduction called with ForceRebuild: False, NoValidation: False, QuickStart: False, SkipVueBuild: False
[2025-07-23 10:11:59] [INFO] Script started with Mode: Menu, QuickStart: False, SkipVue: False, MenuOption: 0
[2025-07-23 10:12:21] [INFO] Start-DockerProduction called with ForceRebuild: True, NoValidation: False, QuickStart: False, SkipVueBuild: False
[2025-07-23 14:15:51] [INFO] Script started with Mode: Menu, QuickStart: False, SkipVue: False, MenuOption: 0
[2025-07-23 14:16:12] [INFO] Start-DockerProduction called with ForceRebuild: False, NoValidation: False, QuickStart: False, SkipVueBuild: False
[2025-07-23 14:37:24] [INFO] Script started with Mode: Menu, QuickStart: False, SkipVue: False, MenuOption: 0
[2025-07-23 14:37:49] [INFO] Start-DockerProduction called with ForceRebuild: False, NoValidation: False, QuickStart: False, SkipVueBuild: False
[2025-07-23 14:44:08] [INFO] Script started with Mode: Menu, QuickStart: False, SkipVue: False, MenuOption: 0
[2025-07-23 14:44:27] [INFO] Start-DockerProduction called with ForceRebuild: False, NoValidation: False, QuickStart: False, SkipVueBuild: False
[2025-07-23 14:50:07] [INFO] Script started with Mode: Menu, QuickStart: False, SkipVue: False, MenuOption: 0
[2025-07-23 14:50:28] [INFO] Start-DockerProduction called with ForceRebuild: False, NoValidation: False, QuickStart: False, SkipVueBuild: False
[2025-07-23 14:53:32] [INFO] Script started with Mode: Menu, QuickStart: False, SkipVue: False, MenuOption: 0
[2025-07-23 14:53:54] [INFO] Start-DockerProduction called with ForceRebuild: False, NoValidation: False, QuickStart: False, SkipVueBuild: False
[2025-07-23 14:58:08] [INFO] Script started with Mode: Menu, QuickStart: False, SkipVue: False, MenuOption: 0
[2025-07-23 14:58:29] [INFO] Start-DockerProduction called with ForceRebuild: False, NoValidation: False, QuickStart: False, SkipVueBuild: False
[2025-07-23 15:16:54] [INFO] Script started with Mode: Menu, QuickStart: False, SkipVue: False, MenuOption: 0
[2025-07-23 15:17:15] [INFO] Start-DockerProduction called with ForceRebuild: False, NoValidation: False, QuickStart: False, SkipVueBuild: False
[2025-07-23 15:39:47] [INFO] Script started with Mode: Menu, QuickStart: False, SkipVue: False, MenuOption: 0
[2025-07-23 15:40:09] [INFO] Start-DockerProduction called with ForceRebuild: False, NoValidation: False, QuickStart: False, SkipVueBuild: False
[2025-07-23 15:47:41] [INFO] Script started with Mode: Menu, QuickStart: False, SkipVue: False, MenuOption: 0
[2025-07-23 15:48:03] [INFO] Start-DockerProduction called with ForceRebuild: False, NoValidation: False, QuickStart: False, SkipVueBuild: False
[2025-07-23 15:59:19] [INFO] Script started with Mode: Menu, QuickStart: False, SkipVue: False, MenuOption: 0
[2025-07-23 15:59:43] [INFO] Start-DockerProduction called with ForceRebuild: False, NoValidation: False, QuickStart: False, SkipVueBuild: False
[2025-07-23 16:05:00] [INFO] Script started with Mode: Menu, QuickStart: False, SkipVue: False, MenuOption: 0
[2025-07-23 16:05:37] [INFO] Start-DockerProduction called with ForceRebuild: False, NoValidation: False, QuickStart: False, SkipVueBuild: False
[2025-07-23 16:10:25] [INFO] Script started with Mode: Menu, QuickStart: False, SkipVue: False, MenuOption: 0
[2025-07-23 16:10:32] [INFO] Script started with Mode: Menu, QuickStart: False, SkipVue: False, MenuOption: 0
[2025-07-23 16:11:12] [INFO] Start-DockerProduction called with ForceRebuild: True, NoValidation: False, QuickStart: False, SkipVueBuild: False
[2025-07-24 10:48:29] [INFO] Script started with Mode: Menu, QuickStart: False, SkipVue: False, MenuOption: 0
[2025-07-24 10:56:36] [INFO] Start-DockerProduction called with ForceRebuild: True, NoValidation: False, QuickStart: False, SkipVueBuild: False
[2025-07-24 11:27:01] [INFO] Script started with Mode: Menu, QuickStart: False, SkipVue: False, MenuOption: 0
[2025-07-24 11:27:33] [INFO] Start-DockerProduction called with ForceRebuild: True, NoValidation: False, QuickStart: False, SkipVueBuild: False
[2025-07-24 16:29:59] [INFO] Script started with Mode: Menu, QuickStart: False, SkipVue: False, MenuOption: 0
[2025-07-24 16:30:20] [INFO] Start-DockerProduction called with ForceRebuild: True, NoValidation: False, QuickStart: False, SkipVueBuild: False
[2025-07-24 17:27:54] [INFO] Script started with Mode: Menu, QuickStart: False, SkipVue: False, MenuOption: 0
[2025-07-24 17:28:16] [INFO] Start-DockerProduction called with ForceRebuild: True, NoValidation: False, QuickStart: False, SkipVueBuild: False
[2025-07-24 22:05:26] [INFO] Script started with Mode: Menu, QuickStart: False, SkipVue: False, MenuOption: 0
[2025-07-24 22:05:47] [INFO] Start-DockerProduction called with ForceRebuild: True, NoValidation: False, QuickStart: False, SkipVueBuild: False
[2025-07-24 23:04:04] [INFO] Script started with Mode: Menu, QuickStart: False, SkipVue: False, MenuOption: 0
[2025-07-24 23:04:25] [INFO] Start-DockerProduction called with ForceRebuild: True, NoValidation: False, QuickStart: False, SkipVueBuild: False
[2025-07-25 11:27:48] [INFO] Script started with Mode: Menu, QuickStart: False, SkipVue: False, MenuOption: 0
[2025-07-25 11:28:09] [INFO] Start-DockerProduction called with ForceRebuild: True, NoValidation: False, QuickStart: False, SkipVueBuild: False
[2025-07-25 11:33:42] [INFO] Script started with Mode: Menu, QuickStart: False, SkipVue: False, MenuOption: 0
[2025-07-25 11:34:10] [INFO] Start-DockerProduction called with ForceRebuild: True, NoValidation: False, QuickStart: False, SkipVueBuild: False
[2025-07-25 15:04:11] [INFO] Script started with Mode: Menu, QuickStart: False, SkipVue: False, MenuOption: 0
[2025-07-25 15:34:58] [INFO] Start-DockerProduction called with ForceRebuild: True, NoValidation: False, QuickStart: False, SkipVueBuild: False
[2025-07-25 15:51:43] [INFO] Script started with Mode: Menu, QuickStart: False, SkipVue: False, MenuOption: 0
[2025-07-25 15:52:04] [INFO] Start-DockerProduction called with ForceRebuild: True, NoValidation: False, QuickStart: False, SkipVueBuild: False
[2025-07-25 16:28:43] [INFO] Script started with Mode: Menu, QuickStart: False, SkipVue: False, MenuOption: 0
[2025-07-25 16:29:04] [INFO] Start-DockerProduction called with ForceRebuild: True, NoValidation: False, QuickStart: False, SkipVueBuild: False
[2025-07-25 17:01:47] [INFO] Script started with Mode: Menu, QuickStart: False, SkipVue: False, MenuOption: 0
[2025-07-25 17:02:08] [INFO] Start-DockerProduction called with ForceRebuild: True, NoValidation: False, QuickStart: False, SkipVueBuild: False
[2025-07-25 17:25:31] [INFO] Script started with Mode: Menu, QuickStart: False, SkipVue: False, MenuOption: 0
[2025-07-25 17:25:53] [INFO] Start-DockerProduction called with ForceRebuild: True, NoValidation: False, QuickStart: False, SkipVueBuild: False
[2025-07-25 17:37:02] [INFO] Script started with Mode: Menu, QuickStart: False, SkipVue: False, MenuOption: 0
[2025-07-25 17:37:23] [INFO] Start-DockerProduction called with ForceRebuild: False, NoValidation: False, QuickStart: False, SkipVueBuild: False
[2025-07-25 18:15:41] [INFO] Script started with Mode: Menu, QuickStart: False, SkipVue: False, MenuOption: 0
[2025-07-25 18:19:07] [INFO] Start-DockerProduction called with ForceRebuild: True, NoValidation: False, QuickStart: False, SkipVueBuild: False
[2025-07-25 19:22:51] [INFO] Script started with Mode: Menu, QuickStart: False, SkipVue: False, MenuOption: 3
[2025-07-25 19:22:51] [ERROR] Error in Start-DockerProduction - Exception: The value of the using variable '$using:ForceRebuildFlag' cannot be retrieved because it has not been set in the local session. - StackTrace: at Start-DockerProduction, D:\dev\casestrainer\dplaunch.ps1: line 570
at <ScriptBlock>, D:\dev\casestrainer\dplaunch.ps1: line 991
at <ScriptBlock>, <No file>: line 1
[2025-07-25 19:23:05] [INFO] Script started with Mode: Menu, QuickStart: False, SkipVue: False, MenuOption: 0
[2025-07-25 19:24:49] [INFO] Script started with Mode: Menu, QuickStart: False, SkipVue: False, MenuOption: 0
[2025-07-25 19:25:10] [INFO] Start-DockerProduction called with ForceRebuild: True, NoValidation: False, QuickStart: False, SkipVueBuild: False
[2025-07-25 20:05:28] [INFO] Script started with Mode: Menu, QuickStart: False, SkipVue: False, MenuOption: 0
[2025-07-25 20:06:25] [INFO] Script started with Mode: Menu, QuickStart: False, SkipVue: False, MenuOption: 0
[2025-07-25 20:12:50] [INFO] Script started with Mode: Menu, QuickStart: False, SkipVue: False, MenuOption: 3
[2025-07-25 20:12:50] [ERROR] Error in Start-DockerProduction - Exception: The value of the using variable '$using:ForceRebuildFlag' cannot be retrieved because it has not been set in the local session. - StackTrace: at Start-DockerProduction, D:\dev\casestrainer\dplaunch.ps1: line 570
at <ScriptBlock>, D:\dev\casestrainer\dplaunch.ps1: line 991
at <ScriptBlock>, <No file>: line 1
[2025-07-25 20:13:54] [INFO] Start-DockerProduction called with ForceRebuild: True, NoValidation: False, QuickStart: False, SkipVueBuild: False
[2025-07-25 21:07:45] [INFO] Script started with Mode: Menu, QuickStart: False, SkipVue: False, MenuOption: 0
[2025-07-25 21:08:06] [INFO] Start-DockerProduction called with ForceRebuild: True, NoValidation: False, QuickStart: False, SkipVueBuild: False
[2025-07-25 21:24:51] [INFO] Script started with Mode: Menu, QuickStart: False, SkipVue: False, MenuOption: 3
[2025-07-25 21:25:13] [INFO] Start-DockerProduction called with ForceRebuild: True, NoValidation: False, QuickStart: False, SkipVueBuild: False
[2025-07-25 21:35:15] [INFO] Script started with Mode: Menu, QuickStart: False, SkipVue: False, MenuOption: 3
[2025-07-25 21:35:38] [INFO] Start-DockerProduction called with ForceRebuild: True, NoValidation: False, QuickStart: False, SkipVueBuild: False
[2025-07-25 22:06:38] [INFO] Script started with Mode: Menu, QuickStart: False, SkipVue: False, MenuOption: 0
[2025-07-25 22:06:59] [INFO] Start-DockerProduction called with ForceRebuild: True, NoValidation: False, QuickStart: False, SkipVueBuild: False
[2025-07-25 22:32:26] [INFO] Script started with Mode: Menu, QuickStart: False, SkipVue: False, MenuOption: 0
[2025-07-25 22:32:48] [INFO] Start-DockerProduction called with ForceRebuild: False, NoValidation: False, QuickStart: False, SkipVueBuild: False
[2025-07-25 22:44:26] [INFO] Script started with Mode: Menu, QuickStart: False, SkipVue: False, MenuOption: 3
[2025-07-25 22:44:46] [INFO] Start-DockerProduction called with ForceRebuild: True, NoValidation: False, QuickStart: False, SkipVueBuild: False
[2025-07-25 22:47:02] [INFO] Script started with Mode: Menu, QuickStart: False, SkipVue: False, MenuOption: 0
[2025-07-25 22:47:48] [INFO] Start-DockerProduction called with ForceRebuild: True, NoValidation: False, QuickStart: False, SkipVueBuild: False
[2025-07-25 23:11:42] [INFO] Script started with Mode: Menu, QuickStart: False, SkipVue: False, MenuOption: 2
[2025-07-25 23:12:12] [INFO] Start-DockerProduction called with ForceRebuild: False, NoValidation: False, QuickStart: False, SkipVueBuild: False
[2025-07-25 23:12:54] [INFO] Start-DockerProduction called with ForceRebuild: False, NoValidation: False, QuickStart: False, SkipVueBuild: False
[2025-07-25 23:19:43] [INFO] Script started with Mode: Menu, QuickStart: False, SkipVue: False, MenuOption: 2
[2025-07-25 23:20:10] [INFO] Start-DockerProduction called with ForceRebuild: False, NoValidation: False, QuickStart: False, SkipVueBuild: False
[2025-07-25 23:20:53] [INFO] Start-DockerProduction called with ForceRebuild: False, NoValidation: False, QuickStart: False, SkipVueBuild: False
[2025-07-25 23:33:10] [INFO] Script started with Mode: Menu, QuickStart: False, SkipVue: False, MenuOption: 2
[2025-07-25 23:33:38] [INFO] Script started with Mode: Menu, QuickStart: False, SkipVue: False, MenuOption: 0
[2025-07-25 23:36:21] [INFO] Start-DockerProduction called with ForceRebuild: False, NoValidation: False, QuickStart: False, SkipVueBuild: False
[2025-07-25 23:37:11] [INFO] Start-DockerProduction called with ForceRebuild: False, NoValidation: False, QuickStart: False, SkipVueBuild: False
[2025-07-25 23:39:06] [INFO] Script started with Mode: Menu, QuickStart: False, SkipVue: False, MenuOption: 3
[2025-07-25 23:39:28] [INFO] Script started with Mode: Menu, QuickStart: False, SkipVue: False, MenuOption: 0
[2025-07-25 23:39:49] [INFO] Start-DockerProduction called with ForceRebuild: True, NoValidation: False, QuickStart: False, SkipVueBuild: False
[2025-07-25 23:57:01] [INFO] Script started with Mode: Menu, QuickStart: False, SkipVue: False, MenuOption: 2
[2025-07-25 23:57:22] [INFO] Start-DockerProduction called with ForceRebuild: True, NoValidation: False, QuickStart: False, SkipVueBuild: False
[2025-07-26 06:59:20] [INFO] Script started with Mode: Menu, QuickStart: False, SkipVue: False, MenuOption: 2
[2025-07-26 06:59:40] [INFO] Start-DockerProduction called with ForceRebuild: True, NoValidation: False, QuickStart: False, SkipVueBuild: False
[2025-07-26 07:01:17] [INFO] Script started with Mode: Menu, QuickStart: False, SkipVue: False, MenuOption: 0
[2025-07-26 07:01:38] [INFO] Start-DockerProduction called with ForceRebuild: True, NoValidation: False, QuickStart: False, SkipVueBuild: False
[2025-07-26 07:11:47] [INFO] Start-DockerProduction called with ForceRebuild: False, NoValidation: False, QuickStart: False, SkipVueBuild: False
[2025-07-26 18:58:22] [INFO] Script started with Mode: Menu, QuickStart: False, SkipVue: False, MenuOption: 0
[2025-07-26 18:58:41] [INFO] Start-DockerProduction called with ForceRebuild: True, NoValidation: False, QuickStart: False, SkipVueBuild: False
[2025-07-26 19:24:49] [INFO] Script started with Mode: Menu, QuickStart: False, SkipVue: False, MenuOption: 0
[2025-07-26 19:25:11] [INFO] Start-DockerProduction called with ForceRebuild: True, NoValidation: False, QuickStart: False, SkipVueBuild: False
[2025-07-26 19:46:27] [INFO] Script started with Mode: Menu, QuickStart: False, SkipVue: False, MenuOption: 0
[2025-07-26 19:48:43] [INFO] Start-DockerProduction called with ForceRebuild: True, NoValidation: False, QuickStart: False, SkipVueBuild: False
[2025-07-26 20:22:56] [INFO] Script started with Mode: Menu, QuickStart: False, SkipVue: False, MenuOption: 2
[2025-07-26 20:23:16] [INFO] Start-DockerProduction called with ForceRebuild: True, NoValidation: False, QuickStart: False, SkipVueBuild: False
[2025-07-26 20:35:16] [INFO] Script started with Mode: Menu, QuickStart: False, SkipVue: False, MenuOption: 2
[2025-07-26 20:35:36] [INFO] Start-DockerProduction called with ForceRebuild: True, NoValidation: False, QuickStart: False, SkipVueBuild: False
[2025-07-26 21:35:35] [INFO] Script started with Mode: Menu, QuickStart: False, SkipVue: False, MenuOption: 2
[2025-07-26 21:35:55] [INFO] Start-DockerProduction called with ForceRebuild: True, NoValidation: False, QuickStart: False, SkipVueBuild: False
[2025-07-26 22:02:37] [INFO] Script started with Mode: Menu, QuickStart: False, SkipVue: False, MenuOption: 2
[2025-07-26 22:02:57] [INFO] Start-DockerProduction called with ForceRebuild: True, NoValidation: False, QuickStart: False, SkipVueBuild: False
[2025-07-26 22:14:42] [INFO] Script started with Mode: Menu, QuickStart: False, SkipVue: False, MenuOption: 2
[2025-07-26 22:15:01] [INFO] Start-DockerProduction called with ForceRebuild: True, NoValidation: False, QuickStart: False, SkipVueBuild: False
[2025-07-26 22:29:38] [INFO] Script started with Mode: Menu, QuickStart: False, SkipVue: False, MenuOption: 0
[2025-07-26 22:29:59] [INFO] Start-DockerProduction called with ForceRebuild: True, NoValidation: False, QuickStart: False, SkipVueBuild: False
[2025-07-26 22:45:41] [INFO] Script started with Mode: Menu, QuickStart: False, SkipVue: False, MenuOption: 0
[2025-07-26 22:46:02] [INFO] Start-DockerProduction called with ForceRebuild: True, NoValidation: False, QuickStart: False, SkipVueBuild: False
[2025-07-26 23:12:22] [INFO] Script started with Mode: Menu, QuickStart: False, SkipVue: False, MenuOption: 0
[2025-07-26 23:12:43] [INFO] Start-DockerProduction called with ForceRebuild: True, NoValidation: False, QuickStart: False, SkipVueBuild: False
[2025-07-27 09:50:23] [INFO] Script started with Mode: Menu, QuickStart: False, SkipVue: False, MenuOption: 0
[2025-07-27 09:50:52] [INFO] Start-DockerProduction called with ForceRebuild: False, NoValidation: False, QuickStart: False, SkipVueBuild: False
[2025-07-27 09:51:34] [INFO] Start-DockerProduction called with ForceRebuild: False, NoValidation: False, QuickStart: False, SkipVueBuild: False
[2025-07-27 10:14:58] [INFO] Script started with Mode: Menu, QuickStart: False, SkipVue: False, MenuOption: 0
[2025-07-27 10:15:09] [INFO] Script started with Mode: Menu, QuickStart: False, SkipVue: False, MenuOption: 0
[2025-07-27 10:15:28] [INFO] Start-DockerProduction called with ForceRebuild: True, NoValidation: False, QuickStart: False, SkipVueBuild: False
[2025-07-27 19:43:15] [INFO] Script started with Mode: Menu, QuickStart: False, SkipVue: False, MenuOption: 0
[2025-07-27 19:43:43] [INFO] Start-DockerProduction called with ForceRebuild: True, NoValidation: False, QuickStart: False, SkipVueBuild: False
[2025-07-27 20:52:20] [INFO] Script started with Mode: Menu, QuickStart: False, SkipVue: False, MenuOption: 0
[2025-07-27 20:52:51] [INFO] Start-DockerProduction called with ForceRebuild: False, NoValidation: False, QuickStart: False, SkipVueBuild: False
[2025-07-27 20:53:46] [INFO] Start-DockerProduction called with ForceRebuild: False, NoValidation: False, QuickStart: False, SkipVueBuild: False
[2025-07-27 21:05:06] [INFO] Script started with Mode: Menu, QuickStart: False, SkipVue: False, MenuOption: 0
[2025-07-27 21:05:27] [INFO] Start-DockerProduction called with ForceRebuild: True, NoValidation: False, QuickStart: False, SkipVueBuild: False
[2025-07-27 22:05:17] [INFO] Script started with Mode: Menu, QuickStart: False, SkipVue: False, MenuOption: 0
[2025-07-27 22:05:47] [INFO] Start-DockerProduction called with ForceRebuild: False, NoValidation: False, QuickStart: False, SkipVueBuild: False
[2025-07-27 22:06:29] [INFO] Start-DockerProduction called with ForceRebuild: False, NoValidation: False, QuickStart: False, SkipVueBuild: False
[2025-07-27 22:57:45] [INFO] Script started with Mode: Menu, QuickStart: False, SkipVue: False, MenuOption: 0
[2025-07-27 22:58:14] [INFO] Start-DockerProduction called with ForceRebuild: False, NoValidation: False, QuickStart: False, SkipVueBuild: False
[2025-07-27 22:58:55] [INFO] Start-DockerProduction called with ForceRebuild: False, NoValidation: False, QuickStart: False, SkipVueBuild: False
[2025-07-27 23:30:20] [INFO] Script started with Mode: Menu, QuickStart: False, SkipVue: False, MenuOption: 0
[2025-07-27 23:30:48] [INFO] Start-DockerProduction called with ForceRebuild: False, NoValidation: False, QuickStart: False, SkipVueBuild: False
[2025-07-27 23:31:29] [INFO] Start-DockerProduction called with ForceRebuild: False, NoValidation: False, QuickStart: False, SkipVueBuild: False
[2025-07-27 23:41:23] [INFO] Script started with Mode: Menu, QuickStart: False, SkipVue: False, MenuOption: 0
[2025-07-27 23:41:51] [INFO] Start-DockerProduction called with ForceRebuild: False, NoValidation: False, QuickStart: False, SkipVueBuild: False
[2025-07-27 23:42:30] [INFO] Start-DockerProduction called with ForceRebuild: False, NoValidation: False, QuickStart: False, SkipVueBuild: False
[2025-07-27 23:55:37] [INFO] Script started with Mode: Menu, QuickStart: False, SkipVue: False, MenuOption: 0
[2025-07-27 23:56:05] [INFO] Start-DockerProduction called with ForceRebuild: False, NoValidation: False, QuickStart: False, SkipVueBuild: False
[2025-07-27 23:56:45] [INFO] Start-DockerProduction called with ForceRebuild: False, NoValidation: False, QuickStart: False, SkipVueBuild: False
[2025-07-28 00:06:33] [INFO] Script started with Mode: Menu, QuickStart: False, SkipVue: False, MenuOption: 0
[2025-07-28 00:06:51] [INFO] Script started with Mode: Menu, QuickStart: False, SkipVue: False, MenuOption: 0
[2025-07-28 00:06:52] [INFO] Start-DockerProduction called with ForceRebuild: False, NoValidation: False, QuickStart: True, SkipVueBuild: True
[2025-07-28 00:09:48] [INFO] Script started with Mode: Menu, QuickStart: False, SkipVue: False, MenuOption: 0
[2025-07-28 00:10:08] [INFO] Start-DockerProduction called with ForceRebuild: True, NoValidation: False, QuickStart: False, SkipVueBuild: False
[2025-07-28 00:18:30] [INFO] Start-DockerProduction called with ForceRebuild: False, NoValidation: False, QuickStart: False, SkipVueBuild: False
[2025-07-28 00:36:01] [INFO] Script started with Mode: Menu, QuickStart: False, SkipVue: False, MenuOption: 0
[2025-07-28 00:36:21] [INFO] Start-DockerProduction called with ForceRebuild: True, NoValidation: False, QuickStart: False, SkipVueBuild: False
[2025-07-28 01:40:45] [INFO] Script started with Mode: Menu, QuickStart: False, SkipVue: False, MenuOption: 0
[2025-07-28 01:41:12] [INFO] Start-DockerProduction called with ForceRebuild: False, NoValidation: False, QuickStart: False, SkipVueBuild: False
[2025-07-28 01:41:55] [INFO] Start-DockerProduction called with ForceRebuild: False, NoValidation: False, QuickStart: False, SkipVueBuild: False
[2025-07-28 01:58:58] [INFO] Script started with Mode: Menu, QuickStart: False, SkipVue: False, MenuOption: 1
[2025-07-28 01:58:58] [INFO] Start-DockerProduction called with ForceRebuild: False, NoValidation: False, QuickStart: True, SkipVueBuild: True
[2025-07-28 02:12:11] [INFO] Script started with Mode: Menu, QuickStart: False, SkipVue: False, MenuOption: 0
[2025-07-28 02:12:33] [INFO] Start-DockerProduction called with ForceRebuild: False, NoValidation: False, QuickStart: False, SkipVueBuild: False
[2025-07-28 02:13:27] [INFO] Start-DockerProduction called with ForceRebuild: False, NoValidation: False, QuickStart: False, SkipVueBuild: False
[2025-07-28 02:18:48] [INFO] Script started with Mode: Menu, QuickStart: False, SkipVue: False, MenuOption: 3
[2025-07-28 02:19:06] [INFO] Start-DockerProduction called with ForceRebuild: True, NoValidation: False, QuickStart: False, SkipVueBuild: False
[2025-07-28 02:20:56] [INFO] Script started with Mode: Menu, QuickStart: False, SkipVue: False, MenuOption: 1
[2025-07-28 02:20:56] [INFO] Start-DockerProduction called with ForceRebuild: False, NoValidation: False, QuickStart: True, SkipVueBuild: True
[2025-07-28 02:37:24] [INFO] Script started with Mode: Menu, QuickStart: False, SkipVue: False, MenuOption: 0
[2025-07-28 02:37:44] [INFO] Start-DockerProduction called with ForceRebuild: True, NoValidation: False, QuickStart: False, SkipVueBuild: False
[2025-07-28 02:38:25] [ERROR] Error in Start-DockerProduction - Exception: npm build failed with exit code: 1 - StackTrace: at Invoke-VueFrontendBuild, D:\dev\casestrainer\cslaunch.ps1: line 528
at Start-DockerProduction, D:\dev\casestrainer\cslaunch.ps1: line 1136
at Show-Menu, D:\dev\casestrainer\cslaunch.ps1: line 1855
at <ScriptBlock>, D:\dev\casestrainer\cslaunch.ps1: line 2379
at <ScriptBlock>, <No file>: line 1
[2025-07-28 03:00:00] [INFO] Script started with Mode: Menu, QuickStart: False, SkipVue: False, MenuOption: 0
[2025-07-28 03:00:21] [INFO] Start-DockerProduction called with ForceRebuild: True, NoValidation: False, QuickStart: False, SkipVueBuild: False
[2025-07-28 03:02:59] [INFO] Script started with Mode: Menu, QuickStart: False, SkipVue: False, MenuOption: 0
[2025-07-28 03:03:13] [INFO] Script started with Mode: Menu, QuickStart: False, SkipVue: False, MenuOption: 0
[2025-07-28 03:05:55] [INFO] Script started with Mode: Menu, QuickStart: False, SkipVue: False, MenuOption: 0
[2025-07-28 03:06:23] [INFO] Start-DockerProduction called with ForceRebuild: False, NoValidation: False, QuickStart: False, SkipVueBuild: False
[2025-07-28 03:07:08] [INFO] Start-DockerProduction called with ForceRebuild: False, NoValidation: False, QuickStart: False, SkipVueBuild: False
[2025-07-28 03:11:49] [INFO] Script started with Mode: Menu, QuickStart: False, SkipVue: False, MenuOption: 0
[2025-07-28 03:12:52] [INFO] Start-DockerProduction called with ForceRebuild: False, NoValidation: False, QuickStart: False, SkipVueBuild: False
[2025-07-28 03:13:39] [INFO] Start-DockerProduction called with ForceRebuild: False, NoValidation: False, QuickStart: False, SkipVueBuild: False
[2025-07-28 03:16:14] [INFO] Script started with Mode: Menu, QuickStart: False, SkipVue: False, MenuOption: 0
[2025-07-28 03:28:20] [INFO] Start-DockerProduction called with ForceRebuild: False, NoValidation: False, QuickStart: False, SkipVueBuild: False
[2025-07-28 03:28:58] [INFO] Start-DockerProduction called with ForceRebuild: False, NoValidation: False, QuickStart: False, SkipVueBuild: False
[2025-07-28 03:37:07] [INFO] Script started with Mode: Menu, QuickStart: False, SkipVue: False, MenuOption: 0
[2025-07-28 03:38:04] [INFO] Start-DockerProduction called with ForceRebuild: False, NoValidation: False, QuickStart: False, SkipVueBuild: False
[2025-07-28 03:39:21] [INFO] Start-DockerProduction called with ForceRebuild: False, NoValidation: False, QuickStart: False, SkipVueBuild: False
[2025-07-28 04:20:34] [INFO] Script started with Mode: Production, QuickStart: False, SkipVue: False, MenuOption: 0
[2025-07-28 04:20:34] [INFO] Start-DockerProduction called with ForceRebuild: True, NoValidation: False, QuickStart: False, SkipVueBuild: False
[2025-07-28 04:21:20] [ERROR] Error in Start-DockerProduction - Exception: npm build failed with exit code: 1 - StackTrace: at Invoke-VueFrontendBuild, D:\dev\casestrainer\cslaunch.ps1: line 528
at Start-DockerProduction, D:\dev\casestrainer\cslaunch.ps1: line 1136
at <ScriptBlock>, D:\dev\casestrainer\cslaunch.ps1: line 2291
at <ScriptBlock>, <No file>: line 1
[2025-07-28 04:22:32] [INFO] Script started with Mode: Production, QuickStart: False, SkipVue: False, MenuOption: 0
[2025-07-28 04:22:32] [INFO] Start-DockerProduction called with ForceRebuild: True, NoValidation: False, QuickStart: False, SkipVueBuild: False
[2025-07-28 04:23:44] [INFO] Script started with Mode: Menu, QuickStart: False, SkipVue: False, MenuOption: 0
[2025-07-28 04:24:04] [INFO] Start-DockerProduction called with ForceRebuild: True, NoValidation: False, QuickStart: False, SkipVueBuild: False
[2025-07-28 09:24:10] [INFO] Script started with Mode: Menu, QuickStart: False, SkipVue: False, MenuOption: 0
[2025-07-28 09:24:40] [INFO] Start-DockerProduction called with ForceRebuild: False, NoValidation: False, QuickStart: False, SkipVueBuild: False
[2025-07-28 09:25:26] [INFO] Start-DockerProduction called with ForceRebuild: False, NoValidation: False, QuickStart: False, SkipVueBuild: False
[2025-07-28 09:26:45] [INFO] Script started with Mode: Menu, QuickStart: False, SkipVue: False, MenuOption: 0
[2025-07-28 09:27:14] [INFO] Start-DockerProduction called with ForceRebuild: False, NoValidation: False, QuickStart: False, SkipVueBuild: False
[2025-07-28 09:27:58] [INFO] Start-DockerProduction called with ForceRebuild: False, NoValidation: False, QuickStart: False, SkipVueBuild: False
[2025-07-28 12:58:14] [INFO] Script started with Mode: Menu, QuickStart: False, SkipVue: False, MenuOption: 0
[2025-07-28 12:58:50] [INFO] Start-DockerProduction called with ForceRebuild: False, NoValidation: False, QuickStart: False, SkipVueBuild: False
[2025-07-28 12:59:45] [INFO] Start-DockerProduction called with ForceRebuild: False, NoValidation: False, QuickStart: False, SkipVueBuild: False
[2025-07-28 14:19:58] [INFO] Script started with Mode: Menu, QuickStart: False, SkipVue: False, MenuOption: 0
[2025-07-28 14:20:22] [INFO] Start-DockerProduction called with ForceRebuild: True, NoValidation: False, QuickStart: False, SkipVueBuild: False
[2025-07-28 14:31:27] [INFO] Start-DockerProduction called with ForceRebuild: False, NoValidation: False, QuickStart: False, SkipVueBuild: False
[2025-07-29 19:10:30] [INFO] Script started with Mode: Menu, QuickStart: False, SkipVue: False, MenuOption: 0
[2025-07-29 19:11:03] [INFO] Start-DockerProduction called with ForceRebuild: False, NoValidation: False, QuickStart: False, SkipVueBuild: False
[2025-07-29 19:11:51] [INFO] Start-DockerProduction called with ForceRebuild: False, NoValidation: False, QuickStart: False, SkipVueBuild: False
[2025-07-29 19:17:04] [INFO] Script started with Mode: Menu, QuickStart: False, SkipVue: False, MenuOption: 0
[2025-07-29 19:17:27] [INFO] Start-DockerProduction called with ForceRebuild: False, NoValidation: False, QuickStart: False, SkipVueBuild: False
[2025-07-29 19:18:10] [INFO] Start-DockerProduction called with ForceRebuild: False, NoValidation: False, QuickStart: False, SkipVueBuild: False
[2025-07-29 21:29:25] [INFO] Script started with Mode: Menu, QuickStart: False, SkipVue: False, MenuOption: 0
[2025-07-29 21:29:48] [INFO] Start-DockerProduction called with ForceRebuild: True, NoValidation: False, QuickStart: False, SkipVueBuild: False
[2025-07-29 21:42:26] [INFO] Start-DockerProduction called with ForceRebuild: False, NoValidation: False, QuickStart: False, SkipVueBuild: False
[2025-07-29 22:01:06] [INFO] Script started with Mode: Menu, QuickStart: False, SkipVue: False, MenuOption: 0
[2025-07-29 22:02:48] [INFO] Start-DockerProduction called with ForceRebuild: True, NoValidation: False, QuickStart: False, SkipVueBuild: False
[2025-07-30 12:50:43] [INFO] Script started with Mode: Menu, QuickStart: False, SkipVue: False, MenuOption: 0
[2025-07-30 12:51:17] [INFO] Start-DockerProduction called with ForceRebuild: False, NoValidation: False, QuickStart: False, SkipVueBuild: False
[2025-07-30 12:52:06] [INFO] Start-DockerProduction called with ForceRebuild: False, NoValidation: False, QuickStart: False, SkipVueBuild: False
[2025-07-30 17:52:50] [INFO] Script started with Mode: Menu, QuickStart: False, SkipVue: False, MenuOption: 0
[2025-07-30 18:25:40] [INFO] Script started with Mode: Menu, QuickStart: False, SkipVue: False, MenuOption: 0
[2025-07-30 18:26:29] [INFO] Start-DockerProduction called with ForceRebuild: False, NoValidation: False, QuickStart: False, SkipVueBuild: False
[2025-07-30 18:27:51] [INFO] Start-DockerProduction called with ForceRebuild: False, NoValidation: False, QuickStart: False, SkipVueBuild: False
[2025-07-31 00:28:05] [INFO] Script started with Mode: Menu, QuickStart: False, SkipVue: False, MenuOption: 0
[2025-07-31 00:31:49] [INFO] Start-DockerProduction called with ForceRebuild: False, NoValidation: False, QuickStart: False, SkipVueBuild: False
[2025-07-31 00:37:24] [INFO] Start-DockerProduction called with ForceRebuild: False, NoValidation: False, QuickStart: False, SkipVueBuild: False
[2025-07-31 00:41:48] [INFO] Script started with Mode: Menu, QuickStart: False, SkipVue: False, MenuOption: 0
[2025-07-31 00:42:46] [INFO] Script started with Mode: Menu, QuickStart: False, SkipVue: False, MenuOption: 0
[2025-07-31 00:44:41] [INFO] Start-DockerProduction called with ForceRebuild: False, NoValidation: False, QuickStart: False, SkipVueBuild: False
[2025-07-31 00:44:48] [INFO] Start-DockerProduction called with ForceRebuild: False, NoValidation: False, QuickStart: False, SkipVueBuild: False
[2025-07-31 03:47:55] [INFO] Script started with Mode: Production, QuickStart: False, SkipVue: False, MenuOption: 0
[2025-07-31 03:49:35] [INFO] Script started with Mode: Production, QuickStart: False, SkipVue: False, MenuOption: 0
[2025-07-31 03:52:54] [INFO] Script started with Mode: Production, QuickStart: False, SkipVue: False, MenuOption: 0
[2025-07-31 03:58:50] [INFO] Script started with Mode: Production, QuickStart: False, SkipVue: False, MenuOption: 0
[2025-07-31 04:40:47] [INFO] Script started with Mode: Menu, QuickStart: False, SkipVue: False, MenuOption: 0
[2025-07-31 04:42:56] [INFO] Script started with Mode: Menu, QuickStart: False, SkipVue: False, MenuOption: 0
[2025-07-31 04:45:51] [INFO] Script started with Mode: Menu, QuickStart: False, SkipVue: False, MenuOption: 0
[2025-07-31 04:47:14] [INFO] Script started with Mode: Menu, QuickStart: False, SkipVue: False, MenuOption: 0
[2025-07-31 04:52:32] [INFO] Script started with Mode: Test, QuickStart: False, SkipVue: False, MenuOption: 0
[2025-07-31 04:52:51] [INFO] Script started with Mode: Menu, QuickStart: False, SkipVue: False, MenuOption: 7
[2025-07-31 04:53:21] [INFO] Script started with Mode: Menu, QuickStart: False, SkipVue: False, MenuOption: 0
[2025-07-31 04:54:48] [INFO] Script started with Mode: Menu, QuickStart: False, SkipVue: False, MenuOption: 7
[2025-07-31 04:56:30] [INFO] Script started with Mode: Menu, QuickStart: False, SkipVue: False, MenuOption: 0
[2025-07-31 04:58:53] [INFO] Script started with Mode: Menu, QuickStart: False, SkipVue: False, MenuOption: 0
[2025-07-31 05:01:32] [INFO] Script started with Mode: Menu, QuickStart: False, SkipVue: False, MenuOption: 0
[2025-07-31 05:13:19] [INFO] Script started with Mode: Menu, QuickStart: False, SkipVue: False, MenuOption: 0
[2025-07-31 05:14:18] [INFO] Script started with Mode: Menu, QuickStart: False, SkipVue: False, MenuOption: 0
[2025-07-31 05:48:25] [INFO] Script started with Mode: Menu, QuickStart: False, SkipVue: False, MenuOption: 0
[2025-07-31 05:48:46] [INFO] Start-DockerProduction called with ForceRebuild: True, NoValidation: False, QuickStart: False, SkipVueBuild: False
[2025-07-31 05:49:44] [INFO] Script started with Mode: Menu, QuickStart: False, SkipVue: False, MenuOption: 0
[2025-07-31 05:50:08] [INFO] Start-DockerProduction called with ForceRebuild: False, NoValidation: False, QuickStart: False, SkipVueBuild: False
[2025-07-31 05:50:15] [INFO] Start-DockerProduction called with ForceRebuild: False, NoValidation: False, QuickStart: False, SkipVueBuild: False
[2025-07-31 06:39:33] [INFO] Script started with Mode: Menu, QuickStart: False, SkipVue: False, MenuOption: 0
[2025-07-31 06:40:17] [INFO] Script started with Mode: Menu, QuickStart: False, SkipVue: False, MenuOption: 0
[2025-07-31 06:40:40] [INFO] Start-DockerProduction called with ForceRebuild: True, NoValidation: False, QuickStart: False, SkipVueBuild: False
[2025-07-31 06:41:08] [INFO] Script started with Mode: Menu, QuickStart: False, SkipVue: False, MenuOption: 0
[2025-07-31 07:01:20] [INFO] Script started with Mode: Menu, QuickStart: False, SkipVue: False, MenuOption: 0
[2025-07-31 07:01:43] [INFO] Start-DockerProduction called with ForceRebuild: True, NoValidation: False, QuickStart: False, SkipVueBuild: False
[2025-07-31 12:01:34] [INFO] Script started with Mode: Menu, QuickStart: False, SkipVue: False, MenuOption: 0
[2025-07-31 12:02:06] [INFO] Start-DockerProduction called with ForceRebuild: False, NoValidation: False, QuickStart: False, SkipVueBuild: False
[2025-07-31 12:03:00] [INFO] Start-DockerProduction called with ForceRebuild: False, NoValidation: False, QuickStart: False, SkipVueBuild: False
[2025-07-31 14:35:04] [INFO] Script started with Mode: Menu, QuickStart: False, SkipVue: False, MenuOption: 0
[2025-07-31 14:35:27] [INFO] Start-DockerProduction called with ForceRebuild: True, NoValidation: False, QuickStart: False, SkipVueBuild: False
[2025-07-31 15:03:28] [INFO] Script started with Mode: Menu, QuickStart: False, SkipVue: False, MenuOption: 0
[2025-07-31 15:03:58] [INFO] Start-DockerProduction called with ForceRebuild: False, NoValidation: False, QuickStart: False, SkipVueBuild: False
[2025-07-31 15:05:38] [INFO] Start-DockerProduction called with ForceRebuild: False, NoValidation: False, QuickStart: False, SkipVueBuild: False
[2025-07-31 16:04:47] [INFO] Script started with Mode: Menu, QuickStart: False, SkipVue: False, MenuOption: 0
[2025-07-31 16:05:48] [INFO] Start-DockerProduction called with ForceRebuild: False, NoValidation: False, QuickStart: False, SkipVueBuild: False
[2025-07-31 16:06:45] [INFO] Start-DockerProduction called with ForceRebuild: False, NoValidation: False, QuickStart: False, SkipVueBuild: False
[2025-07-31 16:12:16] [INFO] Script started with Mode: Menu, QuickStart: False, SkipVue: False, MenuOption: 0
[2025-07-31 16:12:55] [INFO] Start-DockerProduction called with ForceRebuild: False, NoValidation: False, QuickStart: False, SkipVueBuild: False
[2025-07-31 16:13:18] [ERROR] Error in Start-DockerProduction - Exception: Failed to start Docker containers (exit code: 1) - StackTrace: at Start-DockerProduction, D:\dev\casestrainer\cslaunch.ps1: line 1810
at Show-Menu, D:\dev\casestrainer\cslaunch.ps1: line 2257
at <ScriptBlock>, D:\dev\casestrainer\cslaunch.ps1: line 2826
at <ScriptBlock>, <No file>: line 1
[2025-07-31 16:13:18] [INFO] Start-DockerProduction called with ForceRebuild: False, NoValidation: False, QuickStart: False, SkipVueBuild: False
[2025-07-31 16:16:05] [INFO] Script started with Mode: Menu, QuickStart: False, SkipVue: False, MenuOption: 0
[2025-07-31 16:17:02] [INFO] Start-DockerProduction called with ForceRebuild: False, NoValidation: False, QuickStart: False, SkipVueBuild: False
[2025-07-31 16:17:16] [ERROR] Error in Start-DockerProduction - Exception: Failed to start Docker containers (exit code: 1) - StackTrace: at Start-DockerProduction, D:\dev\casestrainer\cslaunch.ps1: line 1810
at Show-Menu, D:\dev\casestrainer\cslaunch.ps1: line 2257
at <ScriptBlock>, D:\dev\casestrainer\cslaunch.ps1: line 2826
at <ScriptBlock>, <No file>: line 1
[2025-07-31 16:17:16] [INFO] Start-DockerProduction called with ForceRebuild: False, NoValidation: False, QuickStart: False, SkipVueBuild: False
[2025-07-31 16:19:27] [INFO] Script started with Mode: Menu, QuickStart: False, SkipVue: False, MenuOption: 0
[2025-07-31 16:20:03] [INFO] Start-DockerProduction called with ForceRebuild: False, NoValidation: False, QuickStart: False, SkipVueBuild: False
[2025-07-31 16:51:22] [INFO] Script started with Mode: Menu, QuickStart: False, SkipVue: False, MenuOption: 0
[2025-07-31 16:51:52] [INFO] Start-DockerProduction called with ForceRebuild: False, NoValidation: False, QuickStart: False, SkipVueBuild: False
[2025-07-31 16:53:00] [INFO] Start-DockerProduction called with ForceRebuild: False, NoValidation: False, QuickStart: False, SkipVueBuild: False
[2025-07-31 18:00:15] [INFO] Script started with Mode: Menu, QuickStart: False, SkipVue: False, MenuOption: 0
[2025-07-31 18:02:10] [INFO] Script started with Mode: Menu, QuickStart: False, SkipVue: False, MenuOption: 2
[2025-07-31 18:02:30] [INFO] Start-DockerProduction called with ForceRebuild: True, NoValidation: False, QuickStart: False, SkipVueBuild: False
[2025-07-31 19:48:17] [INFO] Script started with Mode: Menu, QuickStart: False, SkipVue: False, MenuOption: 0
[2025-07-31 19:51:37] [INFO] Start-DockerProduction called with ForceRebuild: False, NoValidation: False, QuickStart: False, SkipVueBuild: False
[2025-07-31 19:52:46] [INFO] Script started with Mode: Menu, QuickStart: False, SkipVue: False, MenuOption: 0
[2025-07-31 19:55:14] [INFO] Script started with Mode: Menu, QuickStart: False, SkipVue: False, MenuOption: 0
[2025-07-31 19:55:49] [INFO] Start-DockerProduction called with ForceRebuild: False, NoValidation: False, QuickStart: False, SkipVueBuild: False
[2025-07-31 19:58:37] [INFO] Script started with Mode: Menu, QuickStart: False, SkipVue: False, MenuOption: 0
[2025-07-31 20:05:45] [INFO] Start-DockerProduction called with ForceRebuild: False, NoValidation: False, QuickStart: False, SkipVueBuild: False
[2025-07-31 20:10:10] [INFO] Start-DockerProduction called with ForceRebuild: False, NoValidation: False, QuickStart: False, SkipVueBuild: False
[2025-07-31 20:10:53] [INFO] Script started with Mode: Menu, QuickStart: False, SkipVue: False, MenuOption: 0
[2025-07-31 20:11:10] [INFO] Script started with Mode: Menu, QuickStart: False, SkipVue: False, MenuOption: 0
[2025-07-31 20:11:30] [INFO] Start-DockerProduction called with ForceRebuild: False, NoValidation: False, QuickStart: False, SkipVueBuild: False
[2025-07-31 20:11:35] [INFO] Start-DockerProduction called with ForceRebuild: False, NoValidation: False, QuickStart: False, SkipVueBuild: False
[2025-07-31 20:11:38] [ERROR] Error in Start-DockerProduction - Exception: Failed to start Docker containers (exit code: 1) - StackTrace: at Start-DockerProduction, D:\dev\casestrainer\cslaunch.ps1: line 1810
at Show-Menu, D:\dev\casestrainer\cslaunch.ps1: line 2257
at <ScriptBlock>, D:\dev\casestrainer\cslaunch.ps1: line 2826
[2025-07-31 20:11:38] [INFO] Start-DockerProduction called with ForceRebuild: False, NoValidation: False, QuickStart: False, SkipVueBuild: False
[2025-07-31 20:11:41] [ERROR] Error in Start-DockerProduction - Exception: Failed to start Docker containers (exit code: 1) - StackTrace: at Start-DockerProduction, D:\dev\casestrainer\cslaunch.ps1: line 1810
at Show-Menu, D:\dev\casestrainer\cslaunch.ps1: line 2257
at <ScriptBlock>, D:\dev\casestrainer\cslaunch.ps1: line 2826
[2025-07-31 20:11:41] [INFO] Start-DockerProduction called with ForceRebuild: False, NoValidation: False, QuickStart: False, SkipVueBuild: False
[2025-07-31 20:11:45] [ERROR] Error in Start-DockerProduction - Exception: Failed to start Docker containers (exit code: 1) - StackTrace: at Start-DockerProduction, D:\dev\casestrainer\cslaunch.ps1: line 1810
at Show-Menu, D:\dev\casestrainer\cslaunch.ps1: line 2260
at <ScriptBlock>, D:\dev\casestrainer\cslaunch.ps1: line 2826
[2025-07-31 20:53:18] [INFO] Script started with Mode: Menu, QuickStart: False, SkipVue: False, MenuOption: 0
[2025-07-31 20:53:51] [INFO] Start-DockerProduction called with ForceRebuild: False, NoValidation: False, QuickStart: False, SkipVueBuild: False
[2025-07-31 21:03:53] [INFO] Script started with Mode: Menu, QuickStart: False, SkipVue: False, MenuOption: 0
[2025-07-31 21:04:26] [INFO] Start-DockerProduction called with ForceRebuild: False, NoValidation: False, QuickStart: False, SkipVueBuild: False
[2025-07-31 21:04:42] [INFO] Script started with Mode: Menu, QuickStart: False, SkipVue: False, MenuOption: 0
[2025-07-31 21:04:58] [INFO] Script started with Mode: Production, QuickStart: False, SkipVue: False, MenuOption: 0
[2025-07-31 21:04:58] [INFO] Start-DockerProduction called with ForceRebuild: False, NoValidation: False, QuickStart: False, SkipVueBuild: False
[2025-07-31 21:05:07] [INFO] Start-DockerProduction called with ForceRebuild: False, NoValidation: False, QuickStart: False, SkipVueBuild: False
[2025-07-31 21:05:10] [ERROR] Error in Start-DockerProduction - Exception: Failed to start Docker containers (exit code: 1) - StackTrace: at Start-DockerProduction, D:\dev\casestrainer\cslaunch.ps1: line 1810
at <ScriptBlock>, D:\dev\casestrainer\cslaunch.ps1: line 2738
at <ScriptBlock>, <No file>: line 1
[2025-07-31 21:14:43] [INFO] Script started with Mode: Menu, QuickStart: False, SkipVue: False, MenuOption: 0
[2025-07-31 21:15:08] [INFO] Start-DockerProduction called with ForceRebuild: False, NoValidation: False, QuickStart: False, SkipVueBuild: False
[2025-07-31 21:19:06] [INFO] Script started with Mode: Menu, QuickStart: False, SkipVue: False, MenuOption: 0
[2025-07-31 21:19:42] [INFO] Start-DockerProduction called with ForceRebuild: False, NoValidation: False, QuickStart: False, SkipVueBuild: False
[2025-07-31 21:19:47] [INFO] Start-DockerProduction called with ForceRebuild: False, NoValidation: False, QuickStart: False, SkipVueBuild: False
[2025-07-31 21:19:50] [ERROR] Error in Start-DockerProduction - Exception: Failed to start Docker containers (exit code: 1) - StackTrace: at Start-DockerProduction, D:\dev\casestrainer\cslaunch.ps1: line 1815
at Show-Menu, D:\dev\casestrainer\cslaunch.ps1: line 2262
at <ScriptBlock>, D:\dev\casestrainer\cslaunch.ps1: line 2831
[2025-07-31 21:19:50] [INFO] Start-DockerProduction called with ForceRebuild: False, NoValidation: False, QuickStart: False, SkipVueBuild: False
[2025-07-31 21:19:53] [ERROR] Error in Start-DockerProduction - Exception: Failed to start Docker containers (exit code: 1) - StackTrace: at Start-DockerProduction, D:\dev\casestrainer\cslaunch.ps1: line 1815
at Show-Menu, D:\dev\casestrainer\cslaunch.ps1: line 2265
at <ScriptBlock>, D:\dev\casestrainer\cslaunch.ps1: line 2831
[2025-07-31 21:20:19] [INFO] Script started with Mode: Menu, QuickStart: False, SkipVue: False, MenuOption: 0
[2025-07-31 21:22:23] [INFO] Script started with Mode: Menu, QuickStart: False, SkipVue: False, MenuOption: 0
[2025-07-31 21:22:48] [INFO] Start-DockerProduction called with ForceRebuild: False, NoValidation: False, QuickStart: False, SkipVueBuild: False
[2025-07-31 21:23:44] [INFO] Start-DockerProduction called with ForceRebuild: False, NoValidation: False, QuickStart: False, SkipVueBuild: False
[2025-07-31 21:25:36] [INFO] Script started with Mode: Production, QuickStart: False, SkipVue: False, MenuOption: 0
[2025-07-31 21:25:36] [INFO] Start-DockerProduction called with ForceRebuild: True, NoValidation: False, QuickStart: False, SkipVueBuild: False
[2025-07-31 21:42:12] [INFO] Script started with Mode: Menu, QuickStart: False, SkipVue: False, MenuOption: 0
[2025-07-31 21:42:43] [INFO] Start-DockerProduction called with ForceRebuild: False, NoValidation: False, QuickStart: False, SkipVueBuild: False
[2025-07-31 21:43:44] [INFO] Start-DockerProduction called with ForceRebuild: False, NoValidation: False, QuickStart: False, SkipVueBuild: False
[2025-07-31 21:53:55] [INFO] Script started with Mode: Menu, QuickStart: False, SkipVue: False, MenuOption: 0
[2025-07-31 21:54:20] [INFO] Start-DockerProduction called with ForceRebuild: False, NoValidation: False, QuickStart: False, SkipVueBuild: False
[2025-07-31 21:55:20] [INFO] Start-DockerProduction called with ForceRebuild: False, NoValidation: False, QuickStart: False, SkipVueBuild: False
[2025-07-31 21:57:46] [INFO] Script started with Mode: Menu, QuickStart: False, SkipVue: False, MenuOption: 0
[2025-07-31 21:58:06] [INFO] Start-DockerProduction called with ForceRebuild: True, NoValidation: False, QuickStart: False, SkipVueBuild: False
[2025-07-31 22:07:06] [INFO] Start-DockerProduction called with ForceRebuild: False, NoValidation: False, QuickStart: False, SkipVueBuild: False
[2025-07-31 22:28:25] [INFO] Script started with Mode: Menu, QuickStart: False, SkipVue: False, MenuOption: 0
[2025-07-31 22:28:47] [INFO] Start-DockerProduction called with ForceRebuild: True, NoValidation: False, QuickStart: False, SkipVueBuild: False
[2025-07-31 22:37:43] [INFO] Start-DockerProduction called with ForceRebuild: False, NoValidation: False, QuickStart: False, SkipVueBuild: False
[2025-07-31 22:46:14] [INFO] Script started with Mode: Menu, QuickStart: False, SkipVue: False, MenuOption: 0
[2025-07-31 22:46:36] [INFO] Start-DockerProduction called with ForceRebuild: True, NoValidation: False, QuickStart: False, SkipVueBuild: False
[2025-07-31 22:55:13] [INFO] Start-DockerProduction called with ForceRebuild: False, NoValidation: False, QuickStart: False, SkipVueBuild: False
[2025-07-31 22:56:02] [INFO] Script started with Mode: Menu, QuickStart: False, SkipVue: False, MenuOption: 0
[2025-07-31 23:00:12] [INFO] Script started with Mode: Menu, QuickStart: False, SkipVue: False, MenuOption: 0
[2025-07-31 23:00:35] [INFO] Start-DockerProduction called with ForceRebuild: True, NoValidation: False, QuickStart: False, SkipVueBuild: False
[2025-07-31 23:08:47] [INFO] Start-DockerProduction called with ForceRebuild: False, NoValidation: False, QuickStart: False, SkipVueBuild: False
[2025-07-31 23:22:13] [INFO] Script started with Mode: Production, QuickStart: False, SkipVue: False, MenuOption: 0
[2025-07-31 23:22:13] [INFO] Start-DockerProduction called with ForceRebuild: False, NoValidation: False, QuickStart: False, SkipVueBuild: False
[2025-08-01 01:03:12] [INFO] Script started with Mode: Menu, QuickStart: False, SkipVue: False, MenuOption: 0
[2025-08-01 01:03:40] [INFO] Start-DockerProduction called with ForceRebuild: False, NoValidation: False, QuickStart: False, SkipVueBuild: False
[2025-08-01 01:04:40] [INFO] Start-DockerProduction called with ForceRebuild: False, NoValidation: False, QuickStart: False, SkipVueBuild: False
[2025-08-01 01:22:45] [INFO] Script started with Mode: Menu, QuickStart: False, SkipVue: False, MenuOption: 0
[2025-08-01 01:23:12] [INFO] Start-DockerProduction called with ForceRebuild: False, NoValidation: False, QuickStart: False, SkipVueBuild: False
[2025-08-01 01:24:11] [INFO] Start-DockerProduction called with ForceRebuild: False, NoValidation: False, QuickStart: False, SkipVueBuild: False
[2025-08-01 01:35:42] [INFO] Script started with Mode: Menu, QuickStart: False, SkipVue: False, MenuOption: 0
[2025-08-01 01:36:11] [INFO] Start-DockerProduction called with ForceRebuild: False, NoValidation: False, QuickStart: False, SkipVueBuild: False
[2025-08-01 01:37:00] [INFO] Start-DockerProduction called with ForceRebuild: False, NoValidation: False, QuickStart: False, SkipVueBuild: False
[2025-08-01 01:48:40] [INFO] Script started with Mode: Menu, QuickStart: False, SkipVue: False, MenuOption: 0
[2025-08-01 01:49:13] [INFO] Start-DockerProduction called with ForceRebuild: False, NoValidation: False, QuickStart: False, SkipVueBuild: False
[2025-08-01 01:49:51] [INFO] Start-DockerProduction called with ForceRebuild: False, NoValidation: False, QuickStart: False, SkipVueBuild: False
[2025-08-01 01:55:45] [INFO] Script started with Mode: Menu, QuickStart: False, SkipVue: False, MenuOption: 0
[2025-08-01 01:56:13] [INFO] Start-DockerProduction called with ForceRebuild: False, NoValidation: False, QuickStart: False, SkipVueBuild: False
[2025-08-01 01:56:50] [INFO] Start-DockerProduction called with ForceRebuild: False, NoValidation: False, QuickStart: False, SkipVueBuild: False
[2025-08-01 09:53:08] [INFO] Script started with Mode: Menu, QuickStart: False, SkipVue: False, MenuOption: 0
[2025-08-01 09:53:37] [INFO] Start-DockerProduction called with ForceRebuild: False, NoValidation: False, QuickStart: False, SkipVueBuild: False
[2025-08-01 09:54:17] [INFO] Start-DockerProduction called with ForceRebuild: False, NoValidation: False, QuickStart: False, SkipVueBuild: False
[2025-08-01 10:32:23] [INFO] Script started with Mode: Menu, QuickStart: False, SkipVue: False, MenuOption: 0
[2025-08-01 11:28:57] [INFO] Script started with Mode: Menu, QuickStart: False, SkipVue: False, MenuOption: 0
[2025-08-01 11:29:26] [INFO] Start-DockerProduction called with ForceRebuild: False, NoValidation: False, QuickStart: False, SkipVueBuild: False
[2025-08-01 11:30:05] [INFO] Start-DockerProduction called with ForceRebuild: False, NoValidation: False, QuickStart: False, SkipVueBuild: False
[2025-08-01 12:28:39] [INFO] Script started with Mode: Menu, QuickStart: False, SkipVue: False, MenuOption: 0
[2025-08-01 12:29:10] [INFO] Start-DockerProduction called with ForceRebuild: False, NoValidation: False, QuickStart: False, SkipVueBuild: False
[2025-08-01 12:29:50] [INFO] Start-DockerProduction called with ForceRebuild: False, NoValidation: False, QuickStart: False, SkipVueBuild: False
[2025-08-01 13:57:51] [INFO] Script started with Mode: Menu, QuickStart: False, SkipVue: False, MenuOption: 0
[2025-08-01 13:58:26] [INFO] Start-DockerProduction called with ForceRebuild: False, NoValidation: False, QuickStart: False, SkipVueBuild: False
[2025-08-01 14:03:53] [INFO] Script started with Mode: Menu, QuickStart: False, SkipVue: False, MenuOption: 0
[2025-08-01 14:04:18] [INFO] Start-DockerProduction called with ForceRebuild: False, NoValidation: False, QuickStart: False, SkipVueBuild: False
[2025-08-01 14:11:38] [INFO] Script started with Mode: Menu, QuickStart: False, SkipVue: False, MenuOption: 0
[2025-08-01 14:12:03] [INFO] Start-DockerProduction called with ForceRebuild: False, NoValidation: False, QuickStart: False, SkipVueBuild: False
[2025-08-01 14:19:04] [INFO] Script started with Mode: Menu, QuickStart: False, SkipVue: False, MenuOption: 0
[2025-08-01 14:19:35] [INFO] Start-DockerProduction called with ForceRebuild: False, NoValidation: False, QuickStart: False, SkipVueBuild: False
[2025-08-01 14:20:30] [INFO] Start-DockerProduction called with ForceRebuild: False, NoValidation: False, QuickStart: False, SkipVueBuild: False
[2025-08-01 14:33:13] [INFO] Script started with Mode: Menu, QuickStart: False, SkipVue: False, MenuOption: 0
[2025-08-01 14:36:09] [INFO] Start-DockerProduction called with ForceRebuild: False, NoValidation: False, QuickStart: False, SkipVueBuild: False
[2025-08-01 14:36:48] [INFO] Start-DockerProduction called with ForceRebuild: False, NoValidation: False, QuickStart: False, SkipVueBuild: False
[2025-08-01 15:24:11] [INFO] Script started with Mode: Menu, QuickStart: False, SkipVue: False, MenuOption: 0
[2025-08-01 15:24:42] [INFO] Start-DockerProduction called with ForceRebuild: False, NoValidation: False, QuickStart: False, SkipVueBuild: False
[2025-08-01 15:25:27] [INFO] Start-DockerProduction called with ForceRebuild: False, NoValidation: False, QuickStart: False, SkipVueBuild: False
[2025-08-01 15:35:04] [INFO] Script started with Mode: Menu, QuickStart: False, SkipVue: False, MenuOption: 0
[2025-08-01 15:35:44] [INFO] Start-DockerProduction called with ForceRebuild: False, NoValidation: False, QuickStart: False, SkipVueBuild: False
[2025-08-01 15:36:23] [INFO] Start-DockerProduction called with ForceRebuild: False, NoValidation: False, QuickStart: False, SkipVueBuild: False
[2025-08-01 16:03:57] [INFO] Script started with Mode: Menu, QuickStart: False, SkipVue: False, MenuOption: 0
[2025-08-01 16:04:24] [INFO] Start-DockerProduction called with ForceRebuild: False, NoValidation: False, QuickStart: False, SkipVueBuild: False
[2025-08-01 16:06:06] [INFO] Start-DockerProduction called with ForceRebuild: False, NoValidation: False, QuickStart: False, SkipVueBuild: False
[2025-08-01 16:35:38] [INFO] Script started with Mode: Menu, QuickStart: False, SkipVue: False, MenuOption: 0
[2025-08-01 16:43:15] [INFO] Script started with Mode: Menu, QuickStart: False, SkipVue: False, MenuOption: 0
[2025-08-01 16:43:46] [INFO] Start-DockerProduction called with ForceRebuild: False, NoValidation: False, QuickStart: False, SkipVueBuild: False
[2025-08-01 16:45:26] [INFO] Start-DockerProduction called with ForceRebuild: False, NoValidation: False, QuickStart: False, SkipVueBuild: False
[2025-08-01 17:05:41] [INFO] Script started with Mode: Menu, QuickStart: False, SkipVue: False, MenuOption: 0
[2025-08-01 17:06:13] [INFO] Start-DockerProduction called with ForceRebuild: False, NoValidation: False, QuickStart: False, SkipVueBuild: False
[2025-08-01 17:07:24] [INFO] Start-DockerProduction called with ForceRebuild: False, NoValidation: False, QuickStart: False, SkipVueBuild: False
[2025-08-01 17:12:21] [INFO] Script started with Mode: Menu, QuickStart: False, SkipVue: False, MenuOption: 0
[2025-08-01 17:12:51] [INFO] Start-DockerProduction called with ForceRebuild: False, NoValidation: False, QuickStart: False, SkipVueBuild: False
[2025-08-01 17:13:25] [INFO] Script started with Mode: Menu, QuickStart: False, SkipVue: False, MenuOption: 0
[2025-08-01 17:13:51] [INFO] Start-DockerProduction called with ForceRebuild: False, NoValidation: False, QuickStart: False, SkipVueBuild: False
[2025-08-01 17:13:56] [INFO] Start-DockerProduction called with ForceRebuild: False, NoValidation: False, QuickStart: False, SkipVueBuild: False
[2025-08-01 17:14:54] [INFO] Start-DockerProduction called with ForceRebuild: False, NoValidation: False, QuickStart: False, SkipVueBuild: False
[2025-08-01 17:49:00] [INFO] Script started with Mode: Menu, QuickStart: False, SkipVue: False, MenuOption: 0
[2025-08-01 17:49:22] [INFO] Start-DockerProduction called with ForceRebuild: False, NoValidation: False, QuickStart: False, SkipVueBuild: False
[2025-08-01 17:50:13] [INFO] Start-DockerProduction called with ForceRebuild: False, NoValidation: False, QuickStart: False, SkipVueBuild: False
[2025-08-01 23:57:21] [INFO] Script started with Mode: Menu, QuickStart: False, SkipVue: False, MenuOption: 0
[2025-08-01 23:57:54] [INFO] Start-DockerProduction called with ForceRebuild: False, NoValidation: False, QuickStart: False, SkipVueBuild: False
[2025-08-01 23:59:11] [INFO] Start-DockerProduction called with ForceRebuild: False, NoValidation: False, QuickStart: False, SkipVueBuild: False
[2025-08-02 03:41:30] [INFO] Script started with Mode: Menu, QuickStart: False, SkipVue: False, MenuOption: 0
[2025-08-02 03:41:55] [INFO] Start-DockerProduction called with ForceRebuild: True, NoValidation: False, QuickStart: False, SkipVueBuild: False
[2025-08-02 03:51:37] [INFO] Start-DockerProduction called with ForceRebuild: False, NoValidation: False, QuickStart: False, SkipVueBuild: False
[2025-08-02 11:00:01] [INFO] Script started with Mode: Menu, QuickStart: False, SkipVue: False, MenuOption: 0
[2025-08-02 11:05:28] [INFO] Start-DockerProduction called with ForceRebuild: False, NoValidation: False, QuickStart: False, SkipVueBuild: False
[2025-08-02 11:06:19] [INFO] Start-DockerProduction called with ForceRebuild: False, NoValidation: False, QuickStart: False, SkipVueBuild: False
[2025-08-02 11:14:07] [INFO] Script started with Mode: Menu, QuickStart: False, SkipVue: False, MenuOption: 0
[2025-08-02 11:14:34] [INFO] Script started with Mode: Menu, QuickStart: True, SkipVue: False, MenuOption: 0
[2025-08-02 11:15:17] [INFO] Script started with Mode: Menu, QuickStart: False, SkipVue: False, MenuOption: 1
[2025-08-02 11:15:17] [INFO] Start-DockerProduction called with ForceRebuild: False, NoValidation: False, QuickStart: False, SkipVueBuild: False
[2025-08-02 11:25:12] [INFO] Script started with Mode: Menu, QuickStart: False, SkipVue: False, MenuOption: 0
[2025-08-02 11:25:36] [INFO] Start-DockerProduction called with ForceRebuild: False, NoValidation: False, QuickStart: False, SkipVueBuild: False
[2025-08-02 11:26:20] [INFO] Start-DockerProduction called with ForceRebuild: False, NoValidation: False, QuickStart: False, SkipVueBuild: False
[2025-08-02 11:36:17] [INFO] Script started with Mode: Menu, QuickStart: False, SkipVue: False, MenuOption: 1
[2025-08-02 11:36:17] [INFO] Start-DockerProduction called with ForceRebuild: False, NoValidation: False, QuickStart: False, SkipVueBuild: False
[2025-08-02 11:48:51] [INFO] Script started with Mode: Menu, QuickStart: False, SkipVue: False, MenuOption: 2
[2025-08-02 11:49:11] [INFO] Start-DockerProduction called with ForceRebuild: True, NoValidation: False, QuickStart: False, SkipVueBuild: False
[2025-08-02 11:59:21] [INFO] Script started with Mode: Menu, QuickStart: False, SkipVue: False, MenuOption: 2
[2025-08-02 11:59:41] [INFO] Start-DockerProduction called with ForceRebuild: True, NoValidation: False, QuickStart: False, SkipVueBuild: False
[2025-08-02 12:02:14] [INFO] Script started with Mode: Menu, QuickStart: False, SkipVue: False, MenuOption: 0
[2025-08-02 12:03:41] [INFO] Start-DockerProduction called with ForceRebuild: False, NoValidation: False, QuickStart: False, SkipVueBuild: False
[2025-08-02 12:08:05] [INFO] Script started with Mode: Menu, QuickStart: False, SkipVue: False, MenuOption: 0
[2025-08-02 12:08:35] [INFO] Start-DockerProduction called with ForceRebuild: False, NoValidation: False, QuickStart: False, SkipVueBuild: False
[2025-08-02 12:36:55] [INFO] Script started with Mode: Menu, QuickStart: False, SkipVue: False, MenuOption: 0
[2025-08-02 12:37:27] [INFO] Start-DockerProduction called with ForceRebuild: False, NoValidation: False, QuickStart: False, SkipVueBuild: False
[2025-08-02 12:51:49] [INFO] Script started with Mode: Menu, QuickStart: False, SkipVue: False, MenuOption: 0
[2025-08-02 12:52:11] [INFO] Start-DockerProduction called with ForceRebuild: True, NoValidation: False, QuickStart: False, SkipVueBuild: False
[2025-08-02 20:16:01] [INFO] Script started with Mode: Menu, QuickStart: False, SkipVue: False, MenuOption: 0
[2025-08-02 20:16:21] [INFO] Start-DockerProduction called with ForceRebuild: True, NoValidation: False, QuickStart: False, SkipVueBuild: False
[2025-08-02 20:47:12] [INFO] Script started with Mode: Menu, QuickStart: False, SkipVue: False, MenuOption: 0
[2025-08-02 20:47:43] [INFO] Start-DockerProduction called with ForceRebuild: False, NoValidation: False, QuickStart: False, SkipVueBuild: False
[2025-08-02 21:00:55] [INFO] Script started with Mode: Menu, QuickStart: False, SkipVue: False, MenuOption: 0
[2025-08-02 21:01:23] [INFO] Start-DockerProduction called with ForceRebuild: False, NoValidation: False, QuickStart: False, SkipVueBuild: False
[2025-08-02 21:07:24] [INFO] Script started with Mode: Menu, QuickStart: False, SkipVue: False, MenuOption: 0
[2025-08-02 21:07:53] [INFO] Start-DockerProduction called with ForceRebuild: False, NoValidation: False, QuickStart: False, SkipVueBuild: False
[2025-08-02 21:16:18] [INFO] Script started with Mode: Menu, QuickStart: False, SkipVue: False, MenuOption: 0
[2025-08-02 21:16:54] [INFO] Start-DockerProduction called with ForceRebuild: False, NoValidation: False, QuickStart: False, SkipVueBuild: False
[2025-08-02 21:30:39] [INFO] Script started with Mode: Menu, QuickStart: False, SkipVue: False, MenuOption: 0
[2025-08-02 21:31:05] [INFO] Start-DockerProduction called with ForceRebuild: False, NoValidation: False, QuickStart: False, SkipVueBuild: False
[2025-08-02 21:40:29] [INFO] Script started with Mode: Menu, QuickStart: False, SkipVue: False, MenuOption: 0
[2025-08-02 21:40:54] [INFO] Start-DockerProduction called with ForceRebuild: True, NoValidation: False, QuickStart: False, SkipVueBuild: False
[2025-08-02 22:11:45] [INFO] Script started with Mode: Menu, QuickStart: False, SkipVue: False, MenuOption: 0
[2025-08-02 22:12:05] [INFO] Start-DockerProduction called with ForceRebuild: True, NoValidation: False, QuickStart: False, SkipVueBuild: False
[2025-08-02 22:32:18] [INFO] Script started with Mode: Menu, QuickStart: False, SkipVue: False, MenuOption: 0
[2025-08-02 22:32:43] [INFO] Start-DockerProduction called with ForceRebuild: True, NoValidation: False, QuickStart: False, SkipVueBuild: False
[2025-08-02 22:40:28] [INFO] Script started with Mode: Menu, QuickStart: False, SkipVue: False, MenuOption: 0
[2025-08-02 23:02:18] [INFO] Script started with Mode: Menu, QuickStart: False, SkipVue: False, MenuOption: 0
[2025-08-02 23:02:40] [INFO] Start-DockerProduction called with ForceRebuild: True, NoValidation: False, QuickStart: False, SkipVueBuild: False
[2025-08-02 23:18:31] [INFO] Script started with Mode: Menu, QuickStart: False, SkipVue: False, MenuOption: 0
[2025-08-02 23:25:25] [INFO] Start-DockerProduction called with ForceRebuild: False, NoValidation: False, QuickStart: False, SkipVueBuild: False
[2025-08-02 23:30:01] [INFO] Script started with Mode: Menu, QuickStart: False, SkipVue: False, MenuOption: 0
[2025-08-02 23:30:35] [INFO] Start-DockerProduction called with ForceRebuild: False, NoValidation: False, QuickStart: False, SkipVueBuild: False
[2025-08-02 23:33:59] [INFO] Script started with Mode: Menu, QuickStart: False, SkipVue: False, MenuOption: 0
[2025-08-02 23:34:28] [INFO] Start-DockerProduction called with ForceRebuild: False, NoValidation: False, QuickStart: False, SkipVueBuild: False
[2025-08-02 23:38:22] [INFO] Script started with Mode: Menu, QuickStart: False, SkipVue: False, MenuOption: 0
[2025-08-02 23:38:44] [INFO] Start-DockerProduction called with ForceRebuild: False, NoValidation: False, QuickStart: False, SkipVueBuild: False
[2025-08-02 23:40:38] [INFO] Script started with Mode: Menu, QuickStart: False, SkipVue: False, MenuOption: 0
[2025-08-02 23:40:58] [INFO] Start-DockerProduction called with ForceRebuild: True, NoValidation: False, QuickStart: False, SkipVueBuild: False
[2025-08-03 00:24:43] [INFO] Script started with Mode: Menu, QuickStart: False, SkipVue: False, MenuOption: 0
[2025-08-03 00:32:20] [INFO] Script started with Mode: Menu, QuickStart: False, SkipVue: False, MenuOption: 0
[2025-08-03 00:33:00] [ERROR] Fatal error in main execution - Exception: The term '//' is not recognized as the name of a cmdlet, function, script file, or operable program. Check the spelling of the name, or if a path was included, verify that the path is correct and try again. - StackTrace: at Show-Menu, D:\dev\casestrainer\cslaunch.ps1: line 2387
at <ScriptBlock>, D:\dev\casestrainer\cslaunch.ps1: line 2768
at <ScriptBlock>, <No file>: line 1
[2025-08-03 00:37:07] [INFO] Script started with Mode: Menu, QuickStart: False, SkipVue: False, MenuOption: 0
[2025-08-03 01:07:50] [INFO] Script started with Mode: Menu, QuickStart: False, SkipVue: False, MenuOption: 0
[2025-08-03 01:18:07] [INFO] Script started with Mode: Menu, QuickStart: False, SkipVue: False, MenuOption: 0
[2025-08-03 01:19:19] [INFO] Script started with Mode: Menu, QuickStart: False, SkipVue: False, MenuOption: 3
[2025-08-03 01:27:55] [ERROR] Fatal error in main execution - Exception: The term '//' is not recognized as the name of a cmdlet, function, script file, or operable program. Check the spelling of the name, or if a path was included, verify that the path is correct and try again. - StackTrace: at <ScriptBlock>, D:\dev\casestrainer\cslaunch.ps1: line 2649
at <ScriptBlock>, <No file>: line 1
[2025-08-03 01:30:31] [INFO] Script started with Mode: Menu, QuickStart: False, SkipVue: False, MenuOption: 3
[2025-08-03 01:38:50] [ERROR] Fatal error in main execution - Exception: The term '//' is not recognized as the name of a cmdlet, function, script file, or operable program. Check the spelling of the name, or if a path was included, verify that the path is correct and try again. - StackTrace: at <ScriptBlock>, D:\dev\casestrainer\cslaunch.ps1: line 2649
at <ScriptBlock>, <No file>: line 1
[2025-08-03 01:43:03] [INFO] Script started with Mode: Menu, QuickStart: False, SkipVue: False, MenuOption: 3
[2025-08-03 01:51:31] [ERROR] Fatal error in main execution - Exception: The term '//' is not recognized as the name of a cmdlet, function, script file, or operable program. Check the spelling of the name, or if a path was included, verify that the path is correct and try again. - StackTrace: at <ScriptBlock>, D:\dev\casestrainer\cslaunch.ps1: line 2649
at <ScriptBlock>, <No file>: line 1
[2025-08-03 02:04:23] [INFO] Script started with Mode: Menu, QuickStart: False, SkipVue: False, MenuOption: 2
[2025-08-03 02:28:48] [INFO] Script started with Mode: Menu, QuickStart: False, SkipVue: False, MenuOption: 2
[2025-08-03 12:22:03] [INFO] Script started with Mode: Menu, QuickStart: False, SkipVue: False, MenuOption: 0
[2025-08-03 12:23:48] [INFO] Script started with Mode: Menu, QuickStart: False, SkipVue: False, MenuOption: 0
[2025-08-03 12:28:23] [INFO] Script started with Mode: Menu, QuickStart: False, SkipVue: False, MenuOption: 0
[2025-08-03 17:37:07] [INFO] Script started with Mode: Menu, QuickStart: False, SkipVue: False, MenuOption: 0
[2025-08-03 21:35:13] [INFO] Script started with Mode: Menu, QuickStart: False, SkipVue: False, MenuOption: 0
[2025-08-03 21:44:42] [INFO] Script started with Mode: Menu, QuickStart: False, SkipVue: False, MenuOption: 0
[2025-08-03 21:49:07] [INFO] Script started with Mode: Menu, QuickStart: False, SkipVue: False, MenuOption: 0
[2025-08-03 21:59:40] [INFO] Script started with Mode: Menu, QuickStart: False, SkipVue: False, MenuOption: 0
[2025-08-04 00:19:21] [INFO] Script started with Mode: Menu, QuickStart: False, SkipVue: False, MenuOption: 0
[2025-08-04 22:04:37] [INFO] Script started with Mode: Menu, QuickStart: False, SkipVue: False, MenuOption: 0
[2025-08-04 23:07:35] [INFO] Script started with Mode: Menu, QuickStart: False, SkipVue: False, MenuOption: 0
[2025-08-04 23:33:08] [INFO] Script started with Mode: Menu, QuickStart: False, SkipVue: False, MenuOption: 0
[2025-08-05 12:30:25] [INFO] Script started with Mode: Menu, QuickStart: False, SkipVue: False, MenuOption: 0
[2025-08-05 12:46:58] [INFO] Script started with Mode: Menu, QuickStart: False, SkipVue: False, MenuOption: 2
[2025-08-05 13:12:30] [INFO] Script started with Mode: Menu, QuickStart: False, SkipVue: False, MenuOption: 2
[2025-08-05 13:22:16] [INFO] Script started with Mode: Menu, QuickStart: False, SkipVue: False, MenuOption: 0
[2025-08-06 09:24:25] [INFO] Script started with Mode: Menu, QuickStart: False, SkipVue: False, MenuOption: 0
[2025-08-06 09:27:52] [INFO] Script started with Mode: Menu, QuickStart: False, SkipVue: False, MenuOption: 0
[2025-08-06 09:52:06] [INFO] Script started with Mode: Menu, QuickStart: False, SkipVue: False, MenuOption: 0
[2025-08-06 13:28:05] [INFO] Start-DockerProduction called with ForceRebuild: False, NoValidation: False, QuickStart: False, SkipVueBuild: False
