[2025-08-19 15:51:37] [RESTART] === DOCKER RESTART INITIATED ===
[2025-08-19 15:51:37] [RESTART] Restart ID: f944bb44
[2025-08-19 15:51:37] [RESTART] Reason: Health check failed: Docker CLI unresponsive
[2025-08-19 15:51:37] [RESTART] Initiated by: Docker Health Check (Auto-Recovery)
[2025-08-29 14:27:26] [RESTART] === DOCKER RESTART INITIATED ===
[2025-08-29 14:27:26] [RESTART] Restart ID: d0dff10b
[2025-08-29 14:27:26] [RESTART] Reason: Health check failed: No Docker processes running, Docker API not accessible
[2025-08-29 14:27:26] [RESTART] Initiated by: Docker Health Check (Auto-Recovery)
[2025-08-29 14:28:27] [SUCCESS] === DOCKER RESTART SUCCESSFUL ===
[2025-08-29 14:28:27] [SUCCESS] Restart ID: d0dff10b
[2025-08-29 14:28:27] [SUCCESS] Recovery completed in 55 seconds
[2025-08-29 14:28:27] [SUCCESS] Docker version: Docker version 28.3.3, build 980b856
[2025-08-29 14:32:09] [RESTART] === DOCKER RESTART INITIATED ===
[2025-08-29 14:32:09] [RESTART] Restart ID: 843ec157
[2025-08-29 14:32:09] [RESTART] Reason: Health check failed: Docker API not accessible
[2025-08-29 14:32:09] [RESTART] Initiated by: Docker Health Check (Auto-Recovery)
[2025-08-29 14:33:10] [SUCCESS] === DOCKER RESTART SUCCESSFUL ===
[2025-08-29 14:33:10] [SUCCESS] Restart ID: 843ec157
[2025-08-29 14:33:10] [SUCCESS] Recovery completed in 55 seconds
[2025-08-29 14:33:10] [SUCCESS] Docker version: Docker version 28.3.3, build 980b856
[2025-08-29 14:37:17] [RESTART] === DOCKER RESTART INITIATED ===
[2025-08-29 14:37:17] [RESTART] Restart ID: e15e6f77
[2025-08-29 14:37:17] [RESTART] Reason: Health check failed: No Docker processes running, Docker API not accessible
[2025-08-29 14:37:17] [RESTART] Initiated by: Docker Health Check (Auto-Recovery)
[2025-08-29 14:38:17] [SUCCESS] === DOCKER RESTART SUCCESSFUL ===
[2025-08-29 14:38:17] [SUCCESS] Restart ID: e15e6f77
[2025-08-29 14:38:17] [SUCCESS] Recovery completed in 55 seconds
[2025-08-29 14:38:17] [SUCCESS] Docker version: Docker version 28.3.3, build 980b856
[2025-09-07 11:52:10] [RESTART] === DOCKER RESTART INITIATED ===
[2025-09-07 11:52:10] [RESTART] Restart ID: 5143b33f
[2025-09-07 11:52:10] [RESTART] Reason: Health check failed: No Docker processes running, Docker API not accessible
[2025-09-07 11:52:10] [RESTART] Initiated by: Docker Health Check (Auto-Recovery)
[2025-09-07 11:53:10] [SUCCESS] === DOCKER RESTART SUCCESSFUL ===
[2025-09-07 11:53:10] [SUCCESS] Restart ID: 5143b33f
[2025-09-07 11:53:10] [SUCCESS] Recovery completed in 55 seconds
[2025-09-07 11:53:10] [SUCCESS] Docker version: Docker version 28.3.3, build 980b856
[2025-09-08 08:12:12] [RESTART] === DOCKER RESTART INITIATED ===
[2025-09-08 08:12:12] [RESTART] Restart ID: f99284c3
[2025-09-08 08:12:12] [RESTART] Reason: Health check failed: No Docker processes running, Docker API not accessible
[2025-09-08 08:12:12] [RESTART] Initiated by: Docker Health Check (Auto-Recovery)
[2025-09-08 08:13:12] [SUCCESS] === DOCKER RESTART SUCCESSFUL ===
[2025-09-08 08:13:12] [SUCCESS] Restart ID: f99284c3
[2025-09-08 08:13:12] [SUCCESS] Recovery completed in 55 seconds
[2025-09-08 08:13:12] [SUCCESS] Docker version: Docker version 28.3.3, build 980b856
[2025-09-10 10:27:09] [RESTART] === DOCKER RESTART INITIATED ===
[2025-09-10 10:27:09] [RESTART] Restart ID: 56cd08a4
[2025-09-10 10:27:09] [RESTART] Reason: Health check failed: Docker API not accessible
[2025-09-10 10:27:09] [RESTART] Initiated by: Docker Health Check (Auto-Recovery)
[2025-09-10 10:28:10] [SUCCESS] === DOCKER RESTART SUCCESSFUL ===
[2025-09-10 10:28:10] [SUCCESS] Restart ID: 56cd08a4
[2025-09-10 10:28:10] [SUCCESS] Recovery completed in 55 seconds
[2025-09-10 10:28:10] [SUCCESS] Docker version: Docker version 28.3.3, build 980b856
[2025-09-10 10:32:16] [RESTART] === DOCKER RESTART INITIATED ===
[2025-09-10 10:32:16] [RESTART] Restart ID: aa18d2ce
[2025-09-10 10:32:16] [RESTART] Reason: Health check failed: No Docker processes running, Docker API not accessible
[2025-09-10 10:32:16] [RESTART] Initiated by: Docker Health Check (Auto-Recovery)
[2025-09-10 10:33:17] [SUCCESS] === DOCKER RESTART SUCCESSFUL ===
[2025-09-10 10:33:17] [SUCCESS] Restart ID: aa18d2ce
[2025-09-10 10:33:17] [SUCCESS] Recovery completed in 55 seconds
[2025-09-10 10:33:17] [SUCCESS] Docker version: Docker version 28.3.3, build 980b856
[2025-09-13 19:22:49] [RESTART] === DOCKER RESTART INITIATED ===
[2025-09-13 19:22:49] [RESTART] Restart ID: ca7db7f4
[2025-09-13 19:22:49] [RESTART] Reason: Health check failed: Docker daemon frozen (timeout), Docker API not accessible
[2025-09-13 19:22:49] [RESTART] Initiated by: Docker Health Check (Auto-Recovery)
[2025-09-13 19:23:50] [SUCCESS] === DOCKER RESTART SUCCESSFUL ===
[2025-09-13 19:23:50] [SUCCESS] Restart ID: ca7db7f4
[2025-09-13 19:23:50] [SUCCESS] Recovery completed in 55 seconds
[2025-09-13 19:23:50] [SUCCESS] Docker version: Docker version 28.3.3, build 980b856
[2025-09-17 12:02:50] [RESTART] === DOCKER RESTART INITIATED ===
[2025-09-17 12:02:50] [RESTART] Restart ID: 6fe4ec64
[2025-09-17 12:02:50] [RESTART] Reason: Health check failed: Docker CLI frozen (timeout), Docker daemon frozen (timeout)
[2025-09-17 12:02:50] [RESTART] Initiated by: Docker Health Check (Auto-Recovery)
[2025-09-17 12:03:50] [SUCCESS] === DOCKER RESTART SUCCESSFUL ===
[2025-09-17 12:03:50] [SUCCESS] Restart ID: 6fe4ec64
[2025-09-17 12:03:50] [SUCCESS] Recovery completed in 55 seconds
[2025-09-17 12:03:50] [SUCCESS] Docker version: Docker version 28.3.3, build 980b856
[2025-09-17 13:42:29] [RESTART] === DOCKER RESTART INITIATED ===
[2025-09-17 13:42:29] [RESTART] Restart ID: 3220d1e2
[2025-09-17 13:42:29] [RESTART] Reason: Health check failed: Docker daemon frozen (timeout)
[2025-09-17 13:42:29] [RESTART] Initiated by: Docker Health Check (Auto-Recovery)
[2025-09-17 13:43:29] [SUCCESS] === DOCKER RESTART SUCCESSFUL ===
[2025-09-17 13:43:29] [SUCCESS] Restart ID: 3220d1e2
[2025-09-17 13:43:29] [SUCCESS] Recovery completed in 55 seconds
[2025-09-17 13:43:30] [SUCCESS] Docker version: Docker version 28.3.3, build 980b856
[2025-09-17 15:27:46] [RESTART] === DOCKER RESTART INITIATED ===
[2025-09-17 15:27:46] [RESTART] Restart ID: 62278ac4
[2025-09-17 15:27:46] [RESTART] Reason: Health check failed: Docker daemon frozen (timeout)
[2025-09-17 15:27:46] [RESTART] Initiated by: Docker Health Check (Auto-Recovery)
[2025-09-17 15:28:46] [SUCCESS] === DOCKER RESTART SUCCESSFUL ===
[2025-09-17 15:28:46] [SUCCESS] Restart ID: 62278ac4
[2025-09-17 15:28:46] [SUCCESS] Recovery completed in 55 seconds
[2025-09-17 15:28:46] [SUCCESS] Docker version: Docker version 28.3.3, build 980b856
[2025-09-18 01:53:39] [RESTART] === DOCKER RESTART INITIATED ===
[2025-09-18 01:53:39] [RESTART] Restart ID: 1982f59b
[2025-09-18 01:53:39] [RESTART] Reason: Health check failed: Docker daemon frozen (timeout), Docker API not accessible
[2025-09-18 01:53:39] [RESTART] Initiated by: Docker Health Check (Auto-Recovery)
[2025-09-18 01:54:39] [SUCCESS] === DOCKER RESTART SUCCESSFUL ===
[2025-09-18 01:54:39] [SUCCESS] Restart ID: 1982f59b
[2025-09-18 01:54:39] [SUCCESS] Recovery completed in 55 seconds
[2025-09-18 01:54:39] [SUCCESS] Docker version: Docker version 28.3.3, build 980b856
[2025-09-25 08:27:09] [RESTART] === DOCKER RESTART INITIATED ===
[2025-09-25 08:27:09] [RESTART] Restart ID: 2a52e8bd
[2025-09-25 08:27:09] [RESTART] Reason: Health check failed: Docker API not accessible
[2025-09-25 08:27:09] [RESTART] Initiated by: Docker Health Check (Auto-Recovery)
[2025-09-25 08:28:10] [SUCCESS] === DOCKER RESTART SUCCESSFUL ===
[2025-09-25 08:28:10] [SUCCESS] Restart ID: 2a52e8bd
[2025-09-25 08:28:10] [SUCCESS] Recovery completed in 55 seconds
[2025-09-25 08:28:10] [SUCCESS] Docker version: Docker version 28.3.3, build 980b856
[2025-09-25 16:38:14] [RESTART] === DOCKER RESTART INITIATED ===
[2025-09-25 16:38:14] [RESTART] Restart ID: abafc06e
[2025-09-25 16:38:14] [RESTART] Reason: Health check failed: Docker daemon frozen (timeout)
[2025-09-25 16:38:14] [RESTART] Initiated by: Docker Health Check (Auto-Recovery)
[2025-09-25 16:39:15] [SUCCESS] === DOCKER RESTART SUCCESSFUL ===
[2025-09-25 16:39:15] [SUCCESS] Restart ID: abafc06e
[2025-09-25 16:39:15] [SUCCESS] Recovery completed in 55 seconds
[2025-09-25 16:39:15] [SUCCESS] Docker version: Docker version 28.3.3, build 980b856
[2025-09-25 18:07:40] [RESTART] === DOCKER RESTART INITIATED ===
[2025-09-25 18:07:40] [RESTART] Restart ID: a4e026ae
[2025-09-25 18:07:40] [RESTART] Reason: Health check failed: Docker daemon frozen (timeout)
[2025-09-25 18:07:40] [RESTART] Initiated by: Docker Health Check (Auto-Recovery)
[2025-09-25 18:08:41] [SUCCESS] === DOCKER RESTART SUCCESSFUL ===
[2025-09-25 18:08:41] [SUCCESS] Restart ID: a4e026ae
[2025-09-25 18:08:41] [SUCCESS] Recovery completed in 55 seconds
[2025-09-25 18:08:41] [SUCCESS] Docker version: Docker version 28.3.3, build 980b856
[2025-09-29 19:57:09] [RESTART] === DOCKER RESTART INITIATED ===
[2025-09-29 19:57:09] [RESTART] Restart ID: 6068fe36
[2025-09-29 19:57:09] [RESTART] Reason: Health check failed: Docker API not accessible
[2025-09-29 19:57:09] [RESTART] Initiated by: Docker Health Check (Auto-Recovery)
[2025-09-29 19:58:10] [SUCCESS] === DOCKER RESTART SUCCESSFUL ===
[2025-09-29 19:58:10] [SUCCESS] Restart ID: 6068fe36
[2025-09-29 19:58:10] [SUCCESS] Recovery completed in 55 seconds
[2025-09-29 19:58:10] [SUCCESS] Docker version: Docker version 28.3.3, build 980b856
[2025-10-06 13:43:17] [RESTART] === DOCKER RESTART INITIATED ===
[2025-10-06 13:43:17] [RESTART] Restart ID: 19973ccf
[2025-10-06 13:43:17] [RESTART] Reason: Health check failed: Docker CLI frozen (timeout)
[2025-10-06 13:43:17] [RESTART] Initiated by: Docker Health Check (Auto-Recovery)
[2025-10-06 13:44:18] [SUCCESS] === DOCKER RESTART SUCCESSFUL ===
[2025-10-06 13:44:18] [SUCCESS] Restart ID: 19973ccf
[2025-10-06 13:44:18] [SUCCESS] Recovery completed in 55 seconds
[2025-10-06 13:44:18] [SUCCESS] Docker version: Docker version 28.3.3, build 980b856
[2025-10-10 20:33:11] [RESTART] === DOCKER RESTART INITIATED ===
[2025-10-10 20:33:11] [RESTART] Restart ID: 49093f13
[2025-10-10 20:33:11] [RESTART] Reason: Health check failed: Docker daemon frozen (timeout)
[2025-10-10 20:33:11] [RESTART] Initiated by: Docker Health Check (Auto-Recovery)
[2025-10-10 20:34:12] [SUCCESS] === DOCKER RESTART SUCCESSFUL ===
[2025-10-10 20:34:12] [SUCCESS] Restart ID: 49093f13
[2025-10-10 20:34:12] [SUCCESS] Recovery completed in 55 seconds
[2025-10-10 20:34:12] [SUCCESS] Docker version: Docker version 28.3.3, build 980b856
[2025-10-10 21:28:23] [RESTART] === DOCKER RESTART INITIATED ===
[2025-10-10 21:28:23] [RESTART] Restart ID: 6da1bf61
[2025-10-10 21:28:23] [RESTART] Reason: Health check failed: Docker daemon frozen (timeout)
[2025-10-10 21:28:23] [RESTART] Initiated by: Docker Health Check (Auto-Recovery)
[2025-10-10 21:29:24] [SUCCESS] === DOCKER RESTART SUCCESSFUL ===
[2025-10-10 21:29:24] [SUCCESS] Restart ID: 6da1bf61
[2025-10-10 21:29:24] [SUCCESS] Recovery completed in 55 seconds
[2025-10-10 21:29:24] [SUCCESS] Docker version: Docker version 28.3.3, build 980b856
[2025-10-12 22:23:09] [RESTART] === DOCKER RESTART INITIATED ===
[2025-10-12 22:23:09] [RESTART] Restart ID: 77b8d99c
[2025-10-12 22:23:09] [RESTART] Reason: Health check failed: Docker daemon frozen (timeout)
[2025-10-12 22:23:09] [RESTART] Initiated by: Docker Health Check (Auto-Recovery)
[2025-10-12 22:24:11] [SUCCESS] === DOCKER RESTART SUCCESSFUL ===
[2025-10-12 22:24:11] [SUCCESS] Restart ID: 77b8d99c
[2025-10-12 22:24:11] [SUCCESS] Recovery completed in 55 seconds
[2025-10-12 22:24:11] [SUCCESS] Docker version: Docker version 28.3.3, build 980b856
[2025-10-12 22:28:31] [RESTART] === DOCKER RESTART INITIATED ===
[2025-10-12 22:28:31] [RESTART] Restart ID: afdd1e58
[2025-10-12 22:28:31] [RESTART] Reason: Health check failed: Docker daemon frozen (timeout)
[2025-10-12 22:28:31] [RESTART] Initiated by: Docker Health Check (Auto-Recovery)
[2025-10-12 22:29:38] [SUCCESS] === DOCKER RESTART SUCCESSFUL ===
[2025-10-12 22:29:38] [SUCCESS] Restart ID: afdd1e58
[2025-10-12 22:29:38] [SUCCESS] Recovery completed in 55 seconds
[2025-10-12 22:29:38] [SUCCESS] Docker version: Docker version 28.3.3, build 980b856
[2025-10-14 14:27:43] [RESTART] === DOCKER RESTART INITIATED ===
[2025-10-14 14:27:43] [RESTART] Restart ID: 606fdeaa
[2025-10-14 14:27:43] [RESTART] Reason: Health check failed: Docker CLI frozen (timeout)
[2025-10-14 14:27:43] [RESTART] Initiated by: Docker Health Check (Auto-Recovery)
[2025-10-14 14:30:37] [SUCCESS] === DOCKER RESTART SUCCESSFUL ===
[2025-10-14 14:30:37] [SUCCESS] Restart ID: 606fdeaa
[2025-10-14 14:30:37] [SUCCESS] Recovery completed in 55 seconds
[2025-10-14 14:30:37] [SUCCESS] Docker version: Docker version 28.3.3, build 980b856
[2025-10-14 14:36:59] [RESTART] === DOCKER RESTART INITIATED ===
[2025-10-14 14:36:59] [RESTART] Restart ID: 94cd48ab
[2025-10-14 14:36:59] [RESTART] Reason: Health check failed: Docker CLI frozen (timeout), Docker daemon frozen (timeout), High memory usage: 2737.3MB
[2025-10-14 14:36:59] [RESTART] Initiated by: Docker Health Check (Auto-Recovery)
[2025-10-14 14:38:01] [SUCCESS] === DOCKER RESTART SUCCESSFUL ===
[2025-10-14 14:38:01] [SUCCESS] Restart ID: 94cd48ab
[2025-10-14 14:38:01] [SUCCESS] Recovery completed in 55 seconds
[2025-10-14 14:38:01] [SUCCESS] Docker version: Docker version 28.3.3, build 980b856
[2025-10-14 14:49:32] [RESTART] === DOCKER RESTART INITIATED ===
[2025-10-14 14:49:32] [RESTART] Restart ID: fdb2874f
[2025-10-14 14:49:32] [RESTART] Reason: Health check failed: Docker daemon frozen (timeout)
[2025-10-14 14:49:32] [RESTART] Initiated by: Docker Health Check (Auto-Recovery)
[2025-10-14 14:50:35] [SUCCESS] === DOCKER RESTART SUCCESSFUL ===
[2025-10-14 14:50:35] [SUCCESS] Restart ID: fdb2874f
[2025-10-14 14:50:35] [SUCCESS] Recovery completed in 55 seconds
[2025-10-14 14:50:35] [SUCCESS] Docker version: Docker version 28.3.3, build 980b856
[2025-10-14 14:57:47] [RESTART] === DOCKER RESTART INITIATED ===
[2025-10-14 14:57:47] [RESTART] Restart ID: f58ed10b
[2025-10-14 14:57:47] [RESTART] Reason: Health check failed: Docker CLI frozen (timeout), Docker daemon frozen (timeout)
[2025-10-14 14:57:47] [RESTART] Initiated by: Docker Health Check (Auto-Recovery)
[2025-10-14 14:59:06] [SUCCESS] === DOCKER RESTART SUCCESSFUL ===
[2025-10-14 14:59:06] [SUCCESS] Restart ID: f58ed10b
[2025-10-14 14:59:06] [SUCCESS] Recovery completed in 55 seconds
[2025-10-14 14:59:06] [SUCCESS] Docker version: Docker version 28.3.3, build 980b856
[2025-10-14 15:17:53] [RESTART] === DOCKER RESTART INITIATED ===
[2025-10-14 15:17:53] [RESTART] Restart ID: 768134d3
[2025-10-14 15:17:53] [RESTART] Reason: Health check failed: Docker CLI frozen (timeout)
[2025-10-14 15:17:53] [RESTART] Initiated by: Docker Health Check (Auto-Recovery)
[2025-10-14 15:21:57] [SUCCESS] === DOCKER RESTART SUCCESSFUL ===
[2025-10-14 15:21:57] [SUCCESS] Restart ID: 768134d3
[2025-10-14 15:21:57] [SUCCESS] Recovery completed in 55 seconds
[2025-10-14 15:21:57] [SUCCESS] Docker version: Docker version 28.3.3, build 980b856
[2025-10-14 15:52:17] [RESTART] === DOCKER RESTART INITIATED ===
[2025-10-14 15:52:17] [RESTART] Restart ID: 78f78631
[2025-10-14 15:52:17] [RESTART] Reason: Health check failed: Docker API not accessible
[2025-10-14 15:52:17] [RESTART] Initiated by: Docker Health Check (Auto-Recovery)
[2025-10-15 09:33:07] [RESTART] === DOCKER RESTART INITIATED ===
[2025-10-15 09:33:07] [RESTART] Restart ID: edc5ff13
[2025-10-15 09:33:07] [RESTART] Reason: Health check failed: Docker daemon frozen (timeout)
[2025-10-15 09:33:07] [RESTART] Initiated by: Docker Health Check (Auto-Recovery)
[2025-10-15 09:34:09] [SUCCESS] === DOCKER RESTART SUCCESSFUL ===
[2025-10-15 09:34:09] [SUCCESS] Restart ID: edc5ff13
[2025-10-15 09:34:09] [SUCCESS] Recovery completed in 55 seconds
[2025-10-15 09:34:09] [SUCCESS] Docker version: Docker version 28.3.3, build 980b856
