[2025-09-13 19:22:26] [FREEZE] === DOCKER FREEZE DETECTED ===
[2025-09-13 19:22:26] [FREEZE] Test: Docker Daemon Info
[2025-09-13 19:22:26] [FREEZE] Timeout: 15 seconds
[2025-09-13 19:22:26] [FREEZE] Docker appears to be frozen/unresponsive
[2025-09-13 19:22:26] [FREEZE] Docker processes during freeze:

ProcessName           Id      CPU WorkingSet
-----------           --      --- ----------
com.docker.backend  7856  0.40625   57425920
com.docker.backend  9624   15.625  121929728
com.docker.build    8348 0.171875   26427392
Docker Desktop      3960  1.09375   77950976
Docker Desktop      4352 0.265625   49180672
Docker Desktop      8236 3.828125  159756288
Docker Desktop     24880  2.15625  177242112



[2025-09-13 19:22:26] [FREEZE] Docker daemon freeze detected - timeout after 15 seconds
[2025-09-17 12:02:21] [FREEZE] === DOCKER FREEZE DETECTED ===
[2025-09-17 12:02:21] [FREEZE] Test: Docker CLI Version Check
[2025-09-17 12:02:21] [FREEZE] Timeout: 10 seconds
[2025-09-17 12:02:21] [FREEZE] Docker appears to be frozen/unresponsive
[2025-09-17 12:02:21] [FREEZE] Docker processes during freeze:

ProcessName           Id         CPU WorkingSet
-----------           --         --- ----------
com.docker.backend 15508  651.328125   60321792
com.docker.backend 15540 6746.765625  492658688
com.docker.build   13520    11.78125   46096384
docker              3472               20848640
docker              3556               20111360
docker             17764               19714048
Docker Desktop      5796     8.46875   82358272
Docker Desktop     11176     745.375  160120832
Docker Desktop     14272           1   49770496
Docker Desktop     16700     9154.25  195866624



[2025-09-17 12:02:21] [FREEZE] Docker CLI freeze detected - timeout after 10 seconds
[2025-09-17 12:02:43] [FREEZE] === DOCKER FREEZE DETECTED ===
[2025-09-17 12:02:43] [FREEZE] Test: Docker Daemon Info
[2025-09-17 12:02:43] [FREEZE] Timeout: 15 seconds
[2025-09-17 12:02:43] [FREEZE] Docker appears to be frozen/unresponsive
[2025-09-17 12:02:43] [FREEZE] Docker processes during freeze:

ProcessName           Id         CPU WorkingSet
-----------           --         --- ----------
com.docker.backend 15508  651.484375   59928576
com.docker.backend 15540 6747.171875  492658688
com.docker.build   13520    11.78125   46096384
Docker Desktop      5796     8.46875   82358272
Docker Desktop     11176       745.5  160153600
Docker Desktop     14272           1   49770496
Docker Desktop     16700 9156.234375  192397312



[2025-09-17 12:02:43] [FREEZE] Docker daemon freeze detected - timeout after 15 seconds
[2025-09-17 13:42:27] [FREEZE] === DOCKER FREEZE DETECTED ===
[2025-09-17 13:42:27] [FREEZE] Test: Docker Daemon Info
[2025-09-17 13:42:27] [FREEZE] Timeout: 15 seconds
[2025-09-17 13:42:27] [FREEZE] Docker appears to be frozen/unresponsive
[2025-09-17 13:42:27] [FREEZE] Docker processes during freeze:

ProcessName           Id       CPU WorkingSet
-----------           --       --- ----------
com.docker.backend  3400  474.4375  120389632
com.docker.backend  3480 58.953125   24547328
com.docker.build   18188     0.875   30597120
Docker Desktop      2232    444.75  130027520
Docker Desktop     11180   5.90625   33972224
Docker Desktop     16544  0.265625   34844672
Docker Desktop     18504 42.828125   43732992



[2025-09-17 13:42:27] [FREEZE] Docker daemon freeze detected - timeout after 15 seconds
[2025-09-17 15:27:36] [FREEZE] === DOCKER FREEZE DETECTED ===
[2025-09-17 15:27:36] [FREEZE] Test: Docker Daemon Info
[2025-09-17 15:27:36] [FREEZE] Timeout: 15 seconds
[2025-09-17 15:27:36] [FREEZE] Docker appears to be frozen/unresponsive
[2025-09-17 15:27:36] [FREEZE] Docker processes during freeze:

ProcessName           Id       CPU WorkingSet
-----------           --       --- ----------
com.docker.backend 16704       439  112615424
com.docker.backend 18172 35.046875   26316800
com.docker.build   17136  3.515625   31498240
Docker Desktop      9396  44.15625   47603712
Docker Desktop     14428   0.21875   34725888
Docker Desktop     18300   1.90625   33513472
Docker Desktop     18532       444  130125824



[2025-09-17 15:27:36] [FREEZE] Docker daemon freeze detected - timeout after 15 seconds
[2025-09-18 01:22:24] [FREEZE] === DOCKER FREEZE DETECTED ===
[2025-09-18 01:22:25] [FREEZE] Test: Docker Daemon Info
[2025-09-18 01:22:25] [FREEZE] Timeout: 15 seconds
[2025-09-18 01:22:25] [FREEZE] Docker appears to be frozen/unresponsive
[2025-09-18 01:22:25] [FREEZE] Docker processes during freeze:

ProcessName           Id         CPU WorkingSet
-----------           --         --- ----------
com.docker.backend  9084 1744.296875  134848512
com.docker.backend 14804  164.640625   32755712
com.docker.build   16624     6.71875   32870400
docker              3872    0.078125   18812928
docker             19324      0.0625   18812928
Docker Desktop     14564     0.46875   35393536
Docker Desktop     17676    214.5625   56262656
Docker Desktop     19544  2198.09375   99729408
Docker Desktop     19856        0.75   15876096



[2025-09-18 01:22:25] [FREEZE] Docker daemon freeze detected - timeout after 15 seconds
[2025-09-25 16:37:59] [FREEZE] === DOCKER FREEZE DETECTED ===
[2025-09-25 16:37:59] [FREEZE] Test: Docker Daemon Info
[2025-09-25 16:37:59] [FREEZE] Timeout: 15 seconds
[2025-09-25 16:37:59] [FREEZE] Docker appears to be frozen/unresponsive
[2025-09-25 16:38:00] [FREEZE] Docker processes during freeze:

ProcessName           Id         CPU WorkingSet
-----------           --         --- ----------
com.docker.backend 10316   149.65625   61771776
com.docker.backend 13552 3154.328125  291360768
com.docker.build    9308    9.765625   41598976
docker              9444    0.078125   19312640
Docker Desktop     10508     0.46875   51888128
Docker Desktop     15520  1567.03125  162537472
Docker Desktop     15656  188.984375  153763840
Docker Desktop     17336     8.71875   76955648
docker-buildx       6748   12.296875   47706112
docker-buildx       7700    2.390625   42991616
docker-buildx      10000      3.3125   43458560
docker-buildx      14832    2.890625   41762816
docker-buildx      20304     3.21875   53768192
docker-compose      4784   43.078125   42303488
docker-compose      7192   36.671875   48271360
docker-compose     14384        9.25   41787392
docker-compose     14400   11.421875   41963520
docker-compose     15180    4.390625   43782144



[2025-09-25 16:38:00] [FREEZE] Docker daemon freeze detected - timeout after 15 seconds
[2025-09-25 18:07:27] [FREEZE] === DOCKER FREEZE DETECTED ===
[2025-09-25 18:07:27] [FREEZE] Test: Docker Daemon Info
[2025-09-25 18:07:27] [FREEZE] Timeout: 15 seconds
[2025-09-25 18:07:27] [FREEZE] Docker appears to be frozen/unresponsive
[2025-09-25 18:07:28] [FREEZE] Docker processes during freeze:

ProcessName           Id       CPU WorkingSet
-----------           --       --- ----------
com.docker.backend 10316  153.6875   61526016
com.docker.backend 13552 3311.0625  296538112
com.docker.build    9308 11.046875   41463808
docker             13876  0.078125   19243008
Docker Desktop     10508       0.5   52232192
Docker Desktop     15656 193.71875  154042368
Docker Desktop     19472      0.25   95649792
docker-buildx      13340   1.09375   41783296
docker-compose     19168  2.734375   41517056



[2025-09-25 18:07:28] [FREEZE] Docker daemon freeze detected - timeout after 15 seconds
[2025-10-06 13:43:02] [FREEZE] === DOCKER FREEZE DETECTED ===
[2025-10-06 13:43:02] [FREEZE] Test: Docker CLI Version Check
[2025-10-06 13:43:02] [FREEZE] Timeout: 10 seconds
[2025-10-06 13:43:02] [FREEZE] Docker appears to be frozen/unresponsive
[2025-10-06 13:43:03] [FREEZE] Docker processes during freeze:

ProcessName           Id          CPU WorkingSet
-----------           --          --- ----------
com.docker.backend 11384   3227.21875   64966656
com.docker.backend 18096 63661.796875 1439531008
com.docker.build   10700   182.296875   78344192
Docker Desktop      7564    10.984375   73129984
Docker Desktop      8372    4379.6875  158031872
Docker Desktop     15756     4.171875   55943168
Docker Desktop     19820 33227.859375  173715456
docker-buildx      11896         1.25   49446912
docker-compose     13488     0.421875   38645760



[2025-10-06 13:43:03] [FREEZE] Docker CLI freeze detected - timeout after 10 seconds
