[2025-08-07 06:45:12] [INFO] Starting Docker Desktop optimization...
[2025-08-07 06:45:12] [INFO] Optimizing Docker Desktop resource allocation...
[2025-08-07 06:45:14] [INFO] System Resources: 32GB RAM, 8 8 CPU cores, 44.8GB free disk
[2025-08-07 06:45:14] [ERROR] Fatal error during optimization: Cannot find an overload for "Min" and the argument count: "2".
[2025-08-07 06:45:14] [INFO] Docker Desktop optimization process finished
[2025-08-07 06:45:39] [INFO] Starting Docker Desktop optimization...
[2025-08-07 06:45:39] [INFO] Optimizing Docker Desktop resource allocation...
[2025-08-07 06:45:41] [INFO] System Resources: 32GB RAM, 8 8 CPU cores, 44.8GB free disk
[2025-08-07 06:45:41] [ERROR] Fatal error during optimization: Cannot convert the "System.Object[]" value of type "System.Object[]" to type "System.Double".
[2025-08-07 06:45:41] [INFO] Docker Desktop optimization process finished
[2025-08-07 06:45:57] [INFO] Starting Docker Desktop optimization...
[2025-08-07 06:45:57] [INFO] Optimizing Docker Desktop resource allocation...
[2025-08-07 06:45:59] [INFO] System Resources: 32GB RAM, 16 CPU cores, 44.8GB free disk
[2025-08-07 06:45:59] [INFO] Recommended Docker Desktop settings:
[2025-08-07 06:45:59] [INFO]   Memory: 24GB
[2025-08-07 06:45:59] [INFO]   CPU: 12.8 cores
[2025-08-07 06:45:59] [INFO]   Disk: 22.4GB
[2025-08-07 06:45:59] [WARN] Docker Desktop settings file not found - manual configuration required
[2025-08-07 06:45:59] [INFO] Configuring Windows services for Docker...
[2025-08-07 06:45:59] [INFO] Docker service set to auto-start
[2025-08-07 06:45:59] [INFO] WSL service set to auto-start
[2025-08-07 06:45:59] [INFO] Hyper-V service vmms set to auto-start
[2025-08-07 06:46:00] [INFO] Hyper-V service vmicshutdown set to auto-start
[2025-08-07 06:46:00] [INFO] Hyper-V service vmicheartbeat set to auto-start
[2025-08-07 06:46:00] [INFO] Hyper-V service vmicvss set to auto-start
[2025-08-07 06:46:00] [INFO] Configuring power settings to prevent sleep...
[2025-08-07 06:46:00] [INFO] Power settings configured to prevent sleep
[2025-08-07 06:46:00] [INFO] Configuring auto-restart mechanisms...
[2025-08-07 06:46:01] [INFO] Scheduled task created for Docker Desktop auto-restart
[2025-08-07 06:46:01] [INFO] Optimizing network settings for Docker...
[2025-08-07 06:46:05] [INFO] Configured DNS for adapter: Law 10Net
[2025-08-07 06:46:05] [INFO] Configured DNS for adapter: LAW 154 Public Subnet
[2025-08-07 06:46:05] [INFO] Configured DNS for adapter: vEthernet (WSL)
[2025-08-07 06:46:05] [INFO] Creating optimization report...
[2025-08-07 06:46:08] [INFO] Optimization report saved to logs/docker_settings.json
[2025-08-07 06:46:08] [INFO] Docker Desktop optimization completed successfully!
[2025-08-07 06:46:08] [INFO] Docker Desktop optimization process finished
[2025-08-07 06:46:15] [INFO] Starting Docker Desktop optimization...
[2025-08-07 06:46:15] [INFO] Optimizing Docker Desktop resource allocation...
[2025-08-07 06:46:17] [INFO] System Resources: 32GB RAM, 16 CPU cores, 44.8GB free disk
[2025-08-07 06:46:17] [INFO] Recommended Docker Desktop settings:
[2025-08-07 06:46:17] [INFO]   Memory: 24GB
[2025-08-07 06:46:18] [INFO]   CPU: 12.8 cores
[2025-08-07 06:46:18] [INFO]   Disk: 22.4GB
[2025-08-07 06:46:18] [WARN] Docker Desktop settings file not found - manual configuration required
[2025-08-07 06:46:18] [INFO] Configuring Windows services for Docker...
[2025-08-07 06:46:18] [INFO] Docker service set to auto-start
[2025-08-07 06:46:18] [INFO] WSL service set to auto-start
[2025-08-07 06:46:18] [INFO] Hyper-V service vmms set to auto-start
[2025-08-07 06:46:18] [INFO] Hyper-V service vmicshutdown set to auto-start
[2025-08-07 06:46:18] [INFO] Hyper-V service vmicheartbeat set to auto-start
[2025-08-07 06:46:18] [INFO] Hyper-V service vmicvss set to auto-start
[2025-08-07 06:46:18] [INFO] Configuring power settings to prevent sleep...
[2025-08-07 06:46:18] [INFO] Power settings configured to prevent sleep
[2025-08-07 06:46:18] [INFO] Configuring auto-restart mechanisms...
[2025-08-07 06:46:18] [INFO] Scheduled task created for Docker Desktop auto-restart
[2025-08-07 06:46:18] [INFO] Optimizing network settings for Docker...
[2025-08-07 06:46:18] [INFO] Configured DNS for adapter: Law 10Net
[2025-08-07 06:46:18] [INFO] Configured DNS for adapter: LAW 154 Public Subnet
[2025-08-07 06:46:18] [INFO] Configured DNS for adapter: vEthernet (WSL)
[2025-08-07 06:46:18] [INFO] Creating optimization report...
[2025-08-07 06:46:21] [INFO] Optimization report saved to logs/docker_settings.json
[2025-08-07 06:46:21] [INFO] Docker Desktop optimization completed successfully!
[2025-08-07 06:46:21] [INFO] Docker Desktop optimization process finished
