2025/07/31 03:52:55 [emerg] 21088#19532: "server" directive is not allowed here in D:\dev\casestrainer\nginx.production.conf:2
2025/07/31 03:52:55 [emerg] 21408#6468: "server" directive is not allowed here in D:\dev\casestrainer\nginx.production.conf:2
2025/07/31 03:52:55 [emerg] 5180#15452: "server" directive is not allowed here in D:\dev\casestrainer\nginx.production.conf:2
2025/07/31 03:52:55 [emerg] 17572#20736: "server" directive is not allowed here in D:\dev\casestrainer\nginx.production.conf:2
2025/07/31 03:52:55 [emerg] 22484#22496: "server" directive is not allowed here in D:\dev\casestrainer\nginx.production.conf:2
2025/07/31 03:52:55 [emerg] 12704#5492: "server" directive is not allowed here in D:\dev\casestrainer\nginx.production.conf:2
2025/07/31 03:52:56 [emerg] 2040#3020: "server" directive is not allowed here in D:\dev\casestrainer\nginx.production.conf:2
2025/07/31 03:52:56 [emerg] 11528#14932: "server" directive is not allowed here in D:\dev\casestrainer\nginx.production.conf:2
2025/07/31 03:52:56 [emerg] 18532#14612: "server" directive is not allowed here in D:\dev\casestrainer\nginx.production.conf:2
2025/07/31 03:52:56 [emerg] 1580#14376: "server" directive is not allowed here in D:\dev\casestrainer\nginx.production.conf:2
2025/07/31 03:52:56 [emerg] 2016#8600: "server" directive is not allowed here in D:\dev\casestrainer\nginx.production.conf:2
2025/07/31 03:52:56 [emerg] 16272#2372: "server" directive is not allowed here in D:\dev\casestrainer\nginx.production.conf:2
2025/07/31 03:52:56 [emerg] 12240#20148: "server" directive is not allowed here in D:\dev\casestrainer\nginx.production.conf:2
2025/07/31 03:52:57 [emerg] 9820#6656: "server" directive is not allowed here in D:\dev\casestrainer\nginx.production.conf:2
2025/07/31 03:52:57 [emerg] 19848#21820: "server" directive is not allowed here in D:\dev\casestrainer\nginx.production.conf:2
2025/07/31 03:52:57 [emerg] 11860#14460: "server" directive is not allowed here in D:\dev\casestrainer\nginx.production.conf:2
2025/07/31 03:52:57 [emerg] 8476#4716: "server" directive is not allowed here in D:\dev\casestrainer\nginx.production.conf:2
2025/07/31 03:52:57 [emerg] 21428#22072: "server" directive is not allowed here in D:\dev\casestrainer\nginx.production.conf:2
2025/07/31 03:52:57 [emerg] 21704#8012: "server" directive is not allowed here in D:\dev\casestrainer\nginx.production.conf:2
2025/07/31 03:52:58 [emerg] 17780#16852: "server" directive is not allowed here in D:\dev\casestrainer\nginx.production.conf:2
2025/07/31 03:52:58 [emerg] 7472#21092: "server" directive is not allowed here in D:\dev\casestrainer\nginx.production.conf:2
2025/07/31 03:52:58 [emerg] 16856#12504: "server" directive is not allowed here in D:\dev\casestrainer\nginx.production.conf:2
2025/07/31 03:52:58 [emerg] 12872#4196: "server" directive is not allowed here in D:\dev\casestrainer\nginx.production.conf:2
2025/07/31 03:52:58 [emerg] 8028#716: "server" directive is not allowed here in D:\dev\casestrainer\nginx.production.conf:2
2025/07/31 03:52:58 [emerg] 7620#21756: "server" directive is not allowed here in D:\dev\casestrainer\nginx.production.conf:2
2025/07/31 03:52:58 [emerg] 11748#19248: "server" directive is not allowed here in D:\dev\casestrainer\nginx.production.conf:2
2025/07/31 03:52:59 [emerg] 19900#10332: "server" directive is not allowed here in D:\dev\casestrainer\nginx.production.conf:2
2025/07/31 03:52:59 [emerg] 2684#18952: "server" directive is not allowed here in D:\dev\casestrainer\nginx.production.conf:2
2025/07/31 03:52:59 [emerg] 3528#22280: "server" directive is not allowed here in D:\dev\casestrainer\nginx.production.conf:2
2025/07/31 03:52:59 [emerg] 18032#7092: "server" directive is not allowed here in D:\dev\casestrainer\nginx.production.conf:2
2025/07/31 03:52:59 [emerg] 11924#16332: "server" directive is not allowed here in D:\dev\casestrainer\nginx.production.conf:2
2025/07/31 03:52:59 [emerg] 20416#15156: "server" directive is not allowed here in D:\dev\casestrainer\nginx.production.conf:2
2025/07/31 03:53:00 [emerg] 22452#1780: "server" directive is not allowed here in D:\dev\casestrainer\nginx.production.conf:2
2025/07/31 03:53:00 [emerg] 1660#5912: "server" directive is not allowed here in D:\dev\casestrainer\nginx.production.conf:2
2025/07/31 03:53:00 [emerg] 15804#16104: "server" directive is not allowed here in D:\dev\casestrainer\nginx.production.conf:2
2025/07/31 03:53:00 [emerg] 22492#16212: "server" directive is not allowed here in D:\dev\casestrainer\nginx.production.conf:2
2025/07/31 03:53:00 [emerg] 1740#19744: "server" directive is not allowed here in D:\dev\casestrainer\nginx.production.conf:2
2025/07/31 03:53:00 [emerg] 2528#21948: "server" directive is not allowed here in D:\dev\casestrainer\nginx.production.conf:2
2025/07/31 03:53:00 [emerg] 14364#9272: "server" directive is not allowed here in D:\dev\casestrainer\nginx.production.conf:2
2025/07/31 03:53:01 [emerg] 6540#10140: "server" directive is not allowed here in D:\dev\casestrainer\nginx.production.conf:2
2025/07/31 03:53:01 [emerg] 17008#1528: "server" directive is not allowed here in D:\dev\casestrainer\nginx.production.conf:2
2025/07/31 03:53:01 [emerg] 11568#10964: "server" directive is not allowed here in D:\dev\casestrainer\nginx.production.conf:2
2025/07/31 03:53:01 [emerg] 21712#15532: "server" directive is not allowed here in D:\dev\casestrainer\nginx.production.conf:2
2025/07/31 03:53:01 [emerg] 11112#15208: "server" directive is not allowed here in D:\dev\casestrainer\nginx.production.conf:2
2025/07/31 03:53:01 [emerg] 13552#8456: "server" directive is not allowed here in D:\dev\casestrainer\nginx.production.conf:2
2025/07/31 03:53:02 [emerg] 11428#18660: "server" directive is not allowed here in D:\dev\casestrainer\nginx.production.conf:2
2025/07/31 03:53:02 [emerg] 3348#11988: "server" directive is not allowed here in D:\dev\casestrainer\nginx.production.conf:2
2025/07/31 03:53:02 [emerg] 13632#15296: "server" directive is not allowed here in D:\dev\casestrainer\nginx.production.conf:2
2025/07/31 03:53:02 [emerg] 22060#7572: "server" directive is not allowed here in D:\dev\casestrainer\nginx.production.conf:2
2025/07/31 03:53:02 [emerg] 3888#15604: "server" directive is not allowed here in D:\dev\casestrainer\nginx.production.conf:2
2025/07/31 03:53:02 [emerg] 6776#3692: "server" directive is not allowed here in D:\dev\casestrainer\nginx.production.conf:2
2025/07/31 03:53:03 [emerg] 19252#13392: "server" directive is not allowed here in D:\dev\casestrainer\nginx.production.conf:2
2025/07/31 03:53:03 [emerg] 8156#9304: "server" directive is not allowed here in D:\dev\casestrainer\nginx.production.conf:2
2025/07/31 03:53:03 [emerg] 17820#17404: "server" directive is not allowed here in D:\dev\casestrainer\nginx.production.conf:2
2025/07/31 03:53:03 [emerg] 19492#19124: "server" directive is not allowed here in D:\dev\casestrainer\nginx.production.conf:2
2025/07/31 03:53:03 [emerg] 14888#9320: "server" directive is not allowed here in D:\dev\casestrainer\nginx.production.conf:2
2025/07/31 03:53:03 [emerg] 15616#13852: "server" directive is not allowed here in D:\dev\casestrainer\nginx.production.conf:2
2025/07/31 03:53:03 [emerg] 14744#21816: "server" directive is not allowed here in D:\dev\casestrainer\nginx.production.conf:2
2025/07/31 03:53:04 [emerg] 6952#21724: "server" directive is not allowed here in D:\dev\casestrainer\nginx.production.conf:2
2025/07/31 03:53:04 [emerg] 10584#3084: "server" directive is not allowed here in D:\dev\casestrainer\nginx.production.conf:2
2025/07/31 03:53:04 [emerg] 13844#6816: "server" directive is not allowed here in D:\dev\casestrainer\nginx.production.conf:2
2025/07/31 03:53:04 [emerg] 21588#6692: "server" directive is not allowed here in D:\dev\casestrainer\nginx.production.conf:2
2025/07/31 03:53:04 [emerg] 20884#19728: "server" directive is not allowed here in D:\dev\casestrainer\nginx.production.conf:2
2025/07/31 03:53:04 [emerg] 18036#2508: "server" directive is not allowed here in D:\dev\casestrainer\nginx.production.conf:2
2025/07/31 03:53:05 [emerg] 3472#6804: "server" directive is not allowed here in D:\dev\casestrainer\nginx.production.conf:2
2025/07/31 03:53:05 [emerg] 6208#10156: "server" directive is not allowed here in D:\dev\casestrainer\nginx.production.conf:2
2025/07/31 03:53:05 [emerg] 13256#14368: "server" directive is not allowed here in D:\dev\casestrainer\nginx.production.conf:2
2025/07/31 03:58:50 [emerg] 11412#17960: "server" directive is not allowed here in D:\dev\casestrainer\nginx.production.conf:2
2025/07/31 03:58:50 [emerg] 10140#18228: "server" directive is not allowed here in D:\dev\casestrainer\nginx.production.conf:2
2025/07/31 04:41:17 [warn] 19468#9596: "user" is not supported, ignored in D:\dev\casestrainer\nginx.production.conf:5
2025/07/31 04:41:17 [emerg] 19468#9596: duplicate zone "STATIC" in D:\dev\casestrainer\nginx.production.conf:213
2025/07/31 04:41:17 [warn] 17068#5824: "user" is not supported, ignored in D:\dev\casestrainer\nginx.production.conf:5
2025/07/31 04:41:17 [emerg] 17068#5824: duplicate zone "STATIC" in D:\dev\casestrainer\nginx.production.conf:213
2025/07/31 04:41:17 [warn] 19208#21788: "user" is not supported, ignored in D:\dev\casestrainer\nginx.production.conf:5
2025/07/31 04:41:17 [emerg] 19208#21788: duplicate zone "STATIC" in D:\dev\casestrainer\nginx.production.conf:213
2025/07/31 04:41:17 [warn] 19976#8460: "user" is not supported, ignored in D:\dev\casestrainer\nginx.production.conf:5
2025/07/31 04:41:17 [emerg] 19976#8460: duplicate zone "STATIC" in D:\dev\casestrainer\nginx.production.conf:213
2025/07/31 04:44:01 [warn] 14636#6936: "user" is not supported, ignored in D:\dev\casestrainer\nginx.production.conf:5
2025/07/31 04:44:01 [emerg] 14636#6936: unexpected end of file, expecting "}" in D:\dev\casestrainer\nginx.production.conf:211
2025/07/31 04:44:01 [warn] 14092#15808: "user" is not supported, ignored in D:\dev\casestrainer\nginx.production.conf:5
2025/07/31 04:44:01 [emerg] 14092#15808: unexpected end of file, expecting "}" in D:\dev\casestrainer\nginx.production.conf:211
2025/07/31 04:44:01 [warn] 5620#6512: "user" is not supported, ignored in D:\dev\casestrainer\nginx.production.conf:5
2025/07/31 04:44:01 [emerg] 5620#6512: unexpected end of file, expecting "}" in D:\dev\casestrainer\nginx.production.conf:211
2025/07/31 04:44:01 [warn] 16864#1012: "user" is not supported, ignored in D:\dev\casestrainer\nginx.production.conf:5
2025/07/31 04:44:01 [emerg] 16864#1012: unexpected end of file, expecting "}" in D:\dev\casestrainer\nginx.production.conf:211
2025/07/31 04:46:15 [warn] 8448#15844: "user" is not supported, ignored in D:\dev\casestrainer\nginx.production.conf:5
2025/07/31 04:46:15 [emerg] 8448#15844: unexpected end of file, expecting "}" in D:\dev\casestrainer\nginx.production.conf:211
2025/07/31 04:46:15 [warn] 17568#17712: "user" is not supported, ignored in D:\dev\casestrainer\nginx.production.conf:5
2025/07/31 04:46:15 [emerg] 17568#17712: unexpected end of file, expecting "}" in D:\dev\casestrainer\nginx.production.conf:211
2025/07/31 04:46:15 [warn] 9428#10544: "user" is not supported, ignored in D:\dev\casestrainer\nginx.production.conf:5
2025/07/31 04:46:15 [emerg] 9428#10544: unexpected end of file, expecting "}" in D:\dev\casestrainer\nginx.production.conf:211
2025/07/31 04:46:15 [warn] 19524#6312: "user" is not supported, ignored in D:\dev\casestrainer\nginx.production.conf:5
2025/07/31 04:46:15 [emerg] 19524#6312: unexpected end of file, expecting "}" in D:\dev\casestrainer\nginx.production.conf:211
2025/07/31 04:47:55 [warn] 12128#21244: "user" is not supported, ignored in D:\dev\casestrainer\nginx.production.conf:5
2025/07/31 04:47:55 [emerg] 12128#21244: unexpected end of file, expecting "}" in D:\dev\casestrainer\nginx.production.conf:211
2025/07/31 04:47:55 [warn] 13512#11392: "user" is not supported, ignored in D:\dev\casestrainer\nginx.production.conf:5
2025/07/31 04:47:55 [emerg] 13512#11392: unexpected end of file, expecting "}" in D:\dev\casestrainer\nginx.production.conf:211
2025/07/31 04:47:55 [warn] 6456#20012: "user" is not supported, ignored in D:\dev\casestrainer\nginx.production.conf:5
2025/07/31 04:47:55 [emerg] 6456#20012: unexpected end of file, expecting "}" in D:\dev\casestrainer\nginx.production.conf:211
2025/07/31 04:47:55 [warn] 5104#1640: "user" is not supported, ignored in D:\dev\casestrainer\nginx.production.conf:5
2025/07/31 04:47:55 [emerg] 5104#1640: unexpected end of file, expecting "}" in D:\dev\casestrainer\nginx.production.conf:211
2025/07/31 04:53:44 [warn] 22216#12508: "user" is not supported, ignored in D:\dev\casestrainer\nginx.production.conf:5
2025/07/31 04:53:44 [emerg] 22216#12508: cannot load certificate "D:/CaseStrainer/ssl/WolfCertBundle.crt": BIO_new_file() failed (SSL: error:02001003:system library:fopen:No such process:fopen('D:/CaseStrainer/ssl/WolfCertBundle.crt','r') error:2006D080:BIO routines:BIO_new_file:no such file)
2025/07/31 04:53:44 [warn] 13284#6104: "user" is not supported, ignored in D:\dev\casestrainer\nginx.production.conf:5
2025/07/31 04:53:44 [emerg] 13284#6104: cannot load certificate "D:/CaseStrainer/ssl/WolfCertBundle.crt": BIO_new_file() failed (SSL: error:02001003:system library:fopen:No such process:fopen('D:/CaseStrainer/ssl/WolfCertBundle.crt','r') error:2006D080:BIO routines:BIO_new_file:no such file)
2025/07/31 04:53:44 [warn] 21572#15728: "user" is not supported, ignored in D:\dev\casestrainer\nginx.production.conf:5
2025/07/31 04:53:44 [emerg] 21572#15728: cannot load certificate "D:/CaseStrainer/ssl/WolfCertBundle.crt": BIO_new_file() failed (SSL: error:02001003:system library:fopen:No such process:fopen('D:/CaseStrainer/ssl/WolfCertBundle.crt','r') error:2006D080:BIO routines:BIO_new_file:no such file)
2025/07/31 04:53:44 [warn] 21612#10604: "user" is not supported, ignored in D:\dev\casestrainer\nginx.production.conf:5
2025/07/31 04:53:44 [emerg] 21612#10604: cannot load certificate "D:/CaseStrainer/ssl/WolfCertBundle.crt": BIO_new_file() failed (SSL: error:02001003:system library:fopen:No such process:fopen('D:/CaseStrainer/ssl/WolfCertBundle.crt','r') error:2006D080:BIO routines:BIO_new_file:no such file)
2025/07/31 04:56:53 [warn] 21476#16108: "user" is not supported, ignored in D:\dev\casestrainer\nginx.production.conf:5
2025/07/31 04:56:53 [emerg] 21476#16108: "limit_req_zone" directive is not allowed here in D:\dev\casestrainer\nginx.production.conf:210
2025/07/31 04:56:53 [warn] 4072#6676: "user" is not supported, ignored in D:\dev\casestrainer\nginx.production.conf:5
2025/07/31 04:56:53 [emerg] 4072#6676: "limit_req_zone" directive is not allowed here in D:\dev\casestrainer\nginx.production.conf:210
2025/07/31 04:56:54 [warn] 21700#3648: "user" is not supported, ignored in D:\dev\casestrainer\nginx.production.conf:5
2025/07/31 04:56:54 [emerg] 21700#3648: "limit_req_zone" directive is not allowed here in D:\dev\casestrainer\nginx.production.conf:210
2025/07/31 04:56:54 [warn] 22260#2324: "user" is not supported, ignored in D:\dev\casestrainer\nginx.production.conf:5
2025/07/31 04:56:54 [emerg] 22260#2324: "limit_req_zone" directive is not allowed here in D:\dev\casestrainer\nginx.production.conf:210
2025/07/31 04:59:15 [emerg] 11280#17564: CreateDirectory() "D:/var/cache/nginx" failed (3: The system cannot find the path specified)
2025/07/31 04:59:15 [emerg] 9472#13004: CreateDirectory() "D:/var/cache/nginx" failed (3: The system cannot find the path specified)
2025/07/31 04:59:15 [emerg] 5476#21412: CreateDirectory() "D:/var/cache/nginx" failed (3: The system cannot find the path specified)
2025/07/31 04:59:15 [emerg] 17024#19848: CreateDirectory() "D:/var/cache/nginx" failed (3: The system cannot find the path specified)
2025/07/31 05:01:54 [emerg] 10304#20664: CreateDirectory() "D:/var/cache/nginx" failed (3: The system cannot find the path specified)
2025/07/31 05:01:54 [emerg] 11720#10592: CreateDirectory() "D:/var/cache/nginx" failed (3: The system cannot find the path specified)
2025/07/31 05:01:54 [emerg] 3464#5672: CreateDirectory() "D:/var/cache/nginx" failed (3: The system cannot find the path specified)
2025/07/31 05:01:54 [emerg] 13856#19344: CreateDirectory() "D:/var/cache/nginx" failed (3: The system cannot find the path specified)
