**********************
Windows PowerShell transcript start
Start time: 20250731143459
Username: NETID\jafrank
RunAs User: NETID\jafrank
Configuration Name: 
Machine: HAUMEA (Microsoft Windows NT 10.0.20348.0)
Host Application: C:\Windows\System32\WindowsPowerShell\v1.0\powershell.exe -noexit -command try { . "c:\Users\jafrank\AppData\Local\Programs\Windsurf\resources\app\out\vs\workbench\contrib\terminal\common\scripts\shellIntegration.ps1" } catch {}
Process ID: 12176
PSVersion: 5.1.20348.3932
PSEdition: Desktop
PSCompatibleVersions: 1.0, 2.0, 3.0, 4.0, 5.0, 5.1.20348.3932
BuildVersion: 10.0.20348.3932
CLRVersion: 4.0.30319.42000
WSManStackVersion: 3.0
PSRemotingProtocolVersion: 2.3
SerializationVersion: 1.1.0.1
**********************
Transcript started, output file is D:\dev\casestrainer\logs\script_20250731_143459.log

=== Checking Docker Availability ===
[OK] Docker CLI is available: Docker version 28.3.2, build 578ccf6
[INFO] Docker is running in Linux containers mode
[OK] Docker Compose is available: Docker Compose version v2.38.2-desktop.1
[cslaunch] Starting interactive menu...

========================================
 Enhanced CaseStrainer Docker Launcher
                v1.3 (ENHANCED)
========================================

 1.  Quick Production Start (FASTEST)
    - Minimal checks, maximum speed

 2.  Smart Production Start (RECOMMENDED)
    - Intelligent build detection, balanced speed

 3.  Force Full Rebuild
    - Complete rebuild, use when needed

 4.   Advanced Diagnostics
 5.   Cache Management
 6.   Stop All Services
 7.  Quick Status Check
 8.  Run Production Server Test
 0.  Exit

TIP: Use option 1 for fastest startup!

Deleting all .pyc files and __pycache__ directories to prevent stale bytecode...

=== Starting Docker Production Mode ===
Checking if Vue build is needed...
Force flag specified - Vue build required
OK Docker is running
OK Sufficient disk space (90.82 GB free)
Processing Vue frontend build...
Vue build needed: True, ForceRebuild: True
Building Vue frontend (ForceRebuild: True)...
Force rebuild mode: Clearing Vue caches...
Removing existing dist directory...
Removing node_modules for clean install...
Removing package-lock.json for clean dependency resolution...
Clearing npm cache...
npm cache cleared
Vue directory: D:\dev\casestrainer\casestrainer-vue-new
Checking Node.js and npm...
OK Node.js v22.15.0, npm 8.19.2
Using npm at: npm
Installing npm dependencies...
Force rebuild: Running clean npm install...
Running: npm install
OK npm dependencies installed
Building Vue frontend...
Force rebuild: Building from clean state...
Running: npm run build
OK Vue frontend built successfully (0.61 MB)
Copying Vue build assets to static/assets...
Assets copied to D:\dev\casestrainer\static\assets
Stopping existing Docker containers...
Force rebuild: Removing volumes and orphaned containers...
Running: docker-compose -f D:\dev\casestrainer\docker-compose.prod.yml down --timeout 30 --volumes --remove-orphans
WARNING: Error stopping containers (exit code: 1)
Attempting force stop...
Checking for any remaining 'casestrainer' containers...
WARNING: Found remaining containers after down. Forcibly removing...
  Removing container: casestrainer-nginx-prod (99142e4c986d)
  Removing container: casestrainer-rqworker2-prod (9d21ea45be48)
