**********************
Windows PowerShell transcript start
Start time: 20250805131230
Username: NETID\jafrank
RunAs User: NETID\jafrank
Configuration Name: 
Machine: HAUMEA (Microsoft Windows NT 10.0.20348.0)
Host Application: C:\Windows\System32\WindowsPowerShell\v1.0\powershell.exe -noexit -command try { . "c:\Users\jafrank\AppData\Local\Programs\cursor\resources\app\out\vs\workbench\contrib\terminal\common\scripts\shellIntegration.ps1" } catch {}
Process ID: 14900
PSVersion: 5.1.20348.3932
PSEdition: Desktop
PSCompatibleVersions: 1.0, 2.0, 3.0, 4.0, 5.0, 5.1.20348.3932
BuildVersion: 10.0.20348.3932
CLRVersion: 4.0.30319.42000
WSManStackVersion: 3.0
PSRemotingProtocolVersion: 2.3
SerializationVersion: 1.1.0.1
**********************
Transcript started, output file is D:\dev\casestrainer\logs\script_20250805_131230.log

=== Checking Docker Availability ===
[OK] Docker CLI is available: Docker version 28.3.2, build 578ccf6
[INFO] Docker is running in Linux containers mode
[OK] Docker Compose is available: Docker Compose version v2.38.2-desktop.1
[cslaunch] Running menu option 2...
Deleting all .pyc files and __pycache__ directories to prevent stale bytecode...
Analyzing code changes to determine rebuild strategy...
Building images (using cache for speed)...
 => => unpacking to docker.io/library/casestrainer-frontend-prod:lat  0.2s
 => [frontend-prod] resolving provenance for metadata file            0.0s
[+] Building 5/5
 ✔ backend        Built                                               0.0s
 ✔ rqworker       Built                                               0.0s
 ✔ rqworker2      Built                                               0.0s
 ✔ rqworker3      Built                                               0.0s
 ✔ frontend-prod  Built                                               0.0s
Starting up containers...


[INFO] Smart production start complete.
[INFO] Regular build performed (use option 3 for guaranteed fresh build).
[INFO] If you are testing the frontend, please hard-refresh your browser (Ctrl+F5) to clear any cached JS/CSS.
[cslaunch] Starting interactive menu...

========================================
 Enhanced CaseStrainer Docker Launcher
                v1.3 (ENHANCED)
========================================

 1.  Quick Production Start (FASTEST)
    - Minimal checks, maximum speed

 2.  Fast Production Start (RECOMMENDED) - Restart with latest code
    - Fast restart with volume mounts, no rebuild needed

 3.  Force Full Rebuild
    - Complete rebuild, use when needed

 4.   Advanced Diagnostics
 5.   Cache Management
 6.   Stop All Services
 7.  Quick Status Check
 8.  Run Production Server Test
 0.  Exit

TIP: Use option 1 for fastest startup!

ðŸš€ FAST START: Restarting containers with latest code (volume mounts enabled)...
Cleaning Python cache...
Checking if front-end rebuild is needed...
Vue build is up to date
Front-end is up to date (no rebuild needed)
Restarting containers with existing images...

[INFO] Fast production start complete!
[INFO] Latest code is available via volume mounts (no rebuild needed).
[INFO] If you are testing the frontend, please hard-refresh your browser (Ctrl+F5).

Press any key to return to menu...

========================================
 Enhanced CaseStrainer Docker Launcher
                v1.3 (ENHANCED)
========================================

 1.  Quick Production Start (FASTEST)
    - Minimal checks, maximum speed

 2.  Fast Production Start (RECOMMENDED) - Restart with latest code
    - Fast restart with volume mounts, no rebuild needed

 3.  Force Full Rebuild
    - Complete rebuild, use when needed

 4.   Advanced Diagnostics
 5.   Cache Management
 6.   Stop All Services
 7.  Quick Status Check
 8.  Run Production Server Test
 0.  Exit

TIP: Use option 1 for fastest startup!

Exiting...
PS>TerminatingError(): "System error."
]633;D;0]633;A]633;P;Cwd=D:\x5cdev\x5ccasestrainerPS D:\dev\casestrainer> ]633;B
