**********************
Windows PowerShell transcript start
Start time: 20250731211905
Username: NETID\jafrank
RunAs User: NETID\jafrank
Configuration Name: 
Machine: HAUMEA (Microsoft Windows NT 10.0.20348.0)
Host Application: C:\Windows\System32\WindowsPowerShell\v1.0\powershell.exe -ExecutionPolicy Bypass -File .\cslaunch.ps1 -Mode Menu
Process ID: 8864
PSVersion: 5.1.20348.3932
PSEdition: Desktop
PSCompatibleVersions: 1.0, 2.0, 3.0, 4.0, 5.0, 5.1.20348.3932
BuildVersion: 10.0.20348.3932
CLRVersion: 4.0.30319.42000
WSManStackVersion: 3.0
PSRemotingProtocolVersion: 2.3
SerializationVersion: 1.1.0.1
**********************
Transcript started, output file is D:\dev\casestrainer\logs\script_20250731_211905.log

=== Checking Docker Availability ===
[OK] Docker CLI is available: Docker version 28.3.2, build 578ccf6
[INFO] Docker is running in Linux containers mode
[OK] Docker Compose is available: Docker Compose version v2.38.2-desktop.1
[cslaunch] Starting interactive menu...

========================================
 Enhanced CaseStrainer Docker Launcher
                v1.3 (ENHANCED)
========================================

 1.  Quick Production Start (FASTEST)
    - Minimal checks, maximum speed

 2.  Smart Production Start (RECOMMENDED)
    - Intelligent build detection, balanced speed

 3.  Force Full Rebuild
    - Complete rebuild, use when needed

 4.   Advanced Diagnostics
 5.   Cache Management
 6.   Stop All Services
 7.  Quick Status Check
 8.  Run Production Server Test
 0.  Exit

TIP: Use option 1 for fastest startup!

Deleting all .pyc files and __pycache__ directories to prevent stale bytecode...
Analyzing code changes to determine rebuild strategy...
ðŸ„ Rebuilding backend image to ensure Python code changes are included...

=== Starting Docker Production Mode ===
Checking if Vue build is needed...
Vue build is up to date
OK Docker is running
OK Sufficient disk space (80.98 GB free)
Processing Vue frontend build...
Using cached Vue build check result: False
Vue build needed: False, ForceRebuild: False
OK Vue build up to date (skipping build)
Stopping existing Docker containers...
Running: docker-compose -f D:\dev\casestrainer\docker-compose.prod.yml down --timeout 30
Containers stopped successfully
Checking for any remaining 'casestrainer' containers...
No remaining 'casestrainer' containers found.

Starting Docker containers...
Using existing images (no rebuild needed)...
Docker compose command: docker-compose -f D:\dev\casestrainer\docker-compose.prod.yml up -d
ERROR: Failed to start Docker containers (exit code: 1)
Checking Docker daemon status...
Docker daemon is running (version: 28.3.2)
The issue may be with the compose file or container configuration
ERROR: Failed to start Docker containers (exit code: 1)

=== Starting Docker Production Mode ===
Checking if Vue build is needed...
Using cached Vue build check result: False
OK Docker is running
OK Sufficient disk space (80.98 GB free)
Processing Vue frontend build...
Using cached Vue build check result: False
Vue build needed: False, ForceRebuild: False
OK Vue build up to date (skipping build)
Stopping existing Docker containers...
Running: docker-compose -f D:\dev\casestrainer\docker-compose.prod.yml down --timeout 30
Containers stopped successfully
Checking for any remaining 'casestrainer' containers...
No remaining 'casestrainer' containers found.

Starting Docker containers...
Using existing images (no rebuild needed)...
Docker compose command: docker-compose -f D:\dev\casestrainer\docker-compose.prod.yml up -d
ERROR: Failed to start Docker containers (exit code: 1)
Checking Docker daemon status...
Docker daemon is running (version: 28.3.2)
The issue may be with the compose file or container configuration
ERROR: Failed to start Docker containers (exit code: 1)
âŒ Docker production failed
PS>TerminatingError(): "System error."
#1 [internal] load local bake definitions
#1 reading from stdin 354B done
#1 DONE 0.0s

#2 [internal] load build definition from Dockerfile
#2 transferring dockerfile: 1.62kB 0.0s done
#2 DONE 0.0s

#3 [auth] library/python:pull token for registry-1.docker.io
#3 DONE 0.0s

#4 [internal] load metadata for docker.io/library/python:3.10-slim
#4 DONE 0.6s

#5 [internal] load .dockerignore
#5 transferring context: 908B 0.0s done
#5 DONE 0.0s

#6 [internal] load build context
#6 DONE 0.0s

#7 [ 1/15] FROM docker.io/library/python:3.10-slim@sha256:81f1cdb3770d54ecfdbddcc52c2125fce674c14a1d976dfd8f65dc0734f9c3c5
#7 resolve docker.io/library/python:3.10-slim@sha256:81f1cdb3770d54ecfdbddcc52c2125fce674c14a1d976dfd8f65dc0734f9c3c5 0.0s done
#7 DONE 0.1s

#6 [internal] load build context
#6 transferring context: 37.52kB 0.1s done
#6 DONE 0.1s

#8 [14/15] RUN mkdir -p /app/logs && chown app:app /app/logs
#8 CACHED

#9 [ 7/15] RUN useradd --create-home --shell /bin/bash app
#9 CACHED

#10 [ 8/15] COPY --chown=app:app src/ /app/src/
#10 CACHED

#11 [ 2/15] WORKDIR /app
#11 CACHED

#12 [11/15] COPY --chown=app:app templates/ /app/templates/
#12 CACHED

#13 [ 4/15] RUN apt-get update && apt-get install -y git && rm -rf /var/lib/apt/lists/*
#13 CACHED

#14 [10/15] COPY --chown=app:app config/ /app/config/
#14 CACHED

#15 [ 5/15] RUN pip install --no-cache-dir -r requirements.txt
#15 CACHED

#16 [13/15] RUN find . -type d -name '__pycache__' -exec rm -r {} + && find . -type f -name '*.pyc' -delete
#16 CACHED

#17 [ 6/15] RUN apt-get update && apt-get install -y     build-essential     gcc     curl     git     libmagic1     && rm -rf /var/lib/apt/lists/*
#17 CACHED

#18 [12/15] COPY --chown=app:app static/ /app/static/
#18 CACHED

#19 [ 9/15] COPY --chown=app:app app/ /app/app/
#19 CACHED

#20 [ 3/15] COPY requirements.txt requirements.txt
#20 CACHED

#21 [15/15] RUN mkdir -p /home/app/data /home/app/logs /home/app/uploads /home/app/temp_uploads /app/citation_cache
#21 CACHED

#22 exporting to image
#22 exporting layers 0.0s done
#22 exporting manifest sha256:f5d0affa5b33e42ba6aee72e1b490a215feaa68139a6620b7cbdc7c459ca577a 0.0s done
#22 exporting config sha256:bea5c7be3deba1ce4348693b7d2fc26cedaea39e0954d676f5b4cd487d525a57 done
#22 exporting attestation manifest sha256:61273e4367d7db89c9ad650024153340550bcb431fd2ea7ab621ebb0be6a0c0a 0.0s done
#22 exporting manifest list sha256:b9f20b8d9f76cab588a01056fcd4988628fe47e3fff39e0705572159d2afe0f5
#22 exporting manifest list sha256:b9f20b8d9f76cab588a01056fcd4988628fe47e3fff39e0705572159d2afe0f5 0.0s done
#22 naming to docker.io/library/casestrainer-backend:latest done
#22 unpacking to docker.io/library/casestrainer-backend:latest 0.0s done
#22 DONE 0.2s

#23 resolving provenance for metadata file
#23 DONE 0.0s
PS>TerminatingError(): "System error."
**********************
Windows PowerShell transcript end
End time: 20250731211953
**********************
