**********************
Windows PowerShell transcript start
Start time: 20250801174859
Username: NETID\jafrank
RunAs User: NETID\jafrank
Configuration Name: 
Machine: HAUMEA (Microsoft Windows NT 10.0.20348.0)
Host Application: C:\Windows\System32\WindowsPowerShell\v1.0\powershell.exe -noexit -command try { . "c:\Users\jafrank\AppData\Local\Programs\cursor\resources\app\out\vs\workbench\contrib\terminal\common\scripts\shellIntegration.ps1" } catch {}
Process ID: 17560
PSVersion: 5.1.20348.3932
PSEdition: Desktop
PSCompatibleVersions: 1.0, 2.0, 3.0, 4.0, 5.0, 5.1.20348.3932
BuildVersion: 10.0.20348.3932
CLRVersion: 4.0.30319.42000
WSManStackVersion: 3.0
PSRemotingProtocolVersion: 2.3
SerializationVersion: 1.1.0.1
**********************
Transcript started, output file is D:\dev\casestrainer\logs\script_20250801_174859.log

=== Checking Docker Availability ===
[OK] Docker CLI is available: Docker version 28.3.2, build 578ccf6
[INFO] Docker is running in Linux containers mode
[OK] Docker Compose is available: Docker Compose version v2.38.2-desktop.1
[cslaunch] Starting interactive menu...

========================================
 Enhanced CaseStrainer Docker Launcher
                v1.3 (ENHANCED)
========================================

 1.  Quick Production Start (FASTEST)
    - Minimal checks, maximum speed

 2.  Smart Production Start (RECOMMENDED)
    - Intelligent build detection, balanced speed

 3.  Force Full Rebuild
    - Complete rebuild, use when needed

 4.   Advanced Diagnostics
 5.   Cache Management
 6.   Stop All Services
 7.  Quick Status Check
 8.  Run Production Server Test
 0.  Exit

TIP: Use option 1 for fastest startup!

Deleting all .pyc files and __pycache__ directories to prevent stale bytecode...
Analyzing code changes to determine rebuild strategy...
ðŸ„ Rebuilding backend image to ensure Python code changes are included...

=== Starting Docker Production Mode ===
Checking if Vue build is needed...
Vue build is up to date
OK Docker is running
OK Sufficient disk space (57.15 GB free)
Processing Vue frontend build...
Using cached Vue build check result: False
Vue build needed: False, ForceRebuild: False
OK Vue build up to date (skipping build)
Stopping existing Docker containers...
Running: docker-compose -f D:\dev\casestrainer\docker-compose.prod.yml down --timeout 30
Containers stopped successfully
Checking for any remaining 'casestrainer' containers...
No remaining 'casestrainer' containers found.

Starting Docker containers...
Code changes detected: Rebuilding affected containers...
Docker compose command: docker-compose -f D:\dev\casestrainer\docker-compose.prod.yml up -d --build
OK Docker containers started successfully
Waiting for containers to initialize...

Waiting for services to become healthy (timeout: 10 minutes, requires 2 consecutive healthy checks)...
âœ… All services report healthy (1/2)...
No status change detected, waiting...
âœ… All services are ready and stable
  Backend: HEALTHY, Redis: HEALTHY, Worker: HEALTHY
âœ… API endpoint is responding: {"message":"Vue API is running","status":"ok","timestamp":"2025-08-02T00:50:01.747036"}

=== Docker Production Mode Ready ===
INFO Production Site:  https://wolf.law.uw.edu/casestrainer

Local Development URLs:
Backend API:    http://localhost:5001/casestrainer/api/
Frontend Prod:  http://localhost:8080/
Nginx (HTTP):   http://localhost:80/
Nginx (HTTPS):  https://localhost:443/
Local Frontend: https://localhost/casestrainer/
API Health:     https://localhost/casestrainer/api/health

Docker Commands:
  View logs:    docker-compose -f docker-compose.prod.yml logs [service]
  Stop all:     docker-compose -f docker-compose.prod.yml down
  Restart:      docker-compose -f docker-compose.prod.yml restart [service]

Running adaptive learning pipeline...
Starting adaptive learning pipeline...
Using enhanced adaptive learning pipeline...
Running adaptive learning pipeline...
âœ… Adaptive learning pipeline completed successfully
âœ… Adaptive learning completed successfully

Running post-startup validation...
  Testing API endpoints...
  âœ… API health check passed
  âŒ Text processing test failed after 3 attempts
WARNING: Post-startup validation failed - system may have issues

=== Starting Docker Production Mode ===
Checking if Vue build is needed...
Vue build is up to date
OK Docker is running
OK Sufficient disk space (57.16 GB free)
Processing Vue frontend build...
Using cached Vue build check result: False
Vue build needed: False, ForceRebuild: False
OK Vue build up to date (skipping build)
Stopping existing Docker containers...
Running: docker-compose -f D:\dev\casestrainer\docker-compose.prod.yml down --timeout 30
Containers stopped successfully
Checking for any remaining 'casestrainer' containers...
No remaining 'casestrainer' containers found.

Starting Docker containers...
Code changes detected: Rebuilding affected containers...
Docker compose command: docker-compose -f D:\dev\casestrainer\docker-compose.prod.yml up -d --build
OK Docker containers started successfully
Waiting for containers to initialize...

Waiting for services to become healthy (timeout: 10 minutes, requires 2 consecutive healthy checks)...
âœ… All services report healthy (1/2)...
No status change detected, waiting...
âœ… All services are ready and stable
  Backend: HEALTHY, Redis: HEALTHY, Worker: HEALTHY
âœ… API endpoint is responding: {"message":"Vue API is running","status":"ok","timestamp":"2025-08-02T00:50:53.073349"}

=== Docker Production Mode Ready ===
INFO Production Site:  https://wolf.law.uw.edu/casestrainer

Local Development URLs:
Backend API:    http://localhost:5001/casestrainer/api/
Frontend Prod:  http://localhost:8080/
Nginx (HTTP):   http://localhost:80/
Nginx (HTTPS):  https://localhost:443/
Local Frontend: https://localhost/casestrainer/
API Health:     https://localhost/casestrainer/api/health

Docker Commands:
  View logs:    docker-compose -f docker-compose.prod.yml logs [service]
  Stop all:     docker-compose -f docker-compose.prod.yml down
  Restart:      docker-compose -f docker-compose.prod.yml restart [service]

Running adaptive learning pipeline...
Starting adaptive learning pipeline...
Using enhanced adaptive learning pipeline...
Running adaptive learning pipeline...
âœ… Adaptive learning pipeline completed successfully
âœ… Adaptive learning completed successfully

Running post-startup validation...
  Testing API endpoints...
  âœ… API health check passed
  âŒ Text processing test failed after 3 attempts
WARNING: Post-startup validation failed - system may have issues
Running production test suite...
[2025-08-01 17:51:04] âŒ Some production tests failed (exit code: 1)!

Last 30 lines of test output:
pytest.exe : D:\Python\Lib\site-packages\pytest_asyncio\plugin.py:208:
PytestDeprecationWarning: The configuration option
"asyncio_default_fixture_loop_scope" is unset.
At D:\dev\casestrainer\cslaunch.ps1:2354 char:17
+ ...             & pytest test_production_server.py -v --maxfail=1 --disab ...
+                 ~~~~~~~~~~~~~~~~~~~~~~~~~~~~~~~~~~~~~~~~~~~~~~~~~~~~~~~~~
    + CategoryInfo          : NotSpecified: (D:\Python\Lib\s...cope" is unset.:String)
    [], RemoteException
    + FullyQualifiedErrorId : NativeCommandError

The event loop scope for asynchronous fixtures will default to the fixture caching
scope. Future versions of pytest-asyncio will default the loop scope for asynchronous
fixtures to function scope. Set the default fixture loop scope explicitly in order to
avoid unexpected behavior in the future. Valid fixture loop scopes are: "function",
"class", "module", "package", "session"

  warnings.warn(PytestDeprecationWarning(_DEFAULT_FIXTURE_LOOP_SCOPE_UNSET))
============================= test session starts =============================
platform win32 -- Python 3.13.3, pytest-8.3.5, pluggy-1.6.0 -- D:\Python\python.exe
cachedir: .pytest_cache
metadata: {'Python': '3.13.3', 'Platform': 'Windows-2022Server-10.0.20348-SP0', 'Packages': {'pytest': '8.3.5', 'pluggy': '1.6.0'}, 'Plugins': {'anyio': '4.9.0', 'asyncio': '1.0.0', 'cov': '6.1.1', 'html': '4.1.1', 'httpx': '0.35.0', 'metadata': '3.1.1', 'mock': '3.14.1', 'timeout': '2.4.0', 'xdist': '3.7.0'}}
rootdir: D:\dev\casestrainer
configfile: pytest.ini
plugins: anyio-4.9.0, asyncio-1.0.0, cov-6.1.1, html-4.1.1, httpx-0.35.0, metadata-3.1.1, mock-3.14.1, timeout-2.4.0, xdist-3.7.0
asyncio: mode=Mode.STRICT, asyncio_default_fixture_loop_scope=None, asyncio_default_test_loop_scope=function
ERROR: file or directory not found: test_production_server.py

collecting ... collected 0 items

============================ no tests ran in 0.03s ============================

Full test log available at: D:\dev\casestrainer\logs\production_test.log
(.venv) TerminatingError(): "System error."
#1 [internal] load local bake definitions
#1 reading from stdin 354B done
#1 DONE 0.0s

#2 [internal] load build definition from Dockerfile
#2 transferring dockerfile: 1.76kB 0.0s done
#2 DONE 0.0s

#3 [internal] load metadata for docker.io/library/python:3.10-slim
#3 ...

#4 [auth] library/python:pull token for registry-1.docker.io
#4 DONE 0.0s

#3 [internal] load metadata for docker.io/library/python:3.10-slim
#3 DONE 0.8s

#5 [internal] load .dockerignore
#5 transferring context: 908B 0.0s done
#5 DONE 0.0s

#6 [internal] load build context
#6 DONE 0.0s

#7 [ 1/16] FROM docker.io/library/python:3.10-slim@sha256:81f1cdb3770d54ecfdbddcc52c2125fce674c14a1d976dfd8f65dc0734f9c3c5
#7 resolve docker.io/library/python:3.10-slim@sha256:81f1cdb3770d54ecfdbddcc52c2125fce674c14a1d976dfd8f65dc0734f9c3c5 0.1s done
#7 DONE 0.1s

#6 [internal] load build context
#6 transferring context: 47.11kB 0.1s done
#6 DONE 0.1s

#8 [11/16] COPY --chown=app:app templates/ /app/templates/
#8 CACHED

#9 [14/16] RUN mkdir -p /app/logs && chown app:app /app/logs
#9 CACHED

#10 [ 7/16] RUN useradd --create-home --shell /bin/bash app
#10 CACHED

#11 [ 4/16] RUN apt-get update && apt-get install -y git && rm -rf /var/lib/apt/lists/*
#11 CACHED

#12 [ 9/16] COPY --chown=app:app app/ /app/app/
#12 CACHED

#13 [ 3/16] COPY requirements.txt requirements.txt
#13 CACHED

#14 [ 5/16] RUN pip install --no-cache-dir -r requirements.txt
#14 CACHED

#15 [ 8/16] COPY --chown=app:app src/ /app/src/
#15 CACHED

#16 [ 6/16] RUN apt-get update && apt-get install -y     build-essential     gcc     curl     git     libmagic1     && rm -rf /var/lib/apt/lists/*
#16 CACHED

#17 [13/16] RUN find . -type d -name '__pycache__' -exec rm -r {} + && find . -type f -name '*.pyc' -delete
#17 CACHED

#18 [ 2/16] WORKDIR /app
#18 CACHED

#19 [10/16] COPY --chown=app:app config/ /app/config/
#19 CACHED

#20 [12/16] COPY --chown=app:app static/ /app/static/
#20 CACHED

#21 [15/16] RUN mkdir -p /home/app/data /home/app/logs /home/app/uploads /home/app/temp_uploads /app/citation_cache
#21 CACHED

#22 [16/16] RUN chown -R app:app /home/app/data /home/app/logs /home/app/uploads /home/app/temp_uploads /app/citation_cache
#22 CACHED

#23 exporting to image
#23 exporting layers done
#23 exporting manifest sha256:f7435b6dbf32f8c36220989267ca92f2bf2e0e6aac4f88d6df95e8a200906d19 done
#23 exporting config sha256:72e8676932a54ad70f91a3c7600710641dc9a248adcc0c6afd8030592c78266e done
#23 exporting attestation manifest sha256:50657aa0f21bd345066a4fe633f31f94ea185df4fcd4a18dcabf2e94b08093e7 0.1s done
#23 exporting manifest list sha256:4b6d7ecaaa55decec0ab654305295c991fad88a0ac016b2cabdf9cde2a3cdea0
#23 exporting manifest list sha256:4b6d7ecaaa55decec0ab654305295c991fad88a0ac016b2cabdf9cde2a3cdea0 0.0s done
#23 naming to docker.io/library/casestrainer-backend:latest done
#23 unpacking to docker.io/library/casestrainer-backend:latest 0.0s done
#23 DONE 0.3s

#24 resolving provenance for metadata file
#24 DONE 0.0s
]633;D;0]633;A]633;P;Cwd=D:\x5cdev\x5ccasestrainerPS D:\dev\casestrainer> ]633;B
