**********************
Windows PowerShell transcript start
Start time: 20250805132216
Username: NETID\jafrank
RunAs User: NETID\jafrank
Configuration Name: 
Machine: HAUMEA (Microsoft Windows NT 10.0.20348.0)
Host Application: C:\Windows\System32\WindowsPowerShell\v1.0\powershell.exe -NoProfile -ExecutionPolicy Bypass -Command Import-Module 'c:\Users\jafrank\.cursor\extensions\ms-vscode.powershell-2025.2.0-universal\modules\PowerShellEditorServices\PowerShellEditorServices.psd1'; Start-EditorServices -HostName 'Visual Studio Code Host' -HostProfileId 'Microsoft.VSCode' -HostVersion '2025.2.0' -BundledModulesPath 'c:\Users\jafrank\.cursor\extensions\ms-vscode.powershell-2025.2.0-universal\modules' -EnableConsoleRepl -StartupBanner "PowerShell Extension v2025.2.0
Copyright (c) Microsoft Corporation.

https://aka.ms/vscode-powershell
Type 'help' to get help.
" -LogLevel 'Warning' -LogPath 'c:\Users\jafrank\AppData\Roaming\Cursor\logs\20250804T230914\window1\exthost\ms-vscode.powershell' -SessionDetailsPath 'c:\Users\jafrank\AppData\Roaming\Cursor\User\globalStorage\ms-vscode.powershell\sessions\PSES-VSCode-7076-924610.json' -FeatureFlags @() 
Process ID: 16096
PSVersion: 5.1.20348.3932
PSEdition: Desktop
PSCompatibleVersions: 1.0, 2.0, 3.0, 4.0, 5.0, 5.1.20348.3932
BuildVersion: 10.0.20348.3932
CLRVersion: 4.0.30319.42000
WSManStackVersion: 3.0
PSRemotingProtocolVersion: 2.3
SerializationVersion: 1.1.0.1
**********************
Transcript started, output file is D:\dev\casestrainer\logs\script_20250805_132216.log

=== Checking Docker Availability ===
[OK] Docker CLI is available: Docker version 28.3.2, build 578ccf6
[INFO] Docker is running in Linux containers mode
[OK] Docker Compose is available: Docker Compose version v2.38.2-desktop.1
[cslaunch] Starting interactive menu...

========================================
 Enhanced CaseStrainer Docker Launcher
                v1.3 (ENHANCED)
========================================

 1.  Quick Production Start (FASTEST)
    - Minimal checks, maximum speed

 2.  Fast Production Start (RECOMMENDED) - Restart with latest code
    - Fast restart with volume mounts, no rebuild needed

 3.  Force Full Rebuild
    - Complete rebuild, use when needed

 4.   Advanced Diagnostics
 5.   Cache Management
 6.   Stop All Services
 7.  Quick Status Check
 8.  Run Production Server Test
 0.  Exit

TIP: Use option 1 for fastest startup!

🚀 FAST START: Restarting containers with latest code and front-end...
Cleaning Python cache...
Checking if front-end rebuild is needed...
Vue build is up to date
Front-end is up to date (no rebuild needed)
Restarting containers with existing images...

[INFO] Fast production start complete!
[INFO] Latest code is available via volume mounts (no rebuild needed).
[INFO] Front-end was up to date.

Press any key to return to menu...

========================================
 Enhanced CaseStrainer Docker Launcher
                v1.3 (ENHANCED)
========================================

 1.  Quick Production Start (FASTEST)
    - Minimal checks, maximum speed

 2.  Fast Production Start (RECOMMENDED) - Restart with latest code
    - Fast restart with volume mounts, no rebuild needed

 3.  Force Full Rebuild
    - Complete rebuild, use when needed

 4.   Advanced Diagnostics
 5.   Cache Management
 6.   Stop All Services
 7.  Quick Status Check
 8.  Run Production Server Test
 0.  Exit

TIP: Use option 1 for fastest startup!

