**********************
Windows PowerShell transcript start
Start time: 20250731232212
Username: NETID\jafrank
RunAs User: NETID\jafrank
Configuration Name: 
Machine: HAUMEA (Microsoft Windows NT 10.0.20348.0)
Host Application: C:\Windows\System32\WindowsPowerShell\v1.0\powershell.exe -NoProfile -ExecutionPolicy Bypass -File cslaunch.ps1 -Mode Production
Process ID: 10856
PSVersion: 5.1.20348.3932
PSEdition: Desktop
PSCompatibleVersions: 1.0, 2.0, 3.0, 4.0, 5.0, 5.1.20348.3932
BuildVersion: 10.0.20348.3932
CLRVersion: 4.0.30319.42000
WSManStackVersion: 3.0
PSRemotingProtocolVersion: 2.3
SerializationVersion: 1.1.0.1
**********************
Transcript started, output file is D:\dev\casestrainer\logs\script_20250731_232212.log

=== Checking Docker Availability ===
[OK] Docker CLI is available: Docker version 28.3.2, build 578ccf6
[INFO] Docker is running in Linux containers mode
[OK] Docker Compose is available: Docker Compose version v2.38.2-desktop.1
[cslaunch] Starting in Production mode...

=== Starting Docker Production Mode ===
Checking if Vue build is needed...
Vue build is up to date
OK Docker is running
OK Sufficient disk space (57.83 GB free)
Processing Vue frontend build...
Using cached Vue build check result: False
Vue build needed: False, ForceRebuild: False
OK Vue build up to date (skipping build)
Stopping existing Docker containers...
Running: docker-compose -f D:\dev\casestrainer\docker-compose.prod.yml down --timeout 30
Containers stopped successfully
Checking for any remaining 'casestrainer' containers...
No remaining 'casestrainer' containers found.

Starting Docker containers...
Using existing images (no rebuild needed)...
Docker compose command: docker-compose -f D:\dev\casestrainer\docker-compose.prod.yml up -d
OK Docker containers started successfully
Waiting for containers to initialize...

Waiting for services to initialize...
OK All services are ready
  Backend: HEALTHY, Redis: HEALTHY, Worker: HEALTHY

=== Docker Production Mode Ready ===
INFO Production Site:  https://wolf.law.uw.edu/casestrainer

Local Development URLs:
Backend API:    http://localhost:5001/casestrainer/api/
Frontend Prod:  http://localhost:8080/
Nginx (HTTP):   http://localhost:80/
Nginx (HTTPS):  https://localhost:443/
Local Frontend: https://localhost/casestrainer/
API Health:     https://localhost/casestrainer/api/health

Docker Commands:
  View logs:    docker-compose -f docker-compose.prod.yml logs [service]
  Stop all:     docker-compose -f docker-compose.prod.yml down
  Restart:      docker-compose -f docker-compose.prod.yml restart [service]

Running adaptive learning pipeline...
Starting adaptive learning pipeline...
Using enhanced adaptive learning pipeline...
Running adaptive learning pipeline...
âœ… Adaptive learning pipeline completed successfully
âœ… Adaptive learning completed successfully

Running post-startup validation...
  Testing API endpoints...
PS>TerminatingError(Invoke-WebRequest): "Unable to connect to the remote server"
  Health check attempt 1 failed: Unable to connect to the remote server
PS>TerminatingError(Invoke-WebRequest): "Unable to connect to the remote server"
  Health check attempt 2 failed: Unable to connect to the remote server
PS>TerminatingError(Invoke-WebRequest): "Unable to connect to the remote server"
  Health check attempt 3 failed: Unable to connect to the remote server
  âŒ API health check failed after 3 attempts
WARNING: Post-startup validation failed - system may have issues
PS>TerminatingError(): "System error."
**********************
Windows PowerShell transcript end
End time: 20250731232313
**********************
