**********************
Windows PowerShell transcript start
Start time: 20250804001920
Username: NETID\jafrank
RunAs User: NETID\jafrank
Configuration Name: 
Machine: HAUMEA (Microsoft Windows NT 10.0.20348.0)
Host Application: C:\Windows\System32\WindowsPowerShell\v1.0\powershell.exe -noexit -command try { . "c:\Users\jafrank\AppData\Local\Programs\cursor\resources\app\out\vs\workbench\contrib\terminal\common\scripts\shellIntegration.ps1" } catch {}
Process ID: 9484
PSVersion: 5.1.20348.3932
PSEdition: Desktop
PSCompatibleVersions: 1.0, 2.0, 3.0, 4.0, 5.0, 5.1.20348.3932
BuildVersion: 10.0.20348.3932
CLRVersion: 4.0.30319.42000
WSManStackVersion: 3.0
PSRemotingProtocolVersion: 2.3
SerializationVersion: 1.1.0.1
**********************
Transcript started, output file is D:\dev\casestrainer\logs\script_20250804_001920.log

=== Checking Docker Availability ===
[OK] Docker CLI is available: Docker version 28.3.2, build 578ccf6
[INFO] Docker is running in Linux containers mode
[OK] Docker Compose is available: Docker Compose version v2.38.2-desktop.1
[cslaunch] Starting interactive menu...

========================================
 Enhanced CaseStrainer Docker Launcher
                v1.3 (ENHANCED)
========================================

 1.  Quick Production Start (FASTEST)
    - Minimal checks, maximum speed

 2.  Fast Production Start (RECOMMENDED) - Restart with latest code
    - Fast restart with volume mounts, no rebuild needed

 3.  Force Full Rebuild
    - Complete rebuild, use when needed

 4.   Advanced Diagnostics
 5.   Cache Management
 6.   Stop All Services
 7.  Quick Status Check
 8.  Run Production Server Test
 0.  Exit

TIP: Use option 1 for fastest startup!

Pruning unused Docker images and volumes for a clean build...
Building all images with --no-cache to ensure latest code...
PS>TerminatingError(): "The pipeline has been stopped."
>> TerminatingError(): "The pipeline has been stopped."
PS>TerminatingError(): "The pipeline has been stopped."
>> TerminatingError(): "The pipeline has been stopped."
]633;D;0]633;A]633;P;Cwd=D:\x5cdev\x5ccasestrainerPS D:\dev\casestrainer> ]633;B
