**********************
Windows PowerShell transcript start
Start time: 20250803014302
Username: NETID\jafrank
RunAs User: NETID\jafrank
Configuration Name: 
Machine: HAUMEA (Microsoft Windows NT 10.0.20348.0)
Host Application: C:\Windows\System32\WindowsPowerShell\v1.0\powershell.exe -noexit -command try { . "c:\Users\jafrank\AppData\Local\Programs\cursor\resources\app\out\vs\workbench\contrib\terminal\common\scripts\shellIntegration.ps1" } catch {}
Process ID: 9912
PSVersion: 5.1.20348.3932
PSEdition: Desktop
PSCompatibleVersions: 1.0, 2.0, 3.0, 4.0, 5.0, 5.1.20348.3932
BuildVersion: 10.0.20348.3932
CLRVersion: 4.0.30319.42000
WSManStackVersion: 3.0
PSRemotingProtocolVersion: 2.3
SerializationVersion: 1.1.0.1
**********************
Transcript started, output file is D:\dev\casestrainer\logs\script_20250803_014302.log

=== Checking Docker Availability ===
[OK] Docker CLI is available: Docker version 28.3.2, build 578ccf6
[INFO] Docker is running in Linux containers mode
[OK] Docker Compose is available: Docker Compose version v2.38.2-desktop.1
[cslaunch] Running menu option 3...
Pruning unused Docker images and volumes for a clean build...

Building all images with --no-cache to ensure latest code...

Starting up containers...


[INFO] Full rebuild complete.
[INFO] If you are testing the frontend, please hard-refresh your browser (Ctrl+F5) to clear any cached JS/CSS.

Fatal Error: The term '//' is not recognized as the name of a cmdlet, function, script file, or operable program. Check the spelling of the name, or if a path was included, verify that the path is correct and try again.
Check log file: D:\dev\casestrainer\logs\crash.log
]633;D;1]633;A]633;P;Cwd=D:\x5cdev\x5ccasestrainerPS D:\dev\casestrainer> ]633;B
