2025-07-13 12:50:01,350 - INFO - Starting WA briefs scraping. Target: 50 briefs, min pages: 10
2025-07-13 12:50:01,350 - INFO - Fetching brief listings from main page...
2025-07-13 12:50:01,411 - INFO - Found 0 potential brief links
2025-07-13 12:50:01,411 - INFO - Scraping complete. Downloaded: 0, Skipped: 0
2025-07-13 14:47:51,175 - INFO - Starting WA briefs scraping. Target: 50 briefs, min pages: 10
2025-07-13 14:47:51,176 - INFO - Fetching brief listings from main page...
2025-07-13 14:47:51,245 - INFO - Found 0 potential brief links
2025-07-13 14:47:51,245 - INFO - Scraping complete. Downloaded: 0, Skipped: 0
2025-07-14 16:55:47,526 - INFO - Starting WA briefs scraping. Target: 50 briefs, min pages: 10
2025-07-14 16:55:47,528 - INFO - Fetching brief listings from main page...
2025-07-14 16:55:47,620 - INFO - Found 0 potential brief links
2025-07-14 16:55:47,621 - INFO - Scraping complete. Downloaded: 0, Skipped: 0
2025-07-14 16:56:08,797 - INFO - Starting WA briefs scraping. Target: 50 briefs, min pages: 10
2025-07-14 16:56:08,798 - INFO - Fetching brief listings from main page...
2025-07-14 16:56:08,848 - INFO - Found 0 potential brief links
2025-07-14 16:56:08,849 - INFO - Scraping complete. Downloaded: 0, Skipped: 0
2025-07-14 17:08:54,825 - INFO - Starting WA briefs scraping. Target: 50 briefs, min pages: 10
2025-07-14 17:08:54,825 - INFO - Fetching brief listings from WA Courts page...
2025-07-14 17:08:58,974 - INFO - Found 50 PDF briefs
2025-07-14 17:08:58,975 - INFO - Processing brief: Answer to Petition for Review
2025-07-14 17:08:58,975 - INFO - Searching for PDFs on: https://www.courts.wa.gov/content/Briefs/A08/999597 Answer to Petition for Review.pdf
2025-07-14 17:08:59,418 - WARNING - Some characters could not be decoded, and were replaced with REPLACEMENT CHARACTER.
2025-07-14 17:08:59,430 - INFO - Found 0 PDF links
2025-07-14 17:08:59,430 - INFO - Processing brief: Petition for Review
2025-07-14 17:08:59,430 - INFO - Searching for PDFs on: https://www.courts.wa.gov/content/Briefs/A08/999597 Petition for Review.pdf
2025-07-14 17:08:59,866 - WARNING - Some characters could not be decoded, and were replaced with REPLACEMENT CHARACTER.
2025-07-14 17:08:59,890 - INFO - Found 0 PDF links
2025-07-14 17:08:59,891 - INFO - Processing brief: COA  Appellant Brief
2025-07-14 17:08:59,891 - INFO - Searching for PDFs on: https://www.courts.wa.gov/content/Briefs/A08/999597 COA 99959-7 Appellant Brief.pdf
2025-07-14 17:09:00,710 - WARNING - Some characters could not be decoded, and were replaced with REPLACEMENT CHARACTER.
2025-07-14 17:09:00,739 - INFO - Found 0 PDF links
2025-07-14 17:09:00,739 - INFO - Processing brief: COA Respondent Brief
2025-07-14 17:09:00,740 - INFO - Searching for PDFs on: https://www.courts.wa.gov/content/Briefs/A08/999597 COA 99959-7 Respondent Brief.pdf
2025-07-14 17:09:01,052 - WARNING - Some characters could not be decoded, and were replaced with REPLACEMENT CHARACTER.
2025-07-14 17:09:01,086 - INFO - Found 0 PDF links
2025-07-14 17:09:01,087 - INFO - Processing brief: Petitioners Supplemental Brief
2025-07-14 17:09:01,087 - INFO - Searching for PDFs on: https://www.courts.wa.gov/content/Briefs/A08/999597 Petitioners Supplemental Brief.pdf
2025-07-14 17:09:01,250 - WARNING - Some characters could not be decoded, and were replaced with REPLACEMENT CHARACTER.
2025-07-14 17:09:01,291 - INFO - Found 0 PDF links
2025-07-14 17:09:01,291 - INFO - Processing brief: Amicus - Fred T Korematsu Center for Law & Equality, American Civil Liberties Union of Washington, et al.
2025-07-14 17:09:01,292 - INFO - Searching for PDFs on: https://www.courts.wa.gov/content/Briefs/A08/999597 Amicus - Fred T Korematsu Center.pdf
2025-07-14 17:09:01,440 - WARNING - Some characters could not be decoded, and were replaced with REPLACEMENT CHARACTER.
2025-07-14 17:09:01,473 - INFO - Found 0 PDF links
2025-07-14 17:09:01,473 - INFO - Processing brief: COA Pro Se Statement Additional Grounds
2025-07-14 17:09:01,473 - INFO - Searching for PDFs on: https://www.courts.wa.gov/content/Briefs/A08/999597 COA 99959-7 Pro Se Stmt Add'l Grounds.pdf
2025-07-14 17:09:01,542 - WARNING - Some characters could not be decoded, and were replaced with REPLACEMENT CHARACTER.
2025-07-14 17:09:01,558 - INFO - Found 0 PDF links
2025-07-14 17:09:01,559 - INFO - Processing brief: COA  Pro Se Statement Additional Grounds 10-29-20
2025-07-14 17:09:01,559 - INFO - Searching for PDFs on: https://www.courts.wa.gov/content/Briefs/A08/999597 COA 99959-7 Pro Se Stmt Add'l Grounds 10-29-20.pdf
2025-07-14 17:09:01,826 - WARNING - Some characters could not be decoded, and were replaced with REPLACEMENT CHARACTER.
2025-07-14 17:09:01,834 - INFO - Found 0 PDF links
2025-07-14 17:09:01,835 - INFO - Processing brief: COA  Pro Se Statement Additional Grounds 8-27-20
2025-07-14 17:09:01,835 - INFO - Searching for PDFs on: https://www.courts.wa.gov/content/Briefs/A08/999597 COA 99959-7 Pro Se Stmt Add'l Grounds 8-27-20.pdf
2025-07-14 17:09:01,944 - WARNING - Some characters could not be decoded, and were replaced with REPLACEMENT CHARACTER.
2025-07-14 17:09:01,960 - INFO - Found 0 PDF links
2025-07-14 17:09:01,961 - INFO - Processing brief: Respondent Answer to Amicus
2025-07-14 17:09:01,961 - INFO - Searching for PDFs on: https://www.courts.wa.gov/content/Briefs/A08/999597 Respondent Answer to Amicus.pdf
2025-07-14 17:09:02,198 - WARNING - Some characters could not be decoded, and were replaced with REPLACEMENT CHARACTER.
2025-07-14 17:09:02,219 - INFO - Found 0 PDF links
2025-07-14 17:09:02,219 - INFO - Processing brief: Respondents Statment Additional Authorities
2025-07-14 17:09:02,220 - INFO - Searching for PDFs on: https://www.courts.wa.gov/content/Briefs/A08/999597 Respondents Statment Additional Authorities.pdf
2025-07-14 17:09:02,264 - WARNING - Some characters could not be decoded, and were replaced with REPLACEMENT CHARACTER.
2025-07-14 17:09:02,270 - INFO - Found 0 PDF links
2025-07-14 17:09:02,271 - INFO - Processing brief: Petitioner Reply Answer to Amicus
2025-07-14 17:09:02,271 - INFO - Searching for PDFs on: https://www.courts.wa.gov/content/Briefs/A08/999562 Pet'r Reply Answer to Amicus.pdf
2025-07-14 17:09:02,541 - WARNING - Some characters could not be decoded, and were replaced with REPLACEMENT CHARACTER.
2025-07-14 17:09:02,553 - INFO - Found 0 PDF links
2025-07-14 17:09:02,553 - INFO - Processing brief: Eli Lilly County Answer to Amicus
2025-07-14 17:09:02,553 - INFO - Searching for PDFs on: https://www.courts.wa.gov/content/Briefs/A08/999562 Eli Lilly Co Answer to Amicus.pdf
2025-07-14 17:09:02,637 - WARNING - Some characters could not be decoded, and were replaced with REPLACEMENT CHARACTER.
2025-07-14 17:09:02,661 - INFO - Found 0 PDF links
2025-07-14 17:09:02,661 - INFO - Processing brief: Plaintiffs Reply Brief
2025-07-14 17:09:02,662 - INFO - Searching for PDFs on: https://www.courts.wa.gov/content/Briefs/A08/999562 Plaintiffs Reply Brief.pdf
2025-07-14 17:09:02,905 - WARNING - Some characters could not be decoded, and were replaced with REPLACEMENT CHARACTER.
2025-07-14 17:09:02,928 - INFO - Found 0 PDF links
2025-07-14 17:09:02,929 - INFO - Processing brief: Amicus - Pharmaceutical Research and Manufacturers of America
2025-07-14 17:09:02,929 - INFO - Searching for PDFs on: https://www.courts.wa.gov/content/Briefs/A08/999562 Amicus - Pharmaceutical Research.pdf
2025-07-14 17:09:03,163 - WARNING - Some characters could not be decoded, and were replaced with REPLACEMENT CHARACTER.
2025-07-14 17:09:03,181 - INFO - Found 0 PDF links
2025-07-14 17:09:03,182 - INFO - Processing brief: Amicus - Washington Defense Trial Lawyers
2025-07-14 17:09:03,182 - INFO - Searching for PDFs on: https://www.courts.wa.gov/content/Briefs/A08/999562 Amicus - WA Defense Trial Lawyers.pdf
2025-07-14 17:09:03,271 - WARNING - Some characters could not be decoded, and were replaced with REPLACEMENT CHARACTER.
2025-07-14 17:09:03,283 - INFO - Found 0 PDF links
2025-07-14 17:09:03,284 - INFO - Processing brief: Amicus - Wasjington State Association Justice Foundation
2025-07-14 17:09:03,284 - INFO - Searching for PDFs on: https://www.courts.wa.gov/content/Briefs/A08/999562 Amicus - WA State Association Justice Foundation.pdf
2025-07-14 17:09:05,226 - WARNING - Some characters could not be decoded, and were replaced with REPLACEMENT CHARACTER.
2025-07-14 17:09:05,277 - INFO - Found 0 PDF links
2025-07-14 17:09:05,278 - INFO - Processing brief: Plaintiff Opening Brief
2025-07-14 17:09:05,278 - INFO - Searching for PDFs on: https://www.courts.wa.gov/content/Briefs/A08/999562 Plaintiff Opening Brief.pdf
2025-07-14 17:09:08,994 - WARNING - Some characters could not be decoded, and were replaced with REPLACEMENT CHARACTER.
2025-07-14 17:09:09,152 - INFO - Found 0 PDF links
2025-07-14 17:09:09,154 - INFO - Processing brief: Defendant Brief
2025-07-14 17:09:09,154 - INFO - Searching for PDFs on: https://www.courts.wa.gov/content/Briefs/A08/999562 Defendant Brief.pdf
2025-07-14 17:09:09,281 - WARNING - Some characters could not be decoded, and were replaced with REPLACEMENT CHARACTER.
2025-07-14 17:09:09,324 - INFO - Found 0 PDF links
2025-07-14 17:09:09,324 - INFO - Processing brief: Appellants Brief
2025-07-14 17:09:09,325 - INFO - Searching for PDFs on: https://www.courts.wa.gov/content/Briefs/A08/999481 Appellants Brief.pdf
2025-07-14 17:09:10,839 - WARNING - Some characters could not be decoded, and were replaced with REPLACEMENT CHARACTER.
2025-07-14 17:09:10,882 - INFO - Found 0 PDF links
2025-07-14 17:09:10,883 - INFO - Processing brief: Respondents Brief
2025-07-14 17:09:10,883 - INFO - Searching for PDFs on: https://www.courts.wa.gov/content/Briefs/A08/999481 Respondents Brief.pdf
2025-07-14 17:09:11,000 - WARNING - Some characters could not be decoded, and were replaced with REPLACEMENT CHARACTER.
2025-07-14 17:09:11,012 - INFO - Found 0 PDF links
2025-07-14 17:09:11,012 - INFO - Processing brief: Appellants Reply Brief
2025-07-14 17:09:11,013 - INFO - Searching for PDFs on: https://www.courts.wa.gov/content/Briefs/A08/999481 Appellants Reply Brief.pdf
2025-07-14 17:09:11,186 - WARNING - Some characters could not be decoded, and were replaced with REPLACEMENT CHARACTER.
2025-07-14 17:09:11,283 - INFO - Found 0 PDF links
2025-07-14 17:09:11,283 - INFO - Processing brief: Appellants Statement Additional Authorities
2025-07-14 17:09:11,284 - INFO - Searching for PDFs on: https://www.courts.wa.gov/content/Briefs/A08/999481 Appellants Statement Additional Authorities.pdf
2025-07-14 17:09:11,364 - WARNING - Some characters could not be decoded, and were replaced with REPLACEMENT CHARACTER.
2025-07-14 17:09:11,383 - INFO - Found 0 PDF links
2025-07-14 17:09:11,383 - INFO - Processing brief: Statement of Additional Authorities
2025-07-14 17:09:11,384 - INFO - Searching for PDFs on: https://www.courts.wa.gov/content/Briefs/A08/999481 Statement of Additional Authorities.pdf
2025-07-14 17:09:11,555 - WARNING - Some characters could not be decoded, and were replaced with REPLACEMENT CHARACTER.
2025-07-14 17:09:11,569 - INFO - Found 0 PDF links
2025-07-14 17:09:11,570 - INFO - Processing brief: Amicus - ACLU of Washington
2025-07-14 17:09:11,571 - INFO - Searching for PDFs on: https://www.courts.wa.gov/content/Briefs/A08/999414 Amicus - ACLU of Washington.pdf
2025-07-14 17:09:11,688 - WARNING - Some characters could not be decoded, and were replaced with REPLACEMENT CHARACTER.
2025-07-14 17:09:11,707 - INFO - Found 0 PDF links
2025-07-14 17:09:11,707 - INFO - Processing brief: Amicus - The Defender Initative
2025-07-14 17:09:11,708 - INFO - Searching for PDFs on: https://www.courts.wa.gov/content/Briefs/A08/999414 Amicus - The Defender Initative.pdf
2025-07-14 17:09:12,255 - WARNING - Some characters could not be decoded, and were replaced with REPLACEMENT CHARACTER.
2025-07-14 17:09:12,314 - INFO - Found 0 PDF links
2025-07-14 17:09:12,315 - INFO - Processing brief: Amicus - Washington State Office of Public Defense
2025-07-14 17:09:12,315 - INFO - Searching for PDFs on: https://www.courts.wa.gov/content/Briefs/A08/999414 Amicus - WA State Office fo Public Defense.pdf
2025-07-14 17:09:12,405 - WARNING - Some characters could not be decoded, and were replaced with REPLACEMENT CHARACTER.
2025-07-14 17:09:12,410 - INFO - Found 0 PDF links
2025-07-14 17:09:12,411 - INFO - Processing brief: Answer to Motion for Discretionary Review
2025-07-14 17:09:12,411 - INFO - Searching for PDFs on: https://www.courts.wa.gov/content/Briefs/A08/999414 Answer to Motion for Discretionary Review.pdf
2025-07-14 17:09:12,773 - WARNING - Some characters could not be decoded, and were replaced with REPLACEMENT CHARACTER.
2025-07-14 17:09:12,802 - INFO - Found 0 PDF links
2025-07-14 17:09:12,804 - INFO - Processing brief: Motion for Discretionary Review of Personal Restraint Petition
2025-07-14 17:09:12,804 - INFO - Searching for PDFs on: https://www.courts.wa.gov/content/Briefs/A08/999414 Motion for Discretionary Review of PRP.pdf
2025-07-14 17:09:13,074 - WARNING - Some characters could not be decoded, and were replaced with REPLACEMENT CHARACTER.
2025-07-14 17:09:13,122 - INFO - Found 0 PDF links
2025-07-14 17:09:13,123 - INFO - Processing brief: COA  Reply to Response to Personal Restraint Petition
2025-07-14 17:09:13,123 - INFO - Searching for PDFs on: https://www.courts.wa.gov/content/Briefs/A08/999414 COA 99941-1 Reply to Response to PRP.pdf
2025-07-14 17:09:13,249 - WARNING - Some characters could not be decoded, and were replaced with REPLACEMENT CHARACTER.
2025-07-14 17:09:13,279 - INFO - Found 0 PDF links
2025-07-14 17:09:13,280 - INFO - Processing brief: COA  Answer to Personal Restraint Petition
2025-07-14 17:09:13,280 - INFO - Searching for PDFs on: https://www.courts.wa.gov/content/Briefs/A08/999414 COA 99941-4 Answer to PRP.pdf
2025-07-14 17:09:13,737 - WARNING - Some characters could not be decoded, and were replaced with REPLACEMENT CHARACTER.
2025-07-14 17:09:13,764 - INFO - Found 0 PDF links
2025-07-14 17:09:13,765 - INFO - Processing brief: COA  Personal Restraint Petition
2025-07-14 17:09:13,765 - INFO - Searching for PDFs on: https://www.courts.wa.gov/content/Briefs/A08/999414 COA 99941-4 Personal Restraint Petition.pdf
2025-07-14 17:09:13,964 - WARNING - Some characters could not be decoded, and were replaced with REPLACEMENT CHARACTER.
2025-07-14 17:09:13,984 - INFO - Found 0 PDF links
2025-07-14 17:09:13,984 - INFO - Processing brief: COA  Petitioner Supplemental Brief
2025-07-14 17:09:13,987 - INFO - Searching for PDFs on: https://www.courts.wa.gov/content/Briefs/A08/999414 COA 99941-4 Petitioner Supplemental Brief.pdf
2025-07-14 17:09:15,749 - WARNING - Some characters could not be decoded, and were replaced with REPLACEMENT CHARACTER.
2025-07-14 17:09:15,793 - INFO - Found 0 PDF links
2025-07-14 17:09:15,793 - INFO - Processing brief: COA  Response to Petitioner Supplemental Brief
2025-07-14 17:09:15,794 - INFO - Searching for PDFs on: https://www.courts.wa.gov/content/Briefs/A08/999414 COA 99941-4 Response to Petitioner Supplemental Brief.pdf
2025-07-14 17:09:16,048 - WARNING - Some characters could not be decoded, and were replaced with REPLACEMENT CHARACTER.
2025-07-14 17:09:16,063 - INFO - Found 0 PDF links
2025-07-14 17:09:16,064 - INFO - Processing brief: Amicus - ACLU of Washington
2025-07-14 17:09:16,064 - INFO - Searching for PDFs on: https://www.courts.wa.gov/content/Briefs/A08/999392 Amicus - ACLU of Washington.pdf
2025-07-14 17:09:16,179 - WARNING - Some characters could not be decoded, and were replaced with REPLACEMENT CHARACTER.
2025-07-14 17:09:16,195 - INFO - Found 0 PDF links
2025-07-14 17:09:16,195 - INFO - Processing brief: Answer to Motion for Discretionary Review
2025-07-14 17:09:16,196 - INFO - Searching for PDFs on: https://www.courts.wa.gov/content/Briefs/A08/999392 Answer to Motion for Discretionary Review.pdf
2025-07-14 17:09:16,722 - WARNING - Some characters could not be decoded, and were replaced with REPLACEMENT CHARACTER.
2025-07-14 17:09:16,740 - INFO - Found 0 PDF links
2025-07-14 17:09:16,740 - INFO - Processing brief: Motion for Discretionary Review of Personal Restraint Petition
2025-07-14 17:09:16,741 - INFO - Searching for PDFs on: https://www.courts.wa.gov/content/Briefs/A08/999392 Motion for Discretionary Review of PRP.pdf
2025-07-14 17:09:16,828 - WARNING - Some characters could not be decoded, and were replaced with REPLACEMENT CHARACTER.
2025-07-14 17:09:16,863 - INFO - Found 0 PDF links
2025-07-14 17:09:16,864 - INFO - Processing brief: COA  Answer to Personal Restraint Petition
2025-07-14 17:09:16,864 - INFO - Searching for PDFs on: https://www.courts.wa.gov/content/Briefs/A08/999392 COA 99939-2 Answer to Personal Restraint Petition.pdf
2025-07-14 17:09:17,981 - WARNING - Some characters could not be decoded, and were replaced with REPLACEMENT CHARACTER.
2025-07-14 17:09:18,033 - INFO - Found 0 PDF links
2025-07-14 17:09:18,033 - INFO - Processing brief: COA  Petitioner Brief
2025-07-14 17:09:18,034 - INFO - Searching for PDFs on: https://www.courts.wa.gov/content/Briefs/A08/999392 COA 99939-2 Petitioner Brief.pdf
2025-07-14 17:09:19,898 - WARNING - Some characters could not be decoded, and were replaced with REPLACEMENT CHARACTER.
2025-07-14 17:09:19,950 - INFO - Found 0 PDF links
2025-07-14 17:09:19,951 - INFO - Processing brief: COA  Reply Brief
2025-07-14 17:09:19,951 - INFO - Searching for PDFs on: https://www.courts.wa.gov/content/Briefs/A08/999392 COA 99939-2 Reply Brief.pdf
2025-07-14 17:09:20,755 - WARNING - Some characters could not be decoded, and were replaced with REPLACEMENT CHARACTER.
2025-07-14 17:09:20,815 - INFO - Found 0 PDF links
2025-07-14 17:09:20,816 - INFO - Processing brief: Respondents Supplemental Brief
2025-07-14 17:09:20,816 - INFO - Searching for PDFs on: https://www.courts.wa.gov/content/Briefs/A08/999392 Respondents Supplemental Brief.pdf
2025-07-14 17:09:21,151 - WARNING - Some characters could not be decoded, and were replaced with REPLACEMENT CHARACTER.
2025-07-14 17:09:21,170 - INFO - Found 0 PDF links
2025-07-14 17:09:21,170 - INFO - Processing brief: Petitioners Supplemental Brief
2025-07-14 17:09:21,171 - INFO - Searching for PDFs on: https://www.courts.wa.gov/content/Briefs/A08/999392 Petitioners Supplemental Brief.pdf
2025-07-14 17:09:21,235 - WARNING - Some characters could not be decoded, and were replaced with REPLACEMENT CHARACTER.
2025-07-14 17:09:21,255 - INFO - Found 0 PDF links
2025-07-14 17:09:21,256 - INFO - Processing brief: Amicus - American Civil Liberties Union of Washington
2025-07-14 17:09:21,256 - INFO - Searching for PDFs on: https://www.courts.wa.gov/content/Briefs/A08/999392 Amicus - American Civil Liberties Union of WA.pdf
2025-07-14 17:09:21,857 - WARNING - Some characters could not be decoded, and were replaced with REPLACEMENT CHARACTER.
2025-07-14 17:09:21,884 - INFO - Found 0 PDF links
2025-07-14 17:09:21,885 - INFO - Processing brief: Amicus - The Defender Initiative and Washington Defender Association
2025-07-14 17:09:21,885 - INFO - Searching for PDFs on: https://www.courts.wa.gov/content/Briefs/A08/999392 Amicus - Defender Initative and WA Defender Asso.pdf
2025-07-14 17:09:22,728 - WARNING - Some characters could not be decoded, and were replaced with REPLACEMENT CHARACTER.
2025-07-14 17:09:22,756 - INFO - Found 0 PDF links
2025-07-14 17:09:22,757 - INFO - Processing brief: Amicus - Washington State Office of Public Defense
2025-07-14 17:09:22,757 - INFO - Searching for PDFs on: https://www.courts.wa.gov/content/Briefs/A08/999392 Amicus - WA State Office Public Defense.pdf
2025-07-14 17:09:23,004 - WARNING - Some characters could not be decoded, and were replaced with REPLACEMENT CHARACTER.
2025-07-14 17:09:23,014 - INFO - Found 0 PDF links
2025-07-14 17:09:23,015 - INFO - Processing brief: Respondent Answer to Amici Curiae
2025-07-14 17:09:23,016 - INFO - Searching for PDFs on: https://www.courts.wa.gov/content/Briefs/A08/999392 Resp Answer to Amici Curiae.pdf
2025-07-14 17:09:23,270 - WARNING - Some characters could not be decoded, and were replaced with REPLACEMENT CHARACTER.
2025-07-14 17:09:23,290 - INFO - Found 0 PDF links
2025-07-14 17:09:23,291 - INFO - Processing brief: Statement of Additional Authorities
2025-07-14 17:09:23,291 - INFO - Searching for PDFs on: https://www.courts.wa.gov/content/Briefs/A08/999392 Statement of Additional Authorities.pdf
2025-07-14 17:09:23,341 - WARNING - Some characters could not be decoded, and were replaced with REPLACEMENT CHARACTER.
2025-07-14 17:09:23,353 - INFO - Found 0 PDF links
2025-07-14 17:09:23,353 - INFO - Processing brief: Answer of Represented Officers to Amicus National Lawyers Guild
2025-07-14 17:09:23,354 - INFO - Searching for PDFs on: https://www.courts.wa.gov/content/Briefs/A08/999015 Answer of Represented Officers to Amicus National Lawyers Guild.pdf
2025-07-14 17:09:23,518 - WARNING - Some characters could not be decoded, and were replaced with REPLACEMENT CHARACTER.
2025-07-14 17:09:23,570 - INFO - Found 0 PDF links
2025-07-14 17:09:23,570 - INFO - Processing brief: Represented Officers Answer to Amicus Reporters Committee
2025-07-14 17:09:23,571 - INFO - Searching for PDFs on: https://www.courts.wa.gov/content/Briefs/A08/999015 Represented Officers Answer to Amicus Reporters Committee.pdf
2025-07-14 17:09:23,687 - WARNING - Some characters could not be decoded, and were replaced with REPLACEMENT CHARACTER.
2025-07-14 17:09:23,699 - INFO - Found 0 PDF links
2025-07-14 17:09:23,699 - INFO - Processing brief: Represented Officers Answer to Amicus Police Accountability Project
2025-07-14 17:09:23,700 - INFO - Searching for PDFs on: https://www.courts.wa.gov/content/Briefs/A08/999015 Represented Officers Answer to Amicus Plice Accountability Project.pdf
2025-07-14 17:09:23,805 - WARNING - Some characters could not be decoded, and were replaced with REPLACEMENT CHARACTER.
2025-07-14 17:09:23,811 - INFO - Found 0 PDF links
2025-07-14 17:09:23,812 - INFO - Scraping complete. Downloaded: 0, Skipped: 0
2025-07-14 17:10:04,309 - INFO - Starting WA briefs scraping. Target: 50 briefs, min pages: 10
2025-07-14 17:10:04,310 - INFO - Fetching brief listings from WA Courts page...
2025-07-14 17:10:08,289 - INFO - Found 50 PDF briefs
2025-07-14 17:10:08,290 - INFO - Found 50 PDF briefs to download
2025-07-14 17:10:08,291 - INFO - Processing brief: Answer to Petition for Review
2025-07-14 17:10:08,291 - INFO - Downloading: https://www.courts.wa.gov/content/Briefs/A08/999597 Answer to Petition for Review.pdf
2025-07-14 17:10:08,320 - INFO - Downloaded: 001_Answer to Petition for Review.pdf
2025-07-14 17:10:08,321 - INFO -   Downloaded: 001_Answer to Petition for Review.pdf
2025-07-14 17:10:08,321 - INFO - Processing brief: Petition for Review
2025-07-14 17:10:08,322 - INFO - Downloading: https://www.courts.wa.gov/content/Briefs/A08/999597 Petition for Review.pdf
2025-07-14 17:10:08,373 - INFO - Downloaded: 002_Petition for Review.pdf
2025-07-14 17:10:08,374 - INFO -   Downloaded: 002_Petition for Review.pdf
2025-07-14 17:10:08,374 - INFO - Processing brief: COA  Appellant Brief
2025-07-14 17:10:08,374 - INFO - Downloading: https://www.courts.wa.gov/content/Briefs/A08/999597 COA 99959-7 Appellant Brief.pdf
2025-07-14 17:10:08,470 - INFO - Downloaded: 003_COA  Appellant Brief.pdf
2025-07-14 17:10:08,471 - INFO -   Downloaded: 003_COA  Appellant Brief.pdf
2025-07-14 17:10:08,471 - INFO - Processing brief: COA Respondent Brief
2025-07-14 17:10:08,472 - INFO - Downloading: https://www.courts.wa.gov/content/Briefs/A08/999597 COA 99959-7 Respondent Brief.pdf
2025-07-14 17:10:08,513 - INFO - Downloaded: 004_COA Respondent Brief.pdf
2025-07-14 17:10:08,513 - INFO -   Downloaded: 004_COA Respondent Brief.pdf
2025-07-14 17:10:08,513 - INFO - Processing brief: Petitioners Supplemental Brief
2025-07-14 17:10:08,514 - INFO - Downloading: https://www.courts.wa.gov/content/Briefs/A08/999597 Petitioners Supplemental Brief.pdf
2025-07-14 17:10:08,542 - INFO - Downloaded: 005_Petitioners Supplemental Brief.pdf
2025-07-14 17:10:08,543 - INFO -   Downloaded: 005_Petitioners Supplemental Brief.pdf
2025-07-14 17:10:08,543 - INFO - Processing brief: Amicus - Fred T Korematsu Center for Law & Equality, American Civil Liberties Union of Washington, et al.
2025-07-14 17:10:08,544 - INFO - Downloading: https://www.courts.wa.gov/content/Briefs/A08/999597 Amicus - Fred T Korematsu Center.pdf
2025-07-14 17:10:08,568 - INFO - Downloaded: 006_Amicus - Fred T Korematsu Center for Law & Equality, American Civil Liberties Union of Washingto
2025-07-14 17:10:08,569 - INFO -   Downloaded: 006_Amicus - Fred T Korematsu Center for Law & Equality, American Civil Liberties Union of Washingto
2025-07-14 17:10:08,569 - INFO - Processing brief: COA Pro Se Statement Additional Grounds
2025-07-14 17:10:08,570 - INFO - Downloading: https://www.courts.wa.gov/content/Briefs/A08/999597 COA 99959-7 Pro Se Stmt Add'l Grounds.pdf
2025-07-14 17:10:08,584 - INFO - Downloaded: 007_COA Pro Se Statement Additional Grounds.pdf
2025-07-14 17:10:08,584 - INFO -   Downloaded: 007_COA Pro Se Statement Additional Grounds.pdf
2025-07-14 17:10:08,584 - INFO - Processing brief: COA  Pro Se Statement Additional Grounds 10-29-20
2025-07-14 17:10:08,585 - INFO - Downloading: https://www.courts.wa.gov/content/Briefs/A08/999597 COA 99959-7 Pro Se Stmt Add'l Grounds 10-29-20.pdf
2025-07-14 17:10:08,618 - INFO - Downloaded: 008_COA  Pro Se Statement Additional Grounds 10-29-20.pdf
2025-07-14 17:10:08,619 - INFO -   Downloaded: 008_COA  Pro Se Statement Additional Grounds 10-29-20.pdf
2025-07-14 17:10:08,619 - INFO - Processing brief: COA  Pro Se Statement Additional Grounds 8-27-20
2025-07-14 17:10:08,619 - INFO - Downloading: https://www.courts.wa.gov/content/Briefs/A08/999597 COA 99959-7 Pro Se Stmt Add'l Grounds 8-27-20.pdf
2025-07-14 17:10:08,650 - INFO - Downloaded: 009_COA  Pro Se Statement Additional Grounds 8-27-20.pdf
2025-07-14 17:10:08,651 - INFO -   Downloaded: 009_COA  Pro Se Statement Additional Grounds 8-27-20.pdf
2025-07-14 17:10:08,652 - INFO - Processing brief: Respondent Answer to Amicus
2025-07-14 17:10:08,652 - INFO - Downloading: https://www.courts.wa.gov/content/Briefs/A08/999597 Respondent Answer to Amicus.pdf
2025-07-14 17:10:08,683 - INFO - Downloaded: 010_Respondent Answer to Amicus.pdf
2025-07-14 17:10:08,683 - INFO -   Downloaded: 010_Respondent Answer to Amicus.pdf
2025-07-14 17:10:08,683 - INFO - Processing brief: Respondents Statment Additional Authorities
2025-07-14 17:10:08,684 - INFO - Downloading: https://www.courts.wa.gov/content/Briefs/A08/999597 Respondents Statment Additional Authorities.pdf
2025-07-14 17:10:08,696 - INFO - Downloaded: 011_Respondents Statment Additional Authorities.pdf
2025-07-14 17:10:08,696 - INFO -   Downloaded: 011_Respondents Statment Additional Authorities.pdf
2025-07-14 17:10:08,697 - INFO - Processing brief: Petitioner Reply Answer to Amicus
2025-07-14 17:10:08,697 - INFO - Downloading: https://www.courts.wa.gov/content/Briefs/A08/999562 Pet'r Reply Answer to Amicus.pdf
2025-07-14 17:10:08,736 - INFO - Downloaded: 012_Petitioner Reply Answer to Amicus.pdf
2025-07-14 17:10:08,737 - INFO -   Downloaded: 012_Petitioner Reply Answer to Amicus.pdf
2025-07-14 17:10:08,737 - INFO - Processing brief: Eli Lilly County Answer to Amicus
2025-07-14 17:10:08,737 - INFO - Downloading: https://www.courts.wa.gov/content/Briefs/A08/999562 Eli Lilly Co Answer to Amicus.pdf
2025-07-14 17:10:08,753 - INFO - Downloaded: 013_Eli Lilly County Answer to Amicus.pdf
2025-07-14 17:10:08,754 - INFO -   Downloaded: 013_Eli Lilly County Answer to Amicus.pdf
2025-07-14 17:10:08,754 - INFO - Processing brief: Plaintiffs Reply Brief
2025-07-14 17:10:08,755 - INFO - Downloading: https://www.courts.wa.gov/content/Briefs/A08/999562 Plaintiffs Reply Brief.pdf
2025-07-14 17:10:08,789 - INFO - Downloaded: 014_Plaintiffs Reply Brief.pdf
2025-07-14 17:10:08,789 - INFO -   Downloaded: 014_Plaintiffs Reply Brief.pdf
2025-07-14 17:10:08,789 - INFO - Processing brief: Amicus - Pharmaceutical Research and Manufacturers of America
2025-07-14 17:10:08,790 - INFO - Downloading: https://www.courts.wa.gov/content/Briefs/A08/999562 Amicus - Pharmaceutical Research.pdf
2025-07-14 17:10:08,823 - INFO - Downloaded: 015_Amicus - Pharmaceutical Research and Manufacturers of America.pdf
2025-07-14 17:10:08,824 - INFO -   Downloaded: 015_Amicus - Pharmaceutical Research and Manufacturers of America.pdf
2025-07-14 17:10:08,824 - INFO - Processing brief: Amicus - Washington Defense Trial Lawyers
2025-07-14 17:10:08,825 - INFO - Downloading: https://www.courts.wa.gov/content/Briefs/A08/999562 Amicus - WA Defense Trial Lawyers.pdf
2025-07-14 17:10:08,842 - INFO - Downloaded: 016_Amicus - Washington Defense Trial Lawyers.pdf
2025-07-14 17:10:08,842 - INFO -   Downloaded: 016_Amicus - Washington Defense Trial Lawyers.pdf
2025-07-14 17:10:08,842 - INFO - Processing brief: Amicus - Wasjington State Association Justice Foundation
2025-07-14 17:10:08,843 - INFO - Downloading: https://www.courts.wa.gov/content/Briefs/A08/999562 Amicus - WA State Association Justice Foundation.pdf
2025-07-14 17:10:09,070 - INFO - Downloaded: 017_Amicus - Wasjington State Association Justice Foundation.pdf
2025-07-14 17:10:09,071 - INFO -   Downloaded: 017_Amicus - Wasjington State Association Justice Foundation.pdf
2025-07-14 17:10:09,071 - INFO - Processing brief: Plaintiff Opening Brief
2025-07-14 17:10:09,072 - INFO - Downloading: https://www.courts.wa.gov/content/Briefs/A08/999562 Plaintiff Opening Brief.pdf
2025-07-14 17:10:09,691 - INFO - Downloaded: 018_Plaintiff Opening Brief.pdf
2025-07-14 17:10:09,692 - INFO -   Downloaded: 018_Plaintiff Opening Brief.pdf
2025-07-14 17:10:09,692 - INFO - Processing brief: Defendant Brief
2025-07-14 17:10:09,693 - INFO - Downloading: https://www.courts.wa.gov/content/Briefs/A08/999562 Defendant Brief.pdf
2025-07-14 17:10:09,715 - INFO - Downloaded: 019_Defendant Brief.pdf
2025-07-14 17:10:09,715 - INFO -   Downloaded: 019_Defendant Brief.pdf
2025-07-14 17:10:09,716 - INFO - Processing brief: Appellants Brief
2025-07-14 17:10:09,716 - INFO - Downloading: https://www.courts.wa.gov/content/Briefs/A08/999481 Appellants Brief.pdf
2025-07-14 17:10:09,900 - INFO - Downloaded: 020_Appellants Brief.pdf
2025-07-14 17:10:09,901 - INFO -   Downloaded: 020_Appellants Brief.pdf
2025-07-14 17:10:09,901 - INFO - Processing brief: Respondents Brief
2025-07-14 17:10:09,901 - INFO - Downloading: https://www.courts.wa.gov/content/Briefs/A08/999481 Respondents Brief.pdf
2025-07-14 17:10:09,924 - INFO - Downloaded: 021_Respondents Brief.pdf
2025-07-14 17:10:09,924 - INFO -   Downloaded: 021_Respondents Brief.pdf
2025-07-14 17:10:09,925 - INFO - Processing brief: Appellants Reply Brief
2025-07-14 17:10:09,925 - INFO - Downloading: https://www.courts.wa.gov/content/Briefs/A08/999481 Appellants Reply Brief.pdf
2025-07-14 17:10:09,956 - INFO - Downloaded: 022_Appellants Reply Brief.pdf
2025-07-14 17:10:09,956 - INFO -   Downloaded: 022_Appellants Reply Brief.pdf
2025-07-14 17:10:09,956 - INFO - Processing brief: Appellants Statement Additional Authorities
2025-07-14 17:10:09,957 - INFO - Downloading: https://www.courts.wa.gov/content/Briefs/A08/999481 Appellants Statement Additional Authorities.pdf
2025-07-14 17:10:09,974 - INFO - Downloaded: 023_Appellants Statement Additional Authorities.pdf
2025-07-14 17:10:09,975 - INFO -   Downloaded: 023_Appellants Statement Additional Authorities.pdf
2025-07-14 17:10:09,975 - INFO - Processing brief: Statement of Additional Authorities
2025-07-14 17:10:09,975 - INFO - Downloading: https://www.courts.wa.gov/content/Briefs/A08/999481 Statement of Additional Authorities.pdf
2025-07-14 17:10:10,006 - INFO - Downloaded: 024_Statement of Additional Authorities.pdf
2025-07-14 17:10:10,006 - INFO -   Downloaded: 024_Statement of Additional Authorities.pdf
2025-07-14 17:10:10,007 - INFO - Processing brief: Amicus - ACLU of Washington
2025-07-14 17:10:10,007 - INFO - Downloading: https://www.courts.wa.gov/content/Briefs/A08/999414 Amicus - ACLU of Washington.pdf
2025-07-14 17:10:10,030 - INFO - Downloaded: 025_Amicus - ACLU of Washington.pdf
2025-07-14 17:10:10,031 - INFO -   Downloaded: 025_Amicus - ACLU of Washington.pdf
2025-07-14 17:10:10,031 - INFO - Processing brief: Amicus - The Defender Initative
2025-07-14 17:10:10,032 - INFO - Downloading: https://www.courts.wa.gov/content/Briefs/A08/999414 Amicus - The Defender Initative.pdf
2025-07-14 17:10:10,101 - INFO - Downloaded: 026_Amicus - The Defender Initative.pdf
2025-07-14 17:10:10,101 - INFO -   Downloaded: 026_Amicus - The Defender Initative.pdf
2025-07-14 17:10:10,102 - INFO - Processing brief: Amicus - Washington State Office of Public Defense
2025-07-14 17:10:10,102 - INFO - Downloading: https://www.courts.wa.gov/content/Briefs/A08/999414 Amicus - WA State Office fo Public Defense.pdf
2025-07-14 17:10:10,119 - INFO - Downloaded: 027_Amicus - Washington State Office of Public Defense.pdf
2025-07-14 17:10:10,120 - INFO -   Downloaded: 027_Amicus - Washington State Office of Public Defense.pdf
2025-07-14 17:10:10,120 - INFO - Processing brief: Answer to Motion for Discretionary Review
2025-07-14 17:10:10,121 - INFO - Downloading: https://www.courts.wa.gov/content/Briefs/A08/999414 Answer to Motion for Discretionary Review.pdf
2025-07-14 17:10:10,170 - INFO - Downloaded: 028_Answer to Motion for Discretionary Review.pdf
2025-07-14 17:10:10,171 - INFO -   Downloaded: 028_Answer to Motion for Discretionary Review.pdf
2025-07-14 17:10:10,171 - INFO - Processing brief: Motion for Discretionary Review of Personal Restraint Petition
2025-07-14 17:10:10,172 - INFO - Downloading: https://www.courts.wa.gov/content/Briefs/A08/999414 Motion for Discretionary Review of PRP.pdf
2025-07-14 17:10:10,210 - INFO - Downloaded: 029_Motion for Discretionary Review of Personal Restraint Petition.pdf
2025-07-14 17:10:10,211 - INFO -   Downloaded: 029_Motion for Discretionary Review of Personal Restraint Petition.pdf
2025-07-14 17:10:10,211 - INFO - Processing brief: COA  Reply to Response to Personal Restraint Petition
2025-07-14 17:10:10,212 - INFO - Downloading: https://www.courts.wa.gov/content/Briefs/A08/999414 COA 99941-1 Reply to Response to PRP.pdf
2025-07-14 17:10:10,240 - INFO - Downloaded: 030_COA  Reply to Response to Personal Restraint Petition.pdf
2025-07-14 17:10:10,241 - INFO -   Downloaded: 030_COA  Reply to Response to Personal Restraint Petition.pdf
2025-07-14 17:10:10,241 - INFO - Processing brief: COA  Answer to Personal Restraint Petition
2025-07-14 17:10:10,242 - INFO - Downloading: https://www.courts.wa.gov/content/Briefs/A08/999414 COA 99941-4 Answer to PRP.pdf
2025-07-14 17:10:10,299 - INFO - Downloaded: 031_COA  Answer to Personal Restraint Petition.pdf
2025-07-14 17:10:10,300 - INFO -   Downloaded: 031_COA  Answer to Personal Restraint Petition.pdf
2025-07-14 17:10:10,300 - INFO - Processing brief: COA  Personal Restraint Petition
2025-07-14 17:10:10,301 - INFO - Downloading: https://www.courts.wa.gov/content/Briefs/A08/999414 COA 99941-4 Personal Restraint Petition.pdf
2025-07-14 17:10:10,336 - INFO - Downloaded: 032_COA  Personal Restraint Petition.pdf
2025-07-14 17:10:10,336 - INFO -   Downloaded: 032_COA  Personal Restraint Petition.pdf
2025-07-14 17:10:10,337 - INFO - Processing brief: COA  Petitioner Supplemental Brief
2025-07-14 17:10:10,337 - INFO - Downloading: https://www.courts.wa.gov/content/Briefs/A08/999414 COA 99941-4 Petitioner Supplemental Brief.pdf
2025-07-14 17:10:10,425 - INFO - Downloaded: 033_COA  Petitioner Supplemental Brief.pdf
2025-07-14 17:10:10,426 - INFO -   Downloaded: 033_COA  Petitioner Supplemental Brief.pdf
2025-07-14 17:10:10,426 - INFO - Processing brief: COA  Response to Petitioner Supplemental Brief
2025-07-14 17:10:10,427 - INFO - Downloading: https://www.courts.wa.gov/content/Briefs/A08/999414 COA 99941-4 Response to Petitioner Supplemental Brief.pdf
2025-07-14 17:10:10,464 - INFO - Downloaded: 034_COA  Response to Petitioner Supplemental Brief.pdf
2025-07-14 17:10:10,465 - INFO -   Downloaded: 034_COA  Response to Petitioner Supplemental Brief.pdf
2025-07-14 17:10:10,465 - INFO - Processing brief: Amicus - ACLU of Washington
2025-07-14 17:10:10,466 - INFO - Downloading: https://www.courts.wa.gov/content/Briefs/A08/999392 Amicus - ACLU of Washington.pdf
2025-07-14 17:10:10,489 - INFO - Downloaded: 035_Amicus - ACLU of Washington.pdf
2025-07-14 17:10:10,489 - INFO -   Downloaded: 035_Amicus - ACLU of Washington.pdf
2025-07-14 17:10:10,489 - INFO - Processing brief: Answer to Motion for Discretionary Review
2025-07-14 17:10:10,490 - INFO - Downloading: https://www.courts.wa.gov/content/Briefs/A08/999392 Answer to Motion for Discretionary Review.pdf
2025-07-14 17:10:10,556 - INFO - Downloaded: 036_Answer to Motion for Discretionary Review.pdf
2025-07-14 17:10:10,557 - INFO -   Downloaded: 036_Answer to Motion for Discretionary Review.pdf
2025-07-14 17:10:10,557 - INFO - Processing brief: Motion for Discretionary Review of Personal Restraint Petition
2025-07-14 17:10:10,557 - INFO - Downloading: https://www.courts.wa.gov/content/Briefs/A08/999392 Motion for Discretionary Review of PRP.pdf
2025-07-14 17:10:10,574 - INFO - Downloaded: 037_Motion for Discretionary Review of Personal Restraint Petition.pdf
2025-07-14 17:10:10,575 - INFO -   Downloaded: 037_Motion for Discretionary Review of Personal Restraint Petition.pdf
2025-07-14 17:10:10,575 - INFO - Processing brief: COA  Answer to Personal Restraint Petition
2025-07-14 17:10:10,576 - INFO - Downloading: https://www.courts.wa.gov/content/Briefs/A08/999392 COA 99939-2 Answer to Personal Restraint Petition.pdf
2025-07-14 17:10:10,716 - INFO - Downloaded: 038_COA  Answer to Personal Restraint Petition.pdf
2025-07-14 17:10:10,716 - INFO -   Downloaded: 038_COA  Answer to Personal Restraint Petition.pdf
2025-07-14 17:10:10,716 - INFO - Processing brief: COA  Petitioner Brief
2025-07-14 17:10:10,717 - INFO - Downloading: https://www.courts.wa.gov/content/Briefs/A08/999392 COA 99939-2 Petitioner Brief.pdf
2025-07-14 17:10:10,945 - INFO - Downloaded: 039_COA  Petitioner Brief.pdf
2025-07-14 17:10:10,945 - INFO -   Downloaded: 039_COA  Petitioner Brief.pdf
2025-07-14 17:10:10,946 - INFO - Processing brief: COA  Reply Brief
2025-07-14 17:10:10,946 - INFO - Downloading: https://www.courts.wa.gov/content/Briefs/A08/999392 COA 99939-2 Reply Brief.pdf
2025-07-14 17:10:11,047 - INFO - Downloaded: 040_COA  Reply Brief.pdf
2025-07-14 17:10:11,048 - INFO -   Downloaded: 040_COA  Reply Brief.pdf
2025-07-14 17:10:11,048 - INFO - Processing brief: Respondents Supplemental Brief
2025-07-14 17:10:11,049 - INFO - Downloading: https://www.courts.wa.gov/content/Briefs/A08/999392 Respondents Supplemental Brief.pdf
2025-07-14 17:10:11,092 - INFO - Downloaded: 041_Respondents Supplemental Brief.pdf
2025-07-14 17:10:11,092 - INFO -   Downloaded: 041_Respondents Supplemental Brief.pdf
2025-07-14 17:10:11,093 - INFO - Processing brief: Petitioners Supplemental Brief
2025-07-14 17:10:11,093 - INFO - Downloading: https://www.courts.wa.gov/content/Briefs/A08/999392 Petitioners Supplemental Brief.pdf
2025-07-14 17:10:11,107 - INFO - Downloaded: 042_Petitioners Supplemental Brief.pdf
2025-07-14 17:10:11,107 - INFO -   Downloaded: 042_Petitioners Supplemental Brief.pdf
2025-07-14 17:10:11,108 - INFO - Processing brief: Amicus - American Civil Liberties Union of Washington
2025-07-14 17:10:11,108 - INFO - Downloading: https://www.courts.wa.gov/content/Briefs/A08/999392 Amicus - American Civil Liberties Union of WA.pdf
2025-07-14 17:10:11,181 - INFO - Downloaded: 043_Amicus - American Civil Liberties Union of Washington.pdf
2025-07-14 17:10:11,181 - INFO -   Downloaded: 043_Amicus - American Civil Liberties Union of Washington.pdf
2025-07-14 17:10:11,182 - INFO - Processing brief: Amicus - The Defender Initiative and Washington Defender Association
2025-07-14 17:10:11,182 - INFO - Downloading: https://www.courts.wa.gov/content/Briefs/A08/999392 Amicus - Defender Initative and WA Defender Asso.pdf
2025-07-14 17:10:11,282 - INFO - Downloaded: 044_Amicus - The Defender Initiative and Washington Defender Association.pdf
2025-07-14 17:10:11,283 - INFO -   Downloaded: 044_Amicus - The Defender Initiative and Washington Defender Association.pdf
2025-07-14 17:10:11,283 - INFO - Processing brief: Amicus - Washington State Office of Public Defense
2025-07-14 17:10:11,283 - INFO - Downloading: https://www.courts.wa.gov/content/Briefs/A08/999392 Amicus - WA State Office Public Defense.pdf
2025-07-14 17:10:11,318 - INFO - Downloaded: 045_Amicus - Washington State Office of Public Defense.pdf
2025-07-14 17:10:11,318 - INFO -   Downloaded: 045_Amicus - Washington State Office of Public Defense.pdf
2025-07-14 17:10:11,319 - INFO - Processing brief: Respondent Answer to Amici Curiae
2025-07-14 17:10:11,319 - INFO - Downloading: https://www.courts.wa.gov/content/Briefs/A08/999392 Resp Answer to Amici Curiae.pdf
2025-07-14 17:10:11,355 - INFO - Downloaded: 046_Respondent Answer to Amici Curiae.pdf
2025-07-14 17:10:11,355 - INFO -   Downloaded: 046_Respondent Answer to Amici Curiae.pdf
2025-07-14 17:10:11,356 - INFO - Processing brief: Statement of Additional Authorities
2025-07-14 17:10:11,356 - INFO - Downloading: https://www.courts.wa.gov/content/Briefs/A08/999392 Statement of Additional Authorities.pdf
2025-07-14 17:10:11,369 - INFO - Downloaded: 047_Statement of Additional Authorities.pdf
2025-07-14 17:10:11,369 - INFO -   Downloaded: 047_Statement of Additional Authorities.pdf
2025-07-14 17:10:11,369 - INFO - Processing brief: Answer of Represented Officers to Amicus National Lawyers Guild
2025-07-14 17:10:11,370 - INFO - Downloading: https://www.courts.wa.gov/content/Briefs/A08/999015 Answer of Represented Officers to Amicus National Lawyers Guild.pdf
2025-07-14 17:10:11,397 - INFO - Downloaded: 048_Answer of Represented Officers to Amicus National Lawyers Guild.pdf
2025-07-14 17:10:11,398 - INFO -   Downloaded: 048_Answer of Represented Officers to Amicus National Lawyers Guild.pdf
2025-07-14 17:10:11,398 - INFO - Processing brief: Represented Officers Answer to Amicus Reporters Committee
2025-07-14 17:10:11,399 - INFO - Downloading: https://www.courts.wa.gov/content/Briefs/A08/999015 Represented Officers Answer to Amicus Reporters Committee.pdf
2025-07-14 17:10:11,419 - INFO - Downloaded: 049_Represented Officers Answer to Amicus Reporters Committee.pdf
2025-07-14 17:10:11,420 - INFO -   Downloaded: 049_Represented Officers Answer to Amicus Reporters Committee.pdf
2025-07-14 17:10:11,420 - INFO - Processing brief: Represented Officers Answer to Amicus Police Accountability Project
2025-07-14 17:10:11,421 - INFO - Downloading: https://www.courts.wa.gov/content/Briefs/A08/999015 Represented Officers Answer to Amicus Plice Accountability Project.pdf
2025-07-14 17:10:11,439 - INFO - Downloaded: 050_Represented Officers Answer to Amicus Police Accountability Project.pdf
2025-07-14 17:10:11,440 - INFO -   Downloaded: 050_Represented Officers Answer to Amicus Police Accountability Project.pdf
2025-07-14 17:10:11,440 - INFO - Scraping complete. Downloaded: 50, Skipped: 0
