2025/05/15 16:58:54 [alert] 1408#7496: *1 connect() failed (10049: The requested address is not valid in its context) while connecting to upstream, client: 127.0.0.1, server: localhost, request: "GET /casestrainer/ HTTP/1.1", upstream: "http://0.0.0.0:5000/", host: "127.0.0.1"
2025/05/15 16:59:53 [error] 14588#10880: *1 connect() failed (10061: No connection could be made because the target machine actively refused it) while connecting to upstream, client: 127.0.0.1, server: localhost, request: "GET /casestrainer/ HTTP/1.1", upstream: "http://[::1]:5000/", host: "localhost"
2025/05/15 17:00:12 [error] 14588#10880: *1 connect() failed (10061: No connection could be made because the target machine actively refused it) while connecting to upstream, client: 127.0.0.1, server: localhost, request: "GET /casestrainer/ HTTP/1.1", upstream: "http://[::1]:5000/", host: "localhost"
2025/05/15 17:01:46 [error] 1068#5684: *1 connect() failed (10061: No connection could be made because the target machine actively refused it) while connecting to upstream, client: 127.0.0.1, server: localhost, request: "GET /casestrainer/ HTTP/1.1", upstream: "http://[::1]:5000/", host: "localhost"
2025/05/15 17:03:08 [error] 15576#14708: *1 connect() failed (10061: No connection could be made because the target machine actively refused it) while connecting to upstream, client: 127.0.0.1, server: localhost, request: "GET /casestrainer/ HTTP/1.1", upstream: "http://[::1]:5000/casestrainer/", host: "localhost"
2025/05/17 09:46:22 [emerg] 6640#12792: "server" directive is not allowed here in C:\Users\jafrank\OneDrive - UW\Documents\GitHub\CaseStrainer\nginx-1.27.5/..\nginx_ssl.conf:2
2025/05/17 09:47:13 [emerg] 7240#13156: "server" directive is not allowed here in C:\Users\jafrank\OneDrive - UW\Documents\GitHub\CaseStrainer\nginx-1.27.5/..\nginx_ssl.conf:2
2025/05/17 09:49:24 [emerg] 5772#16596: "server" directive is not allowed here in C:\Users\jafrank\OneDrive - UW\Documents\GitHub\CaseStrainer\nginx-1.27.5/..\nginx_minimal.conf:2
2025/05/17 09:50:58 [emerg] 15844#9980: "server" directive is not allowed here in C:\Users\jafrank\OneDrive - UW\Documents\GitHub\CaseStrainer\nginx-1.27.5/..\nginx_minimal.conf:2
2025/05/17 09:57:22 [emerg] 11136#14884: CreateFile() "C:\Users\jafrank\OneDrive - UW\Documents\GitHub\CaseStrainer\nginx-1.27.5/..\mime.types" failed (2: The system cannot find the file specified) in C:\Users\jafrank\OneDrive - UW\Documents\GitHub\CaseStrainer\nginx-1.27.5/..\nginx_test.conf:8
2025/05/17 19:22:38 [notice] 13928#3380: signal process started
2025/05/19 14:15:29 [notice] 12540#8204: signal process started
2025/05/19 15:23:48 [notice] 13564#9912: signal process started
2025/05/19 15:29:34 [notice] 3780#13500: signal process started
2025/05/19 15:32:22 [notice] 15104#12136: signal process started
2025/05/19 15:35:22 [notice] 11116#4232: signal process started
2025/05/19 15:49:34 [notice] 1252#4792: signal process started
2025/05/19 15:58:27 [notice] 6592#10720: signal process started
2025/05/19 16:44:47 [notice] 11500#17752: signal process started
2025/05/19 16:47:56 [notice] 13416#15444: signal process started
2025/05/19 16:54:52 [notice] 928#14400: signal process started
2025/05/19 17:07:40 [notice] 6176#11180: signal process started
2025/05/19 17:11:28 [notice] 13564#17056: signal process started
2025/05/19 18:41:33 [notice] 14656#3596: signal process started
2025/05/19 18:48:12 [notice] 16744#16364: signal process started
2025/05/19 19:28:51 [notice] 15136#10480: signal process started
2025/05/19 19:37:37 [notice] 10576#13544: signal process started
2025/05/19 19:46:56 [notice] 1324#16968: signal process started
2025/05/19 19:54:26 [notice] 7464#16100: signal process started
2025/05/19 19:59:08 [notice] 380#12524: signal process started
2025/05/20 07:34:52 [notice] 9352#8332: signal process started
2025/05/20 07:49:39 [notice] 7560#8216: signal process started
2025/05/20 07:55:11 [notice] 17772#10604: signal process started
2025/05/20 08:14:42 [notice] 15308#6168: signal process started
2025/05/20 08:20:19 [notice] 5396#10840: signal process started
2025/05/20 09:09:53 [notice] 13972#2540: signal process started
2025/05/20 09:23:40 [notice] 13256#15072: signal process started
2025/05/20 09:29:15 [notice] 4940#9360: signal process started
2025/05/20 09:33:15 [notice] 3508#17892: signal process started
2025/05/20 10:30:19 [notice] 2548#11540: signal process started
2025/05/20 10:35:11 [notice] 13928#13976: signal process started
2025/05/20 11:10:18 [notice] 16448#8280: signal process started
2025/05/20 11:29:21 [notice] 8332#11540: signal process started
2025/05/20 11:37:00 [notice] 7940#17544: signal process started
2025/05/20 11:40:05 [notice] 16868#15792: signal process started
2025/05/20 11:50:48 [notice] 7460#14220: signal process started
2025/05/20 12:00:34 [notice] 13752#17820: signal process started
2025/05/20 12:03:30 [notice] 17476#12184: signal process started
2025/05/20 12:36:14 [notice] 9068#10212: signal process started
2025/05/20 12:39:05 [notice] 10208#2484: signal process started
2025/05/20 12:44:13 [notice] 2136#1804: signal process started
2025/05/20 12:46:04 [notice] 10820#7988: signal process started
2025/05/20 12:47:40 [notice] 1112#4328: signal process started
2025/05/20 12:49:13 [notice] 8300#2804: signal process started
2025/05/20 12:50:58 [notice] 2752#7872: signal process started
2025/05/20 12:51:48 [notice] 11428#8260: signal process started
2025/05/20 12:54:42 [notice] 5716#5816: signal process started
2025/05/20 13:01:29 [notice] 8864#11384: signal process started
2025/05/20 13:08:12 [notice] 3040#11320: signal process started
2025/05/20 13:10:16 [notice] 7652#7520: signal process started
2025/05/20 13:24:23 [notice] 10208#5572: signal process started
2025/05/20 13:31:19 [notice] 7628#10860: signal process started
2025/05/20 13:35:19 [notice] 1728#11272: signal process started
2025/05/20 13:42:06 [notice] 8404#8680: signal process started
2025/05/20 13:47:13 [notice] 5448#1960: signal process started
2025/05/20 13:52:46 [notice] 3796#3828: signal process started
2025/05/20 14:02:02 [notice] 4080#4104: signal process started
2025/05/20 14:26:40 [notice] 8676#7352: signal process started
2025/05/20 14:27:55 [notice] 8104#8380: signal process started
2025/05/20 14:30:04 [notice] 9408#1988: signal process started
2025/05/20 14:42:26 [notice] 9176#4496: signal process started
2025/05/20 14:48:15 [notice] 9156#7564: signal process started
2025/05/20 16:12:08 [notice] 30820#12724: signal process started
2025/05/20 16:16:47 [notice] 22404#23136: signal process started
2025/05/20 16:35:49 [notice] 16892#17604: signal process started
2025/05/20 16:38:05 [notice] 10732#13604: signal process started
2025/05/20 16:45:00 [notice] 32484#26148: signal process started
2025/05/20 16:49:30 [notice] 25336#3128: signal process started
2025/05/20 16:58:23 [notice] 32448#28516: signal process started
2025/05/20 18:17:40 [notice] 21312#14660: signal process started
2025/05/20 18:44:30 [notice] 21492#10912: signal process started
2025/05/20 19:08:12 [notice] 32992#31772: signal process started
2025/05/20 19:14:04 [notice] 29428#28584: signal process started
2025/05/20 19:19:18 [notice] 24872#32700: signal process started
2025/05/20 19:25:59 [notice] 23092#6652: signal process started
2025/05/20 19:35:08 [notice] 21920#7544: signal process started
2025/05/20 19:48:41 [notice] 11004#6188: signal process started
2025/05/20 19:54:17 [notice] 25276#16368: signal process started
2025/05/20 20:13:47 [notice] 20660#15828: signal process started
2025/05/20 20:25:05 [notice] 24968#4404: signal process started
2025/05/20 20:31:59 [notice] 27212#21928: signal process started
2025/05/20 20:45:53 [notice] 27720#23016: signal process started
2025/05/20 20:45:53 [error] 27720#23016: CreateFile() "C:\Users\jafrank\OneDrive - UW\Documents\GitHub\CaseStrainer\nginx-1.27.5/logs/nginx.pid" failed (2: The system cannot find the file specified)
2025/05/20 20:52:19 [notice] 14664#5572: signal process started
2025/05/20 21:30:05 [notice] 19920#33212: signal process started
2025/05/20 22:35:00 [notice] 31904#8692: signal process started
2025/05/20 22:51:11 [notice] 23040#29088: signal process started
2025/05/20 22:58:20 [notice] 30860#13820: signal process started
2025/05/20 23:08:22 [notice] 24496#26964: signal process started
2025/05/20 23:17:21 [notice] 8096#22632: signal process started
2025/05/20 23:39:48 [emerg] 20056#33136: CreateFile() "C:\Users\jafrank\OneDrive - UW\Documents\GitHub\CaseStrainer\nginx-1.27.5\conf\casestrainer.conf" failed (2: The system cannot find the file specified)
2025/05/21 00:04:40 [notice] 26316#15408: signal process started
2025/05/21 00:20:44 [emerg] 2112#22756: CreateFile() "C:\Users\jafrank\OneDrive - UW\Documents\GitHub\CaseStrainer\nginx-1.27.5\conf\casestrainer.conf" failed (2: The system cannot find the file specified)
2025/05/21 09:11:10 [notice] 21944#27456: signal process started
2025/05/21 09:16:49 [notice] 20876#26652: signal process started
2025/05/21 09:31:30 [notice] 28852#10052: signal process started
2025/05/21 09:36:44 [notice] 11840#21540: signal process started
2025/05/21 09:45:01 [notice] 33072#14460: signal process started
2025/05/21 10:28:39 [notice] 18012#9008: signal process started
2025/05/21 11:42:12 [notice] 29684#16480: signal process started
2025/05/21 11:50:17 [notice] 11124#9780: signal process started
2025/05/21 13:31:41 [notice] 10496#31892: signal process started
2025/05/21 15:31:54 [notice] 30624#21840: signal process started
2025/05/21 15:51:22 [notice] 14440#32852: signal process started
2025/05/21 16:17:26 [notice] 18844#14300: signal process started
2025/05/21 16:17:26 [error] 18844#14300: CreateFile() "C:\Users\jafrank\OneDrive - UW\Documents\GitHub\CaseStrainer\nginx-1.27.5/logs/nginx.pid" failed (2: The system cannot find the file specified)
2025/05/21 17:05:49 [notice] 17560#26232: signal process started
2025/05/21 17:33:33 [notice] 7420#22876: signal process started
2025/05/21 17:51:46 [notice] 3368#1788: signal process started
2025/05/21 19:05:35 [emerg] 15208#17280: CreateFile() "C:\Users\jafrank\OneDrive - UW\Documents\GitHub\CaseStrainer\nginx-1.27.5\conf\casestrainer.conf" failed (2: The system cannot find the file specified)
2025/05/22 09:28:15 [notice] 4484#1396: signal process started
2025/05/22 09:41:59 [notice] 23052#18860: signal process started
2025/05/22 09:56:51 [notice] 27228#5792: signal process started
2025/05/22 10:42:58 [notice] 10424#1140: signal process started
2025/05/22 11:09:20 [notice] 26700#10768: signal process started
2025/05/22 11:34:40 [notice] 29580#17240: signal process started
2025/05/22 12:11:36 [notice] 4260#19688: signal process started
2025/05/22 12:22:53 [notice] 29984#24696: signal process started
2025/05/22 12:26:32 [notice] 4064#31340: signal process started
2025/05/22 12:44:09 [notice] 21412#28312: signal process started
2025/05/22 12:55:51 [notice] 26220#30788: signal process started
2025/05/22 13:12:36 [notice] 32724#10072: signal process started
2025/05/22 13:24:38 [notice] 16316#28324: signal process started
2025/05/22 13:32:55 [notice] 18516#12332: signal process started
2025/05/22 13:52:47 [notice] 24912#15652: signal process started
2025/05/22 13:59:28 [notice] 6476#5436: signal process started
2025/05/22 14:33:49 [notice] 16048#8744: signal process started
2025/05/22 14:52:14 [notice] 16344#13344: signal process started
2025/05/22 15:01:42 [notice] 23400#31708: signal process started
2025/05/22 15:17:43 [notice] 32616#9108: signal process started
2025/05/22 15:22:52 [notice] 17848#15084: signal process started
2025/05/22 15:30:00 [notice] 32060#19248: signal process started
2025/05/22 15:38:06 [notice] 5920#5128: signal process started
2025/05/22 15:45:19 [notice] 22980#19992: signal process started
2025/05/22 15:50:22 [notice] 26944#11548: signal process started
2025/05/22 15:55:56 [notice] 27380#30408: signal process started
2025/05/22 16:07:55 [notice] 11860#24124: signal process started
